((" '102'", " 'HOMICIDE-NEGLIGENT-VEHICLE'"), 42)
((" '103'", " 'HOMICIDE-NEGLIGENT"), 20)
((" '104'", " 'RAPE'"), 10895)
((" '105'", " 'ROBBERY'"), 145594)
((" '106'", " 'FELONY ASSAULT'"), 138666)
((" '107'", " 'BURGLARY'"), 183570)
((" '109'", " 'GRAND LARCENY'"), 356511)
((" '110'", " 'GRAND LARCENY OF MOTOR VEHICLE'"), 97339)
((" '111'", " 'POSSESSION OF STOLEN PROPERTY'"), 6629)
((" '112'", " 'THEFT-FRAUD'"), 32706)
((" '113'", " 'FORGERY'"), 37118)
((" '114'", " 'ARSON'"), 5631)
((" '115'", " 'PROSTITUTION & RELATED OFFENSES'"), 99)
((" '116'", " 'SEX CRIMES'"), 7799)
((" '117'", " 'DANGEROUS DRUGS'"), 40094)
((" '118'", " 'DANGEROUS WEAPONS'"), 34962)
((" '119'", " 'INTOXICATED/IMPAIRED DRIVING'"), 41)
((" '120'", " 'CHILD ABANDONMENT/NON SUPPORT'"), 312)
((" '121'", " 'CRIMINAL MISCHIEF & RELATED OF'"), 63901)
((" '122'", " 'GAMBLING'"), 77)
((" '123'", " 'ABORTION'"), 3)
((" '124'", " 'KIDNAPPING & RELATED OFFENSES'"), 1703)
((" '125'", " 'NYS LAWS-UNCLASSIFIED FELONY'"), 2769)
((" '126'", " 'MISCELLANEOUS PENAL LAW'"), 85743)
((" '230'", " 'JOSTLING'"), 269)
((" '231'", ' "BURGLAR\'S TOOLS"'), 2059)
((" '232'", " 'POSSESSION OF STOLEN PROPERTY'"), 14842)
((" '233'", " 'SEX CRIMES'"), 31578)
((" '234'", " 'PROSTITUTION & RELATED OFFENSES'"), 79)
((" '235'", " 'DANGEROUS DRUGS'"), 176701)
((" '236'", " 'DANGEROUS WEAPONS'"), 48932)
((" '237'", " 'ESCAPE 3'"), 115)
((" '238'", " 'FRAUDULENT ACCOSTING'"), 1993)
((" '340'", " 'FRAUDS'"), 20852)
((" '341'", " 'PETIT LARCENY'"), 675771)
((" '342'", " 'PETIT LARCENY OF MOTOR VEHICLE'"), 802)
((" '343'", " 'OTHER OFFENSES RELATED TO THEF'"), 10135)
((" '344'", " 'ASSAULT 3 & RELATED OFFENSES'"), 383575)
((" '345'", " 'OFFENSES RELATED TO CHILDREN'"), 957)
((" '346'", " 'ALCOHOLIC BEVERAGE CONTROL LAW'"), 537)
((" '347'", " 'INTOXICATED & IMPAIRED DRIVING'"), 58508)
((" '348'", " 'VEHICLE AND TRAFFIC LAWS'"), 39651)
((" '349'", " 'DISRUPTION OF A RELIGIOUS SERV'"), 38)
((" '350'", " 'GAMBLING'"), 1491)
((" '351'", " 'CRIMINAL MISCHIEF & RELATED OF'"), 355801)
((" '352'", " 'CRIMINAL TRESPASS'"), 45402)
((" '353'", " 'UNAUTHORIZED USE OF A VEHICLE'"), 11275)
((" '354'", " 'ANTICIPATORY OFFENSES'"), 64)
((" '355'", " 'OFFENSES AGAINST THE PERSON'"), 9092)
((" '356'", " 'PROSTITUTION & RELATED OFFENSES'"), 456)
((" '357'", " 'FORTUNE TELLING'"), 8)
((" '358'", " 'OFFENSES INVOLVING FRAUD'"), 10561)
((" '359'", " 'OFFENSES AGAINST PUBLIC ADMINI'"), 71229)
((" '360'", " 'LOITERING FOR DRUG PURPOSES'"), 9702)
((" '361'", " 'OFF. AGNST PUB ORD SENSBLTY &'"), 197549)
((" '362'", " 'OFFENSES AGAINST MARRIAGE UNCL'"), 1)
((" '363'", " 'OFFENSES AGAINST PUBLIC SAFETY'"), 535)
((" '364'", " 'OTHER STATE LAWS (NON PENAL LAW)'"), 3637)
((" '365'", " 'ADMINISTRATIVE CODE'"), 7548)
((" '366'", " 'NEW YORK CITY HEALTH CODE'"), 34)
((" '455'", " 'UNLAWFUL POSS. WEAP. ON SCHOOL'"), 34)
((" '460'", " 'LOITERING/DEVIATE SEX'"), 12)
((" '571'", " 'LOITERING/GAMBLING (CARDS"), 137)
((" '572'", " 'DISORDERLY CONDUCT'"), 614)
((" '577'", " 'UNDER THE INFLUENCE OF DRUGS'"), 2)
((" '578'", " 'HARRASSMENT 2'"), 407821)
((" '672'", " 'LOITERING'"), 16)
((" '675'", " 'ADMINISTRATIVE CODE'"), 942)
((" '676'", " 'NEW YORK CITY HEALTH CODE'"), 25)
((" '677'", " 'OTHER STATE LAWS'"), 195)
((" '678'", " 'MISCELLANEOUS PENAL LAW'"), 6029)
((" '685'", " 'ADMINISTRATIVE CODES'"), 15)
((" '881'", " 'OTHER TRAFFIC INFRACTION'"), 6)
