(('', ''), 4909)
(('101', 'ASSAULT 3'), 480547)
(('104', 'VEHICULAR ASSAULT (INTOX DRIVE'), 234)
(('105', 'STRANGULATION 1ST'), 14480)
(('106', 'ASSAULT 2,1,PEACE OFFICER'), 20121)
(('107', 'END WELFARE VULNERABLE ELDERLY PERSON'), 54)
(('109', 'ASSAULT 2,1,UNCLASSIFIED'), 170304)
(('110', 'MENACING 1ST DEGREE (VICT PEAC'), 869)
(('111', 'MENACING,PEACE OFFICER'), 899)
(('112', 'MENACING 1ST DEGREE (VICT NOT'), 779)
(('113', 'MENACING,UNCLASSIFIED'), 77478)
(('114', 'OBSTR BREATH/CIRCUL'), 15125)
(('115', 'RECKLESS ENDANGERMENT 2'), 10647)
(('117', 'RECKLESS ENDANGERMENT 1'), 19619)
(('119', 'PROMOTING SUICIDE ATTEMPT'), 3)
(('121', 'HOMICIDE,NEGLIGENT,VEHICLE'), 15)
(('122', 'HOMICIDE, NEGLIGENT, VEHICLE,'), 79)
(('125', 'HOMICIDE,NEGLIGENT,UNCLASSIFIE'), 36)
(('143', 'ABORTION 1'), 4)
(('146', 'ABORTION 2, 1, SELF'), 1)
(('148', 'ABORTIONAL ARTICLES,ISSUING'), 1)
(('153', 'RAPE 3'), 2030)
(('155', 'RAPE 2'), 1703)
(('157', 'RAPE 1'), 9850)
(('159', 'RAPE 1,ATTEMPT'), 1646)
(('162', 'SODOMY,CONSENSUAL'), 3)
(('164', 'SODOMY 3'), 354)
(('166', 'SODOMY 2'), 239)
(('168', 'SODOMY 1'), 3852)
(('170', 'SEXUAL MISCONDUCT,INTERCOURSE'), 3262)
(('174', 'SEXUAL MISCONDUCT,DEVIATE'), 283)
(('175', 'SEXUAL ABUSE 3,2'), 29753)
(('176', 'SEX CRIMES'), 137)
(('177', 'SEXUAL ABUSE'), 2011)
(('178', 'FAC. SEXUAL OFFENSE W/CONTROLL'), 3)
(('179', 'AGGRAVATED SEXUAL ASBUSE'), 4283)
(('180', 'COURSE OF SEXUAL CONDUCT AGAIN'), 305)
(('181', 'IMPRISONMENT 2,UNLAWFUL'), 1761)
(('183', 'IMPRISONMENT 1,UNLAWFUL'), 1055)
(('184', 'LABOR TRAFFICKING'), 2)
(('185', 'KIDNAPPING 2'), 334)
(('186', 'LURING A CHILD'), 19)
(('187', 'KIDNAPPING 1'), 186)
(('191', 'CUSTODIAL INTERFERENCE 2'), 1062)
(('193', 'CUSTODIAL INTERFERENCE 1'), 862)
(('195', 'COERCION 2'), 95)
(('197', 'COERCION 1'), 1403)
(('198', 'CRIMINAL CONTEMPT 1'), 61957)
(('199', 'AGGRAVATED CRIMINAL CONTEMPT'), 1418)
(('201', 'TRESPASS 4,CRIMINAL SUB 2'), 1887)
(('203', 'TRESPASS 3, CRIMINAL'), 7231)
(('204', 'TRESPASS 1,CRIMINAL'), 2597)
(('205', 'TRESPASS 2, CRIMINAL'), 63241)
(('209', 'BURGLARS TOOLS,UNCLASSIFIED'), 2740)
(('211', 'BURGLARY,COMMERCIAL,DAY'), 13268)
(('213', 'BURGLARY,COMMERCIAL,NIGHT'), 25688)
(('214', 'BURGLARY,COMMERCIAL,UNKNOWN TI'), 4721)
(('221', 'BURGLARY,RESIDENCE,DAY'), 86646)
(('223', 'BURGLARY,RESIDENCE,NIGHT'), 43948)
(('224', 'BURGLARY,RESIDENCE,UNKNOWN TIM'), 15307)
(('231', 'BURGLARY,TRUCK DAY'), 5453)
(('233', 'BURGLARY,TRUCK NIGHT'), 2911)
(('234', 'BURGLARY,UNKNOWN TIME'), 722)
(('241', 'BURGLARY,UNCLASSIFIED,DAY'), 1549)
(('243', 'BURGLARY,UNCLASSIFIED,NIGHT'), 2712)
(('244', 'BURGLARY,UNCLASSIFIED,UNKNOWN'), 1471)
(('248', 'RADIO DEVICES,UNLAWFUL POSSESS'), 15)
(('254', 'MISCHIEF, CRIMINAL 4, OF MOTOR'), 203343)
(('256', 'MISCHIEF, CRIMINAL 4, BY FIRE'), 6906)
(('258', 'CRIMINAL MISCHIEF 4TH, GRAFFIT'), 99999)
(('259', 'CRIMINAL MISCHIEF,UNCLASSIFIED 4'), 159419)
(('261', 'ARSON 1'), 176)
(('263', 'ARSON 2,3,4'), 9734)
(('264', 'ARSON, MOTOR VEHICLE 1 2 3 & 4'), 4851)
(('265', 'MISCHIEF 1,CRIMINAL,EXPLOSIVE'), 36)
(('266', 'MISCHIEF, CRIMINAL 3&2, BY FIR'), 470)
(('267', 'MISCHIEF, CRIMINAL 3 & 2, OF M'), 38631)
(('268', 'CRIMINAL MIS 2 & 3'), 4250)
(('269', 'MISCHIEF,CRIMINAL,    UNCL 2ND'), 35036)
(('271', 'TAMPERING 3,2, CRIMINAL'), 908)
(('273', 'TAMPERING 1,CRIMINAL'), 3955)
(('275', 'POSTING ADVERTISEMENTS'), 20)
(('277', 'RECKLESS ENDANGERMENT OF PROPE'), 1547)
(('281', 'SOLICITATION 5,CRIMINAL'), 15)
(('283', 'SOLICITATION 4, CRIMINAL'), 20)
(('285', 'SOLICITATION 3,2,1, CRIMINAL'), 24)
(('289', 'CONSPIRACY 6, 5'), 28)
(('291', 'CONSPIRACY 4, 3'), 43)
(('293', 'CONSPIRACY 2, 1'), 109)
(('297', 'FACILITATION 4, CRIMINAL'), 49)
(('299', 'FACILITATION 3,2,1, CRIMINAL'), 15)
(('301', 'LARCENY,PETIT BY ACQUIRING LOS'), 8905)
(('303', 'LARCENY,PETIT BY CHECK USE'), 5690)
(('305', 'LARCENY,PETIT BY CREDIT CARD U'), 7065)
(('307', 'LARCENY,PETIT BY DISHONEST EMP'), 5572)
(('313', 'LARCENY,PETIT BY FALSE PROMISE'), 7974)
(('321', 'LARCENY,PETIT FROM AUTO'), 190208)
(('323', 'LARCENY,PETIT FROM BOAT'), 152)
(('327', 'LARCENY,PETIT FROM PARKING MET'), 68)
(('329', 'LARCENY,PETIT FROM COIN MACHIN'), 294)
(('331', 'LARCENY,PETIT FROM PIER'), 149)
(('333', 'LARCENY,PETIT FROM STORE-SHOPL'), 241884)
(('335', 'LARCENY,PETIT FROM TRUCK'), 2365)
(('338', 'LARCENY,PETIT FROM BUILDING,UN'), 241404)
(('339', 'LARCENY,PETIT FROM OPEN AREAS,'), 84305)
(('341', 'LARCENY,PETIT OF AUTO'), 484)
(('342', 'LARCENY, PETIT OF AUTO - ATTEM'), 17)
(('343', 'LARCENY,PETIT OF BICYCLE'), 30579)
(('344', 'PETIT LARCENY OF ANIMAL'), 103)
(('345', 'LARCENY,PETIT OF BOAT'), 25)
(('347', 'PETIT LARCENY-CHECK FROM MAILB'), 1428)
(('349', 'LARCENY,PETIT OF LICENSE PLATE'), 40079)
(('350', 'LARCENY, PETIT OF MOPED'), 240)
(('351', 'LARCENY,PETIT OF MOTORCYCLE'), 202)
(('355', 'LARCENY,PETIT OF TRUCK'), 5)
(('357', 'LARCENY,PETIT OF VEHICLE ACCES'), 35511)
(('360', 'ROBBERY,ATM LOCATION'), 474)
(('361', 'ROBBERY,BANK'), 3293)
(('363', 'ROBBERY,BAR/RESTAURANT'), 395)
(('365', 'ROBBERY,LIQUOR STORE'), 206)
(('366', 'ROBBERY,BICYCLE'), 1630)
(('367', 'ROBBERY, CHAIN STORE'), 3076)
(('371', 'ROBBERY,CHECK CASHING BUSINESS'), 244)
(('373', 'ROBBERY,DOCTOR/DENTIST OFFICE'), 61)
(('375', 'ROBBERY,PHARMACY'), 1026)
(('377', 'ROBBERY,BODEGA/CONVENIENCE STORE'), 2459)
(('379', 'ROBBERY,GAS STATION'), 857)
(('380', 'ROBBERY,CAR JACKING'), 1910)
(('381', 'ROBBERY,HIJACKING'), 30)
(('382', 'ROBBERY,NECKCHAIN/JEWELRY'), 5569)
(('383', 'ROBBERY,DELIVERY PERSON'), 253)
(('384', 'ROBBERY,POCKETBOOK/CARRIED BAG'), 9267)
(('385', 'ROBBERY, PAYROLL'), 194)
(('386', 'ROBBERY,PERSONAL ELECTRONIC DEVICE'), 26162)
(('387', 'ROBBERY,CLOTHING'), 153)
(('388', 'ROBBERY,RESIDENTIAL COMMON AREA'), 18430)
(('389', 'ROBBERY,DWELLING'), 7306)
(('390', 'ROBBERY,HOME INVASION'), 3215)
(('391', 'ROBBERY,LICENSED MEDALLION CAB'), 1670)
(('392', 'ROBBERY,UNLICENSED FOR HIRE VEHICLE'), 1935)
(('393', 'ROBBERY,OF TRUCK DRIVER'), 193)
(('394', 'ROBBERY,LICENSED FOR HIRE VEHICLE'), 238)
(('395', 'ROBBERY,ON BUS/ OR BUS DRIVER'), 613)
(('396', 'ROBBERY,BEGIN AS SHOPLIFTING'), 678)
(('397', 'ROBBERY,OPEN AREA UNCLASSIFIED'), 103430)
(('398', 'ROBBERY,PUBLIC PLACE INSIDE'), 7127)
(('399', 'ROBBERY,COMMERCIAL UNCLASSIFIED'), 12178)
(('401', 'LARCENY,GRAND BY ACQUIRING LOS'), 8242)
(('402', 'LARCENY,GRAND BY FALSE PROMISE-NOT IN PERSON CONTACT'), 3741)
(('403', 'LARCENY,GRAND BY BANK ACCT COMPROMISE-REPRODUCED CHECK'), 16563)
(('404', 'LARCENY,GRAND FROM PERSON,PERSONAL ELECTRONIC DEVICE(SNATCH)'), 7132)
(('405', 'LARCENY,GRAND BY THEFT OF CREDIT CARD'), 44877)
(('406', 'LARCENY,GRAND FROM PERSON, BAG OPEN/DIP'), 5212)
(('407', 'LARCENY,GRAND BY DISHONEST EMP'), 7542)
(('408', 'LARCENY,GRAND FROM PERSON,LUSH WORKER(SLEEPING/UNCON VICTIM)'), 2159)
(('409', 'LARCENY,GRAND BY EXTORTION'), 2629)
(('410', 'LARCENY,GRAND FROM RETAIL STORE, UNATTENDED'), 4189)
(('411', 'LARCENY,GRAND FROM EATERY, UNATTENDED'), 4240)
(('412', 'LARCENY,GRAND FROM RESIDENCE, UNATTENDED'), 9219)
(('413', 'LARCENY,GRAND BY FALSE PROMISE'), 3363)
(('414', 'LARCENY,GRAND PERSON,NECK CHAI'), 3262)
(('415', 'LARCENY,GRAND FROM PERSON,PICK'), 14949)
(('416', 'LARCENY,GRAND FROM NIGHT CLUB, UNATTENDED'), 3373)
(('417', 'LARCENY,GRAND FROM PERSON,PURS'), 9181)
(('418', 'LARCENY,GRAND BY ACQUIRING LOST CREDIT CARD'), 3427)
(('419', 'LARCENY,GRAND FROM PERSON,UNCL'), 50410)
(('420', 'LARCENY,GRAND BY OPEN/COMPROMISE CELL PHONE ACCT'), 4070)
(('421', 'LARCENY,GRAND FROM VEHICLE/MOTORCYCLE'), 53417)
(('422', 'LARCENY,GRAND BY OPEN CREDIT CARD (NEW ACCT)'), 5683)
(('423', 'LARCENY,GRAND FROM BOAT, UNATTENDED'), 123)
(('424', 'LARCENY,GRAND BY CREDIT CARD ACCT COMPROMISE-EXISTING ACCT'), 6117)
(('425', 'LARCENY,GRAND BY BANK ACCT COMPROMISE-ATM TRANSACTION'), 4812)
(('426', 'LARCENY,GRAND BY BANK ACCT COMPROMISE-TELLER'), 682)
(('427', 'LARCENY,GRAND FROM PARKING MET'), 4)
(('428', 'LARCENY,GRAND BY BANK ACCT COMPROMISE-UNAUTHORIZED PURCHASE'), 917)
(('429', 'LARCENY,GRAND FROM COIN MACHIN'), 51)
(('430', 'LARCENY,GRAND BY BANK ACCT COMPROMISE-UNCLASSIFIED'), 2107)
(('431', 'LARCENY,GRAND FROM PIER, UNATTENDED'), 225)
(('432', 'LARCENY,GRAND BY IDENTITY THEFT-UNCLASSIFIED'), 1087)
(('433', 'LARCENY,GRAND FROM STORE-SHOPL'), 14425)
(('434', 'LARCENY,GRAND BY OPEN BANK ACCT'), 179)
(('435', 'LARCENY,GRAND FROM TRUCK, UNATTENDED'), 760)
(('436', 'LARCENY,GRAND BY CREDIT CARD COMPROMISE-UNAUTHORIZE PURCHASE'), 15)
(('437', 'LARCENY,GRAND BY FALSE PROMISE-IN PERSON CONTACT'), 1980)
(('438', 'LARCENY,GRAND FROM BUILDING (NON-RESIDENCE) UNATTENDED'), 125215)
(('439', 'LARCENY,GRAND FROM OPEN AREAS, UNATTENDED'), 29000)
(('441', 'LARCENY,GRAND OF AUTO'), 97033)
(('442', 'LARCENY, GRAND OF AUTO - ATTEM'), 1230)
(('443', 'LARCENY,GRAND OF BICYCLE'), 4023)
(('445', 'LARCENY,GRAND OF BOAT'), 65)
(('447', 'GRAND LARCENY-CHECK FROM MAILB'), 260)
(('450', 'LARCENY, GRAND OF MOPED'), 432)
(('451', 'LARCENY,GRAND OF MOTORCYCLE'), 8547)
(('455', 'LARCENY,GRAND OF TRUCK'), 1147)
(('457', 'LARCENY,GRAND OF VEHICULAR/MOTORCYCLE ACCESSORIES'), 14534)
(('461', 'UNAUTHORIZED USE VEHICLE 2'), 6011)
(('462', 'UNAUTHORIZED USE VEHICLE 3'), 15636)
(('464', 'JOSTLING'), 348)
(('466', 'ACCOSTING,FRAUDULENT'), 2857)
(('468', 'FORTUNE TELLING'), 11)
(('475', 'UNAUTH. SALE OF TRANS. SERVICE'), 3264)
(('476', 'CREDIT CARD,UNLAWFUL USE OF'), 19)
(('477', 'THEFT OF SERVICES- CABLE TV SE'), 365)
(('478', 'THEFT OF SERVICES, UNCLASSIFIE'), 11278)
(('479', 'THEFT,RELATED OFFENSES,UNCLASS'), 383)
(('489', 'THEFT,RELATED OFFENSES,UNCLASS'), 1909)
(('490', 'STOLEN PROPERTY 3,POSSESSION'), 21166)
(('491', 'STOLEN PROP-MOTOR VEHICLE 3RD,'), 141)
(('493', 'STOLEN PROPERTY-MOTOR VEH 2ND,'), 1961)
(('494', 'STOLEN PROPERTY 2,1,POSSESSION'), 7668)
(('498', 'STOLEN PROPERTY 2,POSSESSION B'), 252)
(('500', 'CONTROLLED SUBSTANCE,POSSESS.'), 12254)
(('501', 'CONTROLLED SUBSTANCE,POSSESS.'), 3703)
(('502', 'CONTROLLED SUBSTANCE,POSSESS.'), 1746)
(('503', 'CONTROLLED SUBSTANCE,INTENT TO'), 22432)
(('505', 'CONTROLLED SUBSTANCE, POSSESSI'), 1871)
(('507', 'CONTROLLED SUBSTANCE, POSSESSI'), 1514)
(('508', 'DRUG PARAPHERNALIA,   POSSESSE'), 1992)
(('509', 'POSSESSION HYPODERMIC INSTRUME'), 633)
(('510', 'CONTROLLED SUBSTANCE, INTENT T'), 3899)
(('511', 'CONTROLLED SUBSTANCE, POSSESSI'), 106585)
(('512', 'CONTROLLED SUBSTANCE,SALE 1'), 2539)
(('513', 'POSS METH MANUFACT MATERIAL'), 6)
(('514', 'CONTROLLED SUBSTANCE,SALE 2'), 851)
(('515', 'CONTROLLED SUBSTANCE,SALE 3'), 5009)
(('519', 'SALE SCHOOL GROUNDS 4'), 461)
(('520', 'CONTROLLED SUBSTANCE, SALE 4'), 433)
(('521', 'CONTROLLED SUBSTANCE, SALE 5'), 5945)
(('522', 'USE CHILD TO COMMIT CONT SUB OFF'), 1)
(('523', 'SALE SCHOOL GROUNDS'), 2)
(('524', 'CONTROLLED SUBSTANCE,POSSESS.-'), 252)
(('529', 'SALES OF PRESCRIPTION'), 46)
(('530', 'DRUG, INJECTION OF'), 26)
(('531', 'DRUG PARAPHERNALIA,   POSSESSE'), 161)
(('532', 'CONTROLLED SUBSTANCE,POSSESS.'), 48)
(('533', 'GAMBLING 2, PROMOTING, BOOKMAK'), 35)
(('537', 'GAMBLING 2, PROMOTING, POLICY-'), 88)
(('544', 'GAMBLING 2,PROMOTING,UNCLASSIF'), 1671)
(('548', 'GAMBLING, DEVICE, POSSESSION'), 372)
(('553', 'GAMBLING 1,PROMOTING,BOOKMAKIN'), 42)
(('557', 'GAMBLING 1,PROMOTING,POLICY'), 83)
(('561', 'PROSTITUTION, PATRONIZING 2, 1'), 8)
(('563', 'PROSTITUTION'), 165)
(('565', 'PROSTITUTION, PATRONIZING 4, 3'), 492)
(('566', 'MARIJUANA, POSSESSION'), 6225)
(('567', 'MARIJUANA, POSSESSION 4 & 5'), 183617)
(('568', 'MARIJUANA, POSSESSION 1, 2 & 3'), 3227)
(('569', 'MARIJUANA, SALE 4 & 5'), 10861)
(('570', 'MARIJUANA, SALE 1, 2 & 3'), 1008)
(('574', 'PROSTITUTION,PERMITTING'), 5)
(('576', 'PROSTITUTION 4,PROMOTING&SECUR'), 107)
(('584', 'PROSTITUTION 3, PROMOTING UNDE'), 16)
(('585', 'PROSTITUTION 3,PROMOTING BUSIN'), 30)
(('586', 'SEX TRAFFICKING'), 32)
(('587', 'PROSTITUTION 2, COMPULSORY'), 31)
(('588', 'PROSTITUTION 2, UNDER 16'), 17)
(('589', 'PROSTITUTION 1, UNDER 11'), 3)
(('591', 'OBSCENITY, PERFORMANCE 3'), 74)
(('593', 'OBSCENITY, MATERIAL 3'), 18)
(('594', 'OBSCENITY 1'), 170)
(('595', 'UNLAWFUL POSS. WEAPON UPON SCH'), 62)
(('596', 'OBSCENE MATERIAL - UNDER 17 YE'), 867)
(('602', 'LOITERING,DEVIATE SEX'), 16)
(('604', 'LOITERING 1ST DEGREE FOR DRUG'), 23)
(('605', 'LOITERING TO PROMOTE PROSTITUT'), 65)
(('610', 'LOITERING,GAMBLING,OTHER'), 217)
(('614', 'LOITERING,SCHOOL'), 2)
(('618', 'LOITERING FOR PROSTITUTION OR'), 9)
(('619', 'LOITERING,UNCLASSIFIED'), 19)
(('622', 'UNDER THE INFLUENCE OF DRUGS'), 3)
(('625', 'DISORDERLY CONDUCT'), 915)
(('627', 'DIS. CON.,AGGRAVATED'), 50)
(('633', 'EXPOSURE OF A PERSON'), 194)
(('637', 'HARASSMENT,SUBD 1,CIVILIAN'), 255838)
(('638', 'HARASSMENT,SUBD 3,4,5'), 414170)
(('639', 'AGGRAVATED HARASSMENT 2'), 302602)
(('640', 'AGGRAVATED HARASSMENT 1'), 4103)
(('641', 'HEALTHCARE/RENT.REG.'), 51)
(('643', 'ASSEMBLY,UNLAWFUL'), 1003)
(('644', 'FALSE REPORT 1,FIRE'), 791)
(('645', 'FALSE ALARM FIRE'), 140)
(('646', 'DISSEMINATING A FALSE SEX OFFEND'), 3)
(('647', 'FALSE REPORT BOMB'), 490)
(('648', 'PLACE FALSE BOMB'), 11)
(('649', 'FALSE REPORT UNCLASSIFIED'), 6442)
(('652', 'RIOT 2/INCITING'), 788)
(('659', 'NUISANCE,CRIMINAL,UNCLASSIFIED'), 336)
(('661', 'LEWDNESS,PUBLIC'), 8886)
(('662', 'MATERIAL              OFFENSIV'), 37)
(('663', 'SUPP. ACT TERR 2ND'), 56)
(('664', 'TERRORISM PROVIDE SUPPORT'), 11)
(('665', 'MAKING TERRORISTIC THREAT'), 651)
(('667', 'HIND PROSEC. TERR 2'), 1)
(('669', 'PRIVACY,OFFENSES AGAINST,UNCLA'), 29)
(('672', 'RIOT 1'), 147)
(('674', 'EAVESDROPPING'), 134)
(('678', 'ANARCHY,CRIMINAL'), 1)
(('681', 'CHILD, ENDANGERING WELFARE'), 15685)
(('683', 'CHILD,ALCOHOL SALE TO'), 1226)
(('685', 'CHILD,LICENSED PREMISES'), 3)
(('687', 'CHILD,OFFENSES AGAINST,UNCLASS'), 97)
(('688', 'INCOMPETENT PERSON,RECKLESSY ENDANGERING'), 136)
(('689', 'MARRIAGE,OFFENSES AGAINST,UNCL'), 3)
(('691', 'BIGAMY'), 21)
(('693', 'INCEST'), 7)
(('694', 'INCEST'), 3)
(('695', 'CHILD ABANDONMENT'), 388)
(('696', 'PROMOTING A SEXUAL PERFORMANCE'), 230)
(('697', 'USE OF A CHILD IN A SEXUAL PER'), 20)
(('698', 'INCOMPETENT PERSON,KNOWINGLY ENDANGERING'), 40)
(('701', 'BRIBERY,COMMERCIAL'), 114)
(('703', 'CHECK,BAD'), 482)
(('705', 'FORGERY,ETC.-MISD.'), 18762)
(('706', 'RECORDS,FALSIFY-TAMPER'), 93)
(('707', 'IMPERSONATION 2, PUBLIC SERVAN'), 14717)
(('708', 'IMPERSONATION 1, POLICE OFFICE'), 2449)
(('711', 'TAMPERING WITH A WITNESS'), 204)
(('715', 'POSSESSION ANTI-SECURITY ITEM'), 14)
(('718', 'FRAUD,UNCLASSIFIED-MISDEMEANOR'), 19880)
(('719', 'FRAUD,UNCLASSIFIED-MISDEMEANOR'), 156)
(('721', 'BRIBERY,FRAUD'), 64)
(('723', 'FORGERY,DRIVERS LICENSE'), 3894)
(('724', 'FORGERY-ILLEGAL POSSESSION,VEH'), 790)
(('725', 'FORGERY,M.V. REGISTRATION'), 4292)
(('727', 'FORGERY,PRESCRIPTION'), 595)
(('729', 'FORGERY,ETC.,UNCLASSIFIED-FELO'), 46804)
(('730', 'MANUFACTURE UNAUTHORIZED RECOR'), 1033)
(('731', 'SALE OF UNAUTHORIZED RECORDING'), 1245)
(('733', 'ENTERPRISE CORRUPTION'), 15)
(('737', 'USURY,CRIMINAL'), 5)
(('739', 'FRAUD,UNCLASSIFIED-FELONY'), 59186)
(('742', 'ESCAPE 3'), 175)
(('744', 'BAIL JUMPING 3'), 1755)
(('746', 'PERJURY 3,ETC.'), 90)
(('748', 'CONTEMPT,CRIMINAL'), 17504)
(('749', 'VIOLATION OF ORDER OF PROTECTI'), 34255)
(('750', 'RESISTING ARREST'), 30221)
(('754', 'APPEARANCE TICKET FAIL TO RESP'), 80)
(('756', 'ABSCONDING FROM WORK RELEASE 2'), 20)
(('759', 'PUBLIC ADMINISTATION,UNCLASS M'), 27174)
(('760', 'BRIBERY,PUBLIC ADMINISTRATION'), 12359)
(('761', 'BRIBERY, POLICE OFFICER'), 685)
(('762', 'ESCAPE 2,1'), 254)
(('764', 'BAIL JUMPING 1 & 2'), 606)
(('766', 'PERJURY 2,1,ETC'), 101)
(('770', 'COMPUTER UNAUTH. USE/TAMPER'), 218)
(('772', 'COMPUTER TAMPER/TRESSPASS'), 433)
(('775', 'MONEY LAUNDERING 1 & 2'), 31)
(('779', 'PUBLIC ADMINISTRATION,UNCLASSI'), 3656)
(('780', 'NUISANCE, CRIMINAL'), 45)
(('781', 'CRIMINAL DISPOSAL FIREARM 1 &'), 540)
(('782', 'WEAPONS, POSSESSION, ETC'), 78658)
(('783', 'FIREWORKS PREV CONV 5 YEARS'), 3)
(('784', 'WEAPONS,MFR,TRANSPORT,ETC.'), 14)
(('786', 'WEAPONS,PROHIBITED USE'), 4)
(('787', 'WEAPONS,PROHIBITED USE IMITATI'), 2)
(('788', 'FIREWORKS, SALE'), 560)
(('789', 'FIREWORKS, POSSESS/USE'), 244)
(('792', 'WEAPONS POSSESSION 1 & 2'), 10291)
(('793', 'WEAPONS POSSESSION 3'), 45194)
(('796', 'WEAPONS,PROHIBITED USE'), 3)
(('797', 'WOUNDS,REPORTING OF'), 18)
(('798', 'FIREARMS LICENSING LAWS'), 1)
(('799', 'PUBLIC SAFETY,UNCLASSIFIED MIS'), 288)
(('802', 'ALCOHOLIC BEVERAGE CONTROL LAW'), 846)
(('803', 'A.B.C.,FALSE PROOF OF AGE'), 35)
(('808', 'TAX LAW'), 439)
(('809', 'TAX LAW'), 3626)
(('811', 'DOG STEALING'), 42)
(('812', 'AGRICULTURE & MARKETS LAW,UNCL'), 241)
(('813', 'POSSESS PARAPHERNALIA/ANIMAL FIGHTING'), 1)
(('814', 'ATTEND/SPECTATOR ANIMAL FIGHTING'), 1)
(('815', 'NEGLECT/POISON ANIMAL'), 9)
(('817', 'TORTURE/INJURE ANIMAL CRUELTY'), 110)
(('818', 'ABANDON ANIMAL'), 101)
(('819', 'EDUCATION LAW,STREET TRADE'), 1)
(('820', 'EDUCATION LAW, TRUANCY'), 2)
(('821', 'EDUCATION LAW,UNCLASSIFIED'), 11)
(('822', 'EDUCATION LAW'), 10)
(('826', 'GENERAL BUSINESS LAW,TICKET SP'), 288)
(('827', 'GENERAL BUSINESS LAW / UNCLASSIFIED'), 8)
(('829', 'LABOR LAW,EMPLOYING CHILDREN'), 117)
(('836', 'NAVIGATION LAW'), 2)
(('839', 'PUBLIC HEALTH LAW,GLUE,INHALAT'), 1)
(('840', 'PUBLIC HEALTH LAW,GLUE,UNLAWFU'), 10)
(('841', 'PUBLIC HEALTH LAW,UNCLASSIFIED'), 132)
(('843', 'INAPPROPIATE SHELTER DOG LEFT'), 15)
(('844', 'CAUSE SPI/KILL ANIMAL'), 73)
(('845', 'BREED/TRAIN/HOST ANIMAL FIGHTING'), 6)
(('846', 'CONFINING ANIMAL IN VEHICLE/SHELTER'), 5)
(('847', 'NY STATE LAWS,UNCLASSIFIED FEL'), 4372)
(('848', 'NY STATE LAWS,UNCLASSIFIED MIS'), 1406)
(('849', 'NY STATE LAWS,UNCLASSIFIED VIO'), 202)
(('853', 'CIGARETTE,NO TAX STAMP,POSSESS'), 212)
(('858', 'IMITATION PISTOL/AIR RIFLE'), 345)
(('860', 'AIR POLLUTION-MOTOR VEH (ADM C'), 2)
(('861', 'AIRPOLLUTION'), 2)
(('862', 'ALCOHOLIC BEVERAGES,PUBLIC CON'), 211)
(('864', 'BUILDING MATERIAL'), 15)
(('866', 'FIREWORKS'), 10)
(('868', 'GYPSY CAB'), 8)
(('872', 'NOISE,UNECESSARY'), 19)
(('874', 'PEDDLING,UNLAWFUL'), 147)
(('876', 'UNLAWFUL SALE SYNTHETIC MARIJUANA'), 4)
(('878', 'ADM.CODE,UNCLASSIFIED MISDEMEA'), 10622)
(('879', 'ADM.CODE,UNCLASSIFIED VIOLATIO'), 350)
(('880', 'POSSES OR CARRY A KNIFE'), 151)
(('885', 'SMOKING TRANSPORTATION FACILIT'), 1)
(('887', 'GRAFFITI (ADMINISTRATIVE CODE-'), 39)
(('888', 'HEALTH CODE,UNCLASSIFIED MISDE'), 46)
(('889', 'HEALTH CODE,VIOLATION'), 32)
(('890', 'N.Y.C. TRANSIT AUTH. R&R'), 53)
(('892', 'PARK R&R,GAMBLING'), 38)
(('899', 'PARKR&R,UNCLASSIFIED VIOLATION'), 175)
(('904', 'INTOXICATED DRIVING,ALCOHOL'), 49)
(('905', 'INTOXICATED DRIVING,ALCOHOL'), 78913)
(('907', 'IMPAIRED DRIVING,DRUG'), 782)
(('916', 'LEAVING SCENE-ACCIDENT-PERSONA'), 46477)
(('918', 'RECKLESS DRIVING'), 808)
(('922', 'TRAFFIC,UNCLASSIFIED MISDEMEAN'), 18432)
(('969', 'TRAFFIC,UNCLASSIFIED INFRACTIO'), 13)
(('975', 'ENVIRONMENTAL CONTROL BOARD'), 1)
