(('COMPLETED', ''), 3609194)
(('ATTEMPTED', ''), 66345)
(('COMPLETED', 'CASTLE HILL'), 3561)
(('COMPLETED', 'VAN DYKE I'), 3511)
(('COMPLETED', 'MARCY'), 3235)
(('COMPLETED', 'LINDEN'), 2976)
(('COMPLETED', 'PINK'), 2811)
(('COMPLETED', 'BROWNSVILLE'), 2783)
(('COMPLETED', 'FARRAGUT'), 2658)
(('COMPLETED', 'LINCOLN'), 2609)
(('COMPLETED', 'DOUGLASS'), 2598)
(('COMPLETED', 'RED HOOK WEST'), 2592)
(('COMPLETED', 'GRANT'), 2513)
(('COMPLETED', 'TILDEN'), 2367)
(('COMPLETED', 'BUTLER'), 2365)
(('COMPLETED', 'INGERSOLL'), 2325)
(('COMPLETED', 'POMONOK'), 2311)
(('COMPLETED', 'CYPRESS HILLS'), 2311)
(('COMPLETED', 'WHITMAN'), 2303)
(('COMPLETED', 'BUSHWICK'), 2296)
(('COMPLETED', 'BARUCH'), 2261)
(('COMPLETED', 'TOMPKINS'), 2249)
(('COMPLETED', 'BOULEVARD'), 2203)
(('COMPLETED', 'BRONXDALE'), 2150)
(('COMPLETED', 'SOUNDVIEW'), 2049)
(('COMPLETED', 'SMITH'), 2003)
(('COMPLETED', 'THROGGS NECK'), 2002)
(('COMPLETED', 'WILLIAMSBURG'), 1991)
(('COMPLETED', 'RED HOOK EAST'), 1902)
(('COMPLETED', 'SHEEPSHEAD BAY'), 1853)
(('COMPLETED', 'MANHATTANVILLE'), 1831)
(('COMPLETED', 'GOWANUS'), 1831)
(('COMPLETED', 'SUMNER'), 1765)
(('COMPLETED', 'STAPLETON'), 1746)
(('COMPLETED', 'NOSTRAND'), 1728)
(('COMPLETED', 'JOHNSON'), 1720)
(('COMPLETED', 'MONROE'), 1630)
(('COMPLETED', 'PELHAM PARKWAY'), 1540)
(('COMPLETED', 'BAY VIEW'), 1528)
(('COMPLETED', 'LA GUARDIA'), 1480)
(('COMPLETED', 'ALBANY'), 1464)
(('COMPLETED', 'WEST BRIGHTON I'), 1457)
(('COMPLETED', 'MITCHEL'), 1436)
(('COMPLETED', 'BREVOORT'), 1431)
(('COMPLETED', 'WALD'), 1395)
(('COMPLETED', 'LOW HOUSES'), 1352)
(('COMPLETED', 'HUGHES APARTMENTS'), 1313)
(('COMPLETED', 'RANGEL'), 1311)
(('COMPLETED', 'MARBLE HILL'), 1311)
(('COMPLETED', 'HOWARD'), 1306)
(('COMPLETED', 'COOPER PARK'), 1297)
(('COMPLETED', 'ASTORIA'), 1259)
(('COMPLETED', 'EASTCHESTER GARDENS'), 1248)
(('COMPLETED', 'GLENWOOD'), 1243)
(('COMPLETED', 'CLINTON'), 1220)
(('COMPLETED', "SAINT MARY'S PARK"), 1219)
(('COMPLETED', 'VLADECK'), 1217)
(('COMPLETED', 'BRONX RIVER'), 1217)
(('COMPLETED', "MARINER'S HARBOR"), 1216)
(('COMPLETED', 'BORINQUEN PLAZA I'), 1207)
(('COMPLETED', 'HAMMEL'), 1203)
(('COMPLETED', 'RICHMOND TERRACE'), 1203)
(('COMPLETED', 'BAYSIDE-OCEAN BAY APTS'), 1172)
(('COMPLETED', 'TAFT'), 1143)
(('COMPLETED', 'PARKSIDE'), 1131)
(('COMPLETED', 'LAFAYETTE'), 1130)
(('COMPLETED', 'ARMSTRONG II'), 1111)
(('COMPLETED', 'MORRIS I'), 1111)
(('COMPLETED', 'REDFERN'), 1109)
(('COMPLETED', 'ADAMS'), 1066)
(('COMPLETED', 'ARMSTRONG I'), 1064)
(('COMPLETED', 'MARLBORO'), 1058)
(('COMPLETED', 'UNITY PLAZA (SITES 4-27)'), 1010)
(('COMPLETED', 'WAGNER'), 987)
(('COMPLETED', 'BORINQUEN PLAZA II'), 983)
(('COMPLETED', 'RIIS'), 895)
(('COMPLETED', 'MORRIS II'), 877)
(('COMPLETED', 'PATTERSON'), 874)
(('COMPLETED', 'GOMPERS'), 867)
(('COMPLETED', 'AMSTERDAM'), 826)
(('COMPLETED', 'JACKSON'), 826)
(('COMPLETED', 'RUTGERS'), 804)
(('COMPLETED', 'ALBANY II'), 771)
(('COMPLETED', 'PENNSYLVANIA AVENUE-WORTMAN AVENUE'), 756)
(('COMPLETED', 'LONG ISLAND BAPTIST HOUSES'), 742)
(('COMPLETED', 'BOSTON SECOR'), 741)
(('COMPLETED', 'STUYVESANT GARDENS I'), 727)
(('COMPLETED', 'GARVEY (GROUP A)'), 726)
(('COMPLETED', 'SEWARD PARK EXTENSION'), 712)
(('COMPLETED', 'SOUTH BEACH'), 707)
(('COMPLETED', 'WEBSTER'), 704)
(('COMPLETED', 'WOODSIDE'), 698)
(('COMPLETED', 'WEEKSVILLE GARDENS'), 688)
(('COMPLETED', 'HIGHBRIDGE GARDENS'), 675)
(('COMPLETED', 'CONEY ISLAND I (SITE 1B)'), 668)
(('COMPLETED', 'FORT INDEPENDENCE STREET-HEATH AVENUE'), 664)
(('COMPLETED', 'INDEPENDENCE'), 655)
(('COMPLETED', 'MILL BROOK'), 645)
(('COMPLETED', 'QUEENSBRIDGE SOUTH'), 642)
(('COMPLETED', 'WYCKOFF GARDENS'), 637)
(('COMPLETED', 'FOREST'), 636)
(('COMPLETED', 'KING TOWERS'), 614)
(('COMPLETED', 'CLASON POINT GARDENS'), 591)
(('COMPLETED', 'QUEENSBRIDGE NORTH'), 588)
(('COMPLETED', 'FIORENTINO PLAZA'), 583)
(('COMPLETED', 'ROOSEVELT II'), 567)
(('COMPLETED', 'RIIS II'), 544)
(('COMPLETED', 'TODT HILL'), 541)
(('COMPLETED', 'SACK WERN'), 534)
(('COMPLETED', 'BREUKELEN'), 527)
(('COMPLETED', 'CONEY ISLAND'), 521)
(('COMPLETED', 'MOORE'), 518)
(('COMPLETED', 'GUN HILL'), 517)
(('COMPLETED', 'BERRY'), 513)
(('COMPLETED', 'MURPHY'), 511)
(('COMPLETED', 'WILLIAMS PLAZA'), 508)
(('COMPLETED', 'DAVIDSON'), 495)
(('COMPLETED', 'MELROSE'), 495)
(('COMPLETED', 'ROOSEVELT I'), 494)
(('COMPLETED', 'LEHMAN'), 492)
(('COMPLETED', '303 VERNON AVENUE'), 492)
(('COMPLETED', 'ATLANTIC TERMINAL SITE 4B'), 481)
(('COMPLETED', 'BEACH 41ST STREET-BEACH CHANNEL DRIVE'), 469)
(('COMPLETED', 'UNITY PLAZA (SITES 17,24,25A)'), 468)
(('COMPLETED', 'DYCKMAN'), 467)
(('COMPLETED', 'MARKHAM GARDENS'), 454)
(('COMPLETED', 'BUSHWICK II (GROUPS B & D)'), 448)
(('COMPLETED', 'EDENWALD'), 444)
(('COMPLETED', 'THROGGS NECK ADDITION'), 429)
(('COMPLETED', 'BUSHWICK II (GROUPS A & C)'), 428)
(('COMPLETED', 'BLAND'), 426)
(('COMPLETED', 'TAYLOR STREET-WYTHE AVENUE'), 399)
(('COMPLETED', 'WSUR (SITE C) 589 AMSTERDAM AVENUE'), 396)
(('COMPLETED', 'CARLETON MANOR'), 366)
(('COMPLETED', 'BETANCES I'), 353)
(('COMPLETED', 'HYLAN'), 347)
(('COMPLETED', 'EAST 173RD STREET-VYSE AVENUE'), 345)
(('COMPLETED', 'HOPE GARDENS'), 342)
(('COMPLETED', 'MOTT HAVEN'), 332)
(('COMPLETED', 'CARVER'), 331)
(('COMPLETED', 'OCEAN HILL-BROWNSVILLE'), 326)
(('COMPLETED', 'HOWARD AVENUE-PARK PLACE'), 314)
(('COMPLETED', 'DOUGLASS ADDITION'), 311)
(('COMPLETED', 'HOWARD AVENUE'), 309)
(('COMPLETED', 'TAPSCOTT STREET REHAB'), 299)
(('COMPLETED', '830 AMSTERDAM AVENUE'), 296)
(('COMPLETED', 'BAILEY AVENUE-WEST 193RD STREET'), 293)
(('COMPLETED', 'MILL BROOK EXTENSION'), 290)
(('COMPLETED', '572 WARREN STREET'), 290)
(('COMPLETED', 'STERLING PLACE REHAB (STERLING-BUFFALO)'), 287)
(('COMPLETED', '33-35 SARATOGA AVENUE'), 276)
(('COMPLETED', 'UNIVERSITY AVENUE REHAB'), 269)
(('COMPLETED', 'MORRISANIA'), 261)
(('COMPLETED', 'AUDUBON'), 256)
(('COMPLETED', 'BUSHWICK II CDA (GROUP E)'), 247)
(('COMPLETED', 'BAISLEY PARK'), 246)
(('COMPLETED', 'TWIN PARKS WEST (SITE 1 & 2)'), 245)
(('COMPLETED', 'MCKINLEY'), 241)
(('COMPLETED', 'RALPH AVENUE REHAB'), 238)
(('COMPLETED', 'LATIMER GARDENS'), 236)
(('COMPLETED', 'STERLING PLACE REHAB (SAINT JOHNS-STERLING)'), 229)
(('COMPLETED', 'PARK ROCK REHAB'), 227)
(('COMPLETED', 'CAMPOS PLAZA I'), 220)
(('COMPLETED', 'LAVANBURG HOMES'), 219)
(('COMPLETED', 'VLADECK II'), 218)
(('COMPLETED', '1162-1176 WASHINGTON AVENUE'), 214)
(('COMPLETED', 'TWO BRIDGES URA (SITE 7)'), 201)
(('COMPLETED', 'MORRISANIA AIR RIGHTS 42'), 200)
(('COMPLETED', 'CLAREMONT REHAB (GROUP 2)'), 195)
(('COMPLETED', 'GRAVESEND'), 195)
(('COMPLETED', 'EAST 180TH STREET-MONTEREY AVENUE'), 194)
(('COMPLETED', 'LONGFELLOW AVENUE REHAB'), 187)
(('COMPLETED', 'SOUTH BRONX AREA (SITE 402)'), 186)
(('COMPLETED', 'LOWER EAST SIDE I INFILL'), 186)
(('COMPLETED', 'HARLEM RIVER'), 185)
(('COMPLETED', 'SUTTER AVENUE-UNION STREET'), 183)
(('COMPLETED', 'LEXINGTON'), 178)
(('COMPLETED', 'UNION AVENUE-EAST 166TH STREET'), 178)
(('COMPLETED', 'CLAREMONT REHAB (GROUP 5)'), 177)
(('COMPLETED', 'WEST FARMS ROAD REHAB'), 174)
(('COMPLETED', 'HERNANDEZ'), 173)
(('COMPLETED', 'CLAREMONT REHAB (GROUP 4)'), 170)
(('COMPLETED', 'WOODSON'), 167)
(('COMPLETED', 'OCEAN HILL APARTMENTS'), 166)
(('COMPLETED', 'BELMONT-SUTTER AREA'), 165)
(('COMPLETED', 'EAST NEW YORK CITY LINE'), 160)
(('COMPLETED', 'EAGLE AVENUE-EAST 163RD STREET'), 159)
(('COMPLETED', 'SEDGWICK'), 150)
(('COMPLETED', 'BEDFORD-STUYVESANT REHAB'), 147)
(('COMPLETED', '131 SAINT NICHOLAS AVENUE'), 146)
(('COMPLETED', 'CROWN HEIGHTS'), 142)
(('COMPLETED', 'HARRISON AVENUE REHAB (GROUP B)'), 137)
(('COMPLETED', 'BOYNTON AVENUE REHAB'), 136)
(('COMPLETED', '1471 WATSON AVENUE'), 136)
(('COMPLETED', 'CLAREMONT PARKWAY-FRANKLIN AVENUE'), 128)
(('COMPLETED', 'LENOX ROAD-ROCKAWAY PARKWAY'), 122)
(('COMPLETED', 'TELLER AVENUE-EAST 166TH STREET'), 119)
(('COMPLETED', 'HIGHBRIDGE REHABS (ANDERSON AVENUE)'), 118)
(('COMPLETED', 'MILBANK-FRAWLEY'), 114)
(('COMPLETED', 'BERRY STREET-SOUTH 9TH STREET'), 111)
(('COMPLETED', 'CLAREMONT REHAB (GROUP 3)'), 106)
(('COMPLETED', 'HIGHBRIDGE REHABS (NELSON AVENUE)'), 106)
(('COMPLETED', 'SAMUEL (CITY)'), 103)
(('COMPLETED', 'GRAMPION'), 102)
(('COMPLETED', 'MORRIS HEIGHTS REHAB'), 102)
(('COMPLETED', 'BARUCH HOUSES ADDITION'), 101)
(('COMPLETED', 'STEBBINS AVENUE-HEWITT PLACE'), 100)
(('COMPLETED', 'FENIMORE-LEFFERTS'), 100)
(('COMPLETED', 'CASSIDY-LAFAYETTE'), 100)
(('COMPLETED', 'SARATOGA SQUARE'), 98)
(('COMPLETED', 'MARCY AVENUE-GREENE AVENUE SITE A'), 97)
(('COMPLETED', 'UPACA (SITE 5)'), 95)
(('COMPLETED', 'RUTLAND TOWERS'), 95)
(('COMPLETED', 'HOE AVENUE-EAST 173RD STREET'), 92)
(('COMPLETED', 'UNION AVENUE-EAST 163RD STREET'), 91)
(('COMPLETED', 'UPACA (SITE 6)'), 88)
(('COMPLETED', '45 ALLEN STREET'), 87)
(('COMPLETED', 'MARCY AVENUE-GREENE AVENUE SITE B'), 82)
(('COMPLETED', 'RANDALL AVENUE-BALCOM AVENUE'), 81)
(('COMPLETED', 'TWIN PARKS EAST (SITE 9)'), 80)
(('COMPLETED', 'BOSTON ROAD PLAZA'), 79)
(('COMPLETED', 'LOWER EAST SIDE REHAB (GROUP 5)'), 79)
(('COMPLETED', 'WEST TREMONT REHAB (GROUP 3)'), 76)
(('COMPLETED', 'FORT WASHINGTON AVENUE REHAB'), 75)
(('COMPLETED', 'WEST BRIGHTON II'), 74)
(('COMPLETED', 'SOUTHERN BOULEVARD'), 72)
(('COMPLETED', 'EAST 165TH STREET-BRYANT AVENUE'), 72)
(('COMPLETED', 'OCEANSIDE-OCEAN BAY APTS'), 68)
(('COMPLETED', 'BRYANT AVENUE-EAST 174TH STREET'), 68)
(('COMPLETED', 'COLLEGE AVENUE-EAST 165TH STREET'), 66)
(('COMPLETED', 'VANDALIA AVENUE'), 62)
(('COMPLETED', 'REID APARTMENTS'), 58)
(('COMPLETED', 'MACOMBS ROAD'), 58)
(('COMPLETED', 'BETHUNE GARDENS'), 58)
(('COMPLETED', 'BRONX RIVER ADDITION'), 58)
(('ATTEMPTED', 'VAN DYKE I'), 57)
(('COMPLETED', 'WEST TREMONT AVENUE-SEDGWICK AVENUE AREA'), 57)
(('COMPLETED', 'GLEBE AVENUE-WESTCHESTER AVENUE'), 57)
(('ATTEMPTED', 'TOMPKINS'), 56)
(('COMPLETED', 'FRANKLIN AVENUE II CONVENTIONAL'), 53)
(('COMPLETED', 'VAN DYKE II'), 52)
(('COMPLETED', 'FRANKLIN AVENUE I CONVENTIONAL'), 51)
(('ATTEMPTED', 'MARCY'), 50)
(('ATTEMPTED', 'BARUCH'), 46)
(('COMPLETED', 'WEST TREMONT REHAB (GROUP 2)'), 46)
(('ATTEMPTED', 'CASTLE HILL'), 45)
(('ATTEMPTED', 'INGERSOLL'), 44)
(('ATTEMPTED', 'PINK'), 43)
(('COMPLETED', 'JENNINGS STREET'), 41)
(('ATTEMPTED', 'TILDEN'), 41)
(('ATTEMPTED', 'DOUGLASS'), 40)
(('COMPLETED', "O'DWYER GARDENS"), 40)
(('COMPLETED', 'NEW LANE AREA'), 40)
(('ATTEMPTED', 'BROWNSVILLE'), 39)
(('ATTEMPTED', 'CYPRESS HILLS'), 39)
(('ATTEMPTED', 'ARMSTRONG I'), 38)
(('COMPLETED', 'MARSHALL PLAZA'), 38)
(('ATTEMPTED', 'SUMNER'), 37)
(('ATTEMPTED', 'LINDEN'), 36)
(('ATTEMPTED', 'BUSHWICK'), 36)
(('ATTEMPTED', 'FARRAGUT'), 36)
(('COMPLETED', 'KINGSBOROUGH 77'), 35)
(('ATTEMPTED', 'WHITMAN'), 35)
(('ATTEMPTED', 'LINCOLN'), 35)
(('COMPLETED', 'WEST TREMONT REHAB (GROUP 1)'), 34)
(('ATTEMPTED', 'SOUNDVIEW'), 33)
(('COMPLETED', 'BETANCES III'), 32)
(('ATTEMPTED', 'GRANT'), 32)
(('ATTEMPTED', 'BREVOORT'), 32)
(('ATTEMPTED', 'SMITH'), 31)
(('ATTEMPTED', 'MANHATTANVILLE'), 30)
(('ATTEMPTED', 'BRONXDALE'), 29)
(('COMPLETED', 'LA GUARDIA ADDITION'), 29)
(('COMPLETED', 'PALMETTO GARDENS'), 29)
(('ATTEMPTED', 'WILLIAMSBURG'), 29)
(('ATTEMPTED', 'COOPER PARK'), 28)
(('ATTEMPTED', 'LA GUARDIA'), 28)
(('ATTEMPTED', 'RED HOOK WEST'), 27)
(('ATTEMPTED', 'POMONOK'), 26)
(('ATTEMPTED', 'PELHAM PARKWAY'), 25)
(('ATTEMPTED', 'BUTLER'), 23)
(('ATTEMPTED', 'RANGEL'), 23)
(('COMPLETED', 'FIRST HOUSES'), 22)
(('ATTEMPTED', 'WALD'), 22)
(('ATTEMPTED', 'HUGHES APARTMENTS'), 22)
(('ATTEMPTED', 'EASTCHESTER GARDENS'), 22)
(('ATTEMPTED', 'ALBANY'), 22)
(('ATTEMPTED', 'RED HOOK EAST'), 21)
(('ATTEMPTED', 'VLADECK'), 21)
(('ATTEMPTED', 'BORINQUEN PLAZA II'), 21)
(('COMPLETED', 'PROSPECT PLAZA'), 21)
(('ATTEMPTED', 'ARMSTRONG II'), 21)
(('COMPLETED', 'MIDDLETOWN PLAZA'), 20)
(('ATTEMPTED', 'GLENWOOD'), 20)
(('COMPLETED', 'HARRISON AVENUE REHAB (GROUP A)'), 20)
(('ATTEMPTED', 'JOHNSON'), 20)
(('ATTEMPTED', 'BORINQUEN PLAZA I'), 20)
(('ATTEMPTED', 'THROGGS NECK'), 19)
(('ATTEMPTED', 'MONROE'), 19)
(('ATTEMPTED', 'HOWARD'), 19)
(('COMPLETED', 'FRANKLIN AVENUE I MHOP'), 19)
(('ATTEMPTED', 'STUYVESANT GARDENS I'), 19)
(('ATTEMPTED', 'BRONX RIVER'), 18)
(('ATTEMPTED', 'BOULEVARD'), 18)
(('ATTEMPTED', 'MARBLE HILL'), 18)
(('ATTEMPTED', 'NOSTRAND'), 17)
(('ATTEMPTED', 'MITCHEL'), 17)
(('ATTEMPTED', 'PARKSIDE'), 17)
(('COMPLETED', 'BAYCHESTER'), 17)
(('ATTEMPTED', 'CLINTON'), 16)
(('ATTEMPTED', 'LAFAYETTE'), 16)
(('ATTEMPTED', 'LOW HOUSES'), 16)
(('ATTEMPTED', 'TAYLOR STREET-WYTHE AVENUE'), 16)
(('ATTEMPTED', 'MARLBORO'), 16)
(('ATTEMPTED', 'RUTGERS'), 16)
(('ATTEMPTED', 'BAYSIDE-OCEAN BAY APTS'), 15)
(('COMPLETED', 'FRANKLIN AVENUE III CONVENTIONAL'), 15)
(('ATTEMPTED', 'BAY VIEW'), 15)
(('ATTEMPTED', 'TAFT'), 15)
(('ATTEMPTED', 'ASTORIA'), 14)
(('ATTEMPTED', "MARINER'S HARBOR"), 14)
(('ATTEMPTED', 'SHEEPSHEAD BAY'), 14)
(('COMPLETED', 'BETANCES VI'), 14)
(('ATTEMPTED', 'WOODSIDE'), 13)
(('ATTEMPTED', 'ADAMS'), 13)
(('COMPLETED', 'LOWER EAST SIDE II'), 13)
(('ATTEMPTED', 'RIIS II'), 13)
(('ATTEMPTED', 'AMSTERDAM'), 13)
(('ATTEMPTED', 'REDFERN'), 13)
(('ATTEMPTED', 'HAMMEL'), 12)
(('ATTEMPTED', 'INDEPENDENCE'), 12)
(('ATTEMPTED', 'ROOSEVELT II'), 12)
(('ATTEMPTED', 'STAPLETON'), 12)
(('ATTEMPTED', 'GARVEY (GROUP A)'), 12)
(('ATTEMPTED', 'CONEY ISLAND I (SITE 1B)'), 12)
(('ATTEMPTED', 'LONG ISLAND BAPTIST HOUSES'), 11)
(('COMPLETED', 'MANHATTANVILLE REHAB (GROUP 2)'), 11)
(('ATTEMPTED', 'WYCKOFF GARDENS'), 11)
(('ATTEMPTED', 'GOWANUS'), 11)
(('COMPLETED', 'GLENMORE PLAZA'), 10)
(('ATTEMPTED', 'WEEKSVILLE GARDENS'), 10)
(('ATTEMPTED', 'BAILEY AVENUE-WEST 193RD STREET'), 10)
(('ATTEMPTED', 'ATLANTIC TERMINAL SITE 4B'), 10)
(('ATTEMPTED', 'HOPE GARDENS'), 10)
(('COMPLETED', 'WSUR (SITE B) 74 WEST 92ND STREET'), 10)
(('ATTEMPTED', "SAINT MARY'S PARK"), 10)
(('ATTEMPTED', 'WEST BRIGHTON I'), 9)
(('ATTEMPTED', 'ROOSEVELT I'), 9)
(('COMPLETED', 'BROWN'), 9)
(('ATTEMPTED', 'WAGNER'), 9)
(('ATTEMPTED', 'GOMPERS'), 9)
(('ATTEMPTED', 'PENNSYLVANIA AVENUE-WORTMAN AVENUE'), 9)
(('ATTEMPTED', 'SEWARD PARK EXTENSION'), 9)
(('ATTEMPTED', 'BOSTON SECOR'), 9)
(('ATTEMPTED', 'SACK WERN'), 9)
(('COMPLETED', 'WASHINGTON HEIGHTS REHAB PHASE III'), 9)
(('ATTEMPTED', 'RIIS'), 9)
(('ATTEMPTED', 'EDENWALD'), 8)
(('ATTEMPTED', 'WILLIAMS PLAZA'), 8)
(('ATTEMPTED', 'BUSHWICK II (GROUPS B & D)'), 8)
(('ATTEMPTED', 'CONEY ISLAND'), 8)
(('ATTEMPTED', 'MORRIS II'), 8)
(('ATTEMPTED', '303 VERNON AVENUE'), 8)
(('ATTEMPTED', 'FIORENTINO PLAZA'), 8)
(('COMPLETED', 'CAREY GARDENS'), 7)
(('ATTEMPTED', 'BREUKELEN'), 7)
(('ATTEMPTED', 'ALBANY II'), 7)
(('ATTEMPTED', 'UNITY PLAZA (SITES 4-27)'), 7)
(('COMPLETED', 'DE HOSTOS APARTMENTS'), 7)
(('ATTEMPTED', 'MORRIS I'), 7)
(('ATTEMPTED', 'MOORE'), 7)
(('ATTEMPTED', 'JACKSON'), 7)
(('COMPLETED', 'ROBINSON'), 7)
(('ATTEMPTED', 'FORT INDEPENDENCE STREET-HEATH AVENUE'), 7)
(('ATTEMPTED', 'TAPSCOTT STREET REHAB'), 7)
(('ATTEMPTED', 'QUEENSBRIDGE SOUTH'), 7)
(('ATTEMPTED', 'STERLING PLACE REHAB (STERLING-BUFFALO)'), 6)
(('ATTEMPTED', 'TODT HILL'), 6)
(('ATTEMPTED', 'WEBSTER'), 6)
(('ATTEMPTED', 'QUEENSBRIDGE NORTH'), 6)
(('ATTEMPTED', '572 WARREN STREET'), 6)
(('ATTEMPTED', 'MURPHY'), 6)
(('ATTEMPTED', 'CARLETON MANOR'), 6)
(('ATTEMPTED', 'UNITY PLAZA (SITES 17,24,25A)'), 6)
(('ATTEMPTED', 'DYCKMAN'), 6)
(('ATTEMPTED', 'KING TOWERS'), 6)
(('ATTEMPTED', 'HYLAN'), 6)
(('ATTEMPTED', 'HIGHBRIDGE GARDENS'), 6)
(('ATTEMPTED', 'SOUTH BEACH'), 5)
(('COMPLETED', 'TAFT REHABS (REHAB PROGRAM)'), 5)
(('ATTEMPTED', 'BUSHWICK II (GROUPS A & C)'), 5)
(('ATTEMPTED', 'CARVER'), 5)
(('ATTEMPTED', 'OCEAN HILL-BROWNSVILLE'), 5)
(('ATTEMPTED', '33-35 SARATOGA AVENUE'), 5)
(('COMPLETED', 'HABER'), 5)
(('ATTEMPTED', 'RICHMOND TERRACE'), 5)
(('ATTEMPTED', 'FIRST HOUSES'), 4)
(('ATTEMPTED', 'PATTERSON'), 4)
(('ATTEMPTED', 'BERRY'), 4)
(('ATTEMPTED', 'TWO BRIDGES URA (SITE 7)'), 4)
(('ATTEMPTED', '830 AMSTERDAM AVENUE'), 4)
(('ATTEMPTED', 'GUN HILL'), 4)
(('ATTEMPTED', 'CROWN HEIGHTS'), 4)
(('ATTEMPTED', '131 SAINT NICHOLAS AVENUE'), 4)
(('ATTEMPTED', 'PARK ROCK REHAB'), 4)
(('ATTEMPTED', 'BLAND'), 4)
(('ATTEMPTED', 'AUDUBON'), 4)
(('ATTEMPTED', 'RALPH AVENUE REHAB'), 4)
(('ATTEMPTED', 'FOREST'), 3)
(('ATTEMPTED', 'TELLER AVENUE-EAST 166TH STREET'), 3)
(('ATTEMPTED', '1162-1176 WASHINGTON AVENUE'), 3)
(('ATTEMPTED', 'MARCY AVENUE-GREENE AVENUE SITE B'), 3)
(('ATTEMPTED', 'LATIMER GARDENS'), 3)
(('ATTEMPTED', 'DOUGLASS ADDITION'), 3)
(('ATTEMPTED', 'HOWARD AVENUE'), 3)
(('ATTEMPTED', 'THROGGS NECK ADDITION'), 3)
(('ATTEMPTED', 'MORRISANIA AIR RIGHTS 42'), 3)
(('ATTEMPTED', 'MARKHAM GARDENS'), 3)
(('ATTEMPTED', 'CLAREMONT REHAB (GROUP 2)'), 3)
(('ATTEMPTED', 'EAST 173RD STREET-VYSE AVENUE'), 3)
(('ATTEMPTED', 'HOE AVENUE-EAST 173RD STREET'), 3)
(('ATTEMPTED', 'WSUR (SITE C) 589 AMSTERDAM AVENUE'), 3)
(('ATTEMPTED', 'RUTLAND TOWERS'), 3)
(('ATTEMPTED', 'BELMONT-SUTTER AREA'), 3)
(('ATTEMPTED', 'LEHMAN'), 2)
(('ATTEMPTED', 'FORT WASHINGTON AVENUE REHAB'), 2)
(('COMPLETED', 'FRANKLIN AVENUE II MHOP'), 2)
(('ATTEMPTED', 'STERLING PLACE REHAB (SAINT JOHNS-STERLING)'), 2)
(('ATTEMPTED', 'BARUCH HOUSES ADDITION'), 2)
(('ATTEMPTED', 'CLASON POINT GARDENS'), 2)
(('ATTEMPTED', 'BEACH 41ST STREET-BEACH CHANNEL DRIVE'), 2)
(('ATTEMPTED', 'MILBANK-FRAWLEY'), 2)
(('COMPLETED', 'WASHINGTON HEIGHTS REHAB (GROUPS 1&2)'), 2)
(('ATTEMPTED', 'MELROSE'), 2)
(('ATTEMPTED', 'SAMUEL (CITY)'), 2)
(('ATTEMPTED', 'BOSTON ROAD PLAZA'), 2)
(('ATTEMPTED', 'VLADECK II'), 2)
(('ATTEMPTED', 'SUTTER AVENUE-UNION STREET'), 2)
(('COMPLETED', 'METRO NORTH REHAB'), 2)
(('ATTEMPTED', 'DAVIDSON'), 2)
(('ATTEMPTED', 'WOODSON'), 2)
(('ATTEMPTED', 'WEST FARMS ROAD REHAB'), 2)
(('ATTEMPTED', 'RANDALL AVENUE-BALCOM AVENUE'), 2)
(('ATTEMPTED', 'CASSIDY-LAFAYETTE'), 2)
(('ATTEMPTED', 'VAN DYKE II'), 2)
(('ATTEMPTED', 'LAVANBURG HOMES'), 2)
(('ATTEMPTED', 'TWIN PARKS EAST (SITE 9)'), 2)
(('ATTEMPTED', 'CLAREMONT REHAB (GROUP 5)'), 2)
(('ATTEMPTED', 'MCKINLEY'), 2)
(('ATTEMPTED', 'BETANCES I'), 2)
(('ATTEMPTED', 'BUSHWICK II CDA (GROUP E)'), 2)
(('ATTEMPTED', 'SOUTH BRONX AREA (SITE 402)'), 2)
(('ATTEMPTED', 'EAST NEW YORK CITY LINE'), 2)
(('ATTEMPTED', 'LONGFELLOW AVENUE REHAB'), 2)
(('COMPLETED', '1010 EAST 178TH STREET'), 1)
(('ATTEMPTED', 'LA GUARDIA ADDITION'), 1)
(('ATTEMPTED', 'UPACA (SITE 5)'), 1)
(('ATTEMPTED', 'HARLEM RIVER'), 1)
(('ATTEMPTED', 'HARRISON AVENUE REHAB (GROUP B)'), 1)
(('ATTEMPTED', 'MANHATTANVILLE REHAB (GROUP 2)'), 1)
(('ATTEMPTED', 'MARSHALL PLAZA'), 1)
(('ATTEMPTED', "O'DWYER GARDENS"), 1)
(('ATTEMPTED', 'SARATOGA SQUARE'), 1)
(('ATTEMPTED', 'LOWER EAST SIDE I INFILL'), 1)
(('ATTEMPTED', 'SOUTHERN BOULEVARD'), 1)
(('ATTEMPTED', 'EAST 180TH STREET-MONTEREY AVENUE'), 1)
(('ATTEMPTED', 'REID APARTMENTS'), 1)
(('ATTEMPTED', 'UPACA (SITE 6)'), 1)
(('ATTEMPTED', 'MACOMBS ROAD'), 1)
(('COMPLETED', 'FOREST HILLS COOP (108TH STREET-62ND DRIVE)'), 1)
(('ATTEMPTED', 'MILL BROOK'), 1)
(('ATTEMPTED', 'BEDFORD-STUYVESANT REHAB'), 1)
(('ATTEMPTED', '45 ALLEN STREET'), 1)
(('ATTEMPTED', 'VANDALIA AVENUE'), 1)
(('ATTEMPTED', 'BRONX RIVER ADDITION'), 1)
(('ATTEMPTED', 'OCEAN HILL APARTMENTS'), 1)
(('ATTEMPTED', 'BAISLEY PARK'), 1)
(('ATTEMPTED', 'SEDGWICK'), 1)
(('ATTEMPTED', 'EAGLE AVENUE-EAST 163RD STREET'), 1)
(('ATTEMPTED', 'MIDDLETOWN PLAZA'), 1)
(('ATTEMPTED', 'CLAREMONT REHAB (GROUP 3)'), 1)
(('ATTEMPTED', 'LEXINGTON'), 1)
(('ATTEMPTED', 'HIGHBRIDGE REHABS (NELSON AVENUE)'), 1)
(('ATTEMPTED', 'GRAMPION'), 1)
(('COMPLETED', 'FULTON'), 1)
(('ATTEMPTED', 'TWIN PARKS WEST (SITE 1 & 2)'), 1)
(('ATTEMPTED', 'HOWARD AVENUE-PARK PLACE'), 1)
(('ATTEMPTED', 'WEST TREMONT REHAB (GROUP 3)'), 1)
(('ATTEMPTED', 'BETANCES III'), 1)
(('ATTEMPTED', 'HERNANDEZ'), 1)
(('ATTEMPTED', 'CLAREMONT REHAB (GROUP 4)'), 1)
(('ATTEMPTED', 'HIGHBRIDGE REHABS (ANDERSON AVENUE)'), 1)
(('ATTEMPTED', 'MILL BROOK EXTENSION'), 1)
(('ATTEMPTED', 'CAMPOS PLAZA I'), 1)
(('ATTEMPTED', 'GRAVESEND'), 1)
