(('COMPLETED', ''), 3781662)
(('ATTEMPTED', ''), 68608)
(('COMPLETED', 'CENTRAL PARK'), 667)
(('COMPLETED', 'FLUSHING MEADOWS CORONA PARK'), 544)
(('COMPLETED', 'CONEY ISLAND BEACH & BOARDWALK'), 311)
(('COMPLETED', 'RIVERSIDE PARK'), 254)
(('COMPLETED', 'PROSPECT PARK'), 157)
(('COMPLETED', 'MARCUS GARVEY PARK'), 137)
(('COMPLETED', 'UNION SQUARE PARK'), 127)
(('COMPLETED', "ST. MARY'S PARK BRONX"), 122)
(('COMPLETED', 'ROCKAWAY BEACH AND BOARDWALK'), 117)
(('COMPLETED', 'VAN CORTLANDT PARK'), 116)
(('COMPLETED', 'CROTONA PARK'), 116)
(('COMPLETED', "RANDALL'S ISLAND PARK"), 111)
(('COMPLETED', 'SARA D. ROOSEVELT PARK'), 106)
(('COMPLETED', 'WASHINGTON SQUARE PARK'), 95)
(('COMPLETED', 'TOMPKINS SQUARE PARK'), 95)
(('COMPLETED', 'JACKIE ROBINSON PARK MANHATTAN'), 92)
(('COMPLETED', 'BRYANT PARK'), 92)
(('COMPLETED', 'CLAREMONT PARK'), 89)
(('COMPLETED', 'MCCARREN PARK'), 86)
(('COMPLETED', 'HARLEM RIVER PARK'), 84)
(('COMPLETED', 'MACOMBS DAM PARK'), 83)
(('COMPLETED', 'ST. NICHOLAS PARK'), 82)
(('COMPLETED', 'BROOKLYN BRIDGE PARK'), 82)
(('COMPLETED', 'BRONX PARK'), 80)
(('COMPLETED', 'HIGHBRIDGE PARK MANHATTAN SIDE'), 77)
(('COMPLETED', 'MORNINGSIDE PARK'), 76)
(('COMPLETED', 'SUNSET PARK'), 74)
(('COMPLETED', 'MULLALY PARK'), 74)
(('COMPLETED', 'EAST RIVER PARK'), 72)
(('COMPLETED', 'BATTERY PARK'), 64)
(('COMPLETED', 'FOREST PARK'), 59)
(('COMPLETED', 'FORT GREENE PARK'), 59)
(('COMPLETED', 'MARIA HERNANDEZ PARK'), 59)
(('COMPLETED', 'WILLIAMSBRIDGE OVAL'), 54)
(('COMPLETED', 'ST. JAMES PARK'), 52)
(('COMPLETED', 'FRANZ SIGEL PARK'), 50)
(('COMPLETED', 'THOMAS JEFFERSON PARK'), 49)
(('COMPLETED', 'PARADE GROUND'), 48)
(('COMPLETED', 'LINCOLN TERRACE / ARTHUR S. SOMERS PARK'), 48)
(('COMPLETED', 'LUNA PARK'), 47)
(('COMPLETED', 'TREMONT PARK'), 46)
(('COMPLETED', 'ASTORIA PARK'), 43)
(('COMPLETED', 'PELHAM BAY PARK'), 42)
(('COMPLETED', 'RAINEY PARK BRONX'), 42)
(('COMPLETED', 'RUFUS KING PARK'), 40)
(('COMPLETED', 'FORT TRYON PARK'), 39)
(('COMPLETED', 'MATTHEWS - PALMER PLAYGROUND'), 39)
(('COMPLETED', 'HIGHLAND PARK'), 39)
(('COMPLETED', 'JOYCE KILMER PARK'), 37)
(('COMPLETED', 'CHELSEA PARK'), 36)
(('COMPLETED', 'LEIF ERICSON PARK'), 34)
(('COMPLETED', 'HERBERT VON KING PARK'), 33)
(('COMPLETED', 'CALVERT VAUX PARK'), 33)
(('COMPLETED', 'DYKER BEACH PARK'), 32)
(('COMPLETED', 'MARINE PARK'), 32)
(('COMPLETED', 'AQUEDUCT WALK'), 31)
(('COMPLETED', 'PARK OF THE AMERICAS'), 30)
(('COMPLETED', 'MOORE HOMESTEAD PLAYGROUND'), 30)
(('COMPLETED', 'NORTHERN PLAYGROUND'), 30)
(('COMPLETED', "ST. JOHN'S RECREATION CENTER"), 29)
(('COMPLETED', 'FREDERICK DOUGLASS PLAYGROUND'), 29)
(('COMPLETED', 'WINGATE PARK'), 27)
(('COMPLETED', 'JACOB H. SCHIFF PLAYGROUND'), 27)
(('COMPLETED', 'TRAVERS PARK'), 26)
(('COMPLETED', 'INWOOD HILL PARK'), 26)
(('COMPLETED', 'BETSY HEAD PARK'), 26)
(('COMPLETED', 'COLUMBUS PARK AT MANHATTAN'), 25)
(('COMPLETED', "OWL'S HEAD PARK"), 25)
(('COMPLETED', 'SOUNDVIEW PARK'), 23)
(('COMPLETED', 'BRONX RIVER PARKWAY'), 23)
(('COMPLETED', 'KISSENA PARK'), 23)
(('COMPLETED', 'KAISER PARK'), 23)
(('COMPLETED', 'BATTERY PARK CITY'), 23)
(('COMPLETED', 'COLEMAN PLAYGROUND'), 22)
(('COMPLETED', 'BRIDGE PARK BROOKLYN'), 22)
(('COMPLETED', 'ECHO TRIANGLE'), 22)
(('COMPLETED', 'RICHMAN (ECHO) PARK'), 22)
(('COMPLETED', 'AMERSFORT PARK'), 22)
(('COMPLETED', 'EWEN PARK'), 21)
(('ATTEMPTED', 'CENTRAL PARK'), 21)
(('COMPLETED', 'DEVOE PARK'), 21)
(('COMPLETED', 'FORT WASHINGTON PARK'), 21)
(('COMPLETED', 'ROY WILKINS RECREATION CENTER'), 21)
(('COMPLETED', 'LINDEN PARK'), 20)
(('COMPLETED', 'SHORE PARK AND PARKWAY'), 20)
(('COMPLETED', 'JUNIPER VALLEY PARK'), 20)
(('COMPLETED', 'KISSENA CORRIDOR PARK'), 20)
(('COMPLETED', 'BAISLEY POND PARK'), 19)
(('COMPLETED', 'MADISON SQUARE PARK'), 19)
(('COMPLETED', 'ALLEY POND PARK'), 18)
(('COMPLETED', 'MERRIAM PLAYGROUND'), 18)
(('COMPLETED', 'J.J. BYRNE PLAYGROUND'), 18)
(('COMPLETED', "ST. ANDREW'S PLAYGROUND"), 18)
(('COMPLETED', 'LONDON PLANETREE PLAYGROUND'), 18)
(('COMPLETED', 'HOMECREST PLAYGROUND'), 18)
(('COMPLETED', 'MOSHOLU PARKWAY'), 17)
(('COMPLETED', 'ASTORIA HEIGHTS PLAYGROUND'), 17)
(('COMPLETED', 'WATSON GLEASON PLAYGROUND'), 17)
(('COMPLETED', 'CLOVE LAKES PARK'), 17)
(('COMPLETED', 'DEAN PLAYGROUND'), 17)
(('COMPLETED', 'SEWARD PARK'), 17)
(('COMPLETED', 'CARL SCHURZ PARK'), 17)
(('COMPLETED', 'BROWER PARK'), 17)
(('COMPLETED', 'BOWNE PARK'), 16)
(('COMPLETED', 'TOMPKINSVILLE PARK'), 16)
(('COMPLETED', 'PARKSIDE PLAYGROUND BROOKLYN'), 16)
(('COMPLETED', 'PLAYGROUND NINETY'), 16)
(('COMPLETED', 'ELTON PLAYGROUND'), 16)
(('COMPLETED', 'COMMODORE BARRY PARK'), 16)
(('COMPLETED', 'MCKINLEY PARK'), 16)
(('COMPLETED', 'HOFFMAN PARK'), 15)
(('COMPLETED', 'J. HOOD WRIGHT PARK'), 15)
(('COMPLETED', 'CHELSEA RECREATION CENTER'), 15)
(('COMPLETED', 'KELLY PARK'), 15)
(('COMPLETED', 'CONCRETE PLANT PARK'), 15)
(('COMPLETED', 'QUARRY BALLFIELDS'), 15)
(('COMPLETED', 'FERRY POINT PARK'), 15)
(('COMPLETED', 'BELT PARKWAY/SHORE PARKWAY'), 14)
(('COMPLETED', 'MANHATTAN BEACH PARK'), 14)
(('COMPLETED', 'HOLCOMBE RUCKER PARK'), 14)
(('COMPLETED', 'UNNAMED PARK ON RIVERSIDE DRIVE'), 14)
(('COMPLETED', 'BLAND PLAYGROUND'), 14)
(('COMPLETED', 'HAMILTON FISH PARK'), 14)
(('COMPLETED', 'RED HOOK RECREATION AREA'), 14)
(('COMPLETED', 'SLATTERY PLAYGROUND'), 14)
(('COMPLETED', 'COOPER PARK'), 14)
(('COMPLETED', 'STUYVESANT SQUARE'), 14)
(('COMPLETED', 'CUNNINGHAM PARK'), 13)
(('COMPLETED', 'FRED SAMUEL PLAYGROUND'), 13)
(('COMPLETED', 'MAFERA PARK'), 13)
(('COMPLETED', 'ASSER LEVY PARK'), 13)
(('COMPLETED', 'WILLIS PLAYGROUND'), 13)
(('COMPLETED', "ST. MICHAEL'S PARK"), 13)
(('COMPLETED', 'STERNBERG PARK'), 13)
(('COMPLETED', 'FRIENDS FIELD'), 13)
(('COMPLETED', 'LYONS SQUARE PLAYGROUND'), 13)
(('COMPLETED', 'COL. YOUNG PLAYGROUND'), 13)
(('COMPLETED', "ROSEMARY'S PLAYGROUND"), 12)
(('COMPLETED', 'MOTT PLAYGROUND'), 12)
(('COMPLETED', 'GROVER CLEVELAND PLAYGROUND'), 12)
(('COMPLETED', 'EAST RIVER PLAYGROUND'), 12)
(('COMPLETED', 'CANARSIE PARK'), 12)
(('COMPLETED', 'EAST RIVER WATERFRONT ESPLANADE'), 12)
(('COMPLETED', 'DUTCH KILLS PLAYGROUND'), 12)
(('COMPLETED', 'MCLAUGHLIN PARK'), 12)
(('COMPLETED', 'NOSTRAND PLAYGROUND'), 12)
(('COMPLETED', 'CAPTAIN TILLY PARK'), 12)
(('COMPLETED', 'MSGR. MCGOLRICK PARK'), 11)
(('COMPLETED', 'SPRINGFIELD PARK'), 11)
(('COMPLETED', 'CAPTAIN RIVERA PLAYGROUND'), 11)
(('COMPLETED', 'BELMONT PLAYGROUND BRONX'), 11)
(('COMPLETED', 'BOWNE PLAYGROUND'), 11)
(('COMPLETED', 'MAPLE PLAYGROUND'), 11)
(('COMPLETED', 'PENN SOUTH PLAYGROUND'), 11)
(('COMPLETED', 'ELMHURST PARK'), 11)
(('COMPLETED', 'DR. RONALD E. MCNAIR PLAYGROUND'), 11)
(('COMPLETED', 'LT. JOSEPH PETROSINO PARK'), 11)
(('COMPLETED', 'BEHAGEN PLAYGROUND'), 11)
(('COMPLETED', 'CARROLL PARK'), 11)
(('COMPLETED', 'GRAVESEND PARK'), 11)
(('COMPLETED', "FRANK D. O'CONNOR PLAYGROUND"), 10)
(('COMPLETED', 'JACOB JOFFE FIELDS'), 10)
(('COMPLETED', 'JOHN JAY PARK'), 10)
(('COMPLETED', 'SETH LOW PLAYGROUND/ BEALIN SQUARE'), 10)
(('COMPLETED', 'ASPHALT GREEN'), 10)
(('COMPLETED', 'CPL. THOMPSON PARK'), 10)
(('COMPLETED', 'RIVER AVENUE PARKS'), 10)
(('COMPLETED', 'BATH BEACH PARK'), 10)
(('COMPLETED', 'FULTON PARK'), 10)
(('COMPLETED', 'PAERDEGAT PARK'), 10)
(('COMPLETED', 'SIMEONE PARK'), 10)
(('COMPLETED', 'HAMILTON METZ FIELD'), 10)
(('COMPLETED', "WASHINGTON'S WALK"), 10)
(('COMPLETED', 'RAYMOND BUSH PLAYGROUND'), 10)
(('COMPLETED', 'EVERGREEN PARK'), 10)
(('COMPLETED', 'BENSONHURST PARK'), 10)
(('COMPLETED', 'NEHEMIAH PARK'), 9)
(('COMPLETED', 'THOMAS GREENE PLAYGROUND'), 9)
(('COMPLETED', 'DETECTIVE KEITH L WILLIAMS PARK'), 9)
(('COMPLETED', 'HERALD SQUARE'), 9)
(('COMPLETED', 'STARLIGHT PARK'), 9)
(('COMPLETED', 'JAMES WELDON JOHNSON PLAYGROUND'), 9)
(('COMPLETED', 'BOOKER T. WASHINGTON PLAYGROUND'), 9)
(('COMPLETED', 'ARCILLA PLAYGROUND'), 9)
(('COMPLETED', 'SETON FALLS PARK'), 9)
(('COMPLETED', 'SETON PARK'), 9)
(('COMPLETED', 'ASSER LEVY PLAYGROUND'), 9)
(('COMPLETED', 'ROBERT E. VENABLE PARK'), 9)
(('COMPLETED', 'LINDSAY TRIANGLE'), 9)
(('COMPLETED', 'BROOKLYN MUSEUM'), 9)
(('COMPLETED', 'JUNCTION PLAYGROUND'), 8)
(('COMPLETED', 'MOUNT PROSPECT PARK'), 8)
(('COMPLETED', 'CITY LINE PARK'), 8)
(('COMPLETED', 'GREELEY SQUARE PARK'), 8)
(('COMPLETED', "MARC AND JASON'S PLAYGROUND"), 8)
(('COMPLETED', 'COFFEY PARK'), 8)
(('COMPLETED', 'HAPPY WARRIOR PLAYGROUND'), 8)
(('COMPLETED', 'MCCAFFREY PLAYGROUND'), 8)
(('COMPLETED', 'BUSHWICK INLET PARK'), 8)
(('COMPLETED', 'FOX PLAYGROUND BRONX'), 8)
(('COMPLETED', 'PLAYGROUND 52 LII'), 8)
(('COMPLETED', 'CHERRY TREE PARK'), 8)
(('COMPLETED', "ST. MICHAEL'S PLAYGROUND"), 8)
(('COMPLETED', 'HAFFEN PARK'), 8)
(('COMPLETED', 'POTOMAC PLAYGROUND'), 8)
(('COMPLETED', 'THE HIGH LINE'), 8)
(('COMPLETED', 'HAVEN AVENUE'), 8)
(('COMPLETED', 'POWER PLAYGROUND'), 8)
(('COMPLETED', 'KOLBERT PLAYGROUND'), 8)
(('COMPLETED', 'HUNTS POINT PLAYGROUND'), 8)
(('COMPLETED', 'HOWARD PLAYGROUND'), 8)
(('COMPLETED', 'CROCHERON PARK'), 8)
(('COMPLETED', 'FAIRMOUNT PLAYGROUND'), 7)
(('ATTEMPTED', 'PROSPECT PARK'), 7)
(('COMPLETED', 'HOYT PLAYGROUND'), 7)
(('COMPLETED', 'BUSHWICK PLAYGROUND ON KNICKERBOCKER AVENUE'), 7)
(('COMPLETED', 'SOUTH PACIFIC PLAYGROUND'), 7)
(('COMPLETED', 'SARATOGA PARK'), 7)
(('COMPLETED', 'RAINEY PARK QUEENS'), 7)
(('COMPLETED', 'GORMAN PARK'), 7)
(('COMPLETED', 'FORT HAMILTON ATHLETIC FIELD'), 7)
(('COMPLETED', 'CALLAHAN-KELLY PLAYGROUND'), 7)
(('COMPLETED', 'FRANKLIN D. ROOSEVELT BOARDWALK AND BEACH'), 7)
(('COMPLETED', 'SOL BLOOM PLAYGROUND'), 7)
(('COMPLETED', 'SUMNER PLAYGROUND'), 7)
(('COMPLETED', 'ALLEY PARK'), 7)
(('ATTEMPTED', 'RIVERSIDE PARK'), 7)
(('COMPLETED', 'LUTHER GULICK PLAYGROUND'), 7)
(('COMPLETED', 'BUFANO PARK'), 7)
(('COMPLETED', 'EQUITY PARK'), 7)
(('COMPLETED', 'CITY HALL PARK'), 7)
(('COMPLETED', "DANIEL M. O'CONNELL PLAYGROUND"), 7)
(('COMPLETED', 'MERCER PLAYGROUND'), 7)
(('COMPLETED', 'BARTLETT PLAYGROUND'), 7)
(('COMPLETED', 'ALLERTON PLAYGROUND'), 7)
(('COMPLETED', 'P.O. REINALDO SALGADO PLAYGROUND'), 7)
(('COMPLETED', 'ALFRED E. SMITH PLAYGROUND'), 7)
(('COMPLETED', 'WASHINGTON HALL PARK'), 7)
(('COMPLETED', 'MARCY PLAYGROUND'), 6)
(('COMPLETED', 'MAURICE A FITZGERALD PLAYGROUND'), 6)
(('COMPLETED', 'CROTONA PARKWAY MALLS'), 6)
(('COMPLETED', 'MOORE PLAYGROUND'), 6)
(('COMPLETED', 'JAMES J WALKER PARK'), 6)
(('COMPLETED', 'FOX PLAYGROUND BROOKLYN'), 6)
(('COMPLETED', 'CHESTER PLAYGROUND'), 6)
(('COMPLETED', 'PUGSLEY CREEK PARK'), 6)
(('COMPLETED', "POOR RICHARD'S PLAYGROUND"), 6)
(('COMPLETED', 'MARIE CURIE PARK'), 6)
(('COMPLETED', 'MOSHOLU PLAYGROUND'), 6)
(('COMPLETED', 'BROOKVILLE PARK'), 6)
(('COMPLETED', 'SAKURA PARK'), 6)
(('COMPLETED', '100% PLAYGROUND'), 6)
(('COMPLETED', 'MURRAY PLAYGROUND'), 6)
(('COMPLETED', 'TILDEN PLAYGROUND'), 6)
(('COMPLETED', 'MARTIN LUTHER KING PLAYGROUND'), 6)
(('COMPLETED', 'BROOKLYN BOTANIC GARDEN'), 6)
(('COMPLETED', 'DE WITT CLINTON PARK'), 6)
(('COMPLETED', 'MILESTONE PARK'), 6)
(('COMPLETED', 'PELHAM PARKWAY'), 6)
(('COMPLETED', 'DOUGHBOY PLAZA'), 6)
(('COMPLETED', 'L/CPL THOMAS P. NOONAN JR. PLAYGROUND'), 6)
(('COMPLETED', 'FATHER DUFFY SQUARE'), 6)
(('COMPLETED', 'JACKIE ROBINSON PLAYGROUND'), 6)
(('COMPLETED', 'BROWNSVILLE PLAYGROUND'), 6)
(('COMPLETED', 'PHIL "SCOOTER" RIZZUTO PARK'), 6)
(('COMPLETED', 'DAWSON PLAYGROUND'), 6)
(('COMPLETED', "HUNTER'S POINT SOUTH PARK"), 6)
(('COMPLETED', 'EASTERN PARKWAY'), 6)
(('COMPLETED', 'SAMUEL SEABURY PLAYGROUND'), 6)
(('COMPLETED', 'FABER POOL AND PARK'), 6)
(('COMPLETED', 'BROADWAY MALLS'), 6)
(('COMPLETED', 'MARTIN LUTHER KING JR. PLAYGROUND'), 6)
(('COMPLETED', 'DR. GERTRUDE B. KELLY PLAYGROUND'), 6)
(('COMPLETED', 'WASHINGTON PARK BROOKLYN'), 6)
(('COMPLETED', 'PULASKI PLAYGROUND'), 6)
(('COMPLETED', 'POE PARK'), 6)
(('COMPLETED', 'BEACH 9 PLAYGROUND'), 6)
(('COMPLETED', 'MADISON COMMUNITY GREENTHUMB'), 6)
(('COMPLETED', 'CORPORAL JOHN A. SERAVALLI PLAYGROUND'), 6)
(('COMPLETED', 'HOWARD BENNETT PLAYGROUND'), 6)
(('COMPLETED', 'BILL BROWN PLAYGROUND'), 6)
(('COMPLETED', 'JOHN J CARTY PARK'), 6)
(('COMPLETED', 'CADMAN PLAZA PARK'), 6)
(('COMPLETED', 'LORETO PLAYGROUND'), 6)
(('COMPLETED', 'TAPPEN PARK'), 6)
(('COMPLETED', 'REIFF PLAYGROUND'), 6)
(('COMPLETED', 'GRACE PLAYGROUND'), 5)
(('COMPLETED', 'MIDDLE VILLAGE PLAYGROUND'), 5)
(('COMPLETED', 'NATHAN STRAUS PLAYGROUND'), 5)
(('COMPLETED', 'CONFERENCE HOUSE PARK'), 5)
(('COMPLETED', 'PONTIAC PLAYGROUND'), 5)
(('COMPLETED', 'DOME PLAYGROUND'), 5)
(('COMPLETED', 'HINTON PARK'), 5)
(('COMPLETED', 'MARION HOPKINSON PLAYGROUND'), 5)
(('COMPLETED', 'POWELL PLAYGROUND'), 5)
(('COMPLETED', 'IDLEWILD PARK'), 5)
(('COMPLETED', 'GRAND ARMY PLAZA BROOKLYN'), 5)
(('COMPLETED', "ST. CATHERINE'S PARK"), 5)
(('COMPLETED', 'GORMAN PLAYGROUND'), 5)
(('COMPLETED', 'DE HOSTOS PLAYGROUND'), 5)
(('COMPLETED', 'EAST RIVER ESPLANADE AT E 36TH ST AND FDR'), 5)
(('COMPLETED', 'ALMEDA PLAYGROUND'), 5)
(('COMPLETED', 'FISH PLAYGROUND'), 5)
(('COMPLETED', 'FLYNN PLAYGROUND'), 5)
(('COMPLETED', 'FRONTERA PARK'), 5)
(('COMPLETED', 'MELLETT PLAYGROUND'), 5)
(('COMPLETED', "PEOPLE'S PARK"), 5)
(('COMPLETED', 'CORONA GOLF PLAYGROUND'), 5)
(('COMPLETED', 'HART PLAYGROUND ON BROADWAY'), 5)
(('COMPLETED', 'LT. LIA PLAYGROUND'), 5)
(('COMPLETED', 'SHERMAN CREEK'), 5)
(('COMPLETED', 'COLONEL DAVID MARCUS PLAYGROUND'), 5)
(('COMPLETED', 'MONTBELLIER PARK'), 5)
(('COMPLETED', 'PARK SLOPE PLAYGROUND'), 5)
(('COMPLETED', 'MARBLE HILL PLAYGROUND'), 5)
(('COMPLETED', 'RAMON APONTE PARK'), 5)
(('COMPLETED', 'WOODS PLAYGROUND'), 5)
(('COMPLETED', 'WARDS ISLAND PARK'), 5)
(('COMPLETED', 'RUSSELL PEDERSEN PLAYGROUND'), 5)
(('COMPLETED', 'ANNADALE PLAYGROUND'), 5)
(('COMPLETED', 'ESTELLA DIGGS PARK'), 5)
(('COMPLETED', 'THE PEARLY GATES'), 5)
(('COMPLETED', "PRINTER'S PARK"), 5)
(('COMPLETED', 'ALLEN MALL ONE'), 5)
(('COMPLETED', 'DITMARS PARK'), 5)
(('COMPLETED', 'COLONEL CHARLES YOUNG TRIANGLE'), 5)
(('COMPLETED', 'HARLEM ART PARK'), 5)
(('COMPLETED', 'MATTHEWS MULINER PLAYGROUND'), 5)
(('COMPLETED', 'NOBLE PLAYGROUND'), 5)
(('COMPLETED', 'LAWRENCE VIRGILIO PLAYGROUND'), 5)
(('COMPLETED', 'TORSNEY PLAYGROUND'), 5)
(('COMPLETED', 'QUEENSBRIDGE PARK'), 5)
(('COMPLETED', 'MCGUIRE FIELDS'), 5)
(('COMPLETED', 'RAINBOW PLAYGROUND'), 5)
(('COMPLETED', 'ZIMMERMAN PLAYGROUND'), 5)
(('COMPLETED', 'WNYC TRANSMITTER PARK'), 5)
(('COMPLETED', 'WEST 4TH STREET COURTS'), 4)
(('COMPLETED', 'ENNIS PLAYGROUND'), 4)
(('COMPLETED', 'JOSEPH AUSTIN PLAYGROUND'), 4)
(('COMPLETED', 'PETROSINO SQUARE'), 4)
(('COMPLETED', 'HARRIS PARK'), 4)
(('COMPLETED', 'ORACLE PLAYGROUND'), 4)
(('COMPLETED', 'BENNETT PARK'), 4)
(('COMPLETED', 'RAILROAD PARK BRONX'), 4)
(('COMPLETED', 'LAFAYETTE PLAYGROUND ON LAFAYETTE AVENUE'), 4)
(('ATTEMPTED', 'ST. NICHOLAS PARK'), 4)
(('COMPLETED', 'CICCARONE PARK'), 4)
(('COMPLETED', 'CARMANSVILLE PLAYGROUND'), 4)
(('ATTEMPTED', 'WILLIAMSBRIDGE OVAL'), 4)
(('ATTEMPTED', 'FLUSHING MEADOWS CORONA PARK'), 4)
(('COMPLETED', 'STAPLETON PLAYGROUND'), 4)
(('COMPLETED', 'SCARANGELLA PARK'), 4)
(('COMPLETED', 'PULASKI PARK'), 4)
(('ATTEMPTED', 'VAN CORTLANDT PARK'), 4)
(('COMPLETED', 'GUN HILL PLAYGROUND'), 4)
(('COMPLETED', 'LEIF ERICSON FIELDS'), 4)
(('COMPLETED', 'INWOOD PARK'), 4)
(('COMPLETED', 'EDMONDS PLAYGROUND'), 4)
(('COMPLETED', 'BOERUM PARK'), 4)
(('COMPLETED', 'COLLEGE POINT PARK'), 4)
(('COMPLETED', 'CARVER PLAYGROUND'), 4)
(('COMPLETED', 'RENAISSANCE PLAYGROUND'), 4)
(('COMPLETED', 'WEST PLAYGROUND'), 4)
(('COMPLETED', 'P.O. SERRANO PLAYGROUND'), 4)
(('COMPLETED', 'MACNEIL PARK'), 4)
(('COMPLETED', 'LINCOLN RD BLOCK ASSOCIATION'), 4)
(('COMPLETED', 'WEBSTER PLAYGROUND'), 4)
(('COMPLETED', 'PATTERSON PLAYGROUND'), 4)
(('COMPLETED', 'UNNAMED PARK ON SUMMIT AVENUE'), 4)
(('COMPLETED', 'CHIEF DENNIS L. DEVLIN PARK'), 4)
(('COMPLETED', 'OCEAN HILL PLAYGROUND'), 4)
(('COMPLETED', 'SHELTERING ARMS PLAYGROUND'), 4)
(('COMPLETED', 'MOUNT HOPE PLAYGROUND'), 4)
(('COMPLETED', 'BRIDGE PARK 3'), 4)
(('COMPLETED', 'AMERICAN PLAYGROUND'), 4)
(('COMPLETED', 'GOUVERNEUR PLAYGROUND'), 4)
(('COMPLETED', 'TIFFANY PLAYGROUND'), 4)
(('COMPLETED', 'BATHGATE PLAYGROUND'), 4)
(('ATTEMPTED', 'CONEY ISLAND BEACH & BOARDWALK'), 4)
(('COMPLETED', 'SCHENCK PLAYGROUND'), 4)
(('COMPLETED', 'EPIPHANY PLAYGROUND'), 4)
(('COMPLETED', 'CROWLEY PLAYGROUND'), 4)
(('COMPLETED', 'UNDERHILL PLAYGROUND'), 4)
(('COMPLETED', 'DREW PLAYGROUND'), 4)
(('COMPLETED', 'BELLEVUE SOUTH PARK'), 4)
(('COMPLETED', 'HARLEM LANE PLAYGROUND'), 4)
(('COMPLETED', 'HALF-NELSON PLAYGROUND'), 4)
(('COMPLETED', 'GREAT KILLS PARK'), 4)
(('COMPLETED', 'TONY DAPOLITO RECREATION CENTER'), 4)
(('COMPLETED', 'BLOOMINGDALE PARK'), 4)
(('COMPLETED', 'SURF PLAYGROUND'), 4)
(('COMPLETED', 'EAST ELMHURST PLAYGROUND'), 4)
(('COMPLETED', 'VIDALIA PARK'), 4)
(('COMPLETED', 'VLEIGH PLAYGROUND'), 4)
(('COMPLETED', 'MIDDLETON PLAYGROUND'), 4)
(('COMPLETED', 'ATHENS SQUARE'), 4)
(('COMPLETED', 'BARUCH PLAYGROUND'), 4)
(('COMPLETED', 'BRIGHTON PLAYGROUND'), 4)
(('COMPLETED', 'CHRISTOPHER PARK'), 4)
(('COMPLETED', 'RIENZI PLAYGROUND'), 4)
(('COMPLETED', 'SUTTON PLACE PARK'), 3)
(('COMPLETED', 'STROUD PLAYGROUND'), 3)
(('ATTEMPTED', 'TOMPKINS SQUARE PARK'), 3)
(('ATTEMPTED', 'MCCARREN PARK'), 3)
(('COMPLETED', 'COLUCCI PLAYGROUND'), 3)
(('COMPLETED', 'LOPEZ PLAYGROUND'), 3)
(('COMPLETED', 'LITTLE BAY PARK'), 3)
(('COMPLETED', 'RECREATIONAL AREA'), 3)
(('COMPLETED', 'ABE LEBEWOHL PARK'), 3)
(('ATTEMPTED', 'FULTON PARK'), 3)
(('COMPLETED', 'NORTH 5TH STREET PIER AND PARK'), 3)
(('COMPLETED', 'EAST RIVER ESPLANADE E 90TH ST TO E 125TH ST'), 3)
(('COMPLETED', 'RAILROAD PLAYGROUND'), 3)
(('COMPLETED', 'OXPORT PLAYGROUND'), 3)
(('COMPLETED', 'WHALEN PARK'), 3)
(('ATTEMPTED', 'MARCUS GARVEY PARK'), 3)
(('COMPLETED', 'MAGENTA PLAYGROUND'), 3)
(('COMPLETED', 'BAYSWATER PARK'), 3)
(('COMPLETED', 'LAGUARDIA LANDING LIGHTS'), 3)
(('COMPLETED', 'ST. VARTAN PARK'), 3)
(('COMPLETED', 'JEROME PLAYGROUND'), 3)
(('COMPLETED', 'WINFIELD PLAZA'), 3)
(('COMPLETED', 'EDENWALD PLAYGROUND'), 3)
(('COMPLETED', 'EAE J MITCHELL PARK'), 3)
(('COMPLETED', 'ADMIRAL FARRAGUT PLAYGROUND'), 3)
(('COMPLETED', 'MOUNT EDEN MALLS'), 3)
(('COMPLETED', 'MELROSE PLAYGROUND'), 3)
(('COMPLETED', 'WHITE PLAYGROUND MANHATTAN'), 3)
(('COMPLETED', 'WAGNER PLAYGROUND'), 3)
(('COMPLETED', 'POLICE OFFICER NICHOLAS DEMUTIIS PARK'), 3)
(('COMPLETED', 'UNNAMED PARK ON BRUCKNER EXPRESSWAY WEST OF MORRISON AVENUE'), 3)
(('ATTEMPTED', 'CLOVE LAKES PARK'), 3)
(('COMPLETED', 'NEPTUNE PLAYGROUND'), 3)
(('COMPLETED', 'POPPENHUSEN PLAYGROUND'), 3)
(('COMPLETED', 'GOBLE PLAYGROUND'), 3)
(('COMPLETED', 'STANLEY ISAACS PLAYGROUND'), 3)
(('COMPLETED', 'CONEY ISLAND CREEK PARK'), 3)
(('COMPLETED', 'FIRST PARK'), 3)
(('COMPLETED', 'PARKSIDE PLAYGROUND BRONX'), 3)
(('COMPLETED', 'EVERGREEN PLAYGROUND'), 3)
(('COMPLETED', 'GRANT PARK'), 3)
(('COMPLETED', 'ELEANOR ROOSEVELT PLAYGROUND'), 3)
(('COMPLETED', 'MARLBORO PLAYGROUND'), 3)
(('COMPLETED', 'UNNAMED PARK ON E 120TH STREET'), 3)
(('COMPLETED', 'LOUIS ARMSTRONG PLAYGROUND'), 3)
(('COMPLETED', 'TANAHEY PLAYGROUND'), 3)
(('ATTEMPTED', "ST. MARY'S PARK BRONX"), 3)
(('COMPLETED', 'MACDONALD PARK'), 3)
(('COMPLETED', 'HARVARD PLAYGROUND'), 3)
(('COMPLETED', 'VETERANS PARK STATEN ISLAND'), 3)
(('COMPLETED', "WOLFE'S POND PARK"), 3)
(('COMPLETED', 'BLOOMINGDALE PLAYGROUND'), 3)
(('COMPLETED', 'STAR SPANGLED PLAYGROUND'), 3)
(('COMPLETED', 'HORACE HARDING PLAYGROUND'), 3)
(('COMPLETED', 'HINES PARK'), 3)
(('ATTEMPTED', 'RAINEY PARK BRONX'), 3)
(('COMPLETED', 'GRAND CENTRAL PARKWAY'), 3)
(('COMPLETED', 'ST. NICHOLAS PLAYGROUND SOUTH'), 3)
(('COMPLETED', 'BENSON PLAYGROUND'), 3)
(('COMPLETED', 'HOPE BALLFIELD'), 3)
(('COMPLETED', 'MARGARET I. CARMAN GREEN - WEEPING BEECH'), 3)
(('COMPLETED', 'SILVER LAKE PARK'), 3)
(('COMPLETED', 'HAGGERTY PARK'), 3)
(('COMPLETED', 'GREENE PLAYGROUND'), 3)
(('COMPLETED', 'LIVONIA PARK'), 3)
(('COMPLETED', 'TRIBECA PARK'), 3)
(('COMPLETED', 'OCEAN BREEZE PARK'), 3)
(('COMPLETED', 'WOOD PARK'), 3)
(('COMPLETED', 'CEDAR PLAYGROUND'), 3)
(('COMPLETED', 'PLAYGROUND SEVENTY FIVE'), 3)
(('COMPLETED', 'VIETNAM VETERANS PLAZA'), 3)
(('COMPLETED', 'MONSIGNOR KETT PLAYGROUND'), 3)
(('COMPLETED', 'SHEEPSHEAD PLAYGROUND'), 3)
(('COMPLETED', 'ROEBLING PLAYGROUND'), 3)
(('COMPLETED', 'VLADECK PARK'), 3)
(('COMPLETED', 'STARS & STRIPES PLAYGROUND'), 3)
(('COMPLETED', "THE PAINTER'S PLAYGROUND"), 3)
(('COMPLETED', 'BEACH 59TH ST PLAYGROUND'), 3)
(('COMPLETED', 'SIXTEEN SYCAMORES PLAYGROUND'), 3)
(('COMPLETED', 'HORSESHOE PLAYGROUND'), 3)
(('ATTEMPTED', 'HIGHLAND PARK'), 3)
(('COMPLETED', 'TEN EYCK PLAYGROUND'), 3)
(('COMPLETED', 'SPACE TIME PLAYGROUND'), 3)
(('COMPLETED', 'EHRENREICH-AUSTIN PLAYGROUND'), 3)
(('COMPLETED', 'MAJOR MARK PARK'), 3)
(('COMPLETED', 'ST. ALBANS PARK'), 3)
(('COMPLETED', 'BILDERSEE PLAYGROUND'), 3)
(('ATTEMPTED', 'MORNINGSIDE PARK'), 3)
(('COMPLETED', 'ABRAHAM LINCOLN PLAYGROUND'), 3)
(('COMPLETED', 'EAGLE SLOPE'), 3)
(('COMPLETED', "HELL'S KITCHEN PARK"), 3)
(('COMPLETED', 'JOHN HANCOCK PLAYGROUND'), 3)
(('COMPLETED', 'HATTIE CARTHAN PLAYGROUND'), 3)
(('COMPLETED', 'HIGHBRIDGE PARK BRONX SIDE'), 3)
(('COMPLETED', 'HOUSTON PLAYGROUND'), 3)
(('COMPLETED', 'MARCY PARK SOUTH'), 3)
(('COMPLETED', 'MCDONALD PLAYGROUND BROOKLYN'), 3)
(('COMPLETED', 'ST. NICHOLAS PLAYGROUND NORTH'), 3)
(('COMPLETED', 'BEDFORD PLAYGROUND'), 3)
(('COMPLETED', 'CRISPUS ATTUCKS PLAYGROUND'), 3)
(('COMPLETED', 'DI GILIO PLAYGROUND'), 3)
(('COMPLETED', 'JAMAICA PLAYGROUND'), 3)
(('COMPLETED', 'PAERDEGAT BASIN PARK'), 2)
(('COMPLETED', 'DUGAN PLAYGROUND'), 2)
(('ATTEMPTED', 'JACOB H. SCHIFF PLAYGROUND'), 2)
(('COMPLETED', 'RIVERDALE PARK'), 2)
(('ATTEMPTED', 'ST. JAMES PARK'), 2)
(('COMPLETED', 'VINMONT VETERAN PARK'), 2)
(('COMPLETED', 'CYPRESS HILLS PLAYGROUND'), 2)
(('COMPLETED', 'HENRY HUDSON PARK'), 2)
(('COMPLETED', 'KELTCH PARK'), 2)
(('COMPLETED', 'BARRETTO POINT PARK'), 2)
(('COMPLETED', 'BRIZZI PLAYGROUND'), 2)
(('COMPLETED', 'CATHERINE SLIP MALLS'), 2)
(('COMPLETED', 'KOSCIUSZKO POOL'), 2)
(('COMPLETED', 'GALAPO PLAYGROUND'), 2)
(('ATTEMPTED', 'SUNSET PARK'), 2)
(('COMPLETED', 'QUEENS VILLAGE VETERANS PLAZA'), 2)
(('COMPLETED', 'UNNAMED PARK ON VAN WYCK EXPRESSWAY'), 2)
(('ATTEMPTED', 'GROVER CLEVELAND PLAYGROUND'), 2)
(('ATTEMPTED', 'BATTERY PARK'), 2)
(('COMPLETED', 'UNNAMED PARK ON E 177TH STREET'), 2)
(('COMPLETED', 'BAYVIEW PLAYGROUND'), 2)
(('COMPLETED', 'MAHONEY PLAYGROUND'), 2)
(('COMPLETED', 'WOODRUFF PLAYGROUND'), 2)
(('COMPLETED', 'RAVENSWOOD PLAYGROUND'), 2)
(('COMPLETED', 'GEORGE WALKER JR. PARK'), 2)
(('COMPLETED', 'BROOK PARK'), 2)
(('COMPLETED', 'HILLSIDE PARK QUEENS'), 2)
(('COMPLETED', 'DEVANNEY TRIANGLE'), 2)
(('COMPLETED', 'GREENPOINT PLAYGROUND'), 2)
(('COMPLETED', 'JUDGE MOSES WEINSTEIN PLAYGROUND'), 2)
(('COMPLETED', 'EMERALD PLAYGROUND'), 2)
(('COMPLETED', 'AUDUBON PLAYGROUND'), 2)
(('COMPLETED', 'POSEIDON PLAYGROUND'), 2)
(('COMPLETED', 'LOZADA PLAYGROUND'), 2)
(('COMPLETED', 'ST. LAWRENCE TRIANGLE'), 2)
(('ATTEMPTED', 'GRADY PLAYGROUND'), 2)
(('COMPLETED', 'BREUKELEN BALLFIELDS'), 2)
(('COMPLETED', 'GERTRUDE EDERLE RECREATION CENTER'), 2)
(('COMPLETED', 'STARR PLAYGROUND'), 2)
(('COMPLETED', 'DETECTIVE JOSEPH MAYROSE PARK'), 2)
(('COMPLETED', 'NICHOLAS NAQUAN HEYWARD JR. PARK'), 2)
(('COMPLETED', 'LINDOWER PARK'), 2)
(('COMPLETED', 'BROOKLYN HEIGHTS PROMENADE'), 2)
(('COMPLETED', 'RODNEY PARK SOUTH'), 2)
(('COMPLETED', 'HOWARD VON DOHLEN PLAYGROUND'), 2)
(('COMPLETED', 'PLIMPTON PLAYGROUND'), 2)
(('ATTEMPTED', 'MACOMBS DAM PARK'), 2)
(('COMPLETED', "MURPHY'S BROTHER'S PLAYGROUND"), 2)
(('ATTEMPTED', 'FOREST PARK'), 2)
(('COMPLETED', 'FREDERICK JOHNSON PLAYGROUND'), 2)
(('COMPLETED', 'GREEN CENTRAL KNOLL'), 2)
(('COMPLETED', 'EAST RIVER WALK'), 2)
(('COMPLETED', 'SOCRATES SCULPTURE PARK'), 2)
(('COMPLETED', 'MARTIN LUTHER PLAYGROUND'), 2)
(('COMPLETED', 'P.S. 155 PLAYGROUND'), 2)
(('COMPLETED', 'THE BACKYARD'), 2)
(('COMPLETED', 'ANIBAL AVILES PLAYGROUND'), 2)
(('ATTEMPTED', 'UNION SQUARE PARK'), 2)
(('COMPLETED', 'MCKINLEY SQUARE'), 2)
(('ATTEMPTED', 'TREMONT PARK'), 2)
(('COMPLETED', 'DE MATTI PLAYGROUND'), 2)
(('COMPLETED', 'UNNAMED PARK ON HICKS STREET'), 2)
(('COMPLETED', 'MOTHER CABRINI PARK'), 2)
(('COMPLETED', 'CORLEARS HOOK PARK'), 2)
(('ATTEMPTED', 'RUFUS KING PARK'), 2)
(('COMPLETED', 'ALBERT CAPSOUTO PARK'), 2)
(('COMPLETED', 'RIVERSIDE PARK SOUTH'), 2)
(('COMPLETED', 'RODNEY PLAYGROUND NORTH'), 2)
(('COMPLETED', 'DANTE PARK'), 2)
(('COMPLETED', 'UNNAMED PARK ON BEACH CHANNEL DRIVE & BEACH 89TH TO OLD BEACH 88TH STREET'), 2)
(('COMPLETED', 'HALLETS COVE PLAYGROUND'), 2)
(('COMPLETED', 'ABIGAIL PLAYGROUND'), 2)
(('COMPLETED', 'MORRIS GARDEN'), 2)
(('COMPLETED', 'DETECTIVE WILLIAM T. GUNN PARK'), 2)
(('COMPLETED', 'PLAYGROUND 103 CIII'), 2)
(('COMPLETED', 'SARATOGA SQUARE URBAN RENEWAL AREA, SITE 164'), 2)
(('ATTEMPTED', 'ALICE KORNEGAY TRIANGLE'), 2)
(('COMPLETED', 'AMPERE PLAYGROUND'), 2)
(('COMPLETED', 'MIDLAND PLAYGROUND'), 2)
(('COMPLETED', 'BELLAIRE PLAYGROUND'), 2)
(('COMPLETED', 'GARDEN BEAUTIFUL'), 2)
(('COMPLETED', 'W 87TH STREET GARDEN'), 2)
(('COMPLETED', 'SAMUEL N. BENNERSON 2ND PLAYGROUND'), 2)
(('COMPLETED', 'ADAM YAUCH PARK'), 2)
(('COMPLETED', 'WALTON PARK'), 2)
(('COMPLETED', 'OSBORN PLAYGROUND'), 2)
(('COMPLETED', 'HAVEMEYER PLAYGROUND'), 2)
(('COMPLETED', 'RODNEY PARK NORTH'), 2)
(('COMPLETED', 'MILL POND PARK'), 2)
(('COMPLETED', 'MARCONI PARK'), 2)
(('COMPLETED', 'STOCKTON PLAYGROUND'), 2)
(('COMPLETED', 'BILL BOJANGLES ROBINSON PLAYGROUND'), 2)
(('COMPLETED', 'BELMONT PLAYGROUND BROOKLYN'), 2)
(('COMPLETED', 'CRACK IS WACK PLAYGROUND'), 2)
(('ATTEMPTED', 'BROWER PARK'), 2)
(('ATTEMPTED', 'WILLIS PLAYGROUND'), 2)
(('COMPLETED', 'BENJAMIN GLADSTONE SQUARE'), 2)
(('COMPLETED', 'NEWTOWN PLAYGROUND'), 2)
(('COMPLETED', 'TEN EYCK PLAZA'), 2)
(('COMPLETED', 'BRADHURST URBAN RENEWAL PARK'), 2)
(('COMPLETED', 'UNNAMED PARK ON BELT PARKWAY'), 2)
(('COMPLETED', 'GARDEN PLAYGROUND'), 2)
(('COMPLETED', 'HARRY MAZE PLAYGROUND'), 2)
(('COMPLETED', 'VERDI SQUARE'), 2)
(('COMPLETED', 'POLICE OFFICER EDWARD BYRNE PARK'), 2)
(('ATTEMPTED', 'CROTONA PARK'), 2)
(('COMPLETED', 'MURRAY HILL PLAYGROUND'), 2)
(('COMPLETED', 'BLAKE HOBBS PLAYGROUND'), 2)
(('COMPLETED', 'A PHILIP RANDOLPH SQUARE'), 2)
(('COMPLETED', 'DE COLORES COMMUNITY YARD AND CULTURAL CENTER'), 2)
(('COMPLETED', 'THOMAS PAINE PARK'), 2)
(('COMPLETED', "VAN CORTLANDT'S TAIL"), 2)
(('COMPLETED', 'UNNAMED PARK ON 3RD AVENUE'), 2)
(('COMPLETED', 'DUNBAR PLAYGROUND'), 2)
(('COMPLETED', 'IRVING SQUARE PARK'), 2)
(('COMPLETED', 'ROCK GARDEN PARK'), 2)
(('COMPLETED', 'OGDEN PLIMPTON PLAYGROUND'), 2)
(('COMPLETED', 'BULOVA PARK'), 2)
(('COMPLETED', 'BRIARWOOD PLAYGROUND'), 2)
(('COMPLETED', 'SPERANDEO BROTHERS PLAYGROUND'), 2)
(('COMPLETED', 'CLARK PLAYGROUND'), 2)
(('COMPLETED', 'FLOYD PATTERSON BALLFIELDS'), 2)
(('COMPLETED', 'CLASSON PLAYGROUND AT CLASSON AVENUE & LAFAYETTE AVENUE'), 2)
(('COMPLETED', 'NORTHERLEIGH PARK'), 2)
(('COMPLETED', 'REV J POLITE PLAYGROUND'), 2)
(('COMPLETED', 'UNNAMED PARK ON 92ND STREET'), 2)
(('COMPLETED', 'CENTREVILLE PLAYGROUND'), 2)
(('COMPLETED', "D'AURIA-MURPHY TRIANGLE"), 2)
(('ATTEMPTED', 'KELLY PARK'), 2)
(('COMPLETED', 'MARTINEZ PLAYGROUND'), 2)
(('COMPLETED', 'PROSPECT PLAYGROUND'), 2)
(('COMPLETED', 'BREININGER PARK'), 2)
(('COMPLETED', 'CASERTA PLAYGROUND'), 2)
(('COMPLETED', 'PENA HERRERA PARK'), 2)
(('COMPLETED', 'PERETZ SQUARE'), 2)
(('COMPLETED', 'ALBEMARLE PLAYGROUND'), 2)
(('ATTEMPTED', 'BAISLEY POND PARK'), 2)
(('COMPLETED', 'WALD PLAYGROUND'), 2)
(('COMPLETED', 'GROVE HILL PLAYGROUND'), 2)
(('COMPLETED', 'PLAYGROUND THIRTY FIVE XXXV'), 2)
(('COMPLETED', 'PINK PLAYGROUND'), 2)
(('COMPLETED', 'SOUTH BEACH WETLANDS'), 2)
(('COMPLETED', 'UNNAMED PARK ON E 170TH STREET'), 2)
(('COMPLETED', 'UNNAMED PARK ON 4TH AVENUE'), 2)
(('COMPLETED', 'ROCKAWAY COMMUNITY PARK'), 2)
(('COMPLETED', 'OAKLAND GARDENS'), 2)
(('COMPLETED', 'BURNS PLAYGROUND'), 2)
(('COMPLETED', 'BLUE HERON PARK'), 2)
(('COMPLETED', 'BLEECKER PLAYGROUND'), 2)
(('COMPLETED', 'JACKIE ROBINSON COMMUNITY GARDEN'), 2)
(('COMPLETED', 'WILLOWBROOK PARK'), 2)
(('COMPLETED', 'BEACH 17 PLAYGROUND'), 2)
(('COMPLETED', 'STRAUS PARK'), 2)
(('COMPLETED', 'JESSE OWENS PLAYGROUND'), 2)
(('COMPLETED', 'UNNAMED PARK ON 43RD AVENUE'), 2)
(('COMPLETED', 'YELLOWSTONE PARK'), 2)
(('COMPLETED', 'ZION TRIANGLE'), 2)
(('COMPLETED', 'FRANK PRINCIPE PARK'), 2)
(('COMPLETED', 'BIG BUSH PARK'), 2)
(('COMPLETED', 'ROBERT MOSES PLAYGROUND'), 2)
(('COMPLETED', 'FORT TOTTEN PARK'), 2)
(('COMPLETED', 'UNNAMED PARK ON GRAND AVENUE'), 2)
(('ATTEMPTED', 'GUN HILL PLAYGROUND'), 1)
(('COMPLETED', 'GRADY PLAYGROUND'), 1)
(('COMPLETED', 'PLAUT TRIANGLE'), 1)
(('COMPLETED', 'RODNEY PLAYGROUND SOUTH'), 1)
(('COMPLETED', 'MCDONALD PLAYGROUND STATEN ISLAND'), 1)
(('COMPLETED', 'JAIME CAMPIZ PLAYGROUND'), 1)
(('COMPLETED', 'BAILEY PLAYGROUND'), 1)
(('COMPLETED', 'EASTCHESTER PLAYGROUND'), 1)
(('COMPLETED', 'LITTLE FLOWER PLAYGROUND'), 1)
(('ATTEMPTED', 'QUARRY BALLFIELDS'), 1)
(('COMPLETED', 'TWENTY-FOUR SYCAMORES PARK'), 1)
(('COMPLETED', 'MAE GRANT PLAYGROUND'), 1)
(('COMPLETED', 'CORONA MAC PARK'), 1)
(('COMPLETED', 'BROAD CHANNEL AMERICAN PARK'), 1)
(('ATTEMPTED', 'CANARSIE PARK'), 1)
(('COMPLETED', 'GALILEO PLAYGROUND'), 1)
(('COMPLETED', 'MARINERS HARBOR PLAYGROUND'), 1)
(('COMPLETED', 'RODNEY PARK CENTER'), 1)
(('COMPLETED', 'DR. GREEN PLAYGROUND'), 1)
(('ATTEMPTED', 'ETHAN ALLEN PLAYGROUND'), 1)
(('ATTEMPTED', 'CPL. THOMPSON PARK'), 1)
(('ATTEMPTED', "MARC AND JASON'S PLAYGROUND"), 1)
(('COMPLETED', 'SCHIFF MALL'), 1)
(('COMPLETED', 'SOUTH OXFORD PARK'), 1)
(('COMPLETED', 'REMSEN PLAYGROUND'), 1)
(('COMPLETED', 'FERMI PLAYGROUND'), 1)
(('COMPLETED', 'VESUVIO PLAYGROUND'), 1)
(('COMPLETED', 'SHERRY DOG RUN'), 1)
(('COMPLETED', 'VAN DYKE PLAYGROUND'), 1)
(('COMPLETED', 'COURTLANDT AVENUE ASSOCIATION GARDEN'), 1)
(('COMPLETED', 'HACKETT PARK'), 1)
(('COMPLETED', 'DRY DOCK PLAYGROUND'), 1)
(('COMPLETED', 'SOPHIE IRENE LOEB'), 1)
(('COMPLETED', "O'SULLIVAN PLAZA"), 1)
(('COMPLETED', 'COBBLE HILL PARK'), 1)
(('COMPLETED', 'ISHAM PARK'), 1)
(('COMPLETED', 'COLLECT POND PARK'), 1)
(('COMPLETED', 'RAPPAPORT PLAYGROUND'), 1)
(('COMPLETED', 'NEWTOWN BARGE PLAYGROUND'), 1)
(('COMPLETED', 'MACRI TRIANGLE'), 1)
(('ATTEMPTED', 'JACKIE ROBINSON PARK MANHATTAN'), 1)
(('COMPLETED', '5TH ST SLOPE GARDEN'), 1)
(('COMPLETED', 'CENTURY PLAYGROUND'), 1)
(('ATTEMPTED', 'JUNCTION PLAYGROUND'), 1)
(('COMPLETED', 'KENNEDY PLAYGROUND'), 1)
(('ATTEMPTED', 'WASHINGTON MARKET PARK'), 1)
(('COMPLETED', "ST. GREGORY'S PLAYGROUND"), 1)
(('COMPLETED', 'OWEN F. DOLEN PARK'), 1)
(('COMPLETED', 'GRAND PLAYGROUND'), 1)
(('COMPLETED', 'PLAYGROUND 174'), 1)
(('COMPLETED', 'ALLEY ATHLETIC PLAYGROUND'), 1)
(('ATTEMPTED', 'KISSENA PARK'), 1)
(('COMPLETED', 'TAYLOR PLAYGROUND'), 1)
(('COMPLETED', 'HANCOCK T AND T'), 1)
(('COMPLETED', 'THE CYCLONE'), 1)
(('COMPLETED', 'WILLIAM SHERIDAN PLAYGROUND'), 1)
(('ATTEMPTED', 'ROCKAWAY BEACH AND BOARDWALK'), 1)
(('COMPLETED', 'ROBERTO CLEMENTE BALLFIELD'), 1)
(('ATTEMPTED', 'TOAD HALL PLAYGROUND'), 1)
(('ATTEMPTED', "FRANK D. O'CONNOR PLAYGROUND"), 1)
(('ATTEMPTED', 'EAST RIVER PARK'), 1)
(('COMPLETED', 'LADY MOODY TRIANGLE'), 1)
(('COMPLETED', 'PETERS FIELD'), 1)
(('COMPLETED', 'WRIGHT BROTHERS PLAYGROUND'), 1)
(('COMPLETED', 'DODGER PLAYGROUND'), 1)
(('ATTEMPTED', "RANDALL'S ISLAND PARK"), 1)
(('COMPLETED', 'GLENWOOD PLAYGROUND'), 1)
(('COMPLETED', "D'EMIC PLAYGROUND"), 1)
(('COMPLETED', 'EL BATEY BORINCANO GARDEN'), 1)
(('COMPLETED', 'SUNSHINE PLAYGROUND'), 1)
(('ATTEMPTED', 'BARRETTO POINT PARK'), 1)
(('COMPLETED', 'ETHAN ALLEN PLAYGROUND'), 1)
(('COMPLETED', 'UNNAMED PARK ON 51ST ROAD'), 1)
(('COMPLETED', "MODEL T SENIOR CITIZEN'S GARDEN"), 1)
(('ATTEMPTED', 'MSGR. MCGOLRICK PARK'), 1)
(('COMPLETED', 'HERMAN DOLGON PLAYGROUND'), 1)
(('COMPLETED', 'PETER DETMOLD PARK'), 1)
(('COMPLETED', 'KOREAN WAR VETERANS PLAZA'), 1)
(('ATTEMPTED', 'POE PARK'), 1)
(('COMPLETED', 'FEATHERBED TRIANGLE'), 1)
(('COMPLETED', 'STRIPPOLI SQUARE'), 1)
(('COMPLETED', 'HART PLAYGROUND ON 147 ST'), 1)
(('COMPLETED', 'THE OLDE TOWNE OF FLUSHING BURIAL GROUND'), 1)
(('ATTEMPTED', 'STARS & STRIPES PLAYGROUND'), 1)
(('COMPLETED', 'ALBERT J. PARHAM PLAYGROUND'), 1)
(('COMPLETED', 'FORT HAMILTON TRIANGLE'), 1)
(('COMPLETED', 'UNNAMED PARK ON NELSON AVENUE'), 1)
(('COMPLETED', 'GARDEN AT MOORSE STREET'), 1)
(('COMPLETED', 'COURTNEY CALLENDER PLAYGROUND'), 1)
(('COMPLETED', 'DAG HAMMARSKJOLD PLAZA'), 1)
(('ATTEMPTED', 'HIGHBRIDGE PARK MANHATTAN SIDE'), 1)
(('ATTEMPTED', 'MAGENTA PLAYGROUND'), 1)
(('COMPLETED', 'CORPORAL WILTSHIRE SQUARE'), 1)
(('COMPLETED', 'METRO TRIANGLE'), 1)
(('COMPLETED', 'LEWIS PLAYGROUND'), 1)
(('COMPLETED', 'FORDHAM LANDING PLAYGROUND'), 1)
(('COMPLETED', 'BRYANT TRIANGLE'), 1)
(('COMPLETED', 'PFC NORTON PLAYGROUND'), 1)
(('COMPLETED', 'SEDGWICK PLAYGROUND'), 1)
(('COMPLETED', 'BOSTON GARDEN'), 1)
(('COMPLETED', 'REDFERN PLAYGROUND'), 1)
(('ATTEMPTED', 'EAST RIVER ESPLANADE E 90TH ST TO E 125TH ST'), 1)
(('COMPLETED', 'ALICE AUSTEN PARK'), 1)
(('COMPLETED', 'REAL GOOD PARK'), 1)
(('COMPLETED', 'RORY STAUNTON FIELD'), 1)
(('COMPLETED', 'OLD TOWN PLAYGROUND'), 1)
(('COMPLETED', 'GEORGIA AVE GARDEN'), 1)
(('COMPLETED', 'HARDING PARK'), 1)
(('COMPLETED', 'JOHN ALLEN PAYNE PARK'), 1)
(('ATTEMPTED', 'IRVING SQUARE PARK'), 1)
(('COMPLETED', 'MARCY GREEN SOUTH'), 1)
(('ATTEMPTED', 'GRAND ARMY PLAZA BROOKLYN'), 1)
(('COMPLETED', 'HOLLIS PLAYGROUND'), 1)
(('COMPLETED', 'NEIGHBORS OF VEGA BAJA'), 1)
(('COMPLETED', 'SPUYTEN DUYVIL PLAYGROUND'), 1)
(('COMPLETED', 'VON BRIESEN PARK'), 1)
(('COMPLETED', 'HILTON WHITE PLAYGROUND'), 1)
(('ATTEMPTED', 'CAPTAIN JACOB JOSEPH PLAYGROUND'), 1)
(('COMPLETED', 'NORTH ROCHDALE PLAYGROUND'), 1)
(('COMPLETED', 'LOST BATTALION HALL RECREATION CENTER'), 1)
(('COMPLETED', 'RANDALL PLAYGROUND'), 1)
(('COMPLETED', 'TEPPER TRIANGLE'), 1)
(('COMPLETED', 'LINWOOD PLAYGROUND'), 1)
(('COMPLETED', 'SITTING AREA AT HOYT AVENUE'), 1)
(('ATTEMPTED', "ST. CATHERINE'S PARK"), 1)
(('COMPLETED', 'UNNAMED PARK ON BRUCKNER EXPRESSWAY & ZEREGA AVENUE'), 1)
(('ATTEMPTED', 'SPERANDEO BROTHERS PLAYGROUND'), 1)
(('ATTEMPTED', 'BROOKVILLE PARK'), 1)
(('ATTEMPTED', 'HOFFMAN PARK'), 1)
(('COMPLETED', 'BARRIER PLAYGROUND'), 1)
(('COMPLETED', 'RALPH DEMARCO PARK'), 1)
(('COMPLETED', 'CITY ISLAND WETLANDS'), 1)
(('COMPLETED', 'YAK PLAYGROUND'), 1)
(('COMPLETED', 'P.S. 149 ARTSY BLOOM COMMUNITY GARDEN'), 1)
(('COMPLETED', 'SUMPTER COMMUNITY GARDEN'), 1)
(('COMPLETED', 'HARVEY PARK'), 1)
(('COMPLETED', 'PECK SLIP'), 1)
(('COMPLETED', 'CORONA PLAZA'), 1)
(('COMPLETED', 'HAROLD SCHNEIDERMAN PLAYGROUND'), 1)
(('COMPLETED', 'REV LENA IRONS UNITY PARK'), 1)
(('COMPLETED', 'THURSBY BASIN PARK'), 1)
(('COMPLETED', "EAST FLATBUSH CHILDREN'S PARK"), 1)
(('COMPLETED', 'FATHER DEMO SQUARE'), 1)
(('ATTEMPTED', 'MARION HOPKINSON PLAYGROUND'), 1)
(('COMPLETED', 'WILSON PLAYGROUND'), 1)
(('ATTEMPTED', 'HERBERT VON KING PARK'), 1)
(('COMPLETED', 'PRALL PLAYGROUND'), 1)
(('COMPLETED', 'BEACH 30TH STREET PLAYGROUND'), 1)
(('COMPLETED', 'CHALLENGE PLAYGROUND'), 1)
(('COMPLETED', 'CONTINENTAL ARMY PLAZA'), 1)
(('COMPLETED', 'MACLAUGHLIN PLAYGROUND'), 1)
(('COMPLETED', 'FRANCIS LEWIS PARK'), 1)
(('COMPLETED', 'BEANSTALK PLAYGROUND'), 1)
(('COMPLETED', 'STEBBINS PLAYGROUND'), 1)
(('ATTEMPTED', 'FOX PLAYGROUND BROOKLYN'), 1)
(('ATTEMPTED', 'COLDEN PLAYGROUND'), 1)
(('COMPLETED', 'HICKMAN PLAYGROUND'), 1)
(('ATTEMPTED', 'BELT PARKWAY/SHORE PARKWAY'), 1)
(('COMPLETED', 'CHERRY CLINTON PLAYGROUND'), 1)
(('COMPLETED', 'SUNRISE PLAYGROUND'), 1)
(('ATTEMPTED', 'UNNAMED PARK ON RIVERSIDE DRIVE'), 1)
(('COMPLETED', 'BERGEN TRIANGLE'), 1)
(('COMPLETED', 'COLGATE CLOSE'), 1)
(('COMPLETED', 'DAVIDSON PLAYGROUND'), 1)
(('COMPLETED', 'CASTLE HILL PLAYGROUND'), 1)
(('COMPLETED', 'ANDREWS GROVE'), 1)
(('ATTEMPTED', 'SETON FALLS PARK'), 1)
(('ATTEMPTED', 'MCLAUGHLIN PARK'), 1)
(('COMPLETED', 'BANNEKER PLAYGROUND'), 1)
(('COMPLETED', 'WASHINGTON PARK BRONX'), 1)
(('COMPLETED', 'PRATT PLAYGROUND'), 1)
(('COMPLETED', 'UNNAMED PARK ON E 102ND STREET'), 1)
(('COMPLETED', 'UNNAMED PARK ON E 175TH STREET'), 1)
(('COMPLETED', 'JACKSON SQUARE'), 1)
(('COMPLETED', 'RECREATION CENTER 54'), 1)
(('COMPLETED', 'DUKE PARK'), 1)
(('COMPLETED', 'JAMAICA BAY PARK'), 1)
(('ATTEMPTED', 'UNNAMED PARK ON PROSPECT AVENUE'), 1)
(('COMPLETED', 'STEUBEN PLAYGROUND'), 1)
(('COMPLETED', 'COLDEN PLAYGROUND'), 1)
(('COMPLETED', 'CHIARANTANO PLAYGROUND'), 1)
(('ATTEMPTED', 'FRIENDS FIELD'), 1)
(('COMPLETED', 'AMERICAN VETERANS MEMORIAL PIER'), 1)
(('COMPLETED', 'NELSON PLAYGROUND'), 1)
(('COMPLETED', 'DYCKMAN HOUSE MUSEUM'), 1)
(('COMPLETED', 'LYONS POOL'), 1)
(('COMPLETED', '"UNCLE" VITO E. MARANZANO GLENDALE PLAYGROUND'), 1)
(('COMPLETED', 'STEEPLECHASE PARK'), 1)
(('ATTEMPTED', 'SARA D. ROOSEVELT PARK'), 1)
(('COMPLETED', 'DECATUR PLAYGROUND'), 1)
(('COMPLETED', 'PLEASANT VILLAGE COMMUNITY GARDEN'), 1)
(('COMPLETED', 'UNNAMED PARK ON WILLMOHR STREET'), 1)
(('COMPLETED', 'JULIO CARBALLO FIELDS'), 1)
(('COMPLETED', 'SHERIDAN SQUARE VIEWING GARDEN'), 1)
(('COMPLETED', 'TAAFFE PLAYGROUND'), 1)
(('COMPLETED', 'LEMON CREEK PARK'), 1)
(('ATTEMPTED', 'JACKIE ROBINSON PARK BROOKLYN'), 1)
(('COMPLETED', 'WAKEFIELD PLAYGROUND'), 1)
(('COMPLETED', 'CLINTON COMMUNITY GARDEN'), 1)
(('COMPLETED', 'UNNAMED PARK ON THE SOUTHSIDE OF E 175TH STREET'), 1)
(('COMPLETED', 'AMERICAN TRIANGLE'), 1)
(('COMPLETED', 'MANOR PARK'), 1)
(('COMPLETED', 'DONGAN PLAYGROUND'), 1)
(('COMPLETED', 'HUNTS POINT RIVERSIDE PARK'), 1)
(('COMPLETED', 'CLINTONVILLE PLAYGROUND'), 1)
(('ATTEMPTED', 'FERRY POINT PARK'), 1)
(('ATTEMPTED', 'STARLIGHT PARK'), 1)
(('COMPLETED', 'LATOURETTE PARK & GOLF COURSE'), 1)
(('ATTEMPTED', 'SUMNER PLAYGROUND'), 1)
(('ATTEMPTED', 'CALLAHAN-KELLY PLAYGROUND'), 1)
(('COMPLETED', 'ST. NICHOLAS MIRACLE GARDEN'), 1)
(('COMPLETED', 'WAGNER HOUSES POOL'), 1)
(('COMPLETED', 'SEABURY PARK'), 1)
(('COMPLETED', 'PLAYGROUND TWENTY ONE'), 1)
(('COMPLETED', 'SPIRIT PLAYGROUND'), 1)
(('COMPLETED', 'BENNINGER PLAYGROUND'), 1)
(('COMPLETED', 'WILLETS POINT PLAYGROUND'), 1)
(('COMPLETED', 'UNNAMED PARK ON JAY STREET'), 1)
(('COMPLETED', 'UNNAMED PARK ON BAILEY AVENUE'), 1)
(('COMPLETED', 'EAST NEW YORK FARMS GARDEN'), 1)
(('COMPLETED', 'DWYER SQUARE'), 1)
(('COMPLETED', 'EACH ONE TEACH ONE'), 1)
(('COMPLETED', 'BRUST PARK'), 1)
(('COMPLETED', 'HANSBOROUGH RECREATION CENTER'), 1)
(('ATTEMPTED', 'WEST PLAYGROUND'), 1)
(('ATTEMPTED', 'BRYANT PARK'), 1)
(('COMPLETED', 'LINCOLN CENTER PLAZA'), 1)
(('COMPLETED', 'LA GUARDIA PLAYGROUND'), 1)
(('ATTEMPTED', 'HOUSTON PLAYGROUND'), 1)
(('COMPLETED', 'GRAND FERRY PARK'), 1)
(('ATTEMPTED', 'COFFEY PARK'), 1)
(('COMPLETED', 'LEVY PLAYGROUND'), 1)
(('COMPLETED', 'UNIVERSITY WOODS'), 1)
(('ATTEMPTED', "UDALL'S PARK PRESERVE"), 1)
(('ATTEMPTED', 'ASTORIA PARK'), 1)
(('COMPLETED', 'TUDOR PARK'), 1)
(('COMPLETED', 'DR. RONALD MCNAIR PARK'), 1)
(('COMPLETED', 'LA PLAZA CULTURAL'), 1)
(('COMPLETED', 'HOWARD POOL'), 1)
(('ATTEMPTED', 'GORMAN PARK'), 1)
(('COMPLETED', 'AGNES HAYWOOD PLAYGROUND'), 1)
(('COMPLETED', 'BERGEN BEACH PLAYGROUND'), 1)
(('COMPLETED', 'SKYLINE PLAYGROUND'), 1)
(('COMPLETED', 'DR. CHARLES R. DREW PARK'), 1)
(('COMPLETED', "SEAN'S PLACE"), 1)
(('ATTEMPTED', 'BUSHWICK INLET PARK'), 1)
(('COMPLETED', 'BRYAN PARK'), 1)
(('COMPLETED', 'ABE STARK SKATING RINK'), 1)
(('COMPLETED', 'RUSSELL SAGE PLAYGROUND'), 1)
(('ATTEMPTED', 'JOYCE KILMER PARK'), 1)
(('COMPLETED', 'MILLBROOK PLAYGROUND'), 1)
(('ATTEMPTED', 'BROOKLYN BRIDGE PARK'), 1)
(('COMPLETED', 'LOUIS PASTEUR PARK'), 1)
(('COMPLETED', 'SOBEL COURT PARK'), 1)
(('COMPLETED', 'ROCKAWAY FREEWAY'), 1)
(('COMPLETED', 'DONNELLAN SQUARE'), 1)
(('COMPLETED', 'MINETTA TRIANGLE'), 1)
(('COMPLETED', 'FORT INDEPENDENCE PLAYGROUND'), 1)
(('ATTEMPTED', 'QUEENSBRIDGE PARK'), 1)
(('COMPLETED', 'FLUSHING FIELDS'), 1)
(('ATTEMPTED', 'ALLERTON PLAYGROUND'), 1)
(('ATTEMPTED', 'WINGATE PARK'), 1)
(('ATTEMPTED', 'P.O. REINALDO SALGADO PLAYGROUND'), 1)
(('COMPLETED', 'PELHAM BAY LITTLE LEAGUE'), 1)
(('COMPLETED', 'BOWLING GREEN'), 1)
(('COMPLETED', 'BUSHWICK PLAYGROUND ON FLUSHING AVENUE'), 1)
(('COMPLETED', 'COLLEGE POINT FIELDS'), 1)
(('COMPLETED', 'ARROCHAR PLAYGROUND'), 1)
(('COMPLETED', 'AHEARN PARK'), 1)
(('COMPLETED', 'MARKHAM PLAYGROUND'), 1)
(('COMPLETED', 'ALBEN TRIANGLE'), 1)
(('COMPLETED', 'THOMAS BOYLAND PARK'), 1)
(('COMPLETED', 'EIGHT OAKS TRIANGLE'), 1)
(('COMPLETED', 'RAOUL WALLENBERG FOREST'), 1)
(('COMPLETED', 'WHITESTONE PLAYGROUND'), 1)
(('COMPLETED', 'BARRETTO PARK'), 1)
(('ATTEMPTED', 'COLONEL DAVID MARCUS PLAYGROUND'), 1)
(('COMPLETED', 'SUTTON PARKS'), 1)
(('COMPLETED', 'EL SHABAZZ PLAYGROUND'), 1)
(('ATTEMPTED', 'JESSE OWENS PLAYGROUND'), 1)
(('COMPLETED', 'MCKINLEY PLAYGROUND'), 1)
(('COMPLETED', 'NEWPORT PLAYGROUND'), 1)
(('COMPLETED', 'THROGS NECK PARK'), 1)
(('COMPLETED', 'FRANK GOLDEN PARK'), 1)
(('COMPLETED', 'ALEXANDER HAMILTON PLAYGROUND'), 1)
(('COMPLETED', 'ABINGDON SQUARE'), 1)
(('ATTEMPTED', 'FORT GREENE PARK'), 1)
(('COMPLETED', 'PLAYGROUND ONE THIRTY FOUR CXXXIV'), 1)
(('ATTEMPTED', 'ATHENS SQUARE'), 1)
(('ATTEMPTED', 'CHELSEA PARK'), 1)
(('ATTEMPTED', 'FORT WASHINGTON PARK'), 1)
(('ATTEMPTED', 'WATSON GLEASON PLAYGROUND'), 1)
(('COMPLETED', 'PAUL RAIMONDA PLAYGROUND'), 1)
(('COMPLETED', 'ARVERNE PLAYGROUND'), 1)
(('COMPLETED', 'BARTEL-PRITCHARD SQUARE'), 1)
(('COMPLETED', 'VAN NEST PARK'), 1)
(('COMPLETED', 'NEW DORP PARK'), 1)
(('ATTEMPTED', 'HART PLAYGROUND ON BROADWAY'), 1)
(('ATTEMPTED', 'WEEKSVILLE PLAYGROUND'), 1)
(('COMPLETED', 'UNNAMED PARK ON E 164TH STREET'), 1)
(('COMPLETED', 'LOTT PARK'), 1)
(('ATTEMPTED', 'GRAVESEND PARK'), 1)
(('COMPLETED', 'ANNUNCIATION PARK'), 1)
(('ATTEMPTED', 'LINDEN PARK'), 1)
(('COMPLETED', 'TOTTENVILLE POOL'), 1)
(('COMPLETED', 'BATH PLAYGROUND'), 1)
(('COMPLETED', 'NEPONSIT MALL'), 1)
(('COMPLETED', 'CUYLER GORE PARK'), 1)
(('COMPLETED', 'WAVE HILL'), 1)
(('COMPLETED', 'SIREN SLOPE'), 1)
(('COMPLETED', 'SEASIDE WILDLIFE NATURE PARK'), 1)
(('COMPLETED', 'SAW MILL PLAYGROUND'), 1)
(('COMPLETED', 'VETERNS CIRCLE'), 1)
(('COMPLETED', 'LAURELTON PLAYGROUND'), 1)
(('COMPLETED', 'PLANEVIEW PARK'), 1)
(('COMPLETED', 'FORDHAM BEDFORD LOT BUSTERS'), 1)
(('COMPLETED', 'FRESH MEADOWS PLAYGROUND'), 1)
(('COMPLETED', 'CONEY ISLAND BOAT BASIN'), 1)
(('COMPLETED', 'UNNAMED PARK ON CROSS BRONX EXPRESSWAY & ARTHUR AVENUE TO BELMONT AVENUE'), 1)
(('COMPLETED', 'VETERANS TRIANGLE'), 1)
(('COMPLETED', 'COOPER TRIANGLE'), 1)
(('COMPLETED', 'VAN ALST PLAYGROUND'), 1)
(('COMPLETED', 'JEROME SLOPE'), 1)
(('COMPLETED', 'CASTLE HILL LITTLE LEAGUE FIELD'), 1)
(('COMPLETED', 'AUGUSTUS ST. GAUDENS PLAYGROUND'), 1)
(('COMPLETED', 'ANCHORAGE PLAZA'), 1)
(('ATTEMPTED', 'HARLEM RIVER PARK'), 1)
(('COMPLETED', 'UNNAMED PARK ON CROSS BRONX EXPRESSWAY & FEATHERBED LANE'), 1)
(('ATTEMPTED', 'PENN SOUTH PLAYGROUND'), 1)
(('ATTEMPTED', 'PELHAM PARKWAY'), 1)
(('COMPLETED', 'LEFFERTS PLAYGROUND'), 1)
(('COMPLETED', 'SLOPE PARK'), 1)
(('COMPLETED', 'UNNAMED PARK ON 82ND STREET'), 1)
(('COMPLETED', 'LATIMER PLAYGROUND'), 1)
(('COMPLETED', 'ROCHDALE PARK'), 1)
(('COMPLETED', 'ANDRIES PLAYGROUND'), 1)
(('COMPLETED', 'ROLF HENRY PLAYGROUND'), 1)
(('ATTEMPTED', 'CURTIS PLAYGROUND'), 1)
(('ATTEMPTED', 'KOLBERT PLAYGROUND'), 1)
(('ATTEMPTED', 'GRANT PARK'), 1)
(('COMPLETED', 'MORRIS MESA'), 1)
(('COMPLETED', 'P.S. 125 PLAYGROUND'), 1)
(('COMPLETED', 'VETERANS PARK QUEENS'), 1)
(('COMPLETED', 'DUANE PARK'), 1)
(('COMPLETED', 'LEWIS H LATIMER HOUSE'), 1)
(('COMPLETED', 'SOUTH ROCHDALE PLAYGROUND'), 1)
(('COMPLETED', 'NAUTILUS PLAYGROUND QUEENS'), 1)
(('COMPLETED', 'UNIVERSITY MALLS'), 1)
(('COMPLETED', 'UNNAMED PARK ON GOWANUS EXPRESSWAY 63RD STREET TO 86TH STREET'), 1)
(('COMPLETED', 'OCEAN PARKWAY MALLS'), 1)
(('COMPLETED', 'P.S. 279 PLAYGROUND'), 1)
(('COMPLETED', 'GONZALO PLASENCIA PLAYGROUND'), 1)
(('COMPLETED', 'RUDD PLAYGROUND'), 1)
(('COMPLETED', 'DOWNING STREET PLAYGROUND'), 1)
