(('N.Y. POLICE DEPT', ''), 3452956)
(('N.Y. HOUSING POLICE', ''), 100267)
(('N.Y. TRANSIT POLICE', ''), 75910)
(('PORT AUTHORITY', ''), 19730)
(('OTHER', ''), 7702)
(('POLICE DEPT NYC', ''), 6375)
(('TRI-BORO BRDG TUNNL', ''), 3850)
(('DEPT OF CORRECTIONS', ''), 3742)
(('N.Y. HOUSING POLICE', 'CASTLE HILL'), 3573)
(('N.Y. HOUSING POLICE', 'VAN DYKE I'), 3554)
(('N.Y. HOUSING POLICE', 'MARCY'), 3191)
(('N.Y. HOUSING POLICE', 'LINDEN'), 2980)
(('N.Y. HOUSING POLICE', 'PINK'), 2833)
(('N.Y. HOUSING POLICE', 'BROWNSVILLE'), 2808)
(('N.Y. HOUSING POLICE', 'FARRAGUT'), 2650)
(('N.Y. HOUSING POLICE', 'DOUGLASS'), 2620)
(('N.Y. HOUSING POLICE', 'LINCOLN'), 2605)
(('N.Y. HOUSING POLICE', 'RED HOOK WEST'), 2589)
(('N.Y. HOUSING POLICE', 'GRANT'), 2518)
(('N.Y. HOUSING POLICE', 'TILDEN'), 2392)
(('N.Y. HOUSING POLICE', 'BUTLER'), 2380)
(('N.Y. HOUSING POLICE', 'INGERSOLL'), 2337)
(('HEALTH & HOSP CORP', ''), 2336)
(('N.Y. HOUSING POLICE', 'CYPRESS HILLS'), 2332)
(('N.Y. HOUSING POLICE', 'BUSHWICK'), 2304)
(('N.Y. HOUSING POLICE', 'WHITMAN'), 2295)
(('N.Y. HOUSING POLICE', 'POMONOK'), 2263)
(('N.Y. HOUSING POLICE', 'TOMPKINS'), 2252)
(('N.Y. HOUSING POLICE', 'BARUCH'), 2250)
(('N.Y. HOUSING POLICE', 'BOULEVARD'), 2198)
(('N.Y. HOUSING POLICE', 'BRONXDALE'), 2160)
(('N.Y. HOUSING POLICE', 'SOUNDVIEW'), 2057)
(('N.Y. HOUSING POLICE', 'THROGGS NECK'), 2002)
(('N.Y. HOUSING POLICE', 'WILLIAMSBURG'), 1988)
(('N.Y. HOUSING POLICE', 'SMITH'), 1910)
(('N.Y. HOUSING POLICE', 'RED HOOK EAST'), 1903)
(('N.Y. HOUSING POLICE', 'SHEEPSHEAD BAY'), 1858)
(('N.Y. HOUSING POLICE', 'MANHATTANVILLE'), 1853)
(('N.Y. HOUSING POLICE', 'GOWANUS'), 1832)
(('N.Y. HOUSING POLICE', 'SUMNER'), 1749)
(('N.Y. HOUSING POLICE', 'NOSTRAND'), 1729)
(('N.Y. HOUSING POLICE', 'JOHNSON'), 1710)
(('N.Y. HOUSING POLICE', 'STAPLETON'), 1686)
(('N.Y. HOUSING POLICE', 'MONROE'), 1628)
(('N.Y. HOUSING POLICE', 'BAY VIEW'), 1520)
(('N.Y. HOUSING POLICE', 'LA GUARDIA'), 1470)
(('N.Y. HOUSING POLICE', 'PELHAM PARKWAY'), 1463)
(('N.Y. HOUSING POLICE', 'ALBANY'), 1447)
(('N.Y. HOUSING POLICE', 'MITCHEL'), 1432)
(('N.Y. HOUSING POLICE', 'BREVOORT'), 1430)
(('N.Y. HOUSING POLICE', 'WALD'), 1399)
(('N.Y. HOUSING POLICE', 'LOW HOUSES'), 1360)
(('N.Y. HOUSING POLICE', 'WEST BRIGHTON I'), 1349)
(('N.Y. HOUSING POLICE', 'HUGHES APARTMENTS'), 1327)
(('N.Y. HOUSING POLICE', 'RANGEL'), 1325)
(('N.Y. HOUSING POLICE', 'HOWARD'), 1318)
(('N.Y. HOUSING POLICE', 'COOPER PARK'), 1299)
(('N.Y. HOUSING POLICE', 'MARBLE HILL'), 1282)
(('N.Y. HOUSING POLICE', 'GLENWOOD'), 1229)
(('N.Y. HOUSING POLICE', 'EASTCHESTER GARDENS'), 1221)
(('N.Y. HOUSING POLICE', "SAINT MARY'S PARK"), 1220)
(('N.Y. HOUSING POLICE', 'ASTORIA'), 1219)
(('N.Y. HOUSING POLICE', 'BRONX RIVER'), 1203)
(('N.Y. HOUSING POLICE', 'CLINTON'), 1193)
(('N.Y. HOUSING POLICE', 'HAMMEL'), 1189)
(('N.Y. HOUSING POLICE', "MARINER'S HARBOR"), 1178)
(('N.Y. HOUSING POLICE', 'VLADECK'), 1177)
(('N.Y. HOUSING POLICE', 'RICHMOND TERRACE'), 1173)
(('N.Y. HOUSING POLICE', 'BAYSIDE-OCEAN BAY APTS'), 1155)
(('N.Y. HOUSING POLICE', 'TAFT'), 1150)
(('N.Y. HOUSING POLICE', 'BORINQUEN PLAZA I'), 1145)
(('N.Y. HOUSING POLICE', 'LAFAYETTE'), 1141)
(('N.Y. HOUSING POLICE', 'MORRIS I'), 1110)
(('N.Y. HOUSING POLICE', 'REDFERN'), 1087)
(('N.Y. HOUSING POLICE', 'ADAMS'), 1066)
(('N.Y. HOUSING POLICE', 'MARLBORO'), 1065)
(('N.Y. HOUSING POLICE', 'PARKSIDE'), 1047)
(('N.Y. STATE POLICE', ''), 1023)
(('N.Y. HOUSING POLICE', 'ARMSTRONG I'), 1015)
(('N.Y. HOUSING POLICE', 'UNITY PLAZA (SITES 4-27)'), 1004)
(('N.Y. HOUSING POLICE', 'BORINQUEN PLAZA II'), 990)
(('N.Y. HOUSING POLICE', 'WAGNER'), 966)
(('N.Y. HOUSING POLICE', 'RIIS'), 895)
(('N.Y. HOUSING POLICE', 'MORRIS II'), 883)
(('N.Y. HOUSING POLICE', 'PATTERSON'), 858)
(('N.Y. HOUSING POLICE', 'GOMPERS'), 855)
(('N.Y. HOUSING POLICE', 'AMSTERDAM'), 826)
(('N.Y. HOUSING POLICE', 'JACKSON'), 813)
(('N.Y. HOUSING POLICE', 'ARMSTRONG II'), 810)
(('N.Y. HOUSING POLICE', 'RUTGERS'), 791)
(('N.Y. HOUSING POLICE', 'ALBANY II'), 759)
(('N.Y. HOUSING POLICE', 'PENNSYLVANIA AVENUE-WORTMAN AVENUE'), 755)
(('N.Y. HOUSING POLICE', 'BOSTON SECOR'), 732)
(('N.Y. HOUSING POLICE', 'GARVEY (GROUP A)'), 731)
(('N.Y. HOUSING POLICE', 'STUYVESANT GARDENS I'), 714)
(('N.Y. HOUSING POLICE', 'WEBSTER'), 704)
(('N.Y. HOUSING POLICE', 'SOUTH BEACH'), 695)
(('N.Y. HOUSING POLICE', 'WOODSIDE'), 694)
(('N.Y. HOUSING POLICE', 'SEWARD PARK EXTENSION'), 691)
(('N.Y. HOUSING POLICE', 'WEEKSVILLE GARDENS'), 676)
(('N.Y. HOUSING POLICE', 'CONEY ISLAND I (SITE 1B)'), 667)
(('N.Y. HOUSING POLICE', 'HIGHBRIDGE GARDENS'), 660)
(('N.Y. HOUSING POLICE', 'INDEPENDENCE'), 655)
(('N.Y. HOUSING POLICE', 'LONG ISLAND BAPTIST HOUSES'), 655)
(('N.Y. HOUSING POLICE', 'FORT INDEPENDENCE STREET-HEATH AVENUE'), 642)
(('N.Y. HOUSING POLICE', 'WYCKOFF GARDENS'), 639)
(('N.Y. HOUSING POLICE', 'QUEENSBRIDGE SOUTH'), 637)
(('N.Y. HOUSING POLICE', 'MILL BROOK'), 636)
(('N.Y. HOUSING POLICE', 'FOREST'), 624)
(('N.Y. HOUSING POLICE', 'KING TOWERS'), 616)
(('N.Y. HOUSING POLICE', 'QUEENSBRIDGE NORTH'), 586)
(('N.Y. HOUSING POLICE', 'FIORENTINO PLAZA'), 584)
(('N.Y. HOUSING POLICE', 'CLASON POINT GARDENS'), 567)
(('N.Y. HOUSING POLICE', 'ROOSEVELT II'), 564)
(('N.Y. HOUSING POLICE', 'RIIS II'), 551)
(('N.Y. HOUSING POLICE', 'SACK WERN'), 540)
(('N.Y. HOUSING POLICE', 'TODT HILL'), 528)
(('N.Y. HOUSING POLICE', 'CONEY ISLAND'), 523)
(('N.Y. HOUSING POLICE', 'MOORE'), 519)
(('N.Y. HOUSING POLICE', 'GUN HILL'), 513)
(('N.Y. HOUSING POLICE', 'BREUKELEN'), 506)
(('N.Y. HOUSING POLICE', 'WILLIAMS PLAZA'), 505)
(('N.Y. HOUSING POLICE', '303 VERNON AVENUE'), 495)
(('N.Y. HOUSING POLICE', 'BERRY'), 493)
(('N.Y. HOUSING POLICE', 'ROOSEVELT I'), 492)
(('N.Y. HOUSING POLICE', 'MELROSE'), 487)
(('N.Y. HOUSING POLICE', 'DAVIDSON'), 486)
(('N.Y. HOUSING POLICE', 'LEHMAN'), 486)
(('N.Y. HOUSING POLICE', 'ATLANTIC TERMINAL SITE 4B'), 484)
(('N.Y. HOUSING POLICE', 'MURPHY'), 477)
(('N.Y. HOUSING POLICE', 'UNITY PLAZA (SITES 17,24,25A)'), 469)
(('N.Y. HOUSING POLICE', 'DYCKMAN'), 452)
(('N.Y. HOUSING POLICE', 'BUSHWICK II (GROUPS B & D)'), 443)
(('N.Y. HOUSING POLICE', 'EDENWALD'), 443)
(('N.Y. HOUSING POLICE', 'BEACH 41ST STREET-BEACH CHANNEL DRIVE'), 443)
(('N.Y. HOUSING POLICE', 'THROGGS NECK ADDITION'), 426)
(('N.Y. HOUSING POLICE', 'BUSHWICK II (GROUPS A & C)'), 408)
(('N.Y. HOUSING POLICE', 'TAYLOR STREET-WYTHE AVENUE'), 407)
(('N.Y. HOUSING POLICE', 'BLAND'), 400)
(('N.Y. HOUSING POLICE', 'WSUR (SITE C) 589 AMSTERDAM AVENUE'), 397)
(('N.Y. POLICE DEPT', 'MARKHAM GARDENS'), 385)
(('METRO NORTH', ''), 378)
(('N.Y. HOUSING POLICE', 'HYLAN'), 351)
(('N.Y. HOUSING POLICE', 'CARLETON MANOR'), 349)
(('N.Y. HOUSING POLICE', 'BETANCES I'), 347)
(('N.Y. HOUSING POLICE', 'HOPE GARDENS'), 339)
(('N.Y. HOUSING POLICE', 'EAST 173RD STREET-VYSE AVENUE'), 331)
(('N.Y. HOUSING POLICE', 'OCEAN HILL-BROWNSVILLE'), 327)
(('N.Y. HOUSING POLICE', 'MOTT HAVEN'), 323)
(('N.Y. HOUSING POLICE', 'CARVER'), 323)
(('N.Y. POLICE DEPT', 'ARMSTRONG II'), 322)
(('N.Y. HOUSING POLICE', 'DOUGLASS ADDITION'), 309)
(('N.Y. HOUSING POLICE', 'HOWARD AVENUE'), 309)
(('N.Y. HOUSING POLICE', 'TAPSCOTT STREET REHAB'), 301)
(('N.Y. HOUSING POLICE', '572 WARREN STREET'), 292)
(('N.Y. HOUSING POLICE', '830 AMSTERDAM AVENUE'), 289)
(('N.Y. HOUSING POLICE', 'MILL BROOK EXTENSION'), 287)
(('N.Y. HOUSING POLICE', 'STERLING PLACE REHAB (STERLING-BUFFALO)'), 284)
(('N.Y. HOUSING POLICE', '33-35 SARATOGA AVENUE'), 279)
(('N.Y. HOUSING POLICE', 'HOWARD AVENUE-PARK PLACE'), 277)
(('LONG ISLAND RAILRD', ''), 273)
(('N.Y. HOUSING POLICE', 'BAILEY AVENUE-WEST 193RD STREET'), 265)
(('N.Y. HOUSING POLICE', 'MORRISANIA'), 256)
(('N.Y. HOUSING POLICE', 'AUDUBON'), 254)
(('N.Y. HOUSING POLICE', 'UNIVERSITY AVENUE REHAB'), 254)
(('N.Y. HOUSING POLICE', 'TWIN PARKS WEST (SITE 1 & 2)'), 240)
(('N.Y. HOUSING POLICE', 'RALPH AVENUE REHAB'), 239)
(('N.Y. HOUSING POLICE', 'MCKINLEY'), 235)
(('N.Y. HOUSING POLICE', 'BUSHWICK II CDA (GROUP E)'), 229)
(('N.Y. HOUSING POLICE', 'STERLING PLACE REHAB (SAINT JOHNS-STERLING)'), 226)
(('N.Y. STATE PARKS', ''), 225)
(('N.Y. HOUSING POLICE', 'PARK ROCK REHAB'), 222)
(('N.Y. HOUSING POLICE', 'BAISLEY PARK'), 222)
(('N.Y. HOUSING POLICE', 'LAVANBURG HOMES'), 220)
(('N.Y. HOUSING POLICE', '1162-1176 WASHINGTON AVENUE'), 217)
(('N.Y. HOUSING POLICE', 'LATIMER GARDENS'), 215)
(('N.Y. HOUSING POLICE', 'CAMPOS PLAZA I'), 207)
(('N.Y. HOUSING POLICE', 'VLADECK II'), 207)
(('N.Y. HOUSING POLICE', 'TWO BRIDGES URA (SITE 7)'), 195)
(('N.Y. HOUSING POLICE', 'GRAVESEND'), 193)
(('N.Y. HOUSING POLICE', 'CLAREMONT REHAB (GROUP 2)'), 191)
(('N.Y. HOUSING POLICE', 'MORRISANIA AIR RIGHTS 42'), 191)
(('N.Y. HOUSING POLICE', 'SOUTH BRONX AREA (SITE 402)'), 186)
(('N.Y. HOUSING POLICE', 'SUTTER AVENUE-UNION STREET'), 185)
(('N.Y. HOUSING POLICE', 'EAST 180TH STREET-MONTEREY AVENUE'), 184)
(('N.Y. HOUSING POLICE', 'LONGFELLOW AVENUE REHAB'), 182)
(('N.Y. HOUSING POLICE', 'HARLEM RIVER'), 180)
(('N.Y. HOUSING POLICE', 'LOWER EAST SIDE I INFILL'), 180)
(('N.Y. HOUSING POLICE', 'LEXINGTON'), 179)
(('N.Y. HOUSING POLICE', 'HERNANDEZ'), 174)
(('N.Y. HOUSING POLICE', 'WEST FARMS ROAD REHAB'), 169)
(('N.Y. HOUSING POLICE', 'WOODSON'), 168)
(('N.Y. HOUSING POLICE', 'CLAREMONT REHAB (GROUP 4)'), 165)
(('N.Y. HOUSING POLICE', 'CLAREMONT REHAB (GROUP 5)'), 165)
(('N.Y. HOUSING POLICE', 'BELMONT-SUTTER AREA'), 164)
(('N.Y. HOUSING POLICE', 'UNION AVENUE-EAST 166TH STREET'), 163)
(('STATN IS RAPID TRANS', ''), 163)
(('N.Y. HOUSING POLICE', 'OCEAN HILL APARTMENTS'), 163)
(('N.Y. HOUSING POLICE', 'EAST NEW YORK CITY LINE'), 161)
(('N.Y. HOUSING POLICE', 'EAGLE AVENUE-EAST 163RD STREET'), 157)
(('N.Y. HOUSING POLICE', 'CROWN HEIGHTS'), 144)
(('N.Y. HOUSING POLICE', 'BEDFORD-STUYVESANT REHAB'), 143)
(('N.Y. HOUSING POLICE', 'SEDGWICK'), 143)
(('N.Y. HOUSING POLICE', '131 SAINT NICHOLAS AVENUE'), 141)
(('NEW YORK CITY SHERIFF OFFICE', ''), 135)
(('N.Y. HOUSING POLICE', '1471 WATSON AVENUE'), 134)
(('N.Y. HOUSING POLICE', 'BOYNTON AVENUE REHAB'), 133)
(('N.Y. HOUSING POLICE', 'HARRISON AVENUE REHAB (GROUP B)'), 124)
(('N.Y. POLICE DEPT', 'SMITH'), 124)
(('N.Y. HOUSING POLICE', 'CLAREMONT PARKWAY-FRANKLIN AVENUE'), 122)
(('N.Y. HOUSING POLICE', 'TELLER AVENUE-EAST 166TH STREET'), 120)
(('N.Y. POLICE DEPT', 'WEST BRIGHTON I'), 117)
(('N.Y. HOUSING POLICE', 'LENOX ROAD-ROCKAWAY PARKWAY'), 117)
(('N.Y. HOUSING POLICE', 'HIGHBRIDGE REHABS (ANDERSON AVENUE)'), 110)
(('N.Y. HOUSING POLICE', 'BERRY STREET-SOUTH 9TH STREET'), 109)
(('N.Y. HOUSING POLICE', 'MILBANK-FRAWLEY'), 106)
(('NYC PARKS', ''), 105)
(('AMTRACK', ''), 104)
(('U.S. PARK POLICE', ''), 103)
(('N.Y. HOUSING POLICE', 'CLAREMONT REHAB (GROUP 3)'), 103)
(('N.Y. HOUSING POLICE', 'BARUCH HOUSES ADDITION'), 102)
(('N.Y. HOUSING POLICE', 'HIGHBRIDGE REHABS (NELSON AVENUE)'), 101)
(('N.Y. HOUSING POLICE', 'GRAMPION'), 100)
(('N.Y. POLICE DEPT', 'PELHAM PARKWAY'), 99)
(('N.Y. HOUSING POLICE', 'SAMUEL (CITY)'), 98)
(('N.Y. HOUSING POLICE', 'FENIMORE-LEFFERTS'), 97)
(('N.Y. POLICE DEPT', 'LONG ISLAND BAPTIST HOUSES'), 97)
(('N.Y. HOUSING POLICE', 'RUTLAND TOWERS'), 97)
(('N.Y. POLICE DEPT', 'PARKSIDE'), 95)
(('N.Y. HOUSING POLICE', 'HOE AVENUE-EAST 173RD STREET'), 94)
(('N.Y. POLICE DEPT', 'MARCY'), 94)
(('N.Y. HOUSING POLICE', 'CASSIDY-LAFAYETTE'), 93)
(('N.Y. HOUSING POLICE', 'UPACA (SITE 5)'), 93)
(('N.Y. HOUSING POLICE', 'STEBBINS AVENUE-HEWITT PLACE'), 92)
(('N.Y. HOUSING POLICE', 'UNION AVENUE-EAST 163RD STREET'), 89)
(('N.Y. HOUSING POLICE', 'UPACA (SITE 6)'), 88)
(('N.Y. HOUSING POLICE', 'SARATOGA SQUARE'), 87)
(('N.Y. POLICE DEPT', 'ARMSTRONG I'), 87)
(('N.Y. HOUSING POLICE', '45 ALLEN STREET'), 85)
(('N.Y. HOUSING POLICE', 'MARCY AVENUE-GREENE AVENUE SITE B'), 83)
(('N.Y. HOUSING POLICE', 'MORRIS HEIGHTS REHAB'), 83)
(('N.Y. POLICE DEPT', 'BORINQUEN PLAZA I'), 82)
(('N.Y. HOUSING POLICE', 'LOWER EAST SIDE REHAB (GROUP 5)'), 78)
(('N.Y. HOUSING POLICE', 'MARCY AVENUE-GREENE AVENUE SITE A'), 77)
(('N.Y. HOUSING POLICE', 'BOSTON ROAD PLAZA'), 77)
(('N.Y. HOUSING POLICE', 'RANDALL AVENUE-BALCOM AVENUE'), 76)
(('N.Y. HOUSING POLICE', 'FORT WASHINGTON AVENUE REHAB'), 76)
(('N.Y. POLICE DEPT', 'POMONOK'), 74)
(('N.Y. HOUSING POLICE', 'TWIN PARKS EAST (SITE 9)'), 74)
(('N.Y. POLICE DEPT', 'STAPLETON'), 72)
(('N.Y. HOUSING POLICE', 'MARKHAM GARDENS'), 70)
(('N.Y. HOUSING POLICE', 'COLLEGE AVENUE-EAST 165TH STREET'), 66)
(('N.Y. HOUSING POLICE', 'BRYANT AVENUE-EAST 174TH STREET'), 65)
(('N.Y. HOUSING POLICE', 'WEST TREMONT REHAB (GROUP 3)'), 64)
(('N.Y. HOUSING POLICE', 'EAST 165TH STREET-BRYANT AVENUE'), 63)
(('N.Y. HOUSING POLICE', 'VANDALIA AVENUE'), 62)
(('N.Y. HOUSING POLICE', 'OCEANSIDE-OCEAN BAY APTS'), 62)
(('N.Y. POLICE DEPT', 'VLADECK'), 60)
(('NYS DEPT TAX AND FINANCE', ''), 59)
(('FIRE DEPT (FIRE MARSHAL)', ''), 59)
(('N.Y. HOUSING POLICE', 'BRONX RIVER ADDITION'), 57)
(('N.Y. HOUSING POLICE', 'GLEBE AVENUE-WESTCHESTER AVENUE'), 56)
(('N.Y. HOUSING POLICE', 'BETHUNE GARDENS'), 55)
(('N.Y. POLICE DEPT', 'ASTORIA'), 54)
(('N.Y. HOUSING POLICE', 'VAN DYKE II'), 54)
(('N.Y. HOUSING POLICE', 'FRANKLIN AVENUE II CONVENTIONAL'), 53)
(('N.Y. HOUSING POLICE', 'WEST BRIGHTON II'), 53)
(('N.Y. POLICE DEPT', 'TOMPKINS'), 53)
(('N.Y. HOUSING POLICE', 'REID APARTMENTS'), 53)
(('N.Y. POLICE DEPT', 'SUMNER'), 53)
(('N.Y. POLICE DEPT', "MARINER'S HARBOR"), 52)
(('N.Y. POLICE DEPT', 'BARUCH'), 51)
(('N.Y. HOUSING POLICE', 'WEST TREMONT AVENUE-SEDGWICK AVENUE AREA'), 50)
(('N.Y. POLICE DEPT', 'SOUTHERN BOULEVARD'), 50)
(('N.Y. HOUSING POLICE', 'FRANKLIN AVENUE I CONVENTIONAL'), 50)
(('N.Y. POLICE DEPT', 'EASTCHESTER GARDENS'), 48)
(('N.Y. POLICE DEPT', 'MARBLE HILL'), 47)
(('N.Y. POLICE DEPT', 'FARRAGUT'), 44)
(('N.Y. POLICE DEPT', 'WEST TREMONT REHAB (GROUP 2)'), 44)
(('N.Y. POLICE DEPT', 'CLINTON'), 43)
(('N.Y. POLICE DEPT', 'WHITMAN'), 43)
(('N.Y. HOUSING POLICE', 'MACOMBS ROAD'), 42)
(('N.Y. HOUSING POLICE', "O'DWYER GARDENS"), 40)
(('N.Y. POLICE DEPT', 'ALBANY'), 39)
(('N.Y. HOUSING POLICE', 'NEW LANE AREA'), 39)
(('N.Y. POLICE DEPT', 'BAILEY AVENUE-WEST 193RD STREET'), 38)
(('N.Y. POLICE DEPT', 'LA GUARDIA'), 38)
(('N.Y. POLICE DEPT', 'HOWARD AVENUE-PARK PLACE'), 38)
(('N.Y. POLICE DEPT', 'LINCOLN'), 38)
(('N.Y. POLICE DEPT', 'MURPHY'), 36)
(('N.Y. HOUSING POLICE', 'MARSHALL PLAZA'), 36)
(('N.Y. POLICE DEPT', 'REDFERN'), 35)
(('N.Y. HOUSING POLICE', 'KINGSBOROUGH 77'), 34)
(('N.Y. POLICE DEPT', 'GLENWOOD'), 34)
(('N.Y. POLICE DEPT', 'RICHMOND TERRACE'), 34)
(('N.Y. POLICE DEPT', 'BREVOORT'), 33)
(('N.Y. POLICE DEPT', 'BRONX RIVER'), 32)
(('N.Y. POLICE DEPT', 'LINDEN'), 32)
(('N.Y. POLICE DEPT', 'WEST TREMONT REHAB (GROUP 1)'), 32)
(('N.Y. POLICE DEPT', 'INGERSOLL'), 32)
(('N.Y. POLICE DEPT', 'BAYSIDE-OCEAN BAY APTS'), 32)
(('N.Y. POLICE DEPT', 'WILLIAMSBURG'), 32)
(('N.Y. POLICE DEPT', 'CASTLE HILL'), 31)
(('N.Y. POLICE DEPT', 'STUYVESANT GARDENS I'), 31)
(('N.Y. POLICE DEPT', 'SEWARD PARK EXTENSION'), 30)
(('N.Y. POLICE DEPT', 'BLAND'), 30)
(('N.Y. HOUSING POLICE', 'LA GUARDIA ADDITION'), 30)
(('N.Y. POLICE DEPT', 'RED HOOK WEST'), 30)
(('N.Y. POLICE DEPT', 'JOHNSON'), 30)
(('N.Y. POLICE DEPT', 'WAGNER'), 30)
(('N.Y. POLICE DEPT', 'FORT INDEPENDENCE STREET-HEATH AVENUE'), 29)
(('N.Y. POLICE DEPT', 'RUTGERS'), 29)
(('N.Y. HOUSING POLICE', 'PALMETTO GARDENS'), 29)
(('N.Y. POLICE DEPT', 'BUSHWICK'), 28)
(('N.Y. POLICE DEPT', 'BEACH 41ST STREET-BEACH CHANNEL DRIVE'), 28)
(('N.Y. POLICE DEPT', 'BREUKELEN'), 28)
(('N.Y. POLICE DEPT', 'GRANT'), 27)
(('N.Y. HOUSING POLICE', 'BETANCES III'), 26)
(('N.Y. POLICE DEPT', 'COOPER PARK'), 26)
(('N.Y. POLICE DEPT', 'CLASON POINT GARDENS'), 26)
(('N.Y. POLICE DEPT', 'HAMMEL'), 26)
(('SEA GATE POLICE DEPT', ''), 26)
(('N.Y. HOUSING POLICE', 'FIRST HOUSES'), 25)
(('N.Y. POLICE DEPT', 'SOUNDVIEW'), 25)
(('N.Y. POLICE DEPT', 'BUSHWICK II (GROUPS A & C)'), 25)
(('N.Y. POLICE DEPT', 'BAISLEY PARK'), 25)
(('N.Y. POLICE DEPT', 'LATIMER GARDENS'), 24)
(('N.Y. POLICE DEPT', 'BERRY'), 23)
(('N.Y. POLICE DEPT', 'CARLETON MANOR'), 23)
(('N.Y. POLICE DEPT', 'BAY VIEW'), 23)
(('N.Y. HOUSING POLICE', 'SOUTHERN BOULEVARD'), 23)
(('N.Y. POLICE DEPT', 'WEEKSVILLE GARDENS'), 22)
(('N.Y. POLICE DEPT', 'BOULEVARD'), 22)
(('N.Y. HOUSING POLICE', 'MIDDLETOWN PLAZA'), 21)
(('N.Y. POLICE DEPT', 'PINK'), 21)
(('N.Y. POLICE DEPT', 'DYCKMAN'), 21)
(('N.Y. POLICE DEPT', 'WEST BRIGHTON II'), 21)
(('N.Y. POLICE DEPT', 'MITCHEL'), 21)
(('N.Y. POLICE DEPT', 'HIGHBRIDGE GARDENS'), 21)
(('N.Y. POLICE DEPT', 'JENNINGS STREET'), 21)
(('N.Y. POLICE DEPT', 'BUSHWICK II CDA (GROUP E)'), 20)
(('N.Y. POLICE DEPT', 'RED HOOK EAST'), 20)
(('N.Y. POLICE DEPT', 'PATTERSON'), 20)
(('N.Y. HOUSING POLICE', 'JENNINGS STREET'), 20)
(('N.Y. HOUSING POLICE', 'HARRISON AVENUE REHAB (GROUP A)'), 20)
(('N.Y. POLICE DEPT', 'MARCY AVENUE-GREENE AVENUE SITE A'), 20)
(('N.Y. POLICE DEPT', 'MONROE'), 20)
(('N.Y. POLICE DEPT', 'JACKSON'), 20)
(('N.Y. POLICE DEPT', 'BRONXDALE'), 19)
(('N.Y. POLICE DEPT', 'THROGGS NECK'), 19)
(('N.Y. POLICE DEPT', 'ALBANY II'), 19)
(('N.Y. POLICE DEPT', 'GOMPERS'), 19)
(('N.Y. POLICE DEPT', 'MORRIS HEIGHTS REHAB'), 19)
(('N.Y. POLICE DEPT', 'TODT HILL'), 19)
(('N.Y. POLICE DEPT', 'CYPRESS HILLS'), 18)
(('N.Y. POLICE DEPT', 'DOUGLASS'), 18)
(('N.Y. POLICE DEPT', 'WALD'), 18)
(('N.Y. POLICE DEPT', 'BOSTON SECOR'), 18)
(('N.Y. POLICE DEPT', 'MACOMBS ROAD'), 17)
(('N.Y. POLICE DEPT', 'SOUTH BEACH'), 17)
(('N.Y. POLICE DEPT', 'WOODSIDE'), 17)
(('N.Y. POLICE DEPT', 'EAST 173RD STREET-VYSE AVENUE'), 17)
(('N.Y. POLICE DEPT', 'TILDEN'), 16)
(('N.Y. HOUSING POLICE', 'FRANKLIN AVENUE I MHOP'), 16)
(('N.Y. POLICE DEPT', 'NOSTRAND'), 16)
(('N.Y. POLICE DEPT', 'ROOSEVELT II'), 15)
(('N.Y. POLICE DEPT', 'UNION AVENUE-EAST 166TH STREET'), 15)
(('N.Y. POLICE DEPT', 'UNIVERSITY AVENUE REHAB'), 15)
(('N.Y. HOUSING POLICE', 'BAYCHESTER'), 15)
(('N.Y. HOUSING POLICE', 'PROSPECT PLAZA'), 15)
(('N.Y. POLICE DEPT', 'FOREST'), 15)
(('N.Y. POLICE DEPT', 'HARRISON AVENUE REHAB (GROUP B)'), 14)
(('N.Y. POLICE DEPT', 'VAN DYKE I'), 14)
(('N.Y. POLICE DEPT', 'BROWNSVILLE'), 14)
(('N.Y. POLICE DEPT', 'CAMPOS PLAZA I'), 14)
(('N.Y. POLICE DEPT', 'CLAREMONT REHAB (GROUP 5)'), 14)
(('N.Y. POLICE DEPT', 'BORINQUEN PLAZA II'), 14)
(('N.Y. POLICE DEPT', 'UNITY PLAZA (SITES 4-27)'), 13)
(('N.Y. POLICE DEPT', 'AMSTERDAM'), 13)
(('N.Y. POLICE DEPT', 'HOPE GARDENS'), 13)
(('N.Y. POLICE DEPT', 'ADAMS'), 13)
(('N.Y. POLICE DEPT', 'BUSHWICK II (GROUPS B & D)'), 13)
(('N.Y. POLICE DEPT', 'WEST TREMONT REHAB (GROUP 3)'), 13)
(('N.Y. POLICE DEPT', 'CONEY ISLAND I (SITE 1B)'), 13)
(('N.Y. HOUSING POLICE', 'MANHATTANVILLE REHAB (GROUP 2)'), 12)
(('N.Y. POLICE DEPT', 'INDEPENDENCE'), 12)
(('N.Y. HOUSING POLICE', 'LOWER EAST SIDE II'), 12)
(('N.Y. POLICE DEPT', 'VLADECK II'), 12)
(('N.Y. HOUSING POLICE', 'FRANKLIN AVENUE III CONVENTIONAL'), 12)
(('N.Y. HOUSING POLICE', 'BETANCES VI'), 12)
(('N.Y. POLICE DEPT', 'QUEENSBRIDGE SOUTH'), 12)
(('N.Y. POLICE DEPT', 'CARVER'), 12)
(('N.Y. POLICE DEPT', 'SARATOGA SQUARE'), 12)
(('CONRAIL', ''), 11)
(('N.Y. POLICE DEPT', 'DAVIDSON'), 11)
(('N.Y. POLICE DEPT', 'EAST 180TH STREET-MONTEREY AVENUE'), 11)
(('N.Y. POLICE DEPT', '830 AMSTERDAM AVENUE'), 11)
(('N.Y. POLICE DEPT', 'ROOSEVELT I'), 11)
(('N.Y. POLICE DEPT', 'MORRISANIA AIR RIGHTS 42'), 11)
(('N.Y. POLICE DEPT', 'PENNSYLVANIA AVENUE-WORTMAN AVENUE'), 10)
(('N.Y. POLICE DEPT', 'WILLIAMS PLAZA'), 10)
(('N.Y. POLICE DEPT', 'MELROSE'), 10)
(('N.Y. POLICE DEPT', 'TWO BRIDGES URA (SITE 7)'), 10)
(('N.Y. POLICE DEPT', 'MILL BROOK'), 10)
(('N.Y. POLICE DEPT', 'GOWANUS'), 10)
(('N.Y. POLICE DEPT', 'MILBANK-FRAWLEY'), 10)
(('N.Y. POLICE DEPT', 'RANGEL'), 9)
(('N.Y. HOUSING POLICE', 'GLENMORE PLAZA'), 9)
(('N.Y. HOUSING POLICE', 'BROWN'), 9)
(('N.Y. POLICE DEPT', 'SHEEPSHEAD BAY'), 9)
(('N.Y. POLICE DEPT', 'CASSIDY-LAFAYETTE'), 9)
(('N.Y. POLICE DEPT', 'HIGHBRIDGE REHABS (ANDERSON AVENUE)'), 9)
(('N.Y. POLICE DEPT', '131 SAINT NICHOLAS AVENUE'), 9)
(('N.Y. POLICE DEPT', 'EAST 165TH STREET-BRYANT AVENUE'), 9)
(('N.Y. POLICE DEPT', 'MARLBORO'), 9)
(('N.Y. POLICE DEPT', 'WYCKOFF GARDENS'), 9)
(('N.Y. POLICE DEPT', 'PARK ROCK REHAB'), 9)
(('N.Y. POLICE DEPT', 'STERLING PLACE REHAB (STERLING-BUFFALO)'), 9)
(('N.Y. POLICE DEPT', 'RIIS'), 9)
(('N.Y. POLICE DEPT', "SAINT MARY'S PARK"), 9)
(('N.Y. HOUSING POLICE', 'WASHINGTON HEIGHTS REHAB PHASE III'), 9)
(('N.Y. POLICE DEPT', 'EDENWALD'), 9)
(('N.Y. POLICE DEPT', 'MOTT HAVEN'), 9)
(('N.Y. POLICE DEPT', 'LOW HOUSES'), 8)
(('N.Y. POLICE DEPT', 'LEHMAN'), 8)
(('N.Y. POLICE DEPT', 'MANHATTANVILLE'), 8)
(('N.Y. POLICE DEPT', 'QUEENSBRIDGE NORTH'), 8)
(('N.Y. POLICE DEPT', 'SEDGWICK'), 8)
(('N.Y. POLICE DEPT', 'TAYLOR STREET-WYTHE AVENUE'), 8)
(('N.Y. POLICE DEPT', 'HUGHES APARTMENTS'), 8)
(('N.Y. POLICE DEPT', 'MCKINLEY'), 8)
(('N.Y. POLICE DEPT', 'BETANCES I'), 8)
(('N.Y. POLICE DEPT', 'BUTLER'), 8)
(('N.Y. POLICE DEPT', 'MORRIS I'), 8)
(('N.Y. POLICE DEPT', 'TWIN PARKS EAST (SITE 9)'), 8)
(('N.Y. POLICE DEPT', 'STEBBINS AVENUE-HEWITT PLACE'), 8)
(('N.Y. POLICE DEPT', 'GUN HILL'), 8)
(('N.Y. POLICE DEPT', 'TAFT'), 8)
(('N.Y. HOUSING POLICE', 'WSUR (SITE B) 74 WEST 92ND STREET'), 8)
(('N.Y. POLICE DEPT', 'HOWARD'), 7)
(('N.Y. POLICE DEPT', 'GARVEY (GROUP A)'), 7)
(('N.Y. POLICE DEPT', 'SAMUEL (CITY)'), 7)
(('N.Y. POLICE DEPT', 'LOWER EAST SIDE I INFILL'), 7)
(('N.Y. POLICE DEPT', 'RANDALL AVENUE-BALCOM AVENUE'), 7)
(('N.Y. POLICE DEPT', 'WEST FARMS ROAD REHAB'), 7)
(('N.Y. POLICE DEPT', 'BETANCES III'), 7)
(('N.Y. POLICE DEPT', 'ATLANTIC TERMINAL SITE 4B'), 7)
(('N.Y. POLICE DEPT', 'LONGFELLOW AVENUE REHAB'), 7)
(('N.Y. HOUSING POLICE', 'DE HOSTOS APARTMENTS'), 7)
(('N.Y. POLICE DEPT', 'WEST TREMONT AVENUE-SEDGWICK AVENUE AREA'), 7)
(('N.Y. POLICE DEPT', 'FIORENTINO PLAZA'), 7)
(('N.Y. POLICE DEPT', 'CLAREMONT REHAB (GROUP 2)'), 7)
(('N.Y. HOUSING POLICE', 'CAREY GARDENS'), 7)
(('N.Y. POLICE DEPT', 'AUDUBON'), 6)
(('N.Y. POLICE DEPT', 'HARLEM RIVER'), 6)
(('N.Y. POLICE DEPT', 'REID APARTMENTS'), 6)
(('N.Y. POLICE DEPT', 'OCEANSIDE-OCEAN BAY APTS'), 6)
(('N.Y. POLICE DEPT', 'THROGGS NECK ADDITION'), 6)
(('N.Y. POLICE DEPT', 'RIIS II'), 6)
(('N.Y. POLICE DEPT', 'WEBSTER'), 6)
(('N.Y. POLICE DEPT', 'CONEY ISLAND'), 6)
(('N.Y. HOUSING POLICE', 'ROBINSON'), 6)
(('NYC DEPT ENVIRONMENTAL PROTECTION', ''), 6)
(('N.Y. POLICE DEPT', 'CLAREMONT REHAB (GROUP 4)'), 6)
(('N.Y. POLICE DEPT', 'PROSPECT PLAZA'), 6)
(('POLICE DEPT NYC', 'PARKSIDE'), 6)
(('N.Y. POLICE DEPT', 'MOORE'), 6)
(('N.Y. POLICE DEPT', 'CLAREMONT PARKWAY-FRANKLIN AVENUE'), 6)
(('N.Y. POLICE DEPT', 'HIGHBRIDGE REHABS (NELSON AVENUE)'), 6)
(('N.Y. POLICE DEPT', 'TWIN PARKS WEST (SITE 1 & 2)'), 6)
(('N.Y. POLICE DEPT', 'STERLING PLACE REHAB (SAINT JOHNS-STERLING)'), 5)
(('N.Y. POLICE DEPT', '303 VERNON AVENUE'), 5)
(('N.Y. POLICE DEPT', 'LENOX ROAD-ROCKAWAY PARKWAY'), 5)
(('N.Y. POLICE DEPT', 'LAFAYETTE'), 5)
(('N.Y. POLICE DEPT', 'DOUGLASS ADDITION'), 5)
(('N.Y. POLICE DEPT', 'BEDFORD-STUYVESANT REHAB'), 5)
(('N.Y. POLICE DEPT', 'TAPSCOTT STREET REHAB'), 5)
(('N.Y. HOUSING POLICE', 'HABER'), 5)
(('N.Y. POLICE DEPT', 'MORRISANIA'), 5)
(('N.Y. POLICE DEPT', 'UNITY PLAZA (SITES 17,24,25A)'), 5)
(('POLICE DEPT NYC', 'BARUCH'), 5)
(('POLICE DEPT NYC', 'MURPHY'), 4)
(('N.Y. POLICE DEPT', 'BELMONT-SUTTER AREA'), 4)
(('N.Y. POLICE DEPT', 'BOSTON ROAD PLAZA'), 4)
(('N.Y. POLICE DEPT', 'OCEAN HILL APARTMENTS'), 4)
(('N.Y. POLICE DEPT', '572 WARREN STREET'), 4)
(('N.Y. POLICE DEPT', 'CLAREMONT REHAB (GROUP 3)'), 4)
(('N.Y. HOUSING POLICE', 'TAFT REHABS (REHAB PROGRAM)'), 4)
(('N.Y. POLICE DEPT', 'OCEAN HILL-BROWNSVILLE'), 4)
(('N.Y. POLICE DEPT', 'KING TOWERS'), 4)
(('N.Y. POLICE DEPT', 'GRAVESEND'), 3)
(('N.Y. POLICE DEPT', 'MILL BROOK EXTENSION'), 3)
(('POLICE DEPT NYC', 'PELHAM PARKWAY'), 3)
(('N.Y. POLICE DEPT', 'EAGLE AVENUE-EAST 163RD STREET'), 3)
(('N.Y. POLICE DEPT', 'SACK WERN'), 3)
(('N.Y. POLICE DEPT', 'BOYNTON AVENUE REHAB'), 3)
(('N.Y. POLICE DEPT', 'GRAMPION'), 3)
(('N.Y. POLICE DEPT', 'MARSHALL PLAZA'), 3)
(('N.Y. POLICE DEPT', 'FENIMORE-LEFFERTS'), 3)
(('N.Y. POLICE DEPT', 'UPACA (SITE 5)'), 3)
(('N.Y. POLICE DEPT', 'RALPH AVENUE REHAB'), 3)
(('N.Y. POLICE DEPT', 'BRYANT AVENUE-EAST 174TH STREET'), 3)
(('N.Y. POLICE DEPT', 'BETHUNE GARDENS'), 3)
(('N.Y. POLICE DEPT', 'FRANKLIN AVENUE I MHOP'), 3)
(('N.Y. POLICE DEPT', 'FRANKLIN AVENUE III CONVENTIONAL'), 3)
(('N.Y. POLICE DEPT', 'HOWARD AVENUE'), 3)
(('N.Y. POLICE DEPT', '45 ALLEN STREET'), 3)
(('N.Y. POLICE DEPT', '33-35 SARATOGA AVENUE'), 2)
(('POLICE DEPT NYC', 'GOMPERS'), 2)
(('N.Y. POLICE DEPT', 'SOUTH BRONX AREA (SITE 402)'), 2)
(('N.Y. HOUSING POLICE', 'WEST TREMONT REHAB (GROUP 1)'), 2)
(('N.Y. POLICE DEPT', 'CROWN HEIGHTS'), 2)
(('N.Y. POLICE DEPT', 'TELLER AVENUE-EAST 166TH STREET'), 2)
(('N.Y. POLICE DEPT', 'BETANCES VI'), 2)
(('N.Y. POLICE DEPT', '1471 WATSON AVENUE'), 2)
(('N.Y. POLICE DEPT', 'UNION AVENUE-EAST 163RD STREET'), 2)
(('N.Y. POLICE DEPT', 'HYLAN'), 2)
(('N.Y. POLICE DEPT', 'MORRIS II'), 2)
(('N.Y. POLICE DEPT', 'WSUR (SITE C) 589 AMSTERDAM AVENUE'), 2)
(('N.Y. POLICE DEPT', 'WSUR (SITE B) 74 WEST 92ND STREET'), 2)
(('N.Y. POLICE DEPT', 'BAYCHESTER'), 2)
(('N.Y. HOUSING POLICE', 'WASHINGTON HEIGHTS REHAB (GROUPS 1&2)'), 2)
(('N.Y. POLICE DEPT', 'BERRY STREET-SOUTH 9TH STREET'), 2)
(('PORT AUTHORITY', 'MARKHAM GARDENS'), 2)
(('N.Y. POLICE DEPT', 'MARCY AVENUE-GREENE AVENUE SITE B'), 2)
(('OTHER', 'CASTLE HILL'), 2)
(('N.Y. POLICE DEPT', 'BRONX RIVER ADDITION'), 2)
(('N.Y. HOUSING POLICE', 'WEST TREMONT REHAB (GROUP 2)'), 2)
(('POLICE DEPT NYC', 'VLADECK II'), 1)
(('N.Y. POLICE DEPT', 'GLEBE AVENUE-WESTCHESTER AVENUE'), 1)
(('N.Y. POLICE DEPT', 'EAST NEW YORK CITY LINE'), 1)
(('N.Y. POLICE DEPT', 'TAFT REHABS (REHAB PROGRAM)'), 1)
(('LONG ISLAND RAILRD', 'CARVER'), 1)
(('N.Y. POLICE DEPT', 'FIRST HOUSES'), 1)
(('N.Y. POLICE DEPT', 'LAVANBURG HOMES'), 1)
(('N.Y. POLICE DEPT', 'KINGSBOROUGH 77'), 1)
(('OTHER', 'MORRISANIA AIR RIGHTS 42'), 1)
(('OTHER', 'RICHMOND TERRACE'), 1)
(('POLICE DEPT NYC', 'LONG ISLAND BAPTIST HOUSES'), 1)
(('N.Y. POLICE DEPT', 'FOREST HILLS COOP (108TH STREET-62ND DRIVE)'), 1)
(('FIRE DEPT (FIRE MARSHAL)', 'STUYVESANT GARDENS I'), 1)
(('N.Y. POLICE DEPT', 'GLENMORE PLAZA'), 1)
(('N.Y. POLICE DEPT', 'METRO NORTH REHAB'), 1)
(('N.Y. POLICE DEPT', 'FRANKLIN AVENUE II MHOP'), 1)
(('N.Y. POLICE DEPT', 'HOE AVENUE-EAST 173RD STREET'), 1)
(('N.Y. POLICE DEPT', '1010 EAST 178TH STREET'), 1)
(('N.Y. POLICE DEPT', "O'DWYER GARDENS"), 1)
(('OTHER', 'BERRY'), 1)
(('POLICE DEPT NYC', 'EASTCHESTER GARDENS'), 1)
(('N.Y. POLICE DEPT', 'BARUCH HOUSES ADDITION'), 1)
(('N.Y. POLICE DEPT', 'FORT WASHINGTON AVENUE REHAB'), 1)
(('POLICE DEPT NYC', 'VLADECK'), 1)
(('N.Y. HOUSING POLICE', 'FRANKLIN AVENUE II MHOP'), 1)
(('POLICE DEPT NYC', 'BOULEVARD'), 1)
(('POLICE DEPT NYC', 'LINCOLN'), 1)
(('N.Y. HOUSING POLICE', 'METRO NORTH REHAB'), 1)
(('N.Y. POLICE DEPT', 'UPACA (SITE 6)'), 1)
(('N.Y. POLICE DEPT', 'WOODSON'), 1)
(('N.Y. POLICE DEPT', 'FULTON'), 1)
(('N.Y. POLICE DEPT', 'RUTLAND TOWERS'), 1)
(('DISTRICT ATTORNEY OFFICE', ''), 1)
(('N.Y. POLICE DEPT', 'NEW LANE AREA'), 1)
(('N.Y. POLICE DEPT', 'FRANKLIN AVENUE I CONVENTIONAL'), 1)
(('POLICE DEPT NYC', 'MILL BROOK EXTENSION'), 1)
(('FIRE DEPT (FIRE MARSHAL)', 'MONROE'), 1)
(('FIRE DEPT (FIRE MARSHAL)', 'WILLIAMS PLAZA'), 1)
(('N.Y. POLICE DEPT', 'ROBINSON'), 1)
(('N.Y. POLICE DEPT', 'VANDALIA AVENUE'), 1)
(('PORT AUTHORITY', 'BARUCH'), 1)
(('N.Y. POLICE DEPT', 'LOWER EAST SIDE REHAB (GROUP 5)'), 1)
(('N.Y. POLICE DEPT', 'LOWER EAST SIDE II'), 1)
