(('N.Y. POLICE DEPT', 'BROOKLYN'), 1076765)
(('N.Y. POLICE DEPT', 'QUEENS'), 791782)
(('N.Y. POLICE DEPT', 'MANHATTAN'), 782957)
(('N.Y. POLICE DEPT', 'BRONX'), 636990)
(('N.Y. POLICE DEPT', 'STATEN ISLAND'), 169311)
(('N.Y. HOUSING POLICE', 'BROOKLYN'), 100925)
(('N.Y. HOUSING POLICE', 'MANHATTAN'), 82535)
(('N.Y. HOUSING POLICE', 'BRONX'), 65621)
(('N.Y. TRANSIT POLICE', 'MANHATTAN'), 35194)
(('N.Y. HOUSING POLICE', 'QUEENS'), 22769)
(('N.Y. TRANSIT POLICE', 'BROOKLYN'), 20005)
(('PORT AUTHORITY', 'QUEENS'), 13712)
(('N.Y. TRANSIT POLICE', 'BRONX'), 10626)
(('N.Y. TRANSIT POLICE', 'QUEENS'), 10083)
(('N.Y. HOUSING POLICE', 'STATEN ISLAND'), 7639)
(('PORT AUTHORITY', 'MANHATTAN'), 5869)
(('DEPT OF CORRECTIONS', 'BRONX'), 3243)
(('POLICE DEPT NYC', 'BRONX'), 2617)
(('OTHER', 'BRONX'), 2356)
(('OTHER', 'BROOKLYN'), 2043)
(('OTHER', 'MANHATTAN'), 1851)
(('POLICE DEPT NYC', 'BROOKLYN'), 1801)
(('POLICE DEPT NYC', 'MANHATTAN'), 1447)
(('TRI-BORO BRDG TUNNL', 'MANHATTAN'), 1221)
(('OTHER', 'QUEENS'), 1142)
(('TRI-BORO BRDG TUNNL', 'QUEENS'), 1044)
(('TRI-BORO BRDG TUNNL', 'BRONX'), 892)
(('HEALTH & HOSP CORP', 'BROOKLYN'), 860)
(('HEALTH & HOSP CORP', 'MANHATTAN'), 706)
(('N.Y. STATE POLICE', 'QUEENS'), 576)
(('TRI-BORO BRDG TUNNL', 'STATEN ISLAND'), 539)
(('HEALTH & HOSP CORP', 'BRONX'), 504)
(('OTHER', 'STATEN ISLAND'), 315)
(('DEPT OF CORRECTIONS', 'MANHATTAN'), 300)
(('POLICE DEPT NYC', 'QUEENS'), 286)
(('HEALTH & HOSP CORP', 'QUEENS'), 258)
(('POLICE DEPT NYC', 'STATEN ISLAND'), 250)
(('N.Y. POLICE DEPT', ''), 209)
(('N.Y. STATE POLICE', 'MANHATTAN'), 187)
(('METRO NORTH', 'MANHATTAN'), 171)
(('N.Y. STATE POLICE', 'BRONX'), 171)
(('LONG ISLAND RAILRD', 'MANHATTAN'), 171)
(('STATN IS RAPID TRANS', 'STATEN ISLAND'), 161)
(('TRI-BORO BRDG TUNNL', 'BROOKLYN'), 154)
(('DEPT OF CORRECTIONS', 'BROOKLYN'), 151)
(('N.Y. STATE PARKS', 'MANHATTAN'), 146)
(('PORT AUTHORITY', 'STATEN ISLAND'), 89)
(('AMTRACK', 'MANHATTAN'), 87)
(('METRO NORTH', 'BRONX'), 82)
(('N.Y. STATE POLICE', 'BROOKLYN'), 77)
(('LONG ISLAND RAILRD', 'QUEENS'), 72)
(('METRO NORTH', 'BROOKLYN'), 68)
(('NEW YORK CITY SHERIFF OFFICE', 'BROOKLYN'), 62)
(('N.Y. STATE PARKS', 'BRONX'), 46)
(('DEPT OF CORRECTIONS', 'QUEENS'), 45)
(('PORT AUTHORITY', 'BROOKLYN'), 41)
(('NYC PARKS', 'QUEENS'), 40)
(('U.S. PARK POLICE', 'QUEENS'), 39)
(('NYC PARKS', 'MANHATTAN'), 38)
(('METRO NORTH', 'QUEENS'), 34)
(('LONG ISLAND RAILRD', 'BROOKLYN'), 31)
(('U.S. PARK POLICE', 'BROOKLYN'), 27)
(('NEW YORK CITY SHERIFF OFFICE', 'QUEENS'), 26)
(('SEA GATE POLICE DEPT', 'BROOKLYN'), 25)
(('NEW YORK CITY SHERIFF OFFICE', 'BRONX'), 23)
(('METRO NORTH', 'STATEN ISLAND'), 23)
(('PORT AUTHORITY', 'BRONX'), 22)
(('U.S. PARK POLICE', 'MANHATTAN'), 21)
(('FIRE DEPT (FIRE MARSHAL)', 'BRONX'), 20)
(('NEW YORK CITY SHERIFF OFFICE', 'MANHATTAN'), 19)
(('N.Y. STATE PARKS', 'QUEENS'), 19)
(('NYC PARKS', 'BROOKLYN'), 18)
(('NYS DEPT TAX AND FINANCE', 'QUEENS'), 17)
(('U.S. PARK POLICE', 'STATEN ISLAND'), 16)
(('NYS DEPT TAX AND FINANCE', 'BROOKLYN'), 15)
(('FIRE DEPT (FIRE MARSHAL)', 'BROOKLYN'), 15)
(('NYS DEPT TAX AND FINANCE', 'MANHATTAN'), 15)
(('FIRE DEPT (FIRE MARSHAL)', 'QUEENS'), 14)
(('N.Y. STATE POLICE', 'STATEN ISLAND'), 12)
(('N.Y. STATE PARKS', 'BROOKLYN'), 12)
(('N.Y. HOUSING POLICE', ''), 11)
(('AMTRACK', 'QUEENS'), 10)
(('NYS DEPT TAX AND FINANCE', 'BRONX'), 10)
(('HEALTH & HOSP CORP', 'STATEN ISLAND'), 8)
(('CONRAIL', 'BRONX'), 8)
(('FIRE DEPT (FIRE MARSHAL)', 'MANHATTAN'), 8)
(('NYC PARKS', 'BRONX'), 8)
(('AMTRACK', 'BRONX'), 5)
(('NEW YORK CITY SHERIFF OFFICE', 'STATEN ISLAND'), 5)
(('FIRE DEPT (FIRE MARSHAL)', 'STATEN ISLAND'), 5)
(('DEPT OF CORRECTIONS', 'STATEN ISLAND'), 3)
(('NYC DEPT ENVIRONMENTAL PROTECTION', 'BRONX'), 3)
(('N.Y. STATE PARKS', 'STATEN ISLAND'), 2)
(('NYS DEPT TAX AND FINANCE', 'STATEN ISLAND'), 2)
(('N.Y. TRANSIT POLICE', ''), 2)
(('NYC DEPT ENVIRONMENTAL PROTECTION', 'BROOKLYN'), 2)
(('AMTRACK', 'BROOKLYN'), 2)
(('CONRAIL', 'QUEENS'), 2)
(('DISTRICT ATTORNEY OFFICE', 'BRONX'), 1)
(('STATN IS RAPID TRANS', 'BRONX'), 1)
(('NYC PARKS', 'STATEN ISLAND'), 1)
(('CONRAIL', 'BROOKLYN'), 1)
(('STATN IS RAPID TRANS', 'BROOKLYN'), 1)
(('POLICE DEPT NYC', ''), 1)
(('NYC DEPT ENVIRONMENTAL PROTECTION', 'MANHATTAN'), 1)
(('SEA GATE POLICE DEPT', 'BRONX'), 1)
