(('N.Y. POLICE DEPT', 'INSIDE'), 1697604)
(('N.Y. POLICE DEPT', 'FRONT OF'), 860152)
(('N.Y. POLICE DEPT', ''), 716960)
(('N.Y. HOUSING POLICE', 'INSIDE'), 186164)
(('N.Y. POLICE DEPT', 'OPPOSITE OF'), 108959)
(('N.Y. TRANSIT POLICE', ''), 75240)
(('N.Y. POLICE DEPT', 'REAR OF'), 74216)
(('N.Y. HOUSING POLICE', 'FRONT OF'), 63138)
(('N.Y. HOUSING POLICE', 'REAR OF'), 18258)
(('N.Y. HOUSING POLICE', 'OPPOSITE OF'), 10274)
(('PORT AUTHORITY', 'INSIDE'), 8736)
(('PORT AUTHORITY', ''), 8164)
(('OTHER', 'INSIDE'), 4852)
(('DEPT OF CORRECTIONS', 'INSIDE'), 3673)
(('POLICE DEPT NYC', 'INSIDE'), 2840)
(('PORT AUTHORITY', 'FRONT OF'), 2550)
(('HEALTH & HOSP CORP', 'INSIDE'), 2091)
(('TRI-BORO BRDG TUNNL', 'FRONT OF'), 2075)
(('POLICE DEPT NYC', 'FRONT OF'), 1762)
(('N.Y. HOUSING POLICE', ''), 1666)
(('OTHER', 'FRONT OF'), 1375)
(('TRI-BORO BRDG TUNNL', ''), 1367)
(('POLICE DEPT NYC', ''), 1297)
(('N.Y. STATE POLICE', 'INSIDE'), 843)
(('OTHER', ''), 714)
(('N.Y. TRANSIT POLICE', 'INSIDE'), 591)
(('OTHER', 'REAR OF'), 456)
(('POLICE DEPT NYC', 'OPPOSITE OF'), 311)
(('OTHER', 'OPPOSITE OF'), 310)
(('TRI-BORO BRDG TUNNL', 'INSIDE'), 277)
(('METRO NORTH', 'INSIDE'), 203)
(('POLICE DEPT NYC', 'REAR OF'), 192)
(('LONG ISLAND RAILRD', 'INSIDE'), 177)
(('HEALTH & HOSP CORP', 'FRONT OF'), 169)
(('PORT AUTHORITY', 'OPPOSITE OF'), 158)
(('N.Y. STATE POLICE', 'FRONT OF'), 129)
(('PORT AUTHORITY', 'REAR OF'), 124)
(('N.Y. POLICE DEPT', ' '), 123)
(('TRI-BORO BRDG TUNNL', 'OPPOSITE OF'), 118)
(('STATN IS RAPID TRANS', ''), 115)
(('N.Y. STATE PARKS', ''), 99)
(('NEW YORK CITY SHERIFF OFFICE', 'INSIDE'), 95)
(('LONG ISLAND RAILRD', ''), 88)
(('N.Y. STATE PARKS', 'INSIDE'), 82)
(('AMTRACK', 'INSIDE'), 81)
(('METRO NORTH', ''), 81)
(('NYC PARKS', ''), 72)
(('DEPT OF CORRECTIONS', 'FRONT OF'), 66)
(('METRO NORTH', 'FRONT OF'), 60)
(('N.Y. TRANSIT POLICE', 'FRONT OF'), 57)
(('U.S. PARK POLICE', ''), 48)
(('HEALTH & HOSP CORP', 'REAR OF'), 39)
(('FIRE DEPT (FIRE MARSHAL)', 'INSIDE'), 35)
(('N.Y. STATE POLICE', ''), 35)
(('U.S. PARK POLICE', 'INSIDE'), 32)
(('NYS DEPT TAX AND FINANCE', 'INSIDE'), 31)
(('METRO NORTH', 'OPPOSITE OF'), 30)
(('STATN IS RAPID TRANS', 'INSIDE'), 24)
(('N.Y. STATE PARKS', 'OPPOSITE OF'), 23)
(('NEW YORK CITY SHERIFF OFFICE', 'FRONT OF'), 22)
(('HEALTH & HOSP CORP', ''), 20)
(('N.Y. STATE PARKS', 'FRONT OF'), 20)
(('U.S. PARK POLICE', 'FRONT OF'), 19)
(('STATN IS RAPID TRANS', 'FRONT OF'), 19)
(('HEALTH & HOSP CORP', 'OPPOSITE OF'), 17)
(('NYS DEPT TAX AND FINANCE', 'FRONT OF'), 16)
(('N.Y. TRANSIT POLICE', ' '), 16)
(('FIRE DEPT (FIRE MARSHAL)', 'FRONT OF'), 16)
(('AMTRACK', ''), 15)
(('TRI-BORO BRDG TUNNL', 'REAR OF'), 13)
(('N.Y. STATE POLICE', 'REAR OF'), 11)
(('SEA GATE POLICE DEPT', 'INSIDE'), 11)
(('NYS DEPT TAX AND FINANCE', ''), 10)
(('NYC PARKS', 'INSIDE'), 10)
(('NEW YORK CITY SHERIFF OFFICE', ''), 10)
(('NYC PARKS', 'OPPOSITE OF'), 10)
(('SEA GATE POLICE DEPT', 'FRONT OF'), 10)
(('NYC PARKS', 'FRONT OF'), 8)
(('NEW YORK CITY SHERIFF OFFICE', 'OPPOSITE OF'), 6)
(('NYC PARKS', 'REAR OF'), 5)
(('N.Y. STATE POLICE', 'OPPOSITE OF'), 5)
(('LONG ISLAND RAILRD', 'FRONT OF'), 5)
(('NYC DEPT ENVIRONMENTAL PROTECTION', 'INSIDE'), 5)
(('FIRE DEPT (FIRE MARSHAL)', ''), 5)
(('METRO NORTH', 'REAR OF'), 4)
(('AMTRACK', 'OPPOSITE OF'), 4)
(('CONRAIL', 'FRONT OF'), 4)
(('CONRAIL', ''), 4)
(('FIRE DEPT (FIRE MARSHAL)', 'REAR OF'), 4)
(('N.Y. TRANSIT POLICE', 'REAR OF'), 4)
(('STATN IS RAPID TRANS', 'OPPOSITE OF'), 4)
(('CONRAIL', 'INSIDE'), 3)
(('LONG ISLAND RAILRD', 'REAR OF'), 3)
(('AMTRACK', 'FRONT OF'), 3)
(('SEA GATE POLICE DEPT', ''), 3)
(('U.S. PARK POLICE', 'REAR OF'), 2)
(('N.Y. TRANSIT POLICE', 'OPPOSITE OF'), 2)
(('FIRE DEPT (FIRE MARSHAL)', 'OPPOSITE OF'), 2)
(('DEPT OF CORRECTIONS', ''), 2)
(('NEW YORK CITY SHERIFF OFFICE', 'REAR OF'), 2)
(('NYS DEPT TAX AND FINANCE', 'REAR OF'), 2)
(('U.S. PARK POLICE', 'OPPOSITE OF'), 2)
(('STATN IS RAPID TRANS', 'REAR OF'), 1)
(('DEPT OF CORRECTIONS', 'REAR OF'), 1)
(('PORT AUTHORITY', ' '), 1)
(('SEA GATE POLICE DEPT', 'REAR OF'), 1)
(('N.Y. STATE PARKS', 'REAR OF'), 1)
(('LONG ISLAND RAILRD', 'OPPOSITE OF'), 1)
(('SEA GATE POLICE DEPT', 'OPPOSITE OF'), 1)
(('AMTRACK', 'REAR OF'), 1)
(('DISTRICT ATTORNEY OFFICE', 'INSIDE'), 1)
(('NYC DEPT ENVIRONMENTAL PROTECTION', ''), 1)
