(('N.Y. POLICE DEPT', '75'), 94154)
(('N.Y. POLICE DEPT', '120'), 75769)
(('N.Y. POLICE DEPT', '67'), 75517)
(('N.Y. POLICE DEPT', '52'), 71083)
(('N.Y. POLICE DEPT', '114'), 69492)
(('N.Y. POLICE DEPT', '70'), 69198)
(('N.Y. POLICE DEPT', '115'), 66677)
(('N.Y. POLICE DEPT', '14'), 66584)
(('N.Y. POLICE DEPT', '46'), 65067)
(('N.Y. POLICE DEPT', '109'), 63999)
(('N.Y. POLICE DEPT', '104'), 63224)
(('N.Y. POLICE DEPT', '43'), 61137)
(('N.Y. POLICE DEPT', '102'), 60153)
(('N.Y. POLICE DEPT', '18'), 59862)
(('N.Y. POLICE DEPT', '110'), 59633)
(('N.Y. POLICE DEPT', '44'), 59337)
(('N.Y. POLICE DEPT', '105'), 57908)
(('N.Y. POLICE DEPT', '103'), 55466)
(('N.Y. POLICE DEPT', '71'), 55025)
(('N.Y. POLICE DEPT', '47'), 54437)
(('N.Y. POLICE DEPT', '19'), 54007)
(('N.Y. POLICE DEPT', '83'), 52861)
(('N.Y. POLICE DEPT', '48'), 52709)
(('N.Y. POLICE DEPT', '61'), 52555)
(('N.Y. POLICE DEPT', '73'), 52137)
(('N.Y. POLICE DEPT', '41'), 50112)
(('N.Y. POLICE DEPT', '40'), 50099)
(('N.Y. POLICE DEPT', '1'), 48985)
(('N.Y. POLICE DEPT', '122'), 48880)
(('N.Y. POLICE DEPT', '13'), 48781)
(('N.Y. POLICE DEPT', '113'), 48746)
(('N.Y. POLICE DEPT', '62'), 48718)
(('N.Y. POLICE DEPT', '49'), 47953)
(('N.Y. POLICE DEPT', '79'), 47515)
(('N.Y. POLICE DEPT', '77'), 47065)
(('N.Y. POLICE DEPT', '90'), 46532)
(('N.Y. POLICE DEPT', '66'), 46466)
(('N.Y. POLICE DEPT', '45'), 46314)
(('N.Y. POLICE DEPT', '106'), 44982)
(('N.Y. POLICE DEPT', '72'), 44362)
(('N.Y. POLICE DEPT', '63'), 44015)
(('N.Y. POLICE DEPT', '108'), 43902)
(('N.Y. POLICE DEPT', '81'), 42609)
(('N.Y. POLICE DEPT', '6'), 42491)
(('N.Y. POLICE DEPT', '107'), 41387)
(('N.Y. POLICE DEPT', '34'), 41074)
(('N.Y. POLICE DEPT', '42'), 41065)
(('N.Y. POLICE DEPT', '9'), 39713)
(('N.Y. POLICE DEPT', '68'), 39473)
(('N.Y. POLICE DEPT', '60'), 39173)
(('N.Y. POLICE DEPT', '50'), 37677)
(('N.Y. POLICE DEPT', '24'), 35506)
(('N.Y. POLICE DEPT', '84'), 35489)
(('N.Y. POLICE DEPT', '69'), 34917)
(('N.Y. POLICE DEPT', '25'), 33766)
(('N.Y. POLICE DEPT', '32'), 33420)
(('N.Y. POLICE DEPT', '30'), 32965)
(('N.Y. POLICE DEPT', '101'), 32840)
(('N.Y. POLICE DEPT', '88'), 31499)
(('N.Y. POLICE DEPT', '10'), 31487)
(('N.Y. POLICE DEPT', '20'), 31482)
(('N.Y. POLICE DEPT', '5'), 31163)
(('N.Y. POLICE DEPT', '112'), 30820)
(('N.Y. POLICE DEPT', '111'), 30382)
(('N.Y. POLICE DEPT', '94'), 29475)
(('N.Y. POLICE DEPT', '78'), 28929)
(('N.Y. POLICE DEPT', '28'), 28461)
(('N.Y. POLICE DEPT', '33'), 27295)
(('N.Y. POLICE DEPT', '123'), 26254)
(('N.Y. POLICE DEPT', '17'), 25278)
(('N.Y. POLICE DEPT', '7'), 24462)
(('N.Y. POLICE DEPT', '23'), 23904)
(('N.Y. POLICE DEPT', '100'), 22171)
(('N.Y. HOUSING POLICE', '40'), 19711)
(('N.Y. HOUSING POLICE', '23'), 19464)
(('N.Y. POLICE DEPT', '76'), 19081)
(('N.Y. HOUSING POLICE', '73'), 18676)
(('N.Y. POLICE DEPT', '26'), 18527)
(('N.Y. POLICE DEPT', '121'), 18408)
(('N.Y. HOUSING POLICE', '75'), 14295)
(('N.Y. HOUSING POLICE', '43'), 13903)
(('N.Y. HOUSING POLICE', '42'), 11711)
(('N.Y. HOUSING POLICE', '79'), 11646)
(('N.Y. HOUSING POLICE', '32'), 11467)
(('PORT AUTHORITY', '113'), 11338)
(('N.Y. HOUSING POLICE', '114'), 10313)
(('N.Y. HOUSING POLICE', '60'), 9350)
(('N.Y. HOUSING POLICE', '25'), 8847)
(('N.Y. HOUSING POLICE', '7'), 8707)
(('N.Y. HOUSING POLICE', '90'), 8684)
(('N.Y. TRANSIT POLICE', '14'), 8020)
(('N.Y. HOUSING POLICE', '9'), 7273)
(('N.Y. HOUSING POLICE', '76'), 6507)
(('N.Y. HOUSING POLICE', '26'), 5637)
(('N.Y. HOUSING POLICE', '77'), 5615)
(('N.Y. HOUSING POLICE', '24'), 5589)
(('N.Y. HOUSING POLICE', '88'), 5314)
(('N.Y. HOUSING POLICE', '120'), 5240)
(('N.Y. HOUSING POLICE', '69'), 4872)
(('N.Y. HOUSING POLICE', '101'), 4691)
(('N.Y. HOUSING POLICE', '47'), 4646)
(('PORT AUTHORITY', '14'), 4582)
(('N.Y. HOUSING POLICE', '28'), 4368)
(('N.Y. HOUSING POLICE', '81'), 3923)
(('N.Y. HOUSING POLICE', '49'), 3822)
(('N.Y. POLICE DEPT', '22'), 3743)
(('N.Y. HOUSING POLICE', '61'), 3611)
(('N.Y. TRANSIT POLICE', '13'), 3464)
(('DEPT OF CORRECTIONS', '41'), 3173)
(('N.Y. HOUSING POLICE', '10'), 2969)
(('N.Y. TRANSIT POLICE', '25'), 2965)
(('N.Y. TRANSIT POLICE', '1'), 2722)
(('N.Y. HOUSING POLICE', '84'), 2669)
(('N.Y. TRANSIT POLICE', '84'), 2651)
(('N.Y. HOUSING POLICE', '45'), 2609)
(('N.Y. HOUSING POLICE', '50'), 2579)
(('N.Y. HOUSING POLICE', '107'), 2551)
(('N.Y. HOUSING POLICE', '44'), 2456)
(('N.Y. HOUSING POLICE', '5'), 2404)
(('PORT AUTHORITY', '115'), 2342)
(('N.Y. TRANSIT POLICE', '18'), 2290)
(('N.Y. TRANSIT POLICE', '73'), 2190)
(('POLICE DEPT NYC', '49'), 2129)
(('N.Y. TRANSIT POLICE', '40'), 2120)
(('N.Y. HOUSING POLICE', '122'), 1957)
(('N.Y. HOUSING POLICE', '100'), 1921)
(('N.Y. HOUSING POLICE', '103'), 1805)
(('N.Y. HOUSING POLICE', '20'), 1749)
(('N.Y. TRANSIT POLICE', '5'), 1688)
(('N.Y. HOUSING POLICE', '46'), 1684)
(('N.Y. TRANSIT POLICE', '6'), 1640)
(('N.Y. TRANSIT POLICE', '77'), 1586)
(('N.Y. TRANSIT POLICE', '52'), 1576)
(('N.Y. TRANSIT POLICE', '75'), 1533)
(('N.Y. HOUSING POLICE', '83'), 1473)
(('N.Y. TRANSIT POLICE', '103'), 1465)
(('N.Y. TRANSIT POLICE', '28'), 1461)
(('N.Y. TRANSIT POLICE', '44'), 1435)
(('N.Y. TRANSIT POLICE', '108'), 1401)
(('N.Y. HOUSING POLICE', '63'), 1389)
(('N.Y. HOUSING POLICE', '48'), 1362)
(('N.Y. HOUSING POLICE', '94'), 1316)
(('N.Y. TRANSIT POLICE', '79'), 1253)
(('N.Y. TRANSIT POLICE', '46'), 1224)
(('N.Y. HOUSING POLICE', '78'), 1212)
(('N.Y. TRANSIT POLICE', '19'), 1149)
(('N.Y. HOUSING POLICE', '19'), 1132)
(('N.Y. TRANSIT POLICE', '17'), 1117)
(('N.Y. TRANSIT POLICE', '26'), 1101)
(('POLICE DEPT NYC', '60'), 1095)
(('N.Y. TRANSIT POLICE', '24'), 1066)
(('N.Y. TRANSIT POLICE', '115'), 1057)
(('N.Y. TRANSIT POLICE', '70'), 990)
(('N.Y. TRANSIT POLICE', '60'), 973)
(('N.Y. HOUSING POLICE', '34'), 968)
(('N.Y. TRANSIT POLICE', '41'), 962)
(('N.Y. TRANSIT POLICE', '88'), 949)
(('N.Y. TRANSIT POLICE', '90'), 949)
(('TRI-BORO BRDG TUNNL', '25'), 948)
(('N.Y. TRANSIT POLICE', '33'), 939)
(('N.Y. TRANSIT POLICE', '112'), 928)
(('N.Y. TRANSIT POLICE', '30'), 902)
(('N.Y. TRANSIT POLICE', '47'), 882)
(('N.Y. TRANSIT POLICE', '110'), 875)
(('TRI-BORO BRDG TUNNL', '45'), 872)
(('N.Y. HOUSING POLICE', '41'), 872)
(('N.Y. TRANSIT POLICE', '71'), 830)
(('N.Y. TRANSIT POLICE', '114'), 820)
(('N.Y. TRANSIT POLICE', '34'), 814)
(('N.Y. TRANSIT POLICE', '10'), 803)
(('N.Y. TRANSIT POLICE', '20'), 787)
(('N.Y. TRANSIT POLICE', '78'), 777)
(('N.Y. TRANSIT POLICE', '106'), 771)
(('N.Y. HOUSING POLICE', '109'), 738)
(('N.Y. TRANSIT POLICE', '81'), 725)
(('OTHER', '25'), 703)
(('N.Y. TRANSIT POLICE', '72'), 687)
(('N.Y. TRANSIT POLICE', '83'), 683)
(('N.Y. TRANSIT POLICE', '107'), 680)
(('N.Y. TRANSIT POLICE', '62'), 666)
(('POLICE DEPT NYC', '7'), 665)
(('N.Y. TRANSIT POLICE', '7'), 650)
(('N.Y. HOUSING POLICE', '13'), 649)
(('N.Y. TRANSIT POLICE', '23'), 623)
(('N.Y. HOUSING POLICE', '33'), 603)
(('N.Y. HOUSING POLICE', '113'), 589)
(('TRI-BORO BRDG TUNNL', '108'), 557)
(('HEALTH & HOSP CORP', '71'), 546)
(('N.Y. TRANSIT POLICE', '32'), 540)
(('N.Y. STATE POLICE', '106'), 537)
(('TRI-BORO BRDG TUNNL', '122'), 535)
(('N.Y. TRANSIT POLICE', '100'), 534)
(('N.Y. TRANSIT POLICE', '61'), 525)
(('N.Y. TRANSIT POLICE', '49'), 502)
(('N.Y. TRANSIT POLICE', '48'), 499)
(('N.Y. TRANSIT POLICE', '94'), 495)
(('N.Y. TRANSIT POLICE', '102'), 492)
(('N.Y. TRANSIT POLICE', '43'), 456)
(('N.Y. TRANSIT POLICE', '9'), 453)
(('OTHER', '44'), 442)
(('N.Y. HOUSING POLICE', '121'), 442)
(('PORT AUTHORITY', '1'), 428)
(('OTHER', '45'), 426)
(('POLICE DEPT NYC', '30'), 424)
(('N.Y. TRANSIT POLICE', '66'), 413)
(('N.Y. TRANSIT POLICE', '42'), 409)
(('OTHER', '13'), 400)
(('N.Y. TRANSIT POLICE', '109'), 396)
(('N.Y. HOUSING POLICE', '30'), 396)
(('TRI-BORO BRDG TUNNL', '114'), 386)
(('OTHER', '43'), 380)
(('HEALTH & HOSP CORP', '13'), 377)
(('POLICE DEPT NYC', '71'), 343)
(('N.Y. TRANSIT POLICE', '101'), 341)
(('HEALTH & HOSP CORP', '49'), 332)
(('N.Y. TRANSIT POLICE', '104'), 323)
(('N.Y. TRANSIT POLICE', '69'), 320)
(('N.Y. TRANSIT POLICE', '68'), 312)
(('N.Y. HOUSING POLICE', '18'), 301)
(('N.Y. TRANSIT POLICE', '45'), 291)
(('N.Y. TRANSIT POLICE', '67'), 285)
(('PORT AUTHORITY', '10'), 274)
(('DEPT OF CORRECTIONS', '5'), 273)
(('N.Y. TRANSIT POLICE', '50'), 270)
(('OTHER', '60'), 267)
(('PORT AUTHORITY', '33'), 266)
(('N.Y. HOUSING POLICE', '52'), 266)
(('OTHER', '71'), 216)
(('N.Y. HOUSING POLICE', '67'), 215)
(('N.Y. TRANSIT POLICE', '76'), 213)
(('N.Y. POLICE DEPT', ''), 210)
(('OTHER', '41'), 209)
(('TRI-BORO BRDG TUNNL', '17'), 209)
(('OTHER', '73'), 194)
(('PORT AUTHORITY', '6'), 191)
(('OTHER', '84'), 191)
(('HEALTH & HOSP CORP', '60'), 182)
(('OTHER', '75'), 180)
(('OTHER', '46'), 176)
(('HEALTH & HOSP CORP', '32'), 174)
(('OTHER', '40'), 170)
(('LONG ISLAND RAILRD', '14'), 168)
(('N.Y. HOUSING POLICE', '71'), 158)
(('HEALTH & HOSP CORP', '40'), 149)
(('DEPT OF CORRECTIONS', '84'), 147)
(('OTHER', '105'), 146)
(('N.Y. STATE POLICE', '10'), 146)
(('OTHER', '77'), 143)
(('N.Y. STATE POLICE', '49'), 141)
(('HEALTH & HOSP CORP', '23'), 136)
(('HEALTH & HOSP CORP', '110'), 136)
(('OTHER', '52'), 132)
(('OTHER', '120'), 132)
(('OTHER', '110'), 132)
(('POLICE DEPT NYC', '120'), 129)
(('N.Y. HOUSING POLICE', '112'), 129)
(('OTHER', '103'), 125)
(('TRI-BORO BRDG TUNNL', '76'), 123)
(('OTHER', '48'), 120)
(('N.Y. STATE PARKS', '30'), 117)
(('OTHER', '122'), 115)
(('HEALTH & HOSP CORP', '79'), 114)
(('OTHER', '47'), 112)
(('OTHER', '114'), 111)
(('OTHER', '5'), 107)
(('OTHER', '67'), 102)
(('POLICE DEPT NYC', '123'), 101)
(('POLICE DEPT NYC', '50'), 99)
(('OTHER', '1'), 97)
(('HEALTH & HOSP CORP', '114'), 95)
(('STATN IS RAPID TRANS', '122'), 94)
(('POLICE DEPT NYC', '75'), 92)
(('OTHER', '113'), 91)
(('TRI-BORO BRDG TUNNL', '109'), 90)
(('METRO NORTH', '14'), 90)
(('OTHER', '61'), 87)
(('OTHER', '49'), 85)
(('AMTRACK', '14'), 83)
(('PORT AUTHORITY', '13'), 73)
(('POLICE DEPT NYC', '102'), 73)
(('OTHER', '106'), 72)
(('POLICE DEPT NYC', '103'), 67)
(('OTHER', '102'), 67)
(('OTHER', '88'), 65)
(('OTHER', '42'), 65)
(('OTHER', '108'), 64)
(('DEPT OF CORRECTIONS', '44'), 64)
(('OTHER', '109'), 61)
(('OTHER', '33'), 60)
(('OTHER', '104'), 54)
(('OTHER', '94'), 54)
(('POLICE DEPT NYC', '52'), 53)
(('POLICE DEPT NYC', '48'), 53)
(('POLICE DEPT NYC', '40'), 53)
(('OTHER', '68'), 52)
(('OTHER', '115'), 52)
(('OTHER', '81'), 52)
(('OTHER', '90'), 51)
(('OTHER', '66'), 49)
(('OTHER', '83'), 49)
(('POLICE DEPT NYC', '47'), 48)
(('POLICE DEPT NYC', '14'), 48)
(('OTHER', '19'), 47)
(('OTHER', '6'), 46)
(('OTHER', '62'), 45)
(('OTHER', '70'), 44)
(('POLICE DEPT NYC', '83'), 43)
(('POLICE DEPT NYC', '44'), 43)
(('OTHER', '123'), 43)
(('OTHER', '34'), 42)
(('N.Y. STATE POLICE', '67'), 42)
(('OTHER', '72'), 42)
(('OTHER', '79'), 41)
(('OTHER', '30'), 41)
(('OTHER', '101'), 41)
(('POLICE DEPT NYC', '1'), 39)
(('POLICE DEPT NYC', '46'), 39)
(('OTHER', '50'), 39)
(('OTHER', '63'), 38)
(('OTHER', '107'), 38)
(('STATN IS RAPID TRANS', '123'), 36)
(('POLICE DEPT NYC', '45'), 36)
(('OTHER', '111'), 35)
(('N.Y. STATE PARKS', '46'), 33)
(('OTHER', '32'), 33)
(('OTHER', '10'), 33)
(('OTHER', '26'), 32)
(('POLICE DEPT NYC', '10'), 32)
(('TRI-BORO BRDG TUNNL', '1'), 32)
(('PORT AUTHORITY', '34'), 31)
(('STATN IS RAPID TRANS', '120'), 31)
(('OTHER', '69'), 31)
(('OTHER', '23'), 30)
(('PORT AUTHORITY', '120'), 30)
(('OTHER', '17'), 29)
(('OTHER', '78'), 28)
(('OTHER', '100'), 28)
(('POLICE DEPT NYC', '61'), 28)
(('POLICE DEPT NYC', '105'), 28)
(('POLICE DEPT NYC', '43'), 28)
(('PORT AUTHORITY', '76'), 28)
(('U.S. PARK POLICE', '100'), 27)
(('TRI-BORO BRDG TUNNL', '68'), 26)
(('OTHER', '24'), 26)
(('TRI-BORO BRDG TUNNL', '34'), 26)
(('OTHER', '112'), 25)
(('SEA GATE POLICE DEPT', '60'), 25)
(('OTHER', '121'), 25)
(('POLICE DEPT NYC', '26'), 25)
(('METRO NORTH', '66'), 24)
(('POLICE DEPT NYC', '13'), 24)
(('OTHER', '14'), 24)
(('N.Y. STATE POLICE', '25'), 24)
(('POLICE DEPT NYC', '69'), 24)
(('PORT AUTHORITY', '123'), 24)
(('POLICE DEPT NYC', '41'), 24)
(('PORT AUTHORITY', '121'), 23)
(('DEPT OF CORRECTIONS', '102'), 23)
(('POLICE DEPT NYC', '9'), 23)
(('OTHER', '18'), 22)
(('OTHER', '76'), 22)
(('LONG ISLAND RAILRD', '103'), 22)
(('DEPT OF CORRECTIONS', '13'), 21)
(('OTHER', '28'), 21)
(('OTHER', '9'), 20)
(('HEALTH & HOSP CORP', '107'), 19)
(('NYC PARKS', '1'), 19)
(('POLICE DEPT NYC', '62'), 19)
(('N.Y. HOUSING POLICE', '105'), 19)
(('HEALTH & HOSP CORP', '52'), 19)
(('POLICE DEPT NYC', '25'), 19)
(('POLICE DEPT NYC', '23'), 19)
(('NYC PARKS', '100'), 18)
(('POLICE DEPT NYC', '18'), 18)
(('U.S. PARK POLICE', '63'), 18)
(('U.S. PARK POLICE', '1'), 17)
(('POLICE DEPT NYC', '122'), 17)
(('POLICE DEPT NYC', '77'), 17)
(('POLICE DEPT NYC', '73'), 17)
(('POLICE DEPT NYC', '114'), 17)
(('OTHER', '20'), 17)
(('POLICE DEPT NYC', '72'), 16)
(('NYC PARKS', '60'), 15)
(('POLICE DEPT NYC', '115'), 15)
(('POLICE DEPT NYC', '5'), 15)
(('POLICE DEPT NYC', '6'), 15)
(('POLICE DEPT NYC', '67'), 15)
(('POLICE DEPT NYC', '70'), 15)
(('PORT AUTHORITY', '103'), 14)
(('METRO NORTH', '50'), 14)
(('POLICE DEPT NYC', '33'), 14)
(('POLICE DEPT NYC', '28'), 14)
(('POLICE DEPT NYC', '32'), 14)
(('OTHER', '7'), 14)
(('METRO NORTH', '52'), 13)
(('POLICE DEPT NYC', '113'), 13)
(('POLICE DEPT NYC', '104'), 13)
(('DEPT OF CORRECTIONS', '110'), 13)
(('POLICE DEPT NYC', '63'), 12)
(('METRO NORTH', '48'), 12)
(('LONG ISLAND RAILRD', '111'), 12)
(('PORT AUTHORITY', '122'), 12)
(('POLICE DEPT NYC', '42'), 12)
(('N.Y. HOUSING POLICE', '1'), 12)
(('TRI-BORO BRDG TUNNL', '40'), 12)
(('METRO NORTH', '44'), 12)
(('METRO NORTH', '1'), 12)
(('N.Y. STATE POLICE', '105'), 11)
(('METRO NORTH', '25'), 11)
(('POLICE DEPT NYC', '20'), 11)
(('N.Y. HOUSING POLICE', ''), 11)
(('LONG ISLAND RAILRD', '88'), 11)
(('METRO NORTH', '34'), 10)
(('N.Y. STATE PARKS', '50'), 10)
(('POLICE DEPT NYC', '108'), 9)
(('POLICE DEPT NYC', '24'), 9)
(('U.S. PARK POLICE', '122'), 9)
(('POLICE DEPT NYC', '84'), 9)
(('LONG ISLAND RAILRD', '109'), 9)
(('NYC PARKS', '109'), 9)
(('POLICE DEPT NYC', '76'), 9)
(('METRO NORTH', '122'), 9)
(('DEPT OF CORRECTIONS', '114'), 8)
(('POLICE DEPT NYC', '19'), 8)
(('METRO NORTH', '109'), 8)
(('CONRAIL', '41'), 8)
(('POLICE DEPT NYC', '106'), 8)
(('POLICE DEPT NYC', '111'), 8)
(('HEALTH & HOSP CORP', '105'), 8)
(('POLICE DEPT NYC', '34'), 8)
(('POLICE DEPT NYC', '112'), 8)
(('AMTRACK', '114'), 8)
(('POLICE DEPT NYC', '94'), 8)
(('N.Y. STATE POLICE', '120'), 8)
(('LONG ISLAND RAILRD', '108'), 8)
(('TRI-BORO BRDG TUNNL', '100'), 8)
(('METRO NORTH', '19'), 8)
(('HEALTH & HOSP CORP', '122'), 7)
(('METRO NORTH', '18'), 7)
(('NEW YORK CITY SHERIFF OFFICE', '84'), 7)
(('METRO NORTH', '120'), 7)
(('POLICE DEPT NYC', '110'), 7)
(('POLICE DEPT NYC', '107'), 7)
(('PORT AUTHORITY', '49'), 7)
(('METRO NORTH', '46'), 7)
(('N.Y. HOUSING POLICE', '106'), 7)
(('OTHER', '22'), 7)
(('N.Y. STATE POLICE', '71'), 7)
(('LONG ISLAND RAILRD', '73'), 7)
(('POLICE DEPT NYC', '81'), 7)
(('U.S. PARK POLICE', '120'), 7)
(('NEW YORK CITY SHERIFF OFFICE', '25'), 7)
(('HEALTH & HOSP CORP', '33'), 7)
(('N.Y. STATE PARKS', '10'), 6)
(('HEALTH & HOSP CORP', '88'), 6)
(('METRO NORTH', '13'), 6)
(('N.Y. STATE PARKS', '108'), 6)
(('NEW YORK CITY SHERIFF OFFICE', '102'), 6)
(('FIRE DEPT (FIRE MARSHAL)', '81'), 6)
(('NEW YORK CITY SHERIFF OFFICE', '42'), 6)
(('POLICE DEPT NYC', '109'), 6)
(('U.S. PARK POLICE', '69'), 6)
(('METRO NORTH', '49'), 6)
(('POLICE DEPT NYC', '68'), 6)
(('METRO NORTH', '123'), 6)
(('POLICE DEPT NYC', '66'), 6)
(('U.S. PARK POLICE', '106'), 6)
(('POLICE DEPT NYC', '79'), 6)
(('NEW YORK CITY SHERIFF OFFICE', '81'), 5)
(('NYC PARKS', '101'), 5)
(('NEW YORK CITY SHERIFF OFFICE', '40'), 5)
(('POLICE DEPT NYC', '90'), 5)
(('METRO NORTH', '62'), 5)
(('N.Y. STATE POLICE', '44'), 5)
(('N.Y. STATE PARKS', '100'), 5)
(('NEW YORK CITY SHERIFF OFFICE', '62'), 5)
(('N.Y. STATE POLICE', '115'), 5)
(('N.Y. STATE PARKS', '24'), 5)
(('PORT AUTHORITY', '114'), 5)
(('PORT AUTHORITY', '18'), 5)
(('POLICE DEPT NYC', '101'), 5)
(('METRO NORTH', '40'), 5)
(('POLICE DEPT NYC', '88'), 5)
(('TRI-BORO BRDG TUNNL', '50'), 5)
(('LONG ISLAND RAILRD', '105'), 5)
(('NEW YORK CITY SHERIFF OFFICE', '67'), 5)
(('LONG ISLAND RAILRD', '112'), 5)
(('N.Y. STATE PARKS', '94'), 5)
(('NYS DEPT TAX AND FINANCE', '72'), 4)
(('METRO NORTH', '114'), 4)
(('DEPT OF CORRECTIONS', '40'), 4)
(('NYC PARKS', '22'), 4)
(('N.Y. STATE POLICE', '47'), 4)
(('NEW YORK CITY SHERIFF OFFICE', '63'), 4)
(('LONG ISLAND RAILRD', '79'), 4)
(('HEALTH & HOSP CORP', '67'), 4)
(('POLICE DEPT NYC', '78'), 4)
(('N.Y. STATE PARKS', '26'), 4)
(('TRI-BORO BRDG TUNNL', '120'), 4)
(('NEW YORK CITY SHERIFF OFFICE', '60'), 4)
(('LONG ISLAND RAILRD', '102'), 4)
(('FIRE DEPT (FIRE MARSHAL)', '47'), 4)
(('NEW YORK CITY SHERIFF OFFICE', '75'), 4)
(('N.Y. STATE PARKS', '33'), 4)
(('FIRE DEPT (FIRE MARSHAL)', '43'), 4)
(('NEW YORK CITY SHERIFF OFFICE', '73'), 4)
(('N.Y. STATE POLICE', '40'), 4)
(('PORT AUTHORITY', '25'), 4)
(('METRO NORTH', '6'), 4)
(('METRO NORTH', '105'), 4)
(('METRO NORTH', '67'), 4)
(('N.Y. STATE POLICE', '110'), 4)
(('PORT AUTHORITY', '44'), 4)
(('METRO NORTH', '43'), 4)
(('N.Y. STATE POLICE', '45'), 4)
(('NEW YORK CITY SHERIFF OFFICE', '103'), 4)
(('METRO NORTH', '81'), 4)
(('METRO NORTH', '30'), 4)
(('PORT AUTHORITY', '5'), 4)
(('N.Y. STATE PARKS', '18'), 3)
(('FIRE DEPT (FIRE MARSHAL)', '122'), 3)
(('NYS DEPT TAX AND FINANCE', '107'), 3)
(('N.Y. STATE POLICE', '114'), 3)
(('TRI-BORO BRDG TUNNL', '63'), 3)
(('METRO NORTH', '83'), 3)
(('FIRE DEPT (FIRE MARSHAL)', '44'), 3)
(('METRO NORTH', '103'), 3)
(('METRO NORTH', '28'), 3)
(('NEW YORK CITY SHERIFF OFFICE', '79'), 3)
(('LONG ISLAND RAILRD', '113'), 3)
(('PORT AUTHORITY', '101'), 3)
(('METRO NORTH', '42'), 3)
(('POLICE DEPT NYC', '121'), 3)
(('FIRE DEPT (FIRE MARSHAL)', '105'), 3)
(('NYS DEPT TAX AND FINANCE', '68'), 3)
(('HEALTH & HOSP CORP', '34'), 3)
(('METRO NORTH', '73'), 3)
(('N.Y. STATE POLICE', '111'), 3)
(('N.Y. HOUSING POLICE', '102'), 3)
(('N.Y. STATE POLICE', '73'), 3)
(('NYC PARKS', '110'), 3)
(('NEW YORK CITY SHERIFF OFFICE', '46'), 3)
(('METRO NORTH', '26'), 3)
(('NEW YORK CITY SHERIFF OFFICE', '1'), 3)
(('N.Y. STATE PARKS', '13'), 3)
(('N.Y. STATE POLICE', '122'), 3)
(('N.Y. STATE POLICE', '75'), 3)
(('NEW YORK CITY SHERIFF OFFICE', '77'), 3)
(('LONG ISLAND RAILRD', '75'), 3)
(('METRO NORTH', '68'), 3)
(('METRO NORTH', '9'), 3)
(('N.Y. STATE POLICE', '46'), 3)
(('NYS DEPT TAX AND FINANCE', '73'), 3)
(('NYC PARKS', '6'), 3)
(('NEW YORK CITY SHERIFF OFFICE', '44'), 3)
(('PORT AUTHORITY', '52'), 3)
(('METRO NORTH', '102'), 3)
(('PORT AUTHORITY', '41'), 3)
(('N.Y. STATE POLICE', '113'), 3)
(('NYC PARKS', '25'), 3)
(('N.Y. STATE POLICE', '66'), 3)
(('N.Y. STATE POLICE', '104'), 3)
(('NYC PARKS', '18'), 3)
(('METRO NORTH', '41'), 3)
(('DEPT OF CORRECTIONS', '19'), 3)
(('LONG ISLAND RAILRD', '110'), 3)
(('U.S. PARK POLICE', '24'), 3)
(('METRO NORTH', '23'), 3)
(('N.Y. STATE POLICE', '23'), 3)
(('NYC DEPT ENVIRONMENTAL PROTECTION', '41'), 3)
(('DEPT OF CORRECTIONS', '33'), 3)
(('METRO NORTH', '70'), 3)
(('N.Y. STATE POLICE', '6'), 3)
(('NEW YORK CITY SHERIFF OFFICE', '43'), 3)
(('DEPT OF CORRECTIONS', '120'), 3)
(('N.Y. STATE POLICE', '52'), 3)
(('N.Y. STATE POLICE', '43'), 3)
(('FIRE DEPT (FIRE MARSHAL)', '48'), 3)
(('N.Y. STATE POLICE', '94'), 3)
(('NEW YORK CITY SHERIFF OFFICE', '114'), 3)
(('NEW YORK CITY SHERIFF OFFICE', '121'), 3)
(('N.Y. STATE POLICE', '109'), 3)
(('NYS DEPT TAX AND FINANCE', '34'), 3)
(('TRI-BORO BRDG TUNNL', '111'), 2)
(('PORT AUTHORITY', '32'), 2)
(('U.S. PARK POLICE', '61'), 2)
(('METRO NORTH', '84'), 2)
(('N.Y. STATE POLICE', '84'), 2)
(('METRO NORTH', '113'), 2)
(('FIRE DEPT (FIRE MARSHAL)', '42'), 2)
(('NYS DEPT TAX AND FINANCE', '45'), 2)
(('N.Y. STATE POLICE', '41'), 2)
(('NEW YORK CITY SHERIFF OFFICE', '72'), 2)
(('NEW YORK CITY SHERIFF OFFICE', '94'), 2)
(('NYC PARKS', '24'), 2)
(('NYC PARKS', '115'), 2)
(('POLICE DEPT NYC', '100'), 2)
(('NEW YORK CITY SHERIFF OFFICE', '110'), 2)
(('METRO NORTH', '72'), 2)
(('NYS DEPT TAX AND FINANCE', '61'), 2)
(('U.S. PARK POLICE', '108'), 2)
(('NYC PARKS', '44'), 2)
(('NEW YORK CITY SHERIFF OFFICE', '105'), 2)
(('N.Y. STATE POLICE', '72'), 2)
(('FIRE DEPT (FIRE MARSHAL)', '113'), 2)
(('NYC PARKS', '20'), 2)
(('NEW YORK CITY SHERIFF OFFICE', '90'), 2)
(('N.Y. STATE POLICE', '81'), 2)
(('POLICE DEPT NYC', '17'), 2)
(('METRO NORTH', '45'), 2)
(('NEW YORK CITY SHERIFF OFFICE', '61'), 2)
(('FIRE DEPT (FIRE MARSHAL)', '120'), 2)
(('N.Y. STATE PARKS', '123'), 2)
(('NEW YORK CITY SHERIFF OFFICE', '109'), 2)
(('PORT AUTHORITY', '71'), 2)
(('METRO NORTH', '76'), 2)
(('METRO NORTH', '69'), 2)
(('METRO NORTH', '32'), 2)
(('NYS DEPT TAX AND FINANCE', '110'), 2)
(('AMTRACK', '108'), 2)
(('U.S. PARK POLICE', '113'), 2)
(('HEALTH & HOSP CORP', '75'), 2)
(('METRO NORTH', '90'), 2)
(('HEALTH & HOSP CORP', '6'), 2)
(('NEW YORK CITY SHERIFF OFFICE', '104'), 2)
(('NYS DEPT TAX AND FINANCE', '1'), 2)
(('METRO NORTH', '111'), 2)
(('NEW YORK CITY SHERIFF OFFICE', '7'), 2)
(('N.Y. STATE PARKS', '106'), 2)
(('NEW YORK CITY SHERIFF OFFICE', '71'), 2)
(('METRO NORTH', '20'), 2)
(('N.Y. TRANSIT POLICE', ''), 2)
(('METRO NORTH', '106'), 2)
(('NEW YORK CITY SHERIFF OFFICE', '66'), 2)
(('N.Y. HOUSING POLICE', '115'), 2)
(('NEW YORK CITY SHERIFF OFFICE', '48'), 2)
(('NYS DEPT TAX AND FINANCE', '102'), 2)
(('FIRE DEPT (FIRE MARSHAL)', '52'), 2)
(('HEALTH & HOSP CORP', '70'), 2)
(('PORT AUTHORITY', '110'), 2)
(('FIRE DEPT (FIRE MARSHAL)', '83'), 2)
(('METRO NORTH', '108'), 2)
(('N.Y. STATE POLICE', '88'), 2)
(('AMTRACK', '10'), 2)
(('TRI-BORO BRDG TUNNL', '19'), 2)
(('PORT AUTHORITY', '107'), 2)
(('HEALTH & HOSP CORP', '25'), 2)
(('FIRE DEPT (FIRE MARSHAL)', '103'), 2)
(('N.Y. STATE POLICE', '108'), 2)
(('NEW YORK CITY SHERIFF OFFICE', '68'), 2)
(('AMTRACK', '45'), 2)
(('METRO NORTH', '24'), 2)
(('PORT AUTHORITY', '112'), 2)
(('N.Y. STATE POLICE', '77'), 2)
(('HEALTH & HOSP CORP', '30'), 2)
(('N.Y. STATE PARKS', '60'), 2)
(('PORT AUTHORITY', '70'), 2)
(('N.Y. STATE PARKS', '102'), 2)
(('PORT AUTHORITY', '105'), 2)
(('NYS DEPT TAX AND FINANCE', '111'), 2)
(('NEW YORK CITY SHERIFF OFFICE', '108'), 2)
(('N.Y. STATE PARKS', '115'), 2)
(('NYS DEPT TAX AND FINANCE', '122'), 1)
(('NYS DEPT TAX AND FINANCE', '44'), 1)
(('METRO NORTH', '79'), 1)
(('HEALTH & HOSP CORP', '50'), 1)
(('METRO NORTH', '71'), 1)
(('PORT AUTHORITY', '83'), 1)
(('TRI-BORO BRDG TUNNL', '5'), 1)
(('NEW YORK CITY SHERIFF OFFICE', '106'), 1)
(('NYS DEPT TAX AND FINANCE', '108'), 1)
(('FIRE DEPT (FIRE MARSHAL)', '14'), 1)
(('HEALTH & HOSP CORP', '72'), 1)
(('FIRE DEPT (FIRE MARSHAL)', '110'), 1)
(('N.Y. STATE POLICE', '7'), 1)
(('N.Y. HOUSING POLICE', '108'), 1)
(('NYS DEPT TAX AND FINANCE', '13'), 1)
(('NEW YORK CITY SHERIFF OFFICE', '20'), 1)
(('PORT AUTHORITY', '47'), 1)
(('N.Y. STATE POLICE', '17'), 1)
(('DEPT OF CORRECTIONS', '76'), 1)
(('METRO NORTH', '7'), 1)
(('NEW YORK CITY SHERIFF OFFICE', '5'), 1)
(('NYS DEPT TAX AND FINANCE', '26'), 1)
(('CONRAIL', '77'), 1)
(('PORT AUTHORITY', '90'), 1)
(('U.S. PARK POLICE', '114'), 1)
(('PORT AUTHORITY', '61'), 1)
(('NYS DEPT TAX AND FINANCE', '101'), 1)
(('METRO NORTH', '112'), 1)
(('NYC PARKS', '102'), 1)
(('N.Y. STATE PARKS', '6'), 1)
(('HEALTH & HOSP CORP', '20'), 1)
(('NYS DEPT TAX AND FINANCE', '109'), 1)
(('N.Y. STATE PARKS', '49'), 1)
(('FIRE DEPT (FIRE MARSHAL)', '111'), 1)
(('N.Y. STATE POLICE', '70'), 1)
(('FIRE DEPT (FIRE MARSHAL)', '106'), 1)
(('TRI-BORO BRDG TUNNL', '43'), 1)
(('PORT AUTHORITY', '77'), 1)
(('AMTRACK', '20'), 1)
(('PORT AUTHORITY', '19'), 1)
(('NYC PARKS', '33'), 1)
(('PORT AUTHORITY', '24'), 1)
(('N.Y. STATE POLICE', '34'), 1)
(('NYC PARKS', '77'), 1)
(('U.S. PARK POLICE', '33'), 1)
(('NYC DEPT ENVIRONMENTAL PROTECTION', '23'), 1)
(('PORT AUTHORITY', '60'), 1)
(('NYS DEPT TAX AND FINANCE', '123'), 1)
(('PORT AUTHORITY', '9'), 1)
(('METRO NORTH', '78'), 1)
(('PORT AUTHORITY', '102'), 1)
(('LONG ISLAND RAILRD', '72'), 1)
(('NYC DEPT ENVIRONMENTAL PROTECTION', '72'), 1)
(('NEW YORK CITY SHERIFF OFFICE', '6'), 1)
(('HEALTH & HOSP CORP', '48'), 1)
(('NEW YORK CITY SHERIFF OFFICE', '34'), 1)
(('METRO NORTH', '110'), 1)
(('PORT AUTHORITY', '75'), 1)
(('NYS DEPT TAX AND FINANCE', '32'), 1)
(('PORT AUTHORITY', '26'), 1)
(('CONRAIL', '101'), 1)
(('NEW YORK CITY SHERIFF OFFICE', '41'), 1)
(('FIRE DEPT (FIRE MARSHAL)', '79'), 1)
(('LONG ISLAND RAILRD', '67'), 1)
(('POLICE DEPT NYC', ''), 1)
(('N.Y. STATE PARKS', '43'), 1)
(('NYS DEPT TAX AND FINANCE', '90'), 1)
(('NYS DEPT TAX AND FINANCE', '25'), 1)
(('HEALTH & HOSP CORP', '66'), 1)
(('NYS DEPT TAX AND FINANCE', '114'), 1)
(('N.Y. STATE POLICE', '50'), 1)
(('TRI-BORO BRDG TUNNL', '41'), 1)
(('NYS DEPT TAX AND FINANCE', '18'), 1)
(('DISTRICT ATTORNEY OFFICE', '44'), 1)
(('HEALTH & HOSP CORP', '84'), 1)
(('NEW YORK CITY SHERIFF OFFICE', '70'), 1)
(('LONG ISLAND RAILRD', '23'), 1)
(('FIRE DEPT (FIRE MARSHAL)', '40'), 1)
(('LONG ISLAND RAILRD', '78'), 1)
(('FIRE DEPT (FIRE MARSHAL)', '71'), 1)
(('NYC PARKS', '122'), 1)
(('N.Y. STATE POLICE', '14'), 1)
(('AMTRACK', '48'), 1)
(('DEPT OF CORRECTIONS', '88'), 1)
(('AMTRACK', '84'), 1)
(('NYS DEPT TAX AND FINANCE', '103'), 1)
(('LONG ISLAND RAILRD', '114'), 1)
(('HEALTH & HOSP CORP', '9'), 1)
(('HEALTH & HOSP CORP', '77'), 1)
(('N.Y. STATE PARKS', '63'), 1)
(('PORT AUTHORITY', '28'), 1)
(('NYC DEPT ENVIRONMENTAL PROTECTION', '81'), 1)
(('PORT AUTHORITY', '106'), 1)
(('NYC PARKS', '42'), 1)
(('NYS DEPT TAX AND FINANCE', '78'), 1)
(('PORT AUTHORITY', '20'), 1)
(('FIRE DEPT (FIRE MARSHAL)', '102'), 1)
(('NYS DEPT TAX AND FINANCE', '49'), 1)
(('TRI-BORO BRDG TUNNL', '69'), 1)
(('FIRE DEPT (FIRE MARSHAL)', '33'), 1)
(('METRO NORTH', '101'), 1)
(('FIRE DEPT (FIRE MARSHAL)', '1'), 1)
(('METRO NORTH', '63'), 1)
(('N.Y. STATE PARKS', '109'), 1)
(('STATN IS RAPID TRANS', '73'), 1)
(('N.Y. STATE POLICE', '101'), 1)
(('PORT AUTHORITY', '42'), 1)
(('NEW YORK CITY SHERIFF OFFICE', '76'), 1)
(('LONG ISLAND RAILRD', '83'), 1)
(('HEALTH & HOSP CORP', '1'), 1)
(('NYS DEPT TAX AND FINANCE', '23'), 1)
(('NEW YORK CITY SHERIFF OFFICE', '32'), 1)
(('NEW YORK CITY SHERIFF OFFICE', '69'), 1)
(('NYS DEPT TAX AND FINANCE', '70'), 1)
(('NYS DEPT TAX AND FINANCE', '52'), 1)
(('NYS DEPT TAX AND FINANCE', '112'), 1)
(('DEPT OF CORRECTIONS', '73'), 1)
(('N.Y. STATE POLICE', '30'), 1)
(('POLICE DEPT NYC', '22'), 1)
(('AMTRACK', '9'), 1)
(('NYS DEPT TAX AND FINANCE', '41'), 1)
(('DEPT OF CORRECTIONS', '79'), 1)
(('NYC PARKS', '7'), 1)
(('N.Y. STATE POLICE', '83'), 1)
(('FIRE DEPT (FIRE MARSHAL)', '62'), 1)
(('METRO NORTH', '47'), 1)
(('N.Y. STATE POLICE', '121'), 1)
(('NYC PARKS', '71'), 1)
(('N.Y. STATE POLICE', '69'), 1)
(('FIRE DEPT (FIRE MARSHAL)', '13'), 1)
(('N.Y. STATE PARKS', '69'), 1)
(('FIRE DEPT (FIRE MARSHAL)', '100'), 1)
(('N.Y. STATE PARKS', '32'), 1)
(('NYC PARKS', '113'), 1)
(('PORT AUTHORITY', '7'), 1)
(('NYS DEPT TAX AND FINANCE', '43'), 1)
(('N.Y. STATE POLICE', '61'), 1)
(('METRO NORTH', '61'), 1)
(('FIRE DEPT (FIRE MARSHAL)', '75'), 1)
(('PORT AUTHORITY', '40'), 1)
(('N.Y. STATE PARKS', '25'), 1)
(('FIRE DEPT (FIRE MARSHAL)', '108'), 1)
(('STATN IS RAPID TRANS', '48'), 1)
(('PORT AUTHORITY', '84'), 1)
(('NYC PARKS', '48'), 1)
(('N.Y. STATE PARKS', '83'), 1)
(('NEW YORK CITY SHERIFF OFFICE', '30'), 1)
(('METRO NORTH', '121'), 1)
(('N.Y. STATE POLICE', '20'), 1)
(('FIRE DEPT (FIRE MARSHAL)', '70'), 1)
(('PORT AUTHORITY', '81'), 1)
(('FIRE DEPT (FIRE MARSHAL)', '112'), 1)
(('AMTRACK', '49'), 1)
(('NYC PARKS', '45'), 1)
(('U.S. PARK POLICE', '101'), 1)
(('TRI-BORO BRDG TUNNL', '7'), 1)
(('N.Y. STATE PARKS', '20'), 1)
(('DEPT OF CORRECTIONS', '45'), 1)
(('N.Y. STATE POLICE', '42'), 1)
(('AMTRACK', '41'), 1)
(('N.Y. STATE PARKS', '73'), 1)
(('NEW YORK CITY SHERIFF OFFICE', '17'), 1)
(('LONG ISLAND RAILRD', '66'), 1)
(('HEALTH & HOSP CORP', '41'), 1)
(('NEW YORK CITY SHERIFF OFFICE', '113'), 1)
(('PORT AUTHORITY', '30'), 1)
(('NYS DEPT TAX AND FINANCE', '19'), 1)
(('N.Y. STATE POLICE', '28'), 1)
(('N.Y. STATE PARKS', '111'), 1)
(('N.Y. STATE POLICE', '5'), 1)
(('FIRE DEPT (FIRE MARSHAL)', '18'), 1)
(('PORT AUTHORITY', '43'), 1)
(('TRI-BORO BRDG TUNNL', '115'), 1)
(('METRO NORTH', '88'), 1)
(('N.Y. STATE PARKS', '44'), 1)
(('NYS DEPT TAX AND FINANCE', '40'), 1)
(('TRI-BORO BRDG TUNNL', '33'), 1)
(('HEALTH & HOSP CORP', '47'), 1)
(('NEW YORK CITY SHERIFF OFFICE', '115'), 1)
(('NYS DEPT TAX AND FINANCE', '7'), 1)
(('N.Y. STATE POLICE', '62'), 1)
(('FIRE DEPT (FIRE MARSHAL)', '90'), 1)
(('LONG ISLAND RAILRD', '9'), 1)
(('LONG ISLAND RAILRD', '77'), 1)
(('NYS DEPT TAX AND FINANCE', '104'), 1)
(('NEW YORK CITY SHERIFF OFFICE', '120'), 1)
(('LONG ISLAND RAILRD', '19'), 1)
(('PORT AUTHORITY', '50'), 1)
(('NYC PARKS', '43'), 1)
(('NYS DEPT TAX AND FINANCE', '48'), 1)
(('HEALTH & HOSP CORP', '121'), 1)
(('FIRE DEPT (FIRE MARSHAL)', '32'), 1)
(('TRI-BORO BRDG TUNNL', '46'), 1)
(('FIRE DEPT (FIRE MARSHAL)', '25'), 1)
(('FIRE DEPT (FIRE MARSHAL)', '61'), 1)
(('METRO NORTH', '75'), 1)
(('PORT AUTHORITY', '72'), 1)
(('FIRE DEPT (FIRE MARSHAL)', '30'), 1)
(('NEW YORK CITY SHERIFF OFFICE', '122'), 1)
(('CONRAIL', '104'), 1)
(('NYC PARKS', '41'), 1)
(('N.Y. STATE PARKS', '68'), 1)
(('NYS DEPT TAX AND FINANCE', '28'), 1)
(('TRI-BORO BRDG TUNNL', '13'), 1)
(('NYC PARKS', '49'), 1)
(('FIRE DEPT (FIRE MARSHAL)', '45'), 1)
(('N.Y. STATE POLICE', '9'), 1)
(('AMTRACK', '81'), 1)
(('METRO NORTH', '115'), 1)
(('N.Y. STATE POLICE', '102'), 1)
(('NYC PARKS', '105'), 1)
(('TRI-BORO BRDG TUNNL', '62'), 1)
(('N.Y. STATE POLICE', '24'), 1)
(('METRO NORTH', '60'), 1)
(('SEA GATE POLICE DEPT', '46'), 1)
(('NEW YORK CITY SHERIFF OFFICE', '88'), 1)
(('NYS DEPT TAX AND FINANCE', '20'), 1)
(('PORT AUTHORITY', '23'), 1)
(('DEPT OF CORRECTIONS', '52'), 1)
(('NYS DEPT TAX AND FINANCE', '106'), 1)
(('U.S. PARK POLICE', '70'), 1)
(('METRO NORTH', '77'), 1)
(('N.Y. STATE POLICE', '19'), 1)
(('DEPT OF CORRECTIONS', '105'), 1)
(('NYS DEPT TAX AND FINANCE', '42'), 1)
(('N.Y. STATE POLICE', '60'), 1)
(('NYC PARKS', '67'), 1)
