('N.Y. POLICE DEPT', 3458014)
('N.Y. HOUSING POLICE', 279500)
('N.Y. TRANSIT POLICE', 75910)
('PORT AUTHORITY', 19733)
('OTHER', 7707)
('POLICE DEPT NYC', 6402)
('TRI-BORO BRDG TUNNL', 3850)
('DEPT OF CORRECTIONS', 3742)
('HEALTH & HOSP CORP', 2336)
('N.Y. STATE POLICE', 1023)
('METRO NORTH', 378)
('LONG ISLAND RAILRD', 274)
('N.Y. STATE PARKS', 225)
('STATN IS RAPID TRANS', 163)
('NEW YORK CITY SHERIFF OFFICE', 135)
('NYC PARKS', 105)
('AMTRACK', 104)
('U.S. PARK POLICE', 103)
('FIRE DEPT (FIRE MARSHAL)', 62)
('NYS DEPT TAX AND FINANCE', 59)
('SEA GATE POLICE DEPT', 26)
('CONRAIL', 11)
('NYC DEPT ENVIRONMENTAL PROTECTION', 6)
('DISTRICT ATTORNEY OFFICE', 1)
