(('N.Y. POLICE DEPT', ''), 3448810)
(('N.Y. HOUSING POLICE', ''), 279238)
(('N.Y. TRANSIT POLICE', ''), 75908)
(('PORT AUTHORITY', ''), 19732)
(('OTHER', ''), 7682)
(('POLICE DEPT NYC', ''), 6402)
(('TRI-BORO BRDG TUNNL', ''), 3850)
(('DEPT OF CORRECTIONS', ''), 3742)
(('HEALTH & HOSP CORP', ''), 2336)
(('N.Y. STATE POLICE', ''), 1023)
(('N.Y. POLICE DEPT', 'CENTRAL PARK'), 684)
(('N.Y. POLICE DEPT', 'FLUSHING MEADOWS CORONA PARK'), 544)
(('METRO NORTH', ''), 377)
(('N.Y. POLICE DEPT', 'CONEY ISLAND BEACH & BOARDWALK'), 303)
(('LONG ISLAND RAILRD', ''), 274)
(('N.Y. POLICE DEPT', 'RIVERSIDE PARK'), 255)
(('N.Y. STATE PARKS', ''), 214)
(('N.Y. POLICE DEPT', 'PROSPECT PARK'), 164)
(('STATN IS RAPID TRANS', ''), 163)
(('NEW YORK CITY SHERIFF OFFICE', ''), 135)
(('N.Y. POLICE DEPT', 'UNION SQUARE PARK'), 128)
(('N.Y. POLICE DEPT', "ST. MARY'S PARK BRONX"), 121)
(('N.Y. POLICE DEPT', 'VAN CORTLANDT PARK'), 120)
(('N.Y. POLICE DEPT', 'MARCUS GARVEY PARK'), 117)
(('N.Y. POLICE DEPT', 'CROTONA PARK'), 115)
(('N.Y. POLICE DEPT', "RANDALL'S ISLAND PARK"), 112)
(('N.Y. POLICE DEPT', 'SARA D. ROOSEVELT PARK'), 107)
(('AMTRACK', ''), 103)
(('N.Y. POLICE DEPT', 'ROCKAWAY BEACH AND BOARDWALK'), 99)
(('N.Y. POLICE DEPT', 'TOMPKINS SQUARE PARK'), 98)
(('U.S. PARK POLICE', ''), 97)
(('N.Y. POLICE DEPT', 'WASHINGTON SQUARE PARK'), 93)
(('N.Y. POLICE DEPT', 'JACKIE ROBINSON PARK MANHATTAN'), 93)
(('N.Y. POLICE DEPT', 'BRYANT PARK'), 93)
(('N.Y. POLICE DEPT', 'CLAREMONT PARK'), 89)
(('N.Y. POLICE DEPT', 'MCCARREN PARK'), 88)
(('N.Y. POLICE DEPT', 'ST. NICHOLAS PARK'), 86)
(('N.Y. POLICE DEPT', 'BROOKLYN BRIDGE PARK'), 83)
(('N.Y. POLICE DEPT', 'MACOMBS DAM PARK'), 82)
(('N.Y. POLICE DEPT', 'BRONX PARK'), 79)
(('N.Y. POLICE DEPT', 'MORNINGSIDE PARK'), 78)
(('N.Y. POLICE DEPT', 'HIGHBRIDGE PARK MANHATTAN SIDE'), 77)
(('N.Y. POLICE DEPT', 'SUNSET PARK'), 76)
(('N.Y. POLICE DEPT', 'MULLALY PARK'), 74)
(('N.Y. POLICE DEPT', 'EAST RIVER PARK'), 72)
(('N.Y. POLICE DEPT', 'HARLEM RIVER PARK'), 63)
(('FIRE DEPT (FIRE MARSHAL)', ''), 62)
(('N.Y. POLICE DEPT', 'BATTERY PARK'), 62)
(('N.Y. POLICE DEPT', 'FOREST PARK'), 60)
(('N.Y. POLICE DEPT', 'MARIA HERNANDEZ PARK'), 59)
(('NYS DEPT TAX AND FINANCE', ''), 58)
(('N.Y. POLICE DEPT', 'FORT GREENE PARK'), 58)
(('N.Y. POLICE DEPT', 'WILLIAMSBRIDGE OVAL'), 58)
(('N.Y. POLICE DEPT', 'ST. JAMES PARK'), 54)
(('N.Y. POLICE DEPT', 'FRANZ SIGEL PARK'), 50)
(('N.Y. POLICE DEPT', 'LINCOLN TERRACE / ARTHUR S. SOMERS PARK'), 48)
(('N.Y. POLICE DEPT', 'PARADE GROUND'), 48)
(('N.Y. POLICE DEPT', 'TREMONT PARK'), 47)
(('N.Y. POLICE DEPT', 'LUNA PARK'), 46)
(('N.Y. POLICE DEPT', 'RAINEY PARK BRONX'), 45)
(('N.Y. POLICE DEPT', 'ASTORIA PARK'), 44)
(('N.Y. POLICE DEPT', 'RUFUS KING PARK'), 42)
(('N.Y. POLICE DEPT', 'HIGHLAND PARK'), 42)
(('N.Y. POLICE DEPT', 'PELHAM BAY PARK'), 41)
(('N.Y. POLICE DEPT', 'MATTHEWS - PALMER PLAYGROUND'), 39)
(('N.Y. POLICE DEPT', 'FORT TRYON PARK'), 39)
(('N.Y. POLICE DEPT', 'THOMAS JEFFERSON PARK'), 38)
(('N.Y. POLICE DEPT', 'JOYCE KILMER PARK'), 37)
(('N.Y. POLICE DEPT', 'HERBERT VON KING PARK'), 34)
(('N.Y. POLICE DEPT', 'LEIF ERICSON PARK'), 34)
(('N.Y. POLICE DEPT', 'CHELSEA PARK'), 33)
(('N.Y. POLICE DEPT', 'CALVERT VAUX PARK'), 33)
(('N.Y. POLICE DEPT', 'DYKER BEACH PARK'), 32)
(('N.Y. POLICE DEPT', 'AQUEDUCT WALK'), 31)
(('N.Y. POLICE DEPT', 'MARINE PARK'), 31)
(('N.Y. POLICE DEPT', 'NORTHERN PLAYGROUND'), 30)
(('N.Y. POLICE DEPT', 'PARK OF THE AMERICAS'), 30)
(('N.Y. POLICE DEPT', 'MOORE HOMESTEAD PLAYGROUND'), 30)
(('N.Y. POLICE DEPT', "ST. JOHN'S RECREATION CENTER"), 29)
(('N.Y. POLICE DEPT', 'JACOB H. SCHIFF PLAYGROUND'), 29)
(('N.Y. POLICE DEPT', 'WINGATE PARK'), 28)
(('N.Y. POLICE DEPT', 'FREDERICK DOUGLASS PLAYGROUND'), 27)
(('N.Y. POLICE DEPT', 'TRAVERS PARK'), 26)
(('N.Y. POLICE DEPT', 'INWOOD HILL PARK'), 26)
(('SEA GATE POLICE DEPT', ''), 26)
(('N.Y. POLICE DEPT', 'COLUMBUS PARK AT MANHATTAN'), 25)
(('N.Y. POLICE DEPT', "OWL'S HEAD PARK"), 25)
(('N.Y. POLICE DEPT', 'BETSY HEAD PARK'), 24)
(('N.Y. POLICE DEPT', 'SOUNDVIEW PARK'), 22)
(('N.Y. POLICE DEPT', 'COLEMAN PLAYGROUND'), 22)
(('N.Y. HOUSING POLICE', 'MARCUS GARVEY PARK'), 22)
(('N.Y. POLICE DEPT', 'AMERSFORT PARK'), 22)
(('N.Y. POLICE DEPT', 'FORT WASHINGTON PARK'), 22)
(('N.Y. HOUSING POLICE', 'HARLEM RIVER PARK'), 22)
(('N.Y. POLICE DEPT', 'ECHO TRIANGLE'), 22)
(('N.Y. POLICE DEPT', 'EWEN PARK'), 21)
(('N.Y. POLICE DEPT', 'RICHMAN (ECHO) PARK'), 21)
(('N.Y. POLICE DEPT', 'DEVOE PARK'), 21)
(('N.Y. POLICE DEPT', 'BAISLEY POND PARK'), 21)
(('N.Y. POLICE DEPT', 'KISSENA PARK'), 21)
(('NYC PARKS', ''), 20)
(('N.Y. POLICE DEPT', 'ROY WILKINS RECREATION CENTER'), 20)
(('N.Y. POLICE DEPT', 'BRIDGE PARK BROOKLYN'), 20)
(('N.Y. POLICE DEPT', 'CLOVE LAKES PARK'), 20)
(('N.Y. POLICE DEPT', 'BRONX RIVER PARKWAY'), 20)
(('N.Y. POLICE DEPT', 'BROWER PARK'), 19)
(('N.Y. POLICE DEPT', 'JUNIPER VALLEY PARK'), 19)
(('N.Y. POLICE DEPT', 'MADISON SQUARE PARK'), 19)
(('N.Y. POLICE DEPT', 'KISSENA CORRIDOR PARK'), 19)
(('N.Y. POLICE DEPT', 'SHORE PARK AND PARKWAY'), 19)
(('N.Y. POLICE DEPT', 'ALLEY POND PARK'), 18)
(('N.Y. POLICE DEPT', 'MERRIAM PLAYGROUND'), 18)
(('N.Y. POLICE DEPT', 'J.J. BYRNE PLAYGROUND'), 18)
(('N.Y. POLICE DEPT', "ST. ANDREW'S PLAYGROUND"), 18)
(('N.Y. POLICE DEPT', 'HOMECREST PLAYGROUND'), 18)
(('N.Y. POLICE DEPT', 'LONDON PLANETREE PLAYGROUND'), 18)
(('N.Y. POLICE DEPT', 'MOSHOLU PARKWAY'), 17)
(('N.Y. POLICE DEPT', 'ASTORIA HEIGHTS PLAYGROUND'), 17)
(('N.Y. POLICE DEPT', 'SEWARD PARK'), 17)
(('N.Y. POLICE DEPT', 'CARL SCHURZ PARK'), 17)
(('N.Y. POLICE DEPT', 'KAISER PARK'), 17)
(('N.Y. POLICE DEPT', 'DEAN PLAYGROUND'), 17)
(('N.Y. POLICE DEPT', 'HOFFMAN PARK'), 16)
(('N.Y. POLICE DEPT', 'TOMPKINSVILLE PARK'), 16)
(('N.Y. POLICE DEPT', 'FERRY POINT PARK'), 16)
(('N.Y. POLICE DEPT', 'PARKSIDE PLAYGROUND BROOKLYN'), 16)
(('N.Y. POLICE DEPT', 'QUARRY BALLFIELDS'), 16)
(('N.Y. POLICE DEPT', 'MCKINLEY PARK'), 16)
(('N.Y. POLICE DEPT', 'ELTON PLAYGROUND'), 16)
(('N.Y. POLICE DEPT', 'KELLY PARK'), 16)
(('N.Y. POLICE DEPT', 'PLAYGROUND NINETY'), 16)
(('N.Y. POLICE DEPT', 'WATSON GLEASON PLAYGROUND'), 16)
(('N.Y. POLICE DEPT', 'BOWNE PARK'), 15)
(('N.Y. POLICE DEPT', 'J. HOOD WRIGHT PARK'), 15)
(('NYC PARKS', 'ROCKAWAY BEACH AND BOARDWALK'), 15)
(('N.Y. POLICE DEPT', 'CONCRETE PLANT PARK'), 15)
(('N.Y. POLICE DEPT', 'LINDEN PARK'), 15)
(('N.Y. POLICE DEPT', 'UNNAMED PARK ON RIVERSIDE DRIVE'), 14)
(('N.Y. POLICE DEPT', 'BELT PARKWAY/SHORE PARKWAY'), 14)
(('N.Y. POLICE DEPT', 'MANHATTAN BEACH PARK'), 14)
(('N.Y. POLICE DEPT', 'HAMILTON FISH PARK'), 14)
(('N.Y. POLICE DEPT', 'FRIENDS FIELD'), 14)
(('N.Y. POLICE DEPT', 'STUYVESANT SQUARE'), 14)
(('N.Y. POLICE DEPT', 'WILLIS PLAYGROUND'), 14)
(('N.Y. POLICE DEPT', 'COOPER PARK'), 14)
(('N.Y. POLICE DEPT', 'GROVER CLEVELAND PLAYGROUND'), 14)
(('N.Y. POLICE DEPT', 'CHELSEA RECREATION CENTER'), 14)
(('N.Y. POLICE DEPT', 'SLATTERY PLAYGROUND'), 14)
(('N.Y. POLICE DEPT', 'MCLAUGHLIN PARK'), 13)
(('N.Y. POLICE DEPT', "ST. MICHAEL'S PARK"), 13)
(('N.Y. POLICE DEPT', 'STERNBERG PARK'), 13)
(('N.Y. POLICE DEPT', 'LYONS SQUARE PLAYGROUND'), 13)
(('N.Y. POLICE DEPT', 'COL. YOUNG PLAYGROUND'), 13)
(('N.Y. POLICE DEPT', 'CUNNINGHAM PARK'), 13)
(('N.Y. POLICE DEPT', 'CANARSIE PARK'), 13)
(('N.Y. POLICE DEPT', 'MAFERA PARK'), 13)
(('N.Y. POLICE DEPT', 'FRED SAMUEL PLAYGROUND'), 13)
(('N.Y. POLICE DEPT', 'BATTERY PARK CITY'), 13)
(('N.Y. POLICE DEPT', 'ASSER LEVY PARK'), 13)
(('N.Y. POLICE DEPT', 'FULTON PARK'), 13)
(('N.Y. POLICE DEPT', 'RED HOOK RECREATION AREA'), 13)
(('N.Y. POLICE DEPT', 'NOSTRAND PLAYGROUND'), 12)
(('N.Y. POLICE DEPT', 'CAPTAIN TILLY PARK'), 12)
(('N.Y. POLICE DEPT', 'PENN SOUTH PLAYGROUND'), 12)
(('N.Y. POLICE DEPT', 'DUTCH KILLS PLAYGROUND'), 12)
(('N.Y. POLICE DEPT', 'COMMODORE BARRY PARK'), 12)
(('NYC PARKS', 'CONEY ISLAND BEACH & BOARDWALK'), 12)
(('N.Y. POLICE DEPT', 'GRAVESEND PARK'), 12)
(('N.Y. POLICE DEPT', "ROSEMARY'S PLAYGROUND"), 12)
(('N.Y. POLICE DEPT', 'MSGR. MCGOLRICK PARK'), 12)
(('N.Y. POLICE DEPT', 'MOTT PLAYGROUND'), 12)
(('CONRAIL', ''), 11)
(('N.Y. POLICE DEPT', 'BLAND PLAYGROUND'), 11)
(('N.Y. HOUSING POLICE', 'THOMAS JEFFERSON PARK'), 11)
(('N.Y. POLICE DEPT', 'MAPLE PLAYGROUND'), 11)
(('N.Y. POLICE DEPT', 'EAST RIVER WATERFRONT ESPLANADE'), 11)
(('N.Y. POLICE DEPT', 'CPL. THOMPSON PARK'), 11)
(('N.Y. POLICE DEPT', 'BELMONT PLAYGROUND BRONX'), 11)
(('N.Y. POLICE DEPT', 'SPRINGFIELD PARK'), 11)
(('N.Y. POLICE DEPT', 'CARROLL PARK'), 11)
(('N.Y. POLICE DEPT', 'DR. RONALD E. MCNAIR PLAYGROUND'), 11)
(('N.Y. POLICE DEPT', 'LT. JOSEPH PETROSINO PARK'), 11)
(('N.Y. POLICE DEPT', 'ELMHURST PARK'), 11)
(('N.Y. POLICE DEPT', "FRANK D. O'CONNOR PLAYGROUND"), 11)
(('N.Y. POLICE DEPT', "WASHINGTON'S WALK"), 10)
(('N.Y. POLICE DEPT', 'BOWNE PLAYGROUND'), 10)
(('N.Y. POLICE DEPT', 'ASPHALT GREEN'), 10)
(('N.Y. POLICE DEPT', 'RIVER AVENUE PARKS'), 10)
(('N.Y. POLICE DEPT', 'BATH BEACH PARK'), 10)
(('N.Y. POLICE DEPT', 'CAPTAIN RIVERA PLAYGROUND'), 10)
(('N.Y. POLICE DEPT', 'BENSONHURST PARK'), 10)
(('N.Y. POLICE DEPT', 'HOLCOMBE RUCKER PARK'), 10)
(('N.Y. POLICE DEPT', 'RAYMOND BUSH PLAYGROUND'), 10)
(('N.Y. POLICE DEPT', 'STARLIGHT PARK'), 10)
(('N.Y. POLICE DEPT', 'SIMEONE PARK'), 10)
(('N.Y. POLICE DEPT', 'JOHN JAY PARK'), 10)
(('N.Y. POLICE DEPT', 'JACOB JOFFE FIELDS'), 10)
(('N.Y. POLICE DEPT', 'SETH LOW PLAYGROUND/ BEALIN SQUARE'), 10)
(('N.Y. POLICE DEPT', 'ASSER LEVY PLAYGROUND'), 9)
(('N.Y. POLICE DEPT', "MARC AND JASON'S PLAYGROUND"), 9)
(('NYC PARKS', 'BATTERY PARK CITY'), 9)
(('N.Y. POLICE DEPT', 'THOMAS GREENE PLAYGROUND'), 9)
(('N.Y. POLICE DEPT', 'DETECTIVE KEITH L WILLIAMS PARK'), 9)
(('N.Y. POLICE DEPT', 'PAERDEGAT PARK'), 9)
(('N.Y. POLICE DEPT', 'BROOKLYN MUSEUM'), 9)
(('N.Y. POLICE DEPT', 'EVERGREEN PARK'), 9)
(('N.Y. POLICE DEPT', 'ARCILLA PLAYGROUND'), 9)
(('N.Y. POLICE DEPT', 'HAMILTON METZ FIELD'), 9)
(('N.Y. POLICE DEPT', 'SETON PARK'), 9)
(('N.Y. POLICE DEPT', 'KOLBERT PLAYGROUND'), 9)
(('N.Y. POLICE DEPT', 'ROBERT E. VENABLE PARK'), 9)
(('N.Y. POLICE DEPT', 'LINDSAY TRIANGLE'), 9)
(('N.Y. POLICE DEPT', 'HERALD SQUARE'), 9)
(('N.Y. POLICE DEPT', 'BOOKER T. WASHINGTON PLAYGROUND'), 9)
(('N.Y. POLICE DEPT', 'JUNCTION PLAYGROUND'), 9)
(('N.Y. HOUSING POLICE', 'EAST RIVER PLAYGROUND'), 9)
(('N.Y. POLICE DEPT', 'NEHEMIAH PARK'), 9)
(('N.Y. POLICE DEPT', 'POWER PLAYGROUND'), 8)
(('N.Y. POLICE DEPT', 'POTOMAC PLAYGROUND'), 8)
(('N.Y. POLICE DEPT', 'HAVEN AVENUE'), 8)
(('N.Y. POLICE DEPT', 'THE HIGH LINE'), 8)
(('N.Y. POLICE DEPT', 'GREELEY SQUARE PARK'), 8)
(('N.Y. POLICE DEPT', 'CITY LINE PARK'), 8)
(('N.Y. POLICE DEPT', 'MCCAFFREY PLAYGROUND'), 8)
(('N.Y. POLICE DEPT', 'FOX PLAYGROUND BRONX'), 8)
(('N.Y. POLICE DEPT', 'HAPPY WARRIOR PLAYGROUND'), 8)
(('N.Y. POLICE DEPT', 'PLAYGROUND 52 LII'), 8)
(('N.Y. POLICE DEPT', 'GORMAN PARK'), 8)
(('N.Y. POLICE DEPT', 'CROCHERON PARK'), 8)
(('N.Y. POLICE DEPT', 'HUNTS POINT PLAYGROUND'), 8)
(('N.Y. POLICE DEPT', 'P.O. REINALDO SALGADO PLAYGROUND'), 8)
(('N.Y. POLICE DEPT', 'ALLERTON PLAYGROUND'), 8)
(('N.Y. HOUSING POLICE', 'SUMNER PLAYGROUND'), 8)
(('N.Y. POLICE DEPT', 'HAFFEN PARK'), 8)
(('N.Y. POLICE DEPT', "ST. MICHAEL'S PLAYGROUND"), 8)
(('N.Y. HOUSING POLICE', 'HOWARD PLAYGROUND'), 8)
(('N.Y. POLICE DEPT', 'CALLAHAN-KELLY PLAYGROUND'), 8)
(('N.Y. POLICE DEPT', 'MOUNT PROSPECT PARK'), 8)
(('N.Y. POLICE DEPT', 'LUTHER GULICK PLAYGROUND'), 7)
(('N.Y. POLICE DEPT', 'BROOKVILLE PARK'), 7)
(('N.Y. POLICE DEPT', 'SARATOGA PARK'), 7)
(('N.Y. POLICE DEPT', 'BUSHWICK INLET PARK'), 7)
(('N.Y. POLICE DEPT', 'FORT HAMILTON ATHLETIC FIELD'), 7)
(('N.Y. POLICE DEPT', 'RAINEY PARK QUEENS'), 7)
(('N.Y. POLICE DEPT', 'WASHINGTON HALL PARK'), 7)
(('N.Y. HOUSING POLICE', 'JAMES WELDON JOHNSON PLAYGROUND'), 7)
(('N.Y. POLICE DEPT', 'ALLEY PARK'), 7)
(('N.Y. POLICE DEPT', 'FOX PLAYGROUND BROOKLYN'), 7)
(('N.Y. POLICE DEPT', 'BUFANO PARK'), 7)
(('N.Y. POLICE DEPT', 'BARTLETT PLAYGROUND'), 7)
(('N.Y. POLICE DEPT', "DANIEL M. O'CONNELL PLAYGROUND"), 7)
(('N.Y. POLICE DEPT', 'MERCER PLAYGROUND'), 7)
(('N.Y. POLICE DEPT', 'EQUITY PARK'), 7)
(('N.Y. POLICE DEPT', 'CITY HALL PARK'), 7)
(('N.Y. POLICE DEPT', 'SOL BLOOM PLAYGROUND'), 7)
(('N.Y. POLICE DEPT', 'BUSHWICK PLAYGROUND ON KNICKERBOCKER AVENUE'), 7)
(('N.Y. POLICE DEPT', 'HOYT PLAYGROUND'), 7)
(('N.Y. POLICE DEPT', 'FAIRMOUNT PLAYGROUND'), 7)
(('N.Y. POLICE DEPT', 'POE PARK'), 7)
(('N.Y. POLICE DEPT', 'MOSHOLU PLAYGROUND'), 6)
(('N.Y. POLICE DEPT', '100% PLAYGROUND'), 6)
(('N.Y. POLICE DEPT', 'GRAND ARMY PLAZA BROOKLYN'), 6)
(('N.Y. POLICE DEPT', 'MURRAY PLAYGROUND'), 6)
(('N.Y. POLICE DEPT', 'TILDEN PLAYGROUND'), 6)
(('N.Y. POLICE DEPT', 'MARIE CURIE PARK'), 6)
(('N.Y. POLICE DEPT', 'SAKURA PARK'), 6)
(('N.Y. POLICE DEPT', "ST. CATHERINE'S PARK"), 6)
(('N.Y. POLICE DEPT', 'HOWARD BENNETT PLAYGROUND'), 6)
(('N.Y. POLICE DEPT', 'MADISON COMMUNITY GREENTHUMB'), 6)
(('N.Y. POLICE DEPT', 'CORPORAL JOHN A. SERAVALLI PLAYGROUND'), 6)
(('N.Y. HOUSING POLICE', 'KAISER PARK'), 6)
(('N.Y. HOUSING POLICE', 'MARTIN LUTHER KING PLAYGROUND'), 6)
(('N.Y. POLICE DEPT', 'REIFF PLAYGROUND'), 6)
(('N.Y. POLICE DEPT', 'CADMAN PLAZA PARK'), 6)
(('N.Y. POLICE DEPT', 'JOHN J CARTY PARK'), 6)
(('N.Y. POLICE DEPT', 'TAPPEN PARK'), 6)
(('NYC DEPT ENVIRONMENTAL PROTECTION', ''), 6)
(('N.Y. POLICE DEPT', 'ALFRED E. SMITH PLAYGROUND'), 6)
(('N.Y. POLICE DEPT', 'COLONEL DAVID MARCUS PLAYGROUND'), 6)
(('N.Y. POLICE DEPT', 'L/CPL THOMAS P. NOONAN JR. PLAYGROUND'), 6)
(('N.Y. POLICE DEPT', 'HART PLAYGROUND ON BROADWAY'), 6)
(('N.Y. POLICE DEPT', 'DOUGHBOY PLAZA'), 6)
(('N.Y. POLICE DEPT', 'PUGSLEY CREEK PARK'), 6)
(('N.Y. POLICE DEPT', "POOR RICHARD'S PLAYGROUND"), 6)
(('N.Y. POLICE DEPT', 'SETON FALLS PARK'), 6)
(('N.Y. POLICE DEPT', 'JAMES J WALKER PARK'), 6)
(('N.Y. POLICE DEPT', 'MAURICE A FITZGERALD PLAYGROUND'), 6)
(('N.Y. POLICE DEPT', 'CHESTER PLAYGROUND'), 6)
(('N.Y. POLICE DEPT', 'CHERRY TREE PARK'), 6)
(('N.Y. POLICE DEPT', 'MARION HOPKINSON PLAYGROUND'), 6)
(('N.Y. POLICE DEPT', 'PELHAM PARKWAY'), 6)
(('N.Y. HOUSING POLICE', 'LINDEN PARK'), 6)
(('N.Y. POLICE DEPT', 'BROOKLYN BOTANIC GARDEN'), 6)
(('N.Y. POLICE DEPT', 'MILESTONE PARK'), 6)
(('N.Y. POLICE DEPT', 'DE WITT CLINTON PARK'), 6)
(('N.Y. HOUSING POLICE', 'BEHAGEN PLAYGROUND'), 6)
(('N.Y. POLICE DEPT', "HUNTER'S POINT SOUTH PARK"), 6)
(('N.Y. POLICE DEPT', 'PHIL "SCOOTER" RIZZUTO PARK'), 6)
(('N.Y. POLICE DEPT', 'FRANKLIN D. ROOSEVELT BOARDWALK AND BEACH'), 6)
(('N.Y. POLICE DEPT', 'BROADWAY MALLS'), 6)
(('N.Y. POLICE DEPT', 'FATHER DUFFY SQUARE'), 6)
(('N.Y. POLICE DEPT', 'JACKIE ROBINSON PLAYGROUND'), 6)
(('N.Y. POLICE DEPT', 'FABER POOL AND PARK'), 6)
(('N.Y. POLICE DEPT', 'SAMUEL SEABURY PLAYGROUND'), 6)
(('N.Y. POLICE DEPT', 'PULASKI PLAYGROUND'), 6)
(('N.Y. POLICE DEPT', 'MARTIN LUTHER KING JR. PLAYGROUND'), 6)
(('N.Y. POLICE DEPT', 'WASHINGTON PARK BROOKLYN'), 6)
(('N.Y. POLICE DEPT', 'EAST RIVER ESPLANADE AT E 36TH ST AND FDR'), 5)
(('N.Y. POLICE DEPT', 'DE HOSTOS PLAYGROUND'), 5)
(('N.Y. POLICE DEPT', 'FLYNN PLAYGROUND'), 5)
(('N.Y. POLICE DEPT', 'GORMAN PLAYGROUND'), 5)
(('N.Y. POLICE DEPT', 'FRONTERA PARK'), 5)
(('N.Y. POLICE DEPT', 'FISH PLAYGROUND'), 5)
(('N.Y. POLICE DEPT', 'MATTHEWS MULINER PLAYGROUND'), 5)
(('N.Y. POLICE DEPT', 'BEACH 9 PLAYGROUND'), 5)
(('N.Y. POLICE DEPT', 'WNYC TRANSMITTER PARK'), 5)
(('N.Y. POLICE DEPT', 'NOBLE PLAYGROUND'), 5)
(('N.Y. POLICE DEPT', 'BILL BROWN PLAYGROUND'), 5)
(('N.Y. POLICE DEPT', 'TORSNEY PLAYGROUND'), 5)
(('N.Y. POLICE DEPT', 'LAWRENCE VIRGILIO PLAYGROUND'), 5)
(('N.Y. POLICE DEPT', 'ZIMMERMAN PLAYGROUND'), 5)
(('N.Y. POLICE DEPT', 'MCGUIRE FIELDS'), 5)
(('N.Y. POLICE DEPT', 'LORETO PLAYGROUND'), 5)
(('N.Y. POLICE DEPT', 'WEST PLAYGROUND'), 5)
(('N.Y. POLICE DEPT', 'COFFEY PARK'), 5)
(('N.Y. POLICE DEPT', 'RAINBOW PLAYGROUND'), 5)
(('N.Y. POLICE DEPT', 'SHERMAN CREEK'), 5)
(('N.Y. POLICE DEPT', 'ATHENS SQUARE'), 5)
(('N.Y. POLICE DEPT', 'LT. LIA PLAYGROUND'), 5)
(('N.Y. POLICE DEPT', 'WOODS PLAYGROUND'), 5)
(('N.Y. POLICE DEPT', 'RAMON APONTE PARK'), 5)
(('N.Y. POLICE DEPT', 'BEHAGEN PLAYGROUND'), 5)
(('N.Y. POLICE DEPT', 'MONTBELLIER PARK'), 5)
(('N.Y. POLICE DEPT', 'CORONA GOLF PLAYGROUND'), 5)
(('N.Y. POLICE DEPT', 'PARK SLOPE PLAYGROUND'), 5)
(('N.Y. POLICE DEPT', 'DOME PLAYGROUND'), 5)
(('N.Y. POLICE DEPT', 'PONTIAC PLAYGROUND'), 5)
(('N.Y. POLICE DEPT', 'GRACE PLAYGROUND'), 5)
(('N.Y. POLICE DEPT', 'HINTON PARK'), 5)
(('N.Y. POLICE DEPT', 'CROTONA PARKWAY MALLS'), 5)
(('N.Y. POLICE DEPT', 'NATHAN STRAUS PLAYGROUND'), 5)
(('N.Y. POLICE DEPT', 'MELLETT PLAYGROUND'), 5)
(('N.Y. POLICE DEPT', 'BROWNSVILLE PLAYGROUND'), 5)
(('N.Y. POLICE DEPT', 'ESTELLA DIGGS PARK'), 5)
(('N.Y. POLICE DEPT', 'THE PEARLY GATES'), 5)
(('N.Y. POLICE DEPT', 'RUSSELL PEDERSEN PLAYGROUND'), 5)
(('N.Y. POLICE DEPT', 'EASTERN PARKWAY'), 5)
(('N.Y. POLICE DEPT', 'DAWSON PLAYGROUND'), 5)
(('N.Y. POLICE DEPT', 'ALLEN MALL ONE'), 5)
(('N.Y. POLICE DEPT', "PRINTER'S PARK"), 5)
(('N.Y. POLICE DEPT', 'DITMARS PARK'), 5)
(('N.Y. POLICE DEPT', 'EAST RIVER ESPLANADE E 90TH ST TO E 125TH ST'), 4)
(('N.Y. POLICE DEPT', 'BATHGATE PLAYGROUND'), 4)
(('N.Y. POLICE DEPT', 'TIFFANY PLAYGROUND'), 4)
(('N.Y. POLICE DEPT', 'SCHENCK PLAYGROUND'), 4)
(('N.Y. POLICE DEPT', 'CROWLEY PLAYGROUND'), 4)
(('N.Y. POLICE DEPT', 'EPIPHANY PLAYGROUND'), 4)
(('N.Y. POLICE DEPT', 'MAGENTA PLAYGROUND'), 4)
(('N.Y. POLICE DEPT', 'AMERICAN PLAYGROUND'), 4)
(('N.Y. HOUSING POLICE', 'COFFEY PARK'), 4)
(('NYC PARKS', 'FLUSHING MEADOWS CORONA PARK'), 4)
(('N.Y. POLICE DEPT', 'ALMEDA PLAYGROUND'), 4)
(('N.Y. POLICE DEPT', 'CARMANSVILLE PLAYGROUND'), 4)
(('N.Y. POLICE DEPT', 'INWOOD PARK'), 4)
(('N.Y. HOUSING POLICE', 'RAILROAD PARK BRONX'), 4)
(('N.Y. POLICE DEPT', 'CARVER PLAYGROUND'), 4)
(('N.Y. POLICE DEPT', 'PULASKI PARK'), 4)
(('N.Y. POLICE DEPT', 'COLLEGE POINT PARK'), 4)
(('N.Y. POLICE DEPT', 'LEIF ERICSON FIELDS'), 4)
(('N.Y. POLICE DEPT', 'SOUTH PACIFIC PLAYGROUND'), 4)
(('N.Y. POLICE DEPT', 'BOERUM PARK'), 4)
(('N.Y. POLICE DEPT', 'CICCARONE PARK'), 4)
(('N.Y. POLICE DEPT', 'P.O. SERRANO PLAYGROUND'), 4)
(('N.Y. POLICE DEPT', 'WEBSTER PLAYGROUND'), 4)
(('N.Y. POLICE DEPT', 'LINCOLN RD BLOCK ASSOCIATION'), 4)
(('N.Y. POLICE DEPT', 'QUEENSBRIDGE PARK'), 4)
(('N.Y. POLICE DEPT', 'HOUSTON PLAYGROUND'), 4)
(('N.Y. POLICE DEPT', 'RIENZI PLAYGROUND'), 4)
(('N.Y. POLICE DEPT', 'MIDDLETON PLAYGROUND'), 4)
(('N.Y. POLICE DEPT', 'BRIGHTON PLAYGROUND'), 4)
(('N.Y. POLICE DEPT', 'VLEIGH PLAYGROUND'), 4)
(('N.Y. POLICE DEPT', 'WARDS ISLAND PARK'), 4)
(('N.Y. POLICE DEPT', 'CHRISTOPHER PARK'), 4)
(('N.Y. POLICE DEPT', 'MOUNT HOPE PLAYGROUND'), 4)
(('N.Y. POLICE DEPT', 'OCEAN HILL PLAYGROUND'), 4)
(('N.Y. POLICE DEPT', 'MARCY PLAYGROUND'), 4)
(('N.Y. POLICE DEPT', 'MIDDLE VILLAGE PLAYGROUND'), 4)
(('N.Y. POLICE DEPT', 'CONFERENCE HOUSE PARK'), 4)
(('N.Y. POLICE DEPT', 'MOORE PLAYGROUND'), 4)
(('NYC PARKS', 'CENTRAL PARK'), 4)
(('N.Y. POLICE DEPT', 'SHELTERING ARMS PLAYGROUND'), 4)
(('N.Y. POLICE DEPT', 'IDLEWILD PARK'), 4)
(('N.Y. POLICE DEPT', 'CHIEF DENNIS L. DEVLIN PARK'), 4)
(('N.Y. POLICE DEPT', 'HALF-NELSON PLAYGROUND'), 4)
(('N.Y. POLICE DEPT', "PEOPLE'S PARK"), 4)
(('N.Y. POLICE DEPT', 'VIDALIA PARK'), 4)
(('N.Y. HOUSING POLICE', 'BARUCH PLAYGROUND'), 4)
(('N.Y. POLICE DEPT', 'EAST ELMHURST PLAYGROUND'), 4)
(('N.Y. POLICE DEPT', 'GRANT PARK'), 4)
(('N.Y. HOUSING POLICE', 'SETON FALLS PARK'), 4)
(('N.Y. POLICE DEPT', 'DREW PLAYGROUND'), 4)
(('N.Y. POLICE DEPT', 'UNDERHILL PLAYGROUND'), 4)
(('N.Y. HOUSING POLICE', 'HOLCOMBE RUCKER PARK'), 4)
(('N.Y. POLICE DEPT', 'BELLEVUE SOUTH PARK'), 4)
(('N.Y. POLICE DEPT', 'JOSEPH AUSTIN PLAYGROUND'), 4)
(('N.Y. POLICE DEPT', 'BENNETT PARK'), 4)
(('N.Y. POLICE DEPT', 'HARRIS PARK'), 4)
(('N.Y. HOUSING POLICE', 'COMMODORE BARRY PARK'), 4)
(('N.Y. POLICE DEPT', 'PETROSINO SQUARE'), 4)
(('N.Y. POLICE DEPT', 'ORACLE PLAYGROUND'), 4)
(('N.Y. POLICE DEPT', 'DR. GERTRUDE B. KELLY PLAYGROUND'), 4)
(('N.Y. POLICE DEPT', 'LAFAYETTE PLAYGROUND ON LAFAYETTE AVENUE'), 4)
(('N.Y. POLICE DEPT', 'WEST 4TH STREET COURTS'), 4)
(('N.Y. POLICE DEPT', 'ENNIS PLAYGROUND'), 4)
(('N.Y. POLICE DEPT', 'COLUCCI PLAYGROUND'), 3)
(('N.Y. POLICE DEPT', 'UNNAMED PARK ON SUMMIT AVENUE'), 3)
(('N.Y. POLICE DEPT', 'ABE LEBEWOHL PARK'), 3)
(('N.Y. POLICE DEPT', 'LOPEZ PLAYGROUND'), 3)
(('N.Y. POLICE DEPT', 'LITTLE BAY PARK'), 3)
(('N.Y. POLICE DEPT', 'POWELL PLAYGROUND'), 3)
(('N.Y. POLICE DEPT', 'RECREATIONAL AREA'), 3)
(('N.Y. POLICE DEPT', 'STROUD PLAYGROUND'), 3)
(('N.Y. HOUSING POLICE', 'ABRAHAM LINCOLN PLAYGROUND'), 3)
(('N.Y. POLICE DEPT', 'SUTTON PLACE PARK'), 3)
(('N.Y. POLICE DEPT', 'POPPENHUSEN PLAYGROUND'), 3)
(('N.Y. POLICE DEPT', 'CONEY ISLAND CREEK PARK'), 3)
(('N.Y. POLICE DEPT', 'GOBLE PLAYGROUND'), 3)
(('N.Y. POLICE DEPT', 'FIRST PARK'), 3)
(('N.Y. POLICE DEPT', 'LOUIS ARMSTRONG PLAYGROUND'), 3)
(('N.Y. HOUSING POLICE', 'MARBLE HILL PLAYGROUND'), 3)
(('N.Y. POLICE DEPT', 'ELEANOR ROOSEVELT PLAYGROUND'), 3)
(('N.Y. POLICE DEPT', 'TONY DAPOLITO RECREATION CENTER'), 3)
(('N.Y. POLICE DEPT', 'EVERGREEN PLAYGROUND'), 3)
(('N.Y. POLICE DEPT', 'BLOOMINGDALE PARK'), 3)
(('N.Y. POLICE DEPT', 'WHITE PLAYGROUND MANHATTAN'), 3)
(('N.Y. POLICE DEPT', 'POLICE OFFICER NICHOLAS DEMUTIIS PARK'), 3)
(('N.Y. POLICE DEPT', 'UNNAMED PARK ON BRUCKNER EXPRESSWAY WEST OF MORRISON AVENUE'), 3)
(('N.Y. POLICE DEPT', 'NEPTUNE PLAYGROUND'), 3)
(('N.Y. POLICE DEPT', 'GREAT KILLS PARK'), 3)
(('N.Y. POLICE DEPT', 'EAGLE SLOPE'), 3)
(('N.Y. POLICE DEPT', 'ANNADALE PLAYGROUND'), 3)
(('N.Y. POLICE DEPT', "HELL'S KITCHEN PARK"), 3)
(('N.Y. POLICE DEPT', 'BILDERSEE PLAYGROUND'), 3)
(('N.Y. POLICE DEPT', 'JOHN HANCOCK PLAYGROUND'), 3)
(('N.Y. POLICE DEPT', 'HATTIE CARTHAN PLAYGROUND'), 3)
(('N.Y. POLICE DEPT', 'SPERANDEO BROTHERS PLAYGROUND'), 3)
(('N.Y. POLICE DEPT', 'NORTH 5TH STREET PIER AND PARK'), 3)
(('N.Y. POLICE DEPT', 'BAYSWATER PARK'), 3)
(('NYC PARKS', 'KISSENA PARK'), 3)
(('N.Y. POLICE DEPT', 'WHALEN PARK'), 3)
(('N.Y. POLICE DEPT', 'GOUVERNEUR PLAYGROUND'), 3)
(('N.Y. POLICE DEPT', 'LAGUARDIA LANDING LIGHTS'), 3)
(('N.Y. POLICE DEPT', 'EAE J MITCHELL PARK'), 3)
(('N.Y. POLICE DEPT', 'OXPORT PLAYGROUND'), 3)
(('N.Y. POLICE DEPT', 'RAILROAD PLAYGROUND'), 3)
(('N.Y. POLICE DEPT', 'ST. VARTAN PARK'), 3)
(('N.Y. POLICE DEPT', 'ADMIRAL FARRAGUT PLAYGROUND'), 3)
(('N.Y. POLICE DEPT', 'WINFIELD PLAZA'), 3)
(('N.Y. POLICE DEPT', 'IRVING SQUARE PARK'), 3)
(('N.Y. POLICE DEPT', 'MOUNT EDEN MALLS'), 3)
(('N.Y. POLICE DEPT', 'BEACH 59TH ST PLAYGROUND'), 3)
(('N.Y. POLICE DEPT', 'EHRENREICH-AUSTIN PLAYGROUND'), 3)
(('NYC PARKS', 'RIVERSIDE PARK'), 3)
(('N.Y. POLICE DEPT', 'HORSESHOE PLAYGROUND'), 3)
(('N.Y. POLICE DEPT', 'ST. ALBANS PARK'), 3)
(('N.Y. POLICE DEPT', 'HARLEM ART PARK'), 3)
(('N.Y. POLICE DEPT', 'STAPLETON PLAYGROUND'), 3)
(('N.Y. POLICE DEPT', 'TEN EYCK PLAYGROUND'), 3)
(('N.Y. POLICE DEPT', 'GUN HILL PLAYGROUND'), 3)
(('N.Y. POLICE DEPT', "THE PAINTER'S PLAYGROUND"), 3)
(('N.Y. POLICE DEPT', 'EDMONDS PLAYGROUND'), 3)
(('N.Y. POLICE DEPT', 'SPACE TIME PLAYGROUND'), 3)
(('N.Y. POLICE DEPT', 'SIXTEEN SYCAMORES PLAYGROUND'), 3)
(('N.Y. POLICE DEPT', 'MAJOR MARK PARK'), 3)
(('N.Y. POLICE DEPT', 'EAST RIVER PLAYGROUND'), 3)
(('N.Y. HOUSING POLICE', 'EDENWALD PLAYGROUND'), 3)
(('N.Y. POLICE DEPT', 'MCDONALD PLAYGROUND BROOKLYN'), 3)
(('N.Y. POLICE DEPT', 'JAMAICA PLAYGROUND'), 3)
(('N.Y. POLICE DEPT', 'BEDFORD PLAYGROUND'), 3)
(('U.S. PARK POLICE', 'BATTERY PARK'), 3)
(('N.Y. POLICE DEPT', 'RENAISSANCE PLAYGROUND'), 3)
(('N.Y. POLICE DEPT', 'MACNEIL PARK'), 3)
(('N.Y. POLICE DEPT', 'CRISPUS ATTUCKS PLAYGROUND'), 3)
(('N.Y. POLICE DEPT', 'HIGHBRIDGE PARK BRONX SIDE'), 3)
(('N.Y. POLICE DEPT', 'DI GILIO PLAYGROUND'), 3)
(('N.Y. POLICE DEPT', 'MARCY PARK SOUTH'), 3)
(('N.Y. POLICE DEPT', 'JESSE OWENS PLAYGROUND'), 3)
(('N.Y. HOUSING POLICE', 'MARLBORO PLAYGROUND'), 3)
(('N.Y. POLICE DEPT', 'MACDONALD PARK'), 3)
(('N.Y. POLICE DEPT', 'HARVARD PLAYGROUND'), 3)
(('N.Y. POLICE DEPT', 'HOPE BALLFIELD'), 3)
(('N.Y. POLICE DEPT', "WOLFE'S POND PARK"), 3)
(('N.Y. POLICE DEPT', 'ST. NICHOLAS PLAYGROUND SOUTH'), 3)
(('N.Y. POLICE DEPT', 'BENSON PLAYGROUND'), 3)
(('N.Y. POLICE DEPT', 'STAR SPANGLED PLAYGROUND'), 3)
(('N.Y. HOUSING POLICE', "ST. MARY'S PARK BRONX"), 3)
(('N.Y. POLICE DEPT', 'HORACE HARDING PLAYGROUND'), 3)
(('N.Y. STATE PARKS', 'ROCKAWAY BEACH AND BOARDWALK'), 3)
(('N.Y. POLICE DEPT', 'TANAHEY PLAYGROUND'), 3)
(('N.Y. POLICE DEPT', 'VETERANS PARK STATEN ISLAND'), 3)
(('N.Y. HOUSING POLICE', 'BLAND PLAYGROUND'), 3)
(('N.Y. POLICE DEPT', 'HINES PARK'), 3)
(('N.Y. POLICE DEPT', 'BLOOMINGDALE PLAYGROUND'), 3)
(('N.Y. HOUSING POLICE', 'MELROSE PLAYGROUND'), 3)
(('N.Y. POLICE DEPT', 'GRAND CENTRAL PARKWAY'), 3)
(('N.Y. POLICE DEPT', 'GREENE PLAYGROUND'), 3)
(('N.Y. POLICE DEPT', 'ROEBLING PLAYGROUND'), 3)
(('N.Y. POLICE DEPT', 'MONSIGNOR KETT PLAYGROUND'), 3)
(('N.Y. POLICE DEPT', 'HAGGERTY PARK'), 3)
(('N.Y. POLICE DEPT', 'SILVER LAKE PARK'), 3)
(('N.Y. POLICE DEPT', 'BARRETTO POINT PARK'), 3)
(('N.Y. POLICE DEPT', 'GRADY PLAYGROUND'), 3)
(('N.Y. POLICE DEPT', 'MARGARET I. CARMAN GREEN - WEEPING BEECH'), 3)
(('N.Y. POLICE DEPT', 'COLONEL CHARLES YOUNG TRIANGLE'), 3)
(('N.Y. POLICE DEPT', 'OCEAN BREEZE PARK'), 3)
(('N.Y. POLICE DEPT', 'WOOD PARK'), 3)
(('N.Y. POLICE DEPT', 'VIETNAM VETERANS PLAZA'), 3)
(('N.Y. POLICE DEPT', 'SHEEPSHEAD PLAYGROUND'), 3)
(('N.Y. POLICE DEPT', 'CEDAR PLAYGROUND'), 3)
(('N.Y. POLICE DEPT', 'PLAYGROUND SEVENTY FIVE'), 3)
(('N.Y. HOUSING POLICE', 'SOUTH PACIFIC PLAYGROUND'), 3)
(('N.Y. HOUSING POLICE', 'HALLETS COVE PLAYGROUND'), 2)
(('N.Y. POLICE DEPT', 'HAVEMEYER PLAYGROUND'), 2)
(('N.Y. POLICE DEPT', 'RODNEY PARK NORTH'), 2)
(('N.Y. POLICE DEPT', 'NEWTOWN PLAYGROUND'), 2)
(('N.Y. POLICE DEPT', 'BENJAMIN GLADSTONE SQUARE'), 2)
(('N.Y. POLICE DEPT', 'BRIDGE PARK 3'), 2)
(('N.Y. POLICE DEPT', 'TEN EYCK PLAZA'), 2)
(('N.Y. POLICE DEPT', 'STOCKTON PLAYGROUND'), 2)
(('N.Y. HOUSING POLICE', 'HARLEM LANE PLAYGROUND'), 2)
(('N.Y. HOUSING POLICE', 'CROTONA PARK'), 2)
(('N.Y. POLICE DEPT', 'GARDEN PLAYGROUND'), 2)
(('N.Y. HOUSING POLICE', 'SAMUEL N. BENNERSON 2ND PLAYGROUND'), 2)
(('N.Y. POLICE DEPT', 'UNNAMED PARK ON BELT PARKWAY'), 2)
(('N.Y. POLICE DEPT', 'ALICE KORNEGAY TRIANGLE'), 2)
(('N.Y. HOUSING POLICE', 'PLAYGROUND 103 CIII'), 2)
(('N.Y. POLICE DEPT', 'CRACK IS WACK PLAYGROUND'), 2)
(('N.Y. POLICE DEPT', 'HARRY MAZE PLAYGROUND'), 2)
(('N.Y. POLICE DEPT', 'MILL POND PARK'), 2)
(('N.Y. POLICE DEPT', 'VERDI SQUARE'), 2)
(('N.Y. POLICE DEPT', 'BELMONT PLAYGROUND BROOKLYN'), 2)
(('N.Y. POLICE DEPT', 'BRADHURST URBAN RENEWAL PARK'), 2)
(('N.Y. POLICE DEPT', 'PATTERSON PLAYGROUND'), 2)
(('N.Y. POLICE DEPT', 'COLDEN PLAYGROUND'), 2)
(('N.Y. POLICE DEPT', 'MARCONI PARK'), 2)
(('N.Y. POLICE DEPT', 'OSBORN PLAYGROUND'), 2)
(('N.Y. POLICE DEPT', 'POLICE OFFICER EDWARD BYRNE PARK'), 2)
(('N.Y. POLICE DEPT', 'SOUTH BEACH WETLANDS'), 2)
(('N.Y. POLICE DEPT', 'CLASSON PLAYGROUND AT CLASSON AVENUE & LAFAYETTE AVENUE'), 2)
(('N.Y. POLICE DEPT', 'NORTHERLEIGH PARK'), 2)
(('N.Y. POLICE DEPT', 'CASERTA PLAYGROUND'), 2)
(('N.Y. HOUSING POLICE', 'FORT GREENE PARK'), 2)
(('N.Y. POLICE DEPT', 'GROVE HILL PLAYGROUND'), 2)
(('N.Y. POLICE DEPT', 'CENTREVILLE PLAYGROUND'), 2)
(('N.Y. HOUSING POLICE', 'BRONX RIVER PARKWAY'), 2)
(('N.Y. POLICE DEPT', 'UNNAMED PARK ON 92ND STREET'), 2)
(('N.Y. POLICE DEPT', 'UNNAMED PARK ON E 120TH STREET'), 2)
(('N.Y. POLICE DEPT', 'PERETZ SQUARE'), 2)
(('N.Y. HOUSING POLICE', 'CHELSEA PARK'), 2)
(('N.Y. POLICE DEPT', 'PENA HERRERA PARK'), 2)
(('N.Y. POLICE DEPT', 'PLAYGROUND THIRTY FIVE XXXV'), 2)
(('N.Y. POLICE DEPT', 'MARTINEZ PLAYGROUND'), 2)
(('N.Y. POLICE DEPT', 'BREININGER PARK'), 2)
(('N.Y. POLICE DEPT', 'PROSPECT PLAYGROUND'), 2)
(('N.Y. POLICE DEPT', 'SURF PLAYGROUND'), 2)
(('N.Y. HOUSING POLICE', 'JACKIE ROBINSON COMMUNITY GARDEN'), 2)
(('N.Y. HOUSING POLICE', 'BRIDGE PARK BROOKLYN'), 2)
(('N.Y. POLICE DEPT', "D'AURIA-MURPHY TRIANGLE"), 2)
(('N.Y. POLICE DEPT', 'ALBEMARLE PLAYGROUND'), 2)
(('N.Y. HOUSING POLICE', 'WATSON GLEASON PLAYGROUND'), 2)
(('N.Y. POLICE DEPT', 'FLOYD PATTERSON BALLFIELDS'), 2)
(('N.Y. POLICE DEPT', 'REV J POLITE PLAYGROUND'), 2)
(('N.Y. POLICE DEPT', 'WAGNER PLAYGROUND'), 2)
(('N.Y. POLICE DEPT', 'STANLEY ISAACS PLAYGROUND'), 2)
(('N.Y. POLICE DEPT', 'P.S. 155 PLAYGROUND'), 2)
(('N.Y. POLICE DEPT', 'SARATOGA SQUARE URBAN RENEWAL AREA, SITE 164'), 2)
(('N.Y. POLICE DEPT', 'MIDLAND PLAYGROUND'), 2)
(('N.Y. POLICE DEPT', 'ADAM YAUCH PARK'), 2)
(('N.Y. POLICE DEPT', 'SOCRATES SCULPTURE PARK'), 2)
(('N.Y. POLICE DEPT', 'MARTIN LUTHER PLAYGROUND'), 2)
(('N.Y. POLICE DEPT', 'ALBERT CAPSOUTO PARK'), 2)
(('N.Y. POLICE DEPT', 'WALTON PARK'), 2)
(('N.Y. HOUSING POLICE', 'POWELL PLAYGROUND'), 2)
(('N.Y. POLICE DEPT', 'W 87TH STREET GARDEN'), 2)
(('N.Y. POLICE DEPT', 'RIVERSIDE PARK SOUTH'), 2)
(('N.Y. POLICE DEPT', 'DE MATTI PLAYGROUND'), 2)
(('N.Y. POLICE DEPT', 'MORRIS GARDEN'), 2)
(('N.Y. POLICE DEPT', 'AMPERE PLAYGROUND'), 2)
(('N.Y. POLICE DEPT', 'JAMES WELDON JOHNSON PLAYGROUND'), 2)
(('N.Y. HOUSING POLICE', 'CHERRY TREE PARK'), 2)
(('N.Y. HOUSING POLICE', 'MOORE PLAYGROUND'), 2)
(('N.Y. POLICE DEPT', 'RODNEY PLAYGROUND NORTH'), 2)
(('N.Y. POLICE DEPT', 'DANTE PARK'), 2)
(('N.Y. POLICE DEPT', 'MOTHER CABRINI PARK'), 2)
(('N.Y. POLICE DEPT', 'THE BACKYARD'), 2)
(('N.Y. POLICE DEPT', 'ANIBAL AVILES PLAYGROUND'), 2)
(('N.Y. POLICE DEPT', 'CORLEARS HOOK PARK'), 2)
(('N.Y. POLICE DEPT', 'DETECTIVE WILLIAM T. GUNN PARK'), 2)
(('N.Y. POLICE DEPT', 'GARDEN BEAUTIFUL'), 2)
(('N.Y. POLICE DEPT', 'HARLEM LANE PLAYGROUND'), 2)
(('N.Y. POLICE DEPT', 'UNNAMED PARK ON HICKS STREET'), 2)
(('N.Y. STATE PARKS', 'RIVERSIDE PARK'), 2)
(('N.Y. POLICE DEPT', 'UNNAMED PARK ON BEACH CHANNEL DRIVE & BEACH 89TH TO OLD BEACH 88TH STREET'), 2)
(('N.Y. HOUSING POLICE', 'MARCY PLAYGROUND'), 2)
(('N.Y. POLICE DEPT', 'BELLAIRE PLAYGROUND'), 2)
(('N.Y. HOUSING POLICE', 'BRIDGE PARK 3'), 2)
(('N.Y. HOUSING POLICE', 'PATTERSON PLAYGROUND'), 2)
(('N.Y. POLICE DEPT', 'BRIARWOOD PLAYGROUND'), 2)
(('N.Y. HOUSING POLICE', 'QUEENSBRIDGE PARK'), 2)
(('N.Y. POLICE DEPT', 'UNNAMED PARK ON 3RD AVENUE'), 2)
(('N.Y. POLICE DEPT', 'CLARK PLAYGROUND'), 2)
(('N.Y. POLICE DEPT', 'THOMAS PAINE PARK'), 2)
(('N.Y. POLICE DEPT', 'DE COLORES COMMUNITY YARD AND CULTURAL CENTER'), 2)
(('N.Y. POLICE DEPT', 'BULOVA PARK'), 2)
(('N.Y. POLICE DEPT', 'A PHILIP RANDOLPH SQUARE'), 2)
(('N.Y. POLICE DEPT', 'OGDEN PLIMPTON PLAYGROUND'), 2)
(('N.Y. POLICE DEPT', 'DUNBAR PLAYGROUND'), 2)
(('N.Y. POLICE DEPT', 'MURRAY HILL PLAYGROUND'), 2)
(('N.Y. HOUSING POLICE', 'FREDERICK DOUGLASS PLAYGROUND'), 2)
(('N.Y. POLICE DEPT', "VAN CORTLANDT'S TAIL"), 2)
(('N.Y. POLICE DEPT', 'ROCK GARDEN PARK'), 2)
(('N.Y. HOUSING POLICE', 'STARS & STRIPES PLAYGROUND'), 2)
(('N.Y. POLICE DEPT', 'DEVANNEY TRIANGLE'), 2)
(('N.Y. POLICE DEPT', 'LINDOWER PARK'), 2)
(('N.Y. POLICE DEPT', 'EMERALD PLAYGROUND'), 2)
(('N.Y. POLICE DEPT', 'GERTRUDE EDERLE RECREATION CENTER'), 2)
(('N.Y. HOUSING POLICE', 'COLONEL CHARLES YOUNG TRIANGLE'), 2)
(('N.Y. POLICE DEPT', 'POSEIDON PLAYGROUND'), 2)
(('N.Y. POLICE DEPT', 'GEORGE WALKER JR. PARK'), 2)
(('N.Y. POLICE DEPT', 'AUDUBON PLAYGROUND'), 2)
(('N.Y. POLICE DEPT', 'BROOK PARK'), 2)
(('N.Y. POLICE DEPT', 'LOZADA PLAYGROUND'), 2)
(('N.Y. POLICE DEPT', 'ST. LAWRENCE TRIANGLE'), 2)
(('N.Y. POLICE DEPT', 'SCARANGELLA PARK'), 2)
(('N.Y. POLICE DEPT', 'HOWARD VON DOHLEN PLAYGROUND'), 2)
(('N.Y. POLICE DEPT', 'BREUKELEN BALLFIELDS'), 2)
(('N.Y. POLICE DEPT', 'RODNEY PARK SOUTH'), 2)
(('N.Y. POLICE DEPT', 'JUDGE MOSES WEINSTEIN PLAYGROUND'), 2)
(('OTHER', 'ANNADALE PLAYGROUND'), 2)
(('N.Y. POLICE DEPT', 'DETECTIVE JOSEPH MAYROSE PARK'), 2)
(('N.Y. POLICE DEPT', 'BROOKLYN HEIGHTS PROMENADE'), 2)
(('N.Y. HOUSING POLICE', 'VLADECK PARK'), 2)
(('N.Y. POLICE DEPT', 'STARR PLAYGROUND'), 2)
(('N.Y. POLICE DEPT', 'GREENPOINT PLAYGROUND'), 2)
(('N.Y. HOUSING POLICE', 'DR. GERTRUDE B. KELLY PLAYGROUND'), 2)
(('N.Y. POLICE DEPT', 'EAST RIVER WALK'), 2)
(('N.Y. POLICE DEPT', 'ST. NICHOLAS PLAYGROUND NORTH'), 2)
(('N.Y. POLICE DEPT', "MURPHY'S BROTHER'S PLAYGROUND"), 2)
(('N.Y. HOUSING POLICE', 'JEROME PLAYGROUND'), 2)
(('N.Y. POLICE DEPT', 'PLIMPTON PLAYGROUND'), 2)
(('N.Y. POLICE DEPT', 'GREEN CENTRAL KNOLL'), 2)
(('N.Y. POLICE DEPT', 'UNNAMED PARK ON E 177TH STREET'), 2)
(('N.Y. POLICE DEPT', 'STARS & STRIPES PLAYGROUND'), 2)
(('N.Y. POLICE DEPT', 'BRIZZI PLAYGROUND'), 2)
(('N.Y. POLICE DEPT', 'HENRY HUDSON PARK'), 2)
(('N.Y. POLICE DEPT', 'VINMONT VETERAN PARK'), 2)
(('N.Y. POLICE DEPT', 'GALAPO PLAYGROUND'), 2)
(('N.Y. POLICE DEPT', 'RIVERDALE PARK'), 2)
(('N.Y. POLICE DEPT', 'LIVONIA PARK'), 2)
(('N.Y. POLICE DEPT', 'TRIBECA PARK'), 2)
(('N.Y. POLICE DEPT', 'KELTCH PARK'), 2)
(('N.Y. POLICE DEPT', 'MAHONEY PLAYGROUND'), 2)
(('N.Y. POLICE DEPT', 'QUEENS VILLAGE VETERANS PLAZA'), 2)
(('N.Y. POLICE DEPT', 'BAYVIEW PLAYGROUND'), 2)
(('N.Y. POLICE DEPT', 'DUGAN PLAYGROUND'), 2)
(('N.Y. POLICE DEPT', 'WOODRUFF PLAYGROUND'), 2)
(('N.Y. HOUSING POLICE', 'GUN HILL PLAYGROUND'), 2)
(('NYC PARKS', 'MACOMBS DAM PARK'), 2)
(('N.Y. POLICE DEPT', 'CYPRESS HILLS PLAYGROUND'), 2)
(('N.Y. POLICE DEPT', 'KOSCIUSZKO POOL'), 2)
(('N.Y. POLICE DEPT', 'UNNAMED PARK ON VAN WYCK EXPRESSWAY'), 2)
(('N.Y. POLICE DEPT', 'ROBERT MOSES PLAYGROUND'), 2)
(('N.Y. POLICE DEPT', 'BURNS PLAYGROUND'), 2)
(('N.Y. POLICE DEPT', 'FRANK PRINCIPE PARK'), 2)
(('N.Y. POLICE DEPT', 'STRAUS PARK'), 2)
(('N.Y. POLICE DEPT', 'BLEECKER PLAYGROUND'), 2)
(('N.Y. HOUSING POLICE', 'SURF PLAYGROUND'), 2)
(('N.Y. POLICE DEPT', 'UNNAMED PARK ON 4TH AVENUE'), 2)
(('N.Y. POLICE DEPT', 'UNNAMED PARK ON GRAND AVENUE'), 2)
(('N.Y. HOUSING POLICE', 'PARKSIDE PLAYGROUND BRONX'), 2)
(('N.Y. POLICE DEPT', 'WILLOWBROOK PARK'), 2)
(('N.Y. POLICE DEPT', 'UNNAMED PARK ON 43RD AVENUE'), 2)
(('N.Y. POLICE DEPT', 'OAKLAND GARDENS'), 2)
(('N.Y. POLICE DEPT', 'BLUE HERON PARK'), 2)
(('N.Y. POLICE DEPT', 'MARBLE HILL PLAYGROUND'), 2)
(('N.Y. POLICE DEPT', 'FORT TOTTEN PARK'), 2)
(('N.Y. POLICE DEPT', 'YELLOWSTONE PARK'), 2)
(('N.Y. HOUSING POLICE', 'WALD PLAYGROUND'), 2)
(('N.Y. POLICE DEPT', 'UNNAMED PARK ON E 170TH STREET'), 2)
(('N.Y. POLICE DEPT', 'ZION TRIANGLE'), 2)
(('N.Y. POLICE DEPT', 'BIG BUSH PARK'), 2)
(('OTHER', 'HIGHBRIDGE PARK MANHATTAN SIDE'), 1)
(('N.Y. POLICE DEPT', 'PLAYGROUND TWENTY ONE'), 1)
(('N.Y. HOUSING POLICE', 'BROWNSVILLE PLAYGROUND'), 1)
(('N.Y. POLICE DEPT', 'DYCKMAN HOUSE MUSEUM'), 1)
(('NYC PARKS', 'LEWIS H LATIMER HOUSE'), 1)
(('NYC PARKS', 'WARDS ISLAND PARK'), 1)
(('NYC PARKS', 'ROCKAWAY COMMUNITY PARK'), 1)
(('N.Y. POLICE DEPT', 'BILL BOJANGLES ROBINSON PLAYGROUND'), 1)
(('N.Y. POLICE DEPT', 'ST. NICHOLAS MIRACLE GARDEN'), 1)
(('N.Y. POLICE DEPT', 'STEUBEN PLAYGROUND'), 1)
(('N.Y. POLICE DEPT', 'STEEPLECHASE PARK'), 1)
(('N.Y. HOUSING POLICE', 'WILLIS PLAYGROUND'), 1)
(('N.Y. POLICE DEPT', 'LYONS POOL'), 1)
(('N.Y. POLICE DEPT', 'SHERIDAN SQUARE VIEWING GARDEN'), 1)
(('N.Y. POLICE DEPT', 'AMERICAN VETERANS MEMORIAL PIER'), 1)
(('N.Y. POLICE DEPT', 'SEABURY PARK'), 1)
(('N.Y. POLICE DEPT', 'BENNINGER PLAYGROUND'), 1)
(('OTHER', 'PAERDEGAT BASIN PARK'), 1)
(('N.Y. POLICE DEPT', 'CLINTON COMMUNITY GARDEN'), 1)
(('NYC PARKS', 'BEACH 17 PLAYGROUND'), 1)
(('N.Y. POLICE DEPT', 'WAKEFIELD PLAYGROUND'), 1)
(('N.Y. HOUSING POLICE', 'ABIGAIL PLAYGROUND'), 1)
(('N.Y. POLICE DEPT', 'DONGAN PLAYGROUND'), 1)
(('NYC PARKS', 'BRONX RIVER PARKWAY'), 1)
(('N.Y. POLICE DEPT', 'PLEASANT VILLAGE COMMUNITY GARDEN'), 1)
(('N.Y. POLICE DEPT', 'CHIARANTANO PLAYGROUND'), 1)
(('OTHER', 'BETSY HEAD PARK'), 1)
(('N.Y. POLICE DEPT', 'NELSON PLAYGROUND'), 1)
(('N.Y. POLICE DEPT', 'DECATUR PLAYGROUND'), 1)
(('N.Y. POLICE DEPT', 'AMERICAN TRIANGLE'), 1)
(('N.Y. HOUSING POLICE', 'CASTLE HILL PLAYGROUND'), 1)
(('N.Y. POLICE DEPT', 'UNNAMED PARK ON THE SOUTHSIDE OF E 175TH STREET'), 1)
(('NYC PARKS', 'VETERNS CIRCLE'), 1)
(('N.Y. POLICE DEPT', 'WAGNER HOUSES POOL'), 1)
(('N.Y. POLICE DEPT', 'JULIO CARBALLO FIELDS'), 1)
(('N.Y. POLICE DEPT', '"UNCLE" VITO E. MARANZANO GLENDALE PLAYGROUND'), 1)
(('N.Y. POLICE DEPT', 'SPIRIT PLAYGROUND'), 1)
(('N.Y. POLICE DEPT', 'HUNTS POINT RIVERSIDE PARK'), 1)
(('N.Y. HOUSING POLICE', 'MCKINLEY SQUARE'), 1)
(('N.Y. POLICE DEPT', 'UNNAMED PARK ON WILLMOHR STREET'), 1)
(('N.Y. POLICE DEPT', 'WILLETS POINT PLAYGROUND'), 1)
(('N.Y. POLICE DEPT', 'LATOURETTE PARK & GOLF COURSE'), 1)
(('N.Y. POLICE DEPT', 'LEMON CREEK PARK'), 1)
(('N.Y. POLICE DEPT', 'TAAFFE PLAYGROUND'), 1)
(('N.Y. POLICE DEPT', 'RAOUL WALLENBERG FOREST'), 1)
(('N.Y. POLICE DEPT', 'BARTEL-PRITCHARD SQUARE'), 1)
(('N.Y. HOUSING POLICE', 'RED HOOK RECREATION AREA'), 1)
(('N.Y. TRANSIT POLICE', 'CHELSEA PARK'), 1)
(('N.Y. POLICE DEPT', 'MCKINLEY PLAYGROUND'), 1)
(('NYC PARKS', 'CROTONA PARK'), 1)
(('N.Y. POLICE DEPT', 'FRANK GOLDEN PARK'), 1)
(('N.Y. POLICE DEPT', 'PARKSIDE PLAYGROUND BRONX'), 1)
(('N.Y. HOUSING POLICE', 'ALFRED E. SMITH PLAYGROUND'), 1)
(('N.Y. POLICE DEPT', 'PINK PLAYGROUND'), 1)
(('N.Y. POLICE DEPT', 'ARROCHAR PLAYGROUND'), 1)
(('N.Y. POLICE DEPT', 'THOMAS BOYLAND PARK'), 1)
(('N.Y. POLICE DEPT', 'NEWPORT PLAYGROUND'), 1)
(('NYC PARKS', 'DAWSON PLAYGROUND'), 1)
(('OTHER', 'BILL BROWN PLAYGROUND'), 1)
(('OTHER', 'LORETO PLAYGROUND'), 1)
(('N.Y. POLICE DEPT', 'BUSHWICK PLAYGROUND ON FLUSHING AVENUE'), 1)
(('N.Y. POLICE DEPT', 'BOWLING GREEN'), 1)
(('N.Y. POLICE DEPT', 'PLAYGROUND ONE THIRTY FOUR CXXXIV'), 1)
(('N.Y. HOUSING POLICE', 'CHELSEA RECREATION CENTER'), 1)
(('NYC PARKS', 'FRANKLIN D. ROOSEVELT BOARDWALK AND BEACH'), 1)
(('N.Y. HOUSING POLICE', 'KELLY PARK'), 1)
(('N.Y. POLICE DEPT', 'ALEXANDER HAMILTON PLAYGROUND'), 1)
(('N.Y. POLICE DEPT', 'TOTTENVILLE POOL'), 1)
(('N.Y. POLICE DEPT', 'PELHAM BAY LITTLE LEAGUE'), 1)
(('N.Y. POLICE DEPT', 'EL SHABAZZ PLAYGROUND'), 1)
(('N.Y. POLICE DEPT', 'ANNUNCIATION PARK'), 1)
(('N.Y. POLICE DEPT', 'AHEARN PARK'), 1)
(('N.Y. POLICE DEPT', 'MARKHAM PLAYGROUND'), 1)
(('N.Y. POLICE DEPT', 'ALBEN TRIANGLE'), 1)
(('N.Y. POLICE DEPT', 'ABINGDON SQUARE'), 1)
(('N.Y. POLICE DEPT', 'PAUL RAIMONDA PLAYGROUND'), 1)
(('N.Y. POLICE DEPT', 'UNNAMED PARK ON E 164TH STREET'), 1)
(('N.Y. POLICE DEPT', 'LOTT PARK'), 1)
(('N.Y. POLICE DEPT', 'EIGHT OAKS TRIANGLE'), 1)
(('OTHER', 'BUSHWICK INLET PARK'), 1)
(('N.Y. POLICE DEPT', 'CURTIS PLAYGROUND'), 1)
(('N.Y. POLICE DEPT', 'COLLEGE POINT FIELDS'), 1)
(('N.Y. POLICE DEPT', 'NEW DORP PARK'), 1)
(('N.Y. POLICE DEPT', 'ARVERNE PLAYGROUND'), 1)
(('N.Y. POLICE DEPT', 'BARRETTO PARK'), 1)
(('NYC PARKS', 'EASTERN PARKWAY'), 1)
(('N.Y. POLICE DEPT', 'SUTTON PARKS'), 1)
(('N.Y. POLICE DEPT', 'THROGS NECK PARK'), 1)
(('N.Y. POLICE DEPT', 'WHITESTONE PLAYGROUND'), 1)
(('N.Y. POLICE DEPT', 'VAN NEST PARK'), 1)
(('N.Y. STATE PARKS', 'RICHMAN (ECHO) PARK'), 1)
(('N.Y. STATE PARKS', 'BUSHWICK INLET PARK'), 1)
(('N.Y. POLICE DEPT', 'JAMAICA BAY PARK'), 1)
(('N.Y. TRANSIT POLICE', 'UNION SQUARE PARK'), 1)
(('N.Y. POLICE DEPT', 'REV LENA IRONS UNITY PARK'), 1)
(('N.Y. POLICE DEPT', 'PRATT PLAYGROUND'), 1)
(('N.Y. POLICE DEPT', 'RECREATION CENTER 54'), 1)
(('N.Y. POLICE DEPT', 'COLGATE CLOSE'), 1)
(('N.Y. POLICE DEPT', 'JACKIE ROBINSON PARK BROOKLYN'), 1)
(('N.Y. HOUSING POLICE', 'MORNINGSIDE PARK'), 1)
(('OTHER', 'STAPLETON PLAYGROUND'), 1)
(('N.Y. POLICE DEPT', 'MCKINLEY SQUARE'), 1)
(('N.Y. POLICE DEPT', 'ABIGAIL PLAYGROUND'), 1)
(('N.Y. POLICE DEPT', 'CHERRY CLINTON PLAYGROUND'), 1)
(('N.Y. POLICE DEPT', 'STEBBINS PLAYGROUND'), 1)
(('N.Y. POLICE DEPT', 'PRALL PLAYGROUND'), 1)
(('N.Y. POLICE DEPT', 'WILSON PLAYGROUND'), 1)
(('N.Y. POLICE DEPT', 'FRANCIS LEWIS PARK'), 1)
(('OTHER', 'JUNIPER VALLEY PARK'), 1)
(('N.Y. POLICE DEPT', 'HARVEY PARK'), 1)
(('N.Y. POLICE DEPT', 'UNNAMED PARK ON PROSPECT AVENUE'), 1)
(('N.Y. POLICE DEPT', 'DAVIDSON PLAYGROUND'), 1)
(('N.Y. HOUSING POLICE', 'MANOR PARK'), 1)
(('N.Y. POLICE DEPT', 'THURSBY BASIN PARK'), 1)
(('N.Y. POLICE DEPT', 'PECK SLIP'), 1)
(('NYC PARKS', 'TONY DAPOLITO RECREATION CENTER'), 1)
(('N.Y. POLICE DEPT', 'BARRIER PLAYGROUND'), 1)
(('N.Y. POLICE DEPT', 'JACKSON SQUARE'), 1)
(('N.Y. POLICE DEPT', 'BEANSTALK PLAYGROUND'), 1)
(('N.Y. POLICE DEPT', 'YAK PLAYGROUND'), 1)
(('N.Y. POLICE DEPT', 'BEACH 30TH STREET PLAYGROUND'), 1)
(('N.Y. POLICE DEPT', 'CHALLENGE PLAYGROUND'), 1)
(('N.Y. POLICE DEPT', 'P.S. 149 ARTSY BLOOM COMMUNITY GARDEN'), 1)
(('N.Y. POLICE DEPT', 'UNNAMED PARK ON E 175TH STREET'), 1)
(('N.Y. POLICE DEPT', 'FATHER DEMO SQUARE'), 1)
(('N.Y. POLICE DEPT', 'CITY ISLAND WETLANDS'), 1)
(('U.S. PARK POLICE', 'GREAT KILLS PARK'), 1)
(('N.Y. POLICE DEPT', 'ANDREWS GROVE'), 1)
(('N.Y. POLICE DEPT', 'SUNRISE PLAYGROUND'), 1)
(('N.Y. STATE PARKS', 'MACNEIL PARK'), 1)
(('N.Y. POLICE DEPT', 'CORONA PLAZA'), 1)
(('N.Y. POLICE DEPT', 'MACLAUGHLIN PLAYGROUND'), 1)
(('N.Y. POLICE DEPT', "EAST FLATBUSH CHILDREN'S PARK"), 1)
(('N.Y. POLICE DEPT', 'CONTINENTAL ARMY PLAZA'), 1)
(('N.Y. POLICE DEPT', 'RALPH DEMARCO PARK'), 1)
(('N.Y. POLICE DEPT', 'HICKMAN PLAYGROUND'), 1)
(('N.Y. HOUSING POLICE', 'CROTONA PARKWAY MALLS'), 1)
(('N.Y. POLICE DEPT', 'SUMPTER COMMUNITY GARDEN'), 1)
(('N.Y. POLICE DEPT', 'UNNAMED PARK ON E 102ND STREET'), 1)
(('N.Y. POLICE DEPT', 'WASHINGTON PARK BRONX'), 1)
(('N.Y. POLICE DEPT', 'DUKE PARK'), 1)
(('OTHER', 'MARINE PARK'), 1)
(('N.Y. POLICE DEPT', 'BANNEKER PLAYGROUND'), 1)
(('NYS DEPT TAX AND FINANCE', 'BILL BOJANGLES ROBINSON PLAYGROUND'), 1)
(('N.Y. POLICE DEPT', 'BERGEN TRIANGLE'), 1)
(('N.Y. STATE PARKS', 'WASHINGTON SQUARE PARK'), 1)
(('N.Y. HOUSING POLICE', 'JOYCE KILMER PARK'), 1)
(('N.Y. HOUSING POLICE', 'CAPTAIN RIVERA PLAYGROUND'), 1)
(('N.Y. POLICE DEPT', 'EAST NEW YORK FARMS GARDEN'), 1)
(('N.Y. POLICE DEPT', 'LA GUARDIA PLAYGROUND'), 1)
(('N.Y. POLICE DEPT', 'DWYER SQUARE'), 1)
(('N.Y. POLICE DEPT', 'EACH ONE TEACH ONE'), 1)
(('U.S. PARK POLICE', 'ROCKAWAY BEACH AND BOARDWALK'), 1)
(('N.Y. POLICE DEPT', 'AGNES HAYWOOD PLAYGROUND'), 1)
(('N.Y. POLICE DEPT', 'TUDOR PARK'), 1)
(('N.Y. POLICE DEPT', 'UNNAMED PARK ON JAY STREET'), 1)
(('N.Y. POLICE DEPT', "SEAN'S PLACE"), 1)
(('N.Y. HOUSING POLICE', 'ST. NICHOLAS PLAYGROUND NORTH'), 1)
(('N.Y. POLICE DEPT', 'RUSSELL SAGE PLAYGROUND'), 1)
(('N.Y. POLICE DEPT', 'DONNELLAN SQUARE'), 1)
(('N.Y. POLICE DEPT', 'CAPTAIN JACOB JOSEPH PLAYGROUND'), 1)
(('N.Y. POLICE DEPT', 'BRYAN PARK'), 1)
(('N.Y. POLICE DEPT', 'SOBEL COURT PARK'), 1)
(('N.Y. POLICE DEPT', 'DR. RONALD MCNAIR PARK'), 1)
(('N.Y. POLICE DEPT', 'BLAKE HOBBS PLAYGROUND'), 1)
(('N.Y. HOUSING POLICE', 'RENAISSANCE PLAYGROUND'), 1)
(('N.Y. POLICE DEPT', 'DR. CHARLES R. DREW PARK'), 1)
(('OTHER', 'SHORE PARK AND PARKWAY'), 1)
(('N.Y. POLICE DEPT', 'HANSBOROUGH RECREATION CENTER'), 1)
(('N.Y. POLICE DEPT', 'GRAND FERRY PARK'), 1)
(('N.Y. POLICE DEPT', 'SKYLINE PLAYGROUND'), 1)
(('N.Y. POLICE DEPT', 'LEVY PLAYGROUND'), 1)
(('NYC PARKS', 'TRIBECA PARK'), 1)
(('N.Y. POLICE DEPT', 'FLUSHING FIELDS'), 1)
(('N.Y. HOUSING POLICE', 'LEWIS PLAYGROUND'), 1)
(('N.Y. POLICE DEPT', 'LA PLAZA CULTURAL'), 1)
(('N.Y. HOUSING POLICE', 'GEORGIA AVE GARDEN'), 1)
(('N.Y. POLICE DEPT', 'ABE STARK SKATING RINK'), 1)
(('N.Y. POLICE DEPT', 'UNIVERSITY WOODS'), 1)
(('N.Y. POLICE DEPT', 'BRUST PARK'), 1)
(('OTHER', 'EVERGREEN PARK'), 1)
(('N.Y. HOUSING POLICE', 'FREDERICK JOHNSON PLAYGROUND'), 1)
(('N.Y. POLICE DEPT', 'UNNAMED PARK ON BAILEY AVENUE'), 1)
(('OTHER', 'BRONX PARK'), 1)
(('N.Y. POLICE DEPT', 'ROCKAWAY FREEWAY'), 1)
(('N.Y. POLICE DEPT', 'HOWARD POOL'), 1)
(('N.Y. POLICE DEPT', 'MINETTA TRIANGLE'), 1)
(('N.Y. HOUSING POLICE', 'RANDALL PLAYGROUND'), 1)
(('N.Y. POLICE DEPT', 'FORT INDEPENDENCE PLAYGROUND'), 1)
(('DISTRICT ATTORNEY OFFICE', ''), 1)
(('N.Y. POLICE DEPT', 'LOUIS PASTEUR PARK'), 1)
(('NYC PARKS', 'EAST RIVER PARK'), 1)
(('N.Y. POLICE DEPT', 'JEROME PLAYGROUND'), 1)
(('N.Y. POLICE DEPT', 'BERGEN BEACH PLAYGROUND'), 1)
(('N.Y. POLICE DEPT', 'LINCOLN CENTER PLAZA'), 1)
(('N.Y. POLICE DEPT', 'FORT HAMILTON TRIANGLE'), 1)
(('N.Y. POLICE DEPT', 'COURTNEY CALLENDER PLAYGROUND'), 1)
(('N.Y. POLICE DEPT', 'FEATHERBED TRIANGLE'), 1)
(('N.Y. POLICE DEPT', 'UNNAMED PARK ON NELSON AVENUE'), 1)
(('N.Y. HOUSING POLICE', 'MARINERS HARBOR PLAYGROUND'), 1)
(('NYC PARKS', 'KISSENA CORRIDOR PARK'), 1)
(('N.Y. POLICE DEPT', 'PLAYGROUND 174'), 1)
(('N.Y. HOUSING POLICE', 'RAVENSWOOD PLAYGROUND'), 1)
(('NYC PARKS', 'LUNA PARK'), 1)
(('N.Y. POLICE DEPT', 'GRAND PLAYGROUND'), 1)
(('N.Y. POLICE DEPT', 'UNNAMED PARK ON 51ST ROAD'), 1)
(('N.Y. POLICE DEPT', 'PETER DETMOLD PARK'), 1)
(('PORT AUTHORITY', 'BATTERY PARK CITY'), 1)
(('N.Y. POLICE DEPT', 'ROBERTO CLEMENTE BALLFIELD'), 1)
(('N.Y. POLICE DEPT', 'HART PLAYGROUND ON 147 ST'), 1)
(('N.Y. POLICE DEPT', "D'EMIC PLAYGROUND"), 1)
(('N.Y. HOUSING POLICE', 'LIVONIA PARK'), 1)
(('N.Y. POLICE DEPT', 'PETERS FIELD'), 1)
(('OTHER', 'HAROLD SCHNEIDERMAN PLAYGROUND'), 1)
(('N.Y. POLICE DEPT', "MODEL T SENIOR CITIZEN'S GARDEN"), 1)
(('N.Y. POLICE DEPT', 'THE OLDE TOWNE OF FLUSHING BURIAL GROUND'), 1)
(('N.Y. HOUSING POLICE', 'EASTCHESTER PLAYGROUND'), 1)
(('N.Y. HOUSING POLICE', 'TOAD HALL PLAYGROUND'), 1)
(('NYC PARKS', 'PAERDEGAT PARK'), 1)
(('N.Y. POLICE DEPT', 'NICHOLAS NAQUAN HEYWARD JR. PARK'), 1)
(('N.Y. POLICE DEPT', 'EL BATEY BORINCANO GARDEN'), 1)
(('N.Y. POLICE DEPT', 'WILLIAM SHERIDAN PLAYGROUND'), 1)
(('N.Y. POLICE DEPT', 'OWEN F. DOLEN PARK'), 1)
(('N.Y. POLICE DEPT', "ST. GREGORY'S PLAYGROUND"), 1)
(('N.Y. POLICE DEPT', 'SUNSHINE PLAYGROUND'), 1)
(('N.Y. HOUSING POLICE', 'VAN DYKE PLAYGROUND'), 1)
(('N.Y. POLICE DEPT', 'HANCOCK T AND T'), 1)
(('N.Y. POLICE DEPT', 'THE CYCLONE'), 1)
(('N.Y. POLICE DEPT', 'LADY MOODY TRIANGLE'), 1)
(('NYC PARKS', 'MARCUS GARVEY PARK'), 1)
(('N.Y. POLICE DEPT', 'CENTURY PLAYGROUND'), 1)
(('N.Y. POLICE DEPT', 'ALLEY ATHLETIC PLAYGROUND'), 1)
(('N.Y. POLICE DEPT', 'DAG HAMMARSKJOLD PLAZA'), 1)
(('N.Y. POLICE DEPT', 'KENNEDY PLAYGROUND'), 1)
(('OTHER', 'MCCARREN PARK'), 1)
(('N.Y. POLICE DEPT', 'DODGER PLAYGROUND'), 1)
(('N.Y. POLICE DEPT', 'KOREAN WAR VETERANS PLAZA'), 1)
(('N.Y. HOUSING POLICE', 'MAE GRANT PLAYGROUND'), 1)
(('N.Y. POLICE DEPT', 'TAYLOR PLAYGROUND'), 1)
(('N.Y. HOUSING POLICE', 'CATHERINE SLIP MALLS'), 1)
(('N.Y. POLICE DEPT', 'HILLSIDE PARK QUEENS'), 1)
(('N.Y. POLICE DEPT', 'ETHAN ALLEN PLAYGROUND'), 1)
(('N.Y. POLICE DEPT', 'ALBERT J. PARHAM PLAYGROUND'), 1)
(('N.Y. POLICE DEPT', 'STRIPPOLI SQUARE'), 1)
(('N.Y. POLICE DEPT', 'TEPPER TRIANGLE'), 1)
(('N.Y. POLICE DEPT', 'NORTH ROCHDALE PLAYGROUND'), 1)
(('NYC PARKS', 'SCARANGELLA PARK'), 1)
(('NYC PARKS', 'EAST RIVER WATERFRONT ESPLANADE'), 1)
(('N.Y. POLICE DEPT', "UDALL'S PARK PRESERVE"), 1)
(('N.Y. POLICE DEPT', 'SEDGWICK PLAYGROUND'), 1)
(('N.Y. HOUSING POLICE', 'MACOMBS DAM PARK'), 1)
(('N.Y. POLICE DEPT', 'SPUYTEN DUYVIL PLAYGROUND'), 1)
(('N.Y. POLICE DEPT', 'BRYANT TRIANGLE'), 1)
(('OTHER', "ST. MARY'S PARK BRONX"), 1)
(('N.Y. POLICE DEPT', 'CORPORAL WILTSHIRE SQUARE'), 1)
(('OTHER', 'BLOOMINGDALE PARK'), 1)
(('N.Y. POLICE DEPT', 'NEIGHBORS OF VEGA BAJA'), 1)
(('N.Y. POLICE DEPT', 'BOSTON GARDEN'), 1)
(('N.Y. POLICE DEPT', 'UNNAMED PARK ON BRUCKNER EXPRESSWAY & ZEREGA AVENUE'), 1)
(('OTHER', 'SOUNDVIEW PARK'), 1)
(('N.Y. HOUSING POLICE', 'GOUVERNEUR PLAYGROUND'), 1)
(('N.Y. POLICE DEPT', 'JOHN ALLEN PAYNE PARK'), 1)
(('N.Y. POLICE DEPT', 'HARDING PARK'), 1)
(('N.Y. POLICE DEPT', 'MARCY GREEN SOUTH'), 1)
(('N.Y. POLICE DEPT', 'FREDERICK JOHNSON PLAYGROUND'), 1)
(('N.Y. POLICE DEPT', 'METRO TRIANGLE'), 1)
(('N.Y. HOUSING POLICE', 'MILLBROOK PLAYGROUND'), 1)
(('NYC PARKS', 'ROY WILKINS RECREATION CENTER'), 1)
(('N.Y. POLICE DEPT', 'SITTING AREA AT HOYT AVENUE'), 1)
(('N.Y. POLICE DEPT', 'REDFERN PLAYGROUND'), 1)
(('N.Y. POLICE DEPT', 'PFC NORTON PLAYGROUND'), 1)
(('N.Y. POLICE DEPT', 'VON BRIESEN PARK'), 1)
(('N.Y. POLICE DEPT', 'HOLLIS PLAYGROUND'), 1)
(('N.Y. POLICE DEPT', 'FORDHAM LANDING PLAYGROUND'), 1)
(('N.Y. HOUSING POLICE', 'BLAKE HOBBS PLAYGROUND'), 1)
(('N.Y. POLICE DEPT', 'LOST BATTALION HALL RECREATION CENTER'), 1)
(('NYC PARKS', 'HARLEM ART PARK'), 1)
(('N.Y. POLICE DEPT', 'HILTON WHITE PLAYGROUND'), 1)
(('NYC PARKS', 'HILLSIDE PARK QUEENS'), 1)
(('N.Y. POLICE DEPT', 'RORY STAUNTON FIELD'), 1)
(('N.Y. POLICE DEPT', 'OLD TOWN PLAYGROUND'), 1)
(('NYC PARKS', 'BATTERY PARK'), 1)
(('N.Y. POLICE DEPT', 'ALICE AUSTEN PARK'), 1)
(('N.Y. POLICE DEPT', 'REAL GOOD PARK'), 1)
(('OTHER', "PEOPLE'S PARK"), 1)
(('N.Y. POLICE DEPT', 'LINWOOD PLAYGROUND'), 1)
(('NYC PARKS', 'BEACH 9 PLAYGROUND'), 1)
(('N.Y. POLICE DEPT', 'SOUTH ROCHDALE PLAYGROUND'), 1)
(('N.Y. POLICE DEPT', 'UNNAMED PARK ON CROSS BRONX EXPRESSWAY & FEATHERBED LANE'), 1)
(('AMTRACK', 'RIVERSIDE PARK'), 1)
(('N.Y. POLICE DEPT', 'NAUTILUS PLAYGROUND QUEENS'), 1)
(('N.Y. POLICE DEPT', 'UNIVERSITY MALLS'), 1)
(('N.Y. HOUSING POLICE', 'PELHAM PARKWAY'), 1)
(('N.Y. POLICE DEPT', 'BATH PLAYGROUND'), 1)
(('N.Y. POLICE DEPT', 'VAN ALST PLAYGROUND'), 1)
(('N.Y. POLICE DEPT', 'CASTLE HILL LITTLE LEAGUE FIELD'), 1)
(('N.Y. HOUSING POLICE', 'UNNAMED PARK ON E 120TH STREET'), 1)
(('NYC PARKS', 'WASHINGTON SQUARE PARK'), 1)
(('N.Y. POLICE DEPT', 'BEACH 17 PLAYGROUND'), 1)
(('N.Y. POLICE DEPT', 'MORRIS MESA'), 1)
(('N.Y. POLICE DEPT', 'LEFFERTS PLAYGROUND'), 1)
(('N.Y. POLICE DEPT', 'P.S. 125 PLAYGROUND'), 1)
(('U.S. PARK POLICE', 'BELT PARKWAY/SHORE PARKWAY'), 1)
(('N.Y. POLICE DEPT', 'DOWNING STREET PLAYGROUND'), 1)
(('N.Y. POLICE DEPT', 'SIREN SLOPE'), 1)
(('N.Y. POLICE DEPT', 'SLOPE PARK'), 1)
(('N.Y. POLICE DEPT', 'SAW MILL PLAYGROUND'), 1)
(('N.Y. POLICE DEPT', 'VETERANS PARK QUEENS'), 1)
(('N.Y. POLICE DEPT', 'FRESH MEADOWS PLAYGROUND'), 1)
(('N.Y. STATE PARKS', 'BETSY HEAD PARK'), 1)
(('N.Y. POLICE DEPT', 'ROLF HENRY PLAYGROUND'), 1)
(('NYC PARKS', 'HAMILTON METZ FIELD'), 1)
(('N.Y. POLICE DEPT', 'P.S. 279 PLAYGROUND'), 1)
(('N.Y. POLICE DEPT', 'ANDRIES PLAYGROUND'), 1)
(('N.Y. POLICE DEPT', 'RUDD PLAYGROUND'), 1)
(('N.Y. POLICE DEPT', 'FORDHAM BEDFORD LOT BUSTERS'), 1)
(('METRO NORTH', 'VESUVIO PLAYGROUND'), 1)
(('N.Y. POLICE DEPT', 'LATIMER PLAYGROUND'), 1)
(('N.Y. POLICE DEPT', 'WEEKSVILLE PLAYGROUND'), 1)
(('N.Y. POLICE DEPT', 'ROCHDALE PARK'), 1)
(('N.Y. POLICE DEPT', 'JEROME SLOPE'), 1)
(('N.Y. HOUSING POLICE', 'PINK PLAYGROUND'), 1)
(('N.Y. HOUSING POLICE', 'STANLEY ISAACS PLAYGROUND'), 1)
(('N.Y. POLICE DEPT', 'NEPONSIT MALL'), 1)
(('N.Y. POLICE DEPT', 'CUYLER GORE PARK'), 1)
(('N.Y. POLICE DEPT', 'UNNAMED PARK ON 82ND STREET'), 1)
(('N.Y. POLICE DEPT', 'PLANEVIEW PARK'), 1)
(('N.Y. POLICE DEPT', 'UNNAMED PARK ON CROSS BRONX EXPRESSWAY & ARTHUR AVENUE TO BELMONT AVENUE'), 1)
(('N.Y. POLICE DEPT', 'UNNAMED PARK ON GOWANUS EXPRESSWAY 63RD STREET TO 86TH STREET'), 1)
(('N.Y. POLICE DEPT', 'ANCHORAGE PLAZA'), 1)
(('N.Y. POLICE DEPT', 'COOPER TRIANGLE'), 1)
(('N.Y. POLICE DEPT', 'LAURELTON PLAYGROUND'), 1)
(('N.Y. HOUSING POLICE', 'WAGNER PLAYGROUND'), 1)
(('N.Y. POLICE DEPT', 'GONZALO PLASENCIA PLAYGROUND'), 1)
(('N.Y. POLICE DEPT', 'ROCKAWAY COMMUNITY PARK'), 1)
(('N.Y. POLICE DEPT', 'AUGUSTUS ST. GAUDENS PLAYGROUND'), 1)
(('NYC PARKS', 'UNNAMED PARK ON RIVERSIDE DRIVE'), 1)
(('N.Y. POLICE DEPT', 'DUANE PARK'), 1)
(('NYC PARKS', 'BOWNE PARK'), 1)
(('NYC PARKS', 'TREMONT PARK'), 1)
(('N.Y. POLICE DEPT', 'VETERANS TRIANGLE'), 1)
(('N.Y. POLICE DEPT', 'CONEY ISLAND BOAT BASIN'), 1)
(('N.Y. POLICE DEPT', 'SEASIDE WILDLIFE NATURE PARK'), 1)
(('N.Y. POLICE DEPT', 'WAVE HILL'), 1)
(('N.Y. POLICE DEPT', 'OCEAN PARKWAY MALLS'), 1)
(('N.Y. POLICE DEPT', 'COURTLANDT AVENUE ASSOCIATION GARDEN'), 1)
(('N.Y. POLICE DEPT', 'RAPPAPORT PLAYGROUND'), 1)
(('OTHER', 'IDLEWILD PARK'), 1)
(('N.Y. HOUSING POLICE', 'HERMAN DOLGON PLAYGROUND'), 1)
(('N.Y. POLICE DEPT', 'HACKETT PARK'), 1)
(('N.Y. HOUSING POLICE', 'NICHOLAS NAQUAN HEYWARD JR. PARK'), 1)
(('N.Y. STATE PARKS', 'CHELSEA PARK'), 1)
(('N.Y. POLICE DEPT', 'BAILEY PLAYGROUND'), 1)
(('N.Y. POLICE DEPT', 'SOPHIE IRENE LOEB'), 1)
(('N.Y. POLICE DEPT', 'BROAD CHANNEL AMERICAN PARK'), 1)
(('N.Y. POLICE DEPT', 'SOUTH OXFORD PARK'), 1)
(('N.Y. HOUSING POLICE', 'EDMONDS PLAYGROUND'), 1)
(('N.Y. POLICE DEPT', 'RODNEY PLAYGROUND SOUTH'), 1)
(('N.Y. POLICE DEPT', 'ISHAM PARK'), 1)
(('N.Y. POLICE DEPT', 'LITTLE FLOWER PLAYGROUND'), 1)
(('N.Y. HOUSING POLICE', 'GARDEN AT MOORSE STREET'), 1)
(('N.Y. POLICE DEPT', 'SHERRY DOG RUN'), 1)
(('N.Y. POLICE DEPT', 'FERMI PLAYGROUND'), 1)
(('N.Y. POLICE DEPT', 'GALILEO PLAYGROUND'), 1)
(('N.Y. POLICE DEPT', 'RAVENSWOOD PLAYGROUND'), 1)
(('N.Y. HOUSING POLICE', '5TH ST SLOPE GARDEN'), 1)
(('N.Y. POLICE DEPT', 'WASHINGTON MARKET PARK'), 1)
(('N.Y. HOUSING POLICE', 'GLENWOOD PLAYGROUND'), 1)
(('N.Y. HOUSING POLICE', 'ETHAN ALLEN PLAYGROUND'), 1)
(('N.Y. HOUSING POLICE', 'SCARANGELLA PARK'), 1)
(('NYC PARKS', 'PELHAM BAY PARK'), 1)
(('N.Y. POLICE DEPT', 'DRY DOCK PLAYGROUND'), 1)
(('N.Y. POLICE DEPT', 'REMSEN PLAYGROUND'), 1)
(('N.Y. POLICE DEPT', 'MCDONALD PLAYGROUND STATEN ISLAND'), 1)
(('N.Y. POLICE DEPT', 'PAERDEGAT BASIN PARK'), 1)
(('N.Y. POLICE DEPT', 'RODNEY PARK CENTER'), 1)
(('N.Y. POLICE DEPT', 'PLAUT TRIANGLE'), 1)
(('NYC PARKS', 'ALMEDA PLAYGROUND'), 1)
(('N.Y. POLICE DEPT', 'TWENTY-FOUR SYCAMORES PARK'), 1)
(('N.Y. POLICE DEPT', "O'SULLIVAN PLAZA"), 1)
(('N.Y. HOUSING POLICE', 'WRIGHT BROTHERS PLAYGROUND'), 1)
(('OTHER', 'UNNAMED PARK ON SUMMIT AVENUE'), 1)
(('N.Y. POLICE DEPT', 'CATHERINE SLIP MALLS'), 1)
(('OTHER', 'CONFERENCE HOUSE PARK'), 1)
(('N.Y. POLICE DEPT', 'COLLECT POND PARK'), 1)
(('N.Y. POLICE DEPT', 'JAIME CAMPIZ PLAYGROUND'), 1)
(('NYC PARKS', 'FOREST PARK'), 1)
(('N.Y. POLICE DEPT', 'DR. GREEN PLAYGROUND'), 1)
(('N.Y. POLICE DEPT', 'CORONA MAC PARK'), 1)
(('N.Y. POLICE DEPT', 'MACRI TRIANGLE'), 1)
(('N.Y. POLICE DEPT', 'COBBLE HILL PARK'), 1)
(('N.Y. POLICE DEPT', 'SCHIFF MALL'), 1)
(('N.Y. POLICE DEPT', 'NEWTOWN BARGE PLAYGROUND'), 1)
(('OTHER', 'CLINTONVILLE PLAYGROUND'), 1)
(('N.Y. POLICE DEPT', 'VLADECK PARK'), 1)
(('OTHER', 'MIDDLE VILLAGE PLAYGROUND'), 1)
(('NYC PARKS', 'BOWNE PLAYGROUND'), 1)
(('N.Y. HOUSING POLICE', 'HARLEM ART PARK'), 1)
