(('341', 'PETIT LARCENY'), 675776)
(('578', 'HARRASSMENT 2'), 407823)
(('344', 'ASSAULT 3 & RELATED OFFENSES'), 383578)
(('109', 'GRAND LARCENY'), 356514)
(('351', 'CRIMINAL MISCHIEF & RELATED OF'), 355801)
(('361', 'OFF. AGNST PUB ORD SENSBLTY &'), 197549)
(('107', 'BURGLARY'), 183570)
(('235', 'DANGEROUS DRUGS'), 176701)
(('105', 'ROBBERY'), 145594)
(('106', 'FELONY ASSAULT'), 138667)
(('110', 'GRAND LARCENY OF MOTOR VEHICLE'), 97339)
(('126', 'MISCELLANEOUS PENAL LAW'), 85745)
(('359', 'OFFENSES AGAINST PUBLIC ADMINI'), 71229)
(('121', 'CRIMINAL MISCHIEF & RELATED OF'), 63901)
(('347', 'INTOXICATED & IMPAIRED DRIVING'), 58508)
(('236', 'DANGEROUS WEAPONS'), 48932)
(('352', 'CRIMINAL TRESPASS'), 45402)
(('117', 'DANGEROUS DRUGS'), 40094)
(('348', 'VEHICLE AND TRAFFIC LAWS'), 39652)
(('113', 'FORGERY'), 37118)
(('118', 'DANGEROUS WEAPONS'), 34962)
(('112', 'THEFT-FRAUD'), 32706)
(('233', 'SEX CRIMES'), 31579)
(('340', 'FRAUDS'), 20852)
(('232', 'POSSESSION OF STOLEN PROPERTY'), 14842)
(('353', 'UNAUTHORIZED USE OF A VEHICLE'), 11275)
(('104', 'RAPE'), 10895)
(('358', 'OFFENSES INVOLVING FRAUD'), 10561)
(('343', 'OTHER OFFENSES RELATED TO THEF'), 10135)
(('360', 'LOITERING FOR DRUG PURPOSES'), 9702)
(('355', 'OFFENSES AGAINST THE PERSON'), 9092)
(('116', 'SEX CRIMES'), 7799)
(('365', 'ADMINISTRATIVE CODE'), 7548)
(('111', 'POSSESSION OF STOLEN PROPERTY'), 6629)
(('678', 'MISCELLANEOUS PENAL LAW'), 6029)
(('114', 'ARSON'), 5631)
(('364', 'OTHER STATE LAWS (NON PENAL LAW)'), 3637)
(('125', 'NYS LAWS-UNCLASSIFIED FELONY'), 2769)
(('231', "BURGLAR'S TOOLS"), 2059)
(('238', 'FRAUDULENT ACCOSTING'), 1993)
(('124', 'KIDNAPPING & RELATED OFFENSES'), 1703)
(('350', 'GAMBLING'), 1491)
(('345', 'OFFENSES RELATED TO CHILDREN'), 957)
(('675', 'ADMINISTRATIVE CODE'), 942)
(('342', 'PETIT LARCENY OF MOTOR VEHICLE'), 802)
(('572', 'DISORDERLY CONDUCT'), 614)
(('346', 'ALCOHOLIC BEVERAGE CONTROL LAW'), 537)
(('363', 'OFFENSES AGAINST PUBLIC SAFETY'), 535)
(('356', 'PROSTITUTION & RELATED OFFENSES'), 456)
(('120', 'CHILD ABANDONMENT/NON SUPPORT'), 312)
(('230', 'JOSTLING'), 269)
(('677', 'OTHER STATE LAWS'), 195)
(('571', 'LOITERING/GAMBLING (CARDS, DIC'), 137)
(('237', 'ESCAPE 3'), 115)
(('115', 'PROSTITUTION & RELATED OFFENSES'), 99)
(('234', 'PROSTITUTION & RELATED OFFENSES'), 79)
(('122', 'GAMBLING'), 77)
(('354', 'ANTICIPATORY OFFENSES'), 64)
(('102', 'HOMICIDE-NEGLIGENT-VEHICLE'), 42)
(('119', 'INTOXICATED/IMPAIRED DRIVING'), 41)
(('349', 'DISRUPTION OF A RELIGIOUS SERV'), 38)
(('455', 'UNLAWFUL POSS. WEAP. ON SCHOOL'), 34)
(('366', 'NEW YORK CITY HEALTH CODE'), 34)
(('676', 'NEW YORK CITY HEALTH CODE'), 25)
(('103', 'HOMICIDE-NEGLIGENT,UNCLASSIFIE'), 20)
(('672', 'LOITERING'), 16)
(('685', 'ADMINISTRATIVE CODES'), 15)
(('460', 'LOITERING/DEVIATE SEX'), 12)
(('357', 'FORTUNE TELLING'), 8)
(('881', 'OTHER TRAFFIC INFRACTION'), 6)
(('123', 'ABORTION'), 3)
(('577', 'UNDER THE INFLUENCE OF DRUGS'), 2)
(('362', 'OFFENSES AGAINST MARRIAGE UNCL'), 1)
