(('341', 'MANHATTAN'), 200435)
(('341', 'BROOKLYN'), 197440)
(('341', 'QUEENS'), 144462)
(('109', 'MANHATTAN'), 139773)
(('578', 'BROOKLYN'), 130784)
(('344', 'BROOKLYN'), 128032)
(('351', 'BROOKLYN'), 113474)
(('341', 'BRONX'), 104888)
(('109', 'BROOKLYN'), 95588)
(('578', 'QUEENS'), 94492)
(('344', 'QUEENS'), 85740)
(('351', 'QUEENS'), 85052)
(('344', 'BRONX'), 80582)
(('578', 'MANHATTAN'), 80387)
(('578', 'BRONX'), 73572)
(('344', 'MANHATTAN'), 72696)
(('109', 'QUEENS'), 71404)
(('351', 'BRONX'), 70866)
(('107', 'BROOKLYN'), 63517)
(('351', 'MANHATTAN'), 62151)
(('361', 'BROOKLYN'), 61652)
(('235', 'BRONX'), 59104)
(('235', 'BROOKLYN'), 59017)
(('105', 'BROOKLYN'), 52507)
(('107', 'QUEENS'), 49611)
(('106', 'BROOKLYN'), 48270)
(('361', 'QUEENS'), 44694)
(('235', 'MANHATTAN'), 42542)
(('361', 'MANHATTAN'), 40786)
(('109', 'BRONX'), 40272)
(('361', 'BRONX'), 37366)
(('126', 'BROOKLYN'), 35088)
(('107', 'MANHATTAN'), 32995)
(('105', 'QUEENS'), 32307)
(('110', 'QUEENS'), 32065)
(('106', 'BRONX'), 31941)
(('110', 'BROOKLYN'), 31720)
(('107', 'BRONX'), 30715)
(('105', 'BRONX'), 29264)
(('106', 'QUEENS'), 29245)
(('578', 'STATEN ISLAND'), 28588)
(('341', 'STATEN ISLAND'), 28536)
(('105', 'MANHATTAN'), 28211)
(('106', 'MANHATTAN'), 24953)
(('351', 'STATEN ISLAND'), 24252)
(('121', 'BROOKLYN'), 21954)
(('126', 'QUEENS'), 21678)
(('121', 'QUEENS'), 20356)
(('110', 'BRONX'), 20075)
(('359', 'BRONX'), 19144)
(('347', 'BROOKLYN'), 18523)
(('359', 'BROOKLYN'), 17748)
(('359', 'MANHATTAN'), 17735)
(('344', 'STATEN ISLAND'), 16518)
(('352', 'MANHATTAN'), 15694)
(('236', 'BRONX'), 14754)
(('347', 'QUEENS'), 14503)
(('126', 'MANHATTAN'), 13657)
(('361', 'STATEN ISLAND'), 13045)
(('347', 'MANHATTAN'), 12719)
(('118', 'BROOKLYN'), 12502)
(('236', 'BROOKLYN'), 12233)
(('126', 'BRONX'), 11919)
(('352', 'BRONX'), 11767)
(('359', 'QUEENS'), 11739)
(('117', 'BRONX'), 11580)
(('113', 'MANHATTAN'), 11478)
(('117', 'BROOKLYN'), 11242)
(('113', 'BROOKLYN'), 10794)
(('348', 'BROOKLYN'), 10749)
(('348', 'QUEENS'), 10566)
(('121', 'MANHATTAN'), 10494)
(('236', 'QUEENS'), 10373)
(('117', 'MANHATTAN'), 10064)
(('112', 'MANHATTAN'), 9899)
(('110', 'MANHATTAN'), 9856)
(('233', 'BROOKLYN'), 9786)
(('235', 'QUEENS'), 9718)
(('236', 'MANHATTAN'), 9671)
(('109', 'STATEN ISLAND'), 9453)
(('348', 'BRONX'), 9374)
(('112', 'BROOKLYN'), 9303)
(('352', 'BROOKLYN'), 8775)
(('347', 'BRONX'), 8472)
(('113', 'QUEENS'), 8414)
(('233', 'MANHATTAN'), 8125)
(('348', 'MANHATTAN'), 8022)
(('352', 'QUEENS'), 8008)
(('233', 'QUEENS'), 7308)
(('118', 'MANHATTAN'), 7172)
(('112', 'QUEENS'), 7165)
(('118', 'BRONX'), 7109)
(('118', 'QUEENS'), 7028)
(('121', 'BRONX'), 6941)
(('107', 'STATEN ISLAND'), 6708)
(('235', 'STATEN ISLAND'), 6320)
(('340', 'BROOKLYN'), 6118)
(('340', 'MANHATTAN'), 6026)
(('358', 'MANHATTAN'), 5823)
(('113', 'BRONX'), 5607)
(('117', 'QUEENS'), 5553)
(('233', 'BRONX'), 5364)
(('359', 'STATEN ISLAND'), 4862)
(('112', 'BRONX'), 4472)
(('232', 'BROOKLYN'), 4398)
(('347', 'STATEN ISLAND'), 4291)
(('232', 'MANHATTAN'), 4291)
(('106', 'STATEN ISLAND'), 4245)
(('121', 'STATEN ISLAND'), 4156)
(('353', 'QUEENS'), 3829)
(('340', 'QUEENS'), 3775)
(('343', 'MANHATTAN'), 3674)
(('353', 'BROOKLYN'), 3606)
(('110', 'STATEN ISLAND'), 3526)
(('360', 'MANHATTAN'), 3471)
(('126', 'STATEN ISLAND'), 3396)
(('340', 'BRONX'), 3366)
(('105', 'STATEN ISLAND'), 3296)
(('104', 'BROOKLYN'), 3288)
(('232', 'QUEENS'), 3025)
(('365', 'BROOKLYN'), 2924)
(('104', 'QUEENS'), 2695)
(('355', 'BROOKLYN'), 2554)
(('343', 'BROOKLYN'), 2505)
(('232', 'BRONX'), 2438)
(('104', 'MANHATTAN'), 2336)
(('116', 'BROOKLYN'), 2323)
(('360', 'BROOKLYN'), 2255)
(('355', 'BRONX'), 2254)
(('365', 'QUEENS'), 2239)
(('355', 'MANHATTAN'), 2204)
(('104', 'BRONX'), 2198)
(('111', 'MANHATTAN'), 2188)
(('116', 'MANHATTAN'), 2076)
(('360', 'QUEENS'), 2065)
(('678', 'BROOKLYN'), 2019)
(('111', 'BROOKLYN'), 1970)
(('343', 'QUEENS'), 1919)
(('678', 'MANHATTAN'), 1905)
(('236', 'STATEN ISLAND'), 1901)
(('358', 'BRONX'), 1898)
(('112', 'STATEN ISLAND'), 1866)
(('114', 'BRONX'), 1743)
(('343', 'BRONX'), 1707)
(('355', 'QUEENS'), 1689)
(('238', 'MANHATTAN'), 1681)
(('117', 'STATEN ISLAND'), 1655)
(('360', 'BRONX'), 1651)
(('114', 'BROOKLYN'), 1619)
(('116', 'QUEENS'), 1602)
(('358', 'BROOKLYN'), 1577)
(('340', 'STATEN ISLAND'), 1565)
(('364', 'BRONX'), 1524)
(('116', 'BRONX'), 1492)
(('353', 'BRONX'), 1487)
(('111', 'QUEENS'), 1358)
(('353', 'MANHATTAN'), 1350)
(('365', 'BRONX'), 1256)
(('352', 'STATEN ISLAND'), 1157)
(('118', 'STATEN ISLAND'), 1151)
(('114', 'QUEENS'), 1126)
(('358', 'QUEENS'), 1045)
(('353', 'STATEN ISLAND'), 1001)
(('233', 'STATEN ISLAND'), 995)
(('678', 'QUEENS'), 983)
(('125', 'BROOKLYN'), 977)
(('111', 'BRONX'), 963)
(('364', 'MANHATTAN'), 949)
(('678', 'BRONX'), 945)
(('348', 'STATEN ISLAND'), 941)
(('114', 'MANHATTAN'), 865)
(('113', 'STATEN ISLAND'), 825)
(('365', 'MANHATTAN'), 777)
(('231', 'MANHATTAN'), 764)
(('125', 'BRONX'), 731)
(('364', 'BROOKLYN'), 728)
(('232', 'STATEN ISLAND'), 690)
(('231', 'BROOKLYN'), 633)
(('124', 'BROOKLYN'), 599)
(('350', 'MANHATTAN'), 582)
(('125', 'MANHATTAN'), 497)
(('345', 'QUEENS'), 451)
(('231', 'QUEENS'), 441)
(('350', 'BROOKLYN'), 422)
(('350', 'BRONX'), 401)
(('675', 'MANHATTAN'), 395)
(('355', 'STATEN ISLAND'), 391)
(('125', 'QUEENS'), 386)
(('124', 'BRONX'), 378)
(('104', 'STATEN ISLAND'), 376)
(('124', 'QUEENS'), 367)
(('365', 'STATEN ISLAND'), 352)
(('343', 'STATEN ISLAND'), 330)
(('364', 'QUEENS'), 314)
(('124', 'MANHATTAN'), 311)
(('116', 'STATEN ISLAND'), 305)
(('342', 'BROOKLYN'), 293)
(('114', 'STATEN ISLAND'), 278)
(('360', 'STATEN ISLAND'), 260)
(('572', 'BROOKLYN'), 243)
(('345', 'BROOKLYN'), 226)
(('358', 'STATEN ISLAND'), 218)
(('356', 'BRONX'), 214)
(('346', 'BRONX'), 211)
(('342', 'QUEENS'), 208)
(('675', 'BROOKLYN'), 204)
(('675', 'QUEENS'), 196)
(('345', 'BRONX'), 178)
(('125', 'STATEN ISLAND'), 178)
(('678', 'STATEN ISLAND'), 177)
(('230', 'MANHATTAN'), 176)
(('231', 'BRONX'), 175)
(('342', 'MANHATTAN'), 170)
(('572', 'MANHATTAN'), 168)
(('363', 'BRONX'), 156)
(('111', 'STATEN ISLAND'), 150)
(('572', 'BRONX'), 132)
(('346', 'BROOKLYN'), 131)
(('364', 'STATEN ISLAND'), 122)
(('363', 'MANHATTAN'), 119)
(('363', 'BROOKLYN'), 118)
(('675', 'BRONX'), 117)
(('238', 'QUEENS'), 113)
(('346', 'MANHATTAN'), 112)
(('342', 'BRONX'), 106)
(('356', 'BROOKLYN'), 104)
(('238', 'BROOKLYN'), 101)
(('110', ''), 97)
(('120', 'BRONX'), 95)
(('363', 'QUEENS'), 93)
(('238', 'BRONX'), 93)
(('120', 'BROOKLYN'), 91)
(('345', 'MANHATTAN'), 81)
(('350', 'QUEENS'), 78)
(('356', 'MANHATTAN'), 75)
(('677', 'MANHATTAN'), 75)
(('571', 'BROOKLYN'), 70)
(('120', 'QUEENS'), 62)
(('346', 'QUEENS'), 60)
(('120', 'MANHATTAN'), 58)
(('356', 'QUEENS'), 56)
(('572', 'QUEENS'), 55)
(('677', 'QUEENS'), 49)
(('363', 'STATEN ISLAND'), 49)
(('124', 'STATEN ISLAND'), 47)
(('231', 'STATEN ISLAND'), 46)
(('571', 'MANHATTAN'), 45)
(('677', 'BROOKLYN'), 40)
(('230', 'BROOKLYN'), 39)
(('237', 'BRONX'), 35)
(('230', 'QUEENS'), 34)
(('122', 'BROOKLYN'), 34)
(('115', 'BROOKLYN'), 33)
(('237', 'BROOKLYN'), 31)
(('675', 'STATEN ISLAND'), 30)
(('234', 'BROOKLYN'), 29)
(('237', 'MANHATTAN'), 29)
(('342', 'STATEN ISLAND'), 25)
(('234', 'MANHATTAN'), 25)
(('677', 'BRONX'), 24)
(('109', ''), 24)
(('354', 'BROOKLYN'), 24)
(('107', ''), 24)
(('346', 'STATEN ISLAND'), 23)
(('115', 'MANHATTAN'), 22)
(('345', 'STATEN ISLAND'), 21)
(('115', 'BRONX'), 21)
(('115', 'QUEENS'), 21)
(('122', 'BRONX'), 20)
(('119', 'QUEENS'), 20)
(('366', 'MANHATTAN'), 20)
(('230', 'BRONX'), 20)
(('354', 'MANHATTAN'), 19)
(('122', 'MANHATTAN'), 18)
(('237', 'QUEENS'), 17)
(('349', 'BROOKLYN'), 17)
(('572', 'STATEN ISLAND'), 16)
(('102', 'QUEENS'), 16)
(('341', ''), 15)
(('676', 'MANHATTAN'), 13)
(('102', 'BROOKLYN'), 13)
(('106', ''), 13)
(('234', 'QUEENS'), 13)
(('354', 'BRONX'), 12)
(('571', 'QUEENS'), 12)
(('234', 'BRONX'), 12)
(('455', 'QUEENS'), 11)
(('119', 'BROOKLYN'), 10)
(('571', 'BRONX'), 10)
(('460', 'QUEENS'), 10)
(('349', 'QUEENS'), 10)
(('344', ''), 10)
(('103', 'BROOKLYN'), 9)
(('105', ''), 9)
(('455', 'BRONX'), 9)
(('354', 'QUEENS'), 8)
(('350', 'STATEN ISLAND'), 8)
(('349', 'MANHATTAN'), 8)
(('685', 'QUEENS'), 8)
(('356', 'STATEN ISLAND'), 7)
(('126', ''), 7)
(('677', 'STATEN ISLAND'), 7)
(('455', 'MANHATTAN'), 7)
(('119', 'BRONX'), 7)
(('120', 'STATEN ISLAND'), 6)
(('351', ''), 6)
(('455', 'BROOKLYN'), 6)
(('361', ''), 6)
(('676', 'BROOKLYN'), 6)
(('672', 'MANHATTAN'), 6)
(('122', 'QUEENS'), 5)
(('672', 'BROOKLYN'), 5)
(('102', 'STATEN ISLAND'), 5)
(('103', 'BRONX'), 5)
(('366', 'BROOKLYN'), 5)
(('672', 'QUEENS'), 5)
(('357', 'MANHATTAN'), 5)
(('238', 'STATEN ISLAND'), 5)
(('366', 'QUEENS'), 5)
(('119', 'MANHATTAN'), 4)
(('676', 'QUEENS'), 4)
(('102', 'BRONX'), 4)
(('366', 'BRONX'), 4)
(('102', 'MANHATTAN'), 4)
(('123', 'QUEENS'), 3)
(('237', 'STATEN ISLAND'), 3)
(('685', 'BROOKLYN'), 3)
(('685', 'MANHATTAN'), 3)
(('103', 'QUEENS'), 3)
(('881', 'BROOKLYN'), 3)
(('349', 'BRONX'), 3)
(('103', 'MANHATTAN'), 2)
(('881', 'QUEENS'), 2)
(('115', 'STATEN ISLAND'), 2)
(('104', ''), 2)
(('353', ''), 2)
(('340', ''), 2)
(('460', 'BRONX'), 2)
(('357', 'QUEENS'), 2)
(('676', 'BRONX'), 1)
(('881', 'BRONX'), 1)
(('116', ''), 1)
(('685', 'BRONX'), 1)
(('357', 'BRONX'), 1)
(('103', 'STATEN ISLAND'), 1)
(('577', 'QUEENS'), 1)
(('359', ''), 1)
(('354', 'STATEN ISLAND'), 1)
(('676', 'STATEN ISLAND'), 1)
(('233', ''), 1)
(('112', ''), 1)
(('124', ''), 1)
(('362', 'BRONX'), 1)
(('455', 'STATEN ISLAND'), 1)
(('577', 'STATEN ISLAND'), 1)
(('352', ''), 1)
