((2014, '341'), 67952)
((2013, '341'), 66105)
((2016, '341'), 65765)
((2015, '341'), 65238)
((2012, '341'), 62588)
((2011, '341'), 60560)
((2008, '341'), 59492)
((2010, '341'), 59416)
((2009, '341'), 58903)
((2007, '341'), 55566)
((2006, '341'), 54191)
((2016, '578'), 48884)
((2015, '578'), 44721)
((2014, '578'), 43500)
((2016, '344'), 41568)
((2014, '344'), 40337)
((2015, '344'), 39937)
((2013, '344'), 38450)
((2013, '578'), 38037)
((2012, '344'), 37120)
((2008, '351'), 36824)
((2013, '109'), 36503)
((2014, '109'), 36472)
((2015, '109'), 36012)
((2007, '351'), 35335)
((2012, '578'), 35174)
((2016, '109'), 35054)
((2009, '351'), 34258)
((2007, '578'), 33717)
((2010, '344'), 33680)
((2010, '351'), 33517)
((2011, '344'), 33468)
((2012, '109'), 33435)
((2006, '578'), 33389)
((2009, '578'), 32903)
((2008, '578'), 32885)
((2010, '578'), 32862)
((2006, '351'), 32582)
((2011, '578'), 31751)
((2009, '344'), 31515)
((2011, '351'), 31294)
((2015, '351'), 31153)
((2014, '351'), 30932)
((2016, '351'), 30862)
((2008, '109'), 30827)
((2012, '351'), 30770)
((2006, '109'), 30727)
((2007, '109'), 30717)
((2008, '344'), 30116)
((2007, '344'), 29416)
((2011, '109'), 29407)
((2009, '109'), 28717)
((2010, '109'), 28643)
((2013, '351'), 28274)
((2006, '344'), 27971)
((2011, '235'), 20034)
((2007, '361'), 19914)
((2006, '361'), 19834)
((2006, '107'), 19768)
((2009, '361'), 19497)
((2008, '361'), 19086)
((2010, '361'), 19066)
((2010, '235'), 18888)
((2007, '107'), 18877)
((2012, '235'), 18864)
((2013, '361'), 18673)
((2008, '107'), 18133)
((2012, '361'), 18110)
((2011, '361'), 18014)
((2012, '107'), 17596)
((2009, '107'), 17378)
((2009, '235'), 17180)
((2011, '107'), 17097)
((2014, '235'), 16994)
((2010, '107'), 16869)
((2013, '235'), 16461)
((2016, '106'), 16358)
((2016, '361'), 16302)
((2013, '107'), 15943)
((2014, '107'), 15690)
((2015, '106'), 15487)
((2014, '106'), 15096)
((2015, '361'), 14999)
((2013, '106'), 14814)
((2008, '235'), 14768)
((2012, '105'), 14404)
((2013, '105'), 14322)
((2015, '107'), 14101)
((2007, '235'), 14067)
((2014, '361'), 14054)
((2008, '105'), 14027)
((2015, '235'), 13906)
((2016, '235'), 13660)
((2006, '110'), 13658)
((2015, '105'), 13611)
((2012, '106'), 13538)
((2011, '105'), 13442)
((2006, '105'), 12925)
((2007, '105'), 12924)
((2014, '105'), 12912)
((2016, '105'), 12842)
((2010, '105'), 12742)
((2011, '106'), 12423)
((2016, '107'), 12118)
((2006, '235'), 11879)
((2009, '105'), 11443)
((2007, '110'), 11390)
((2010, '106'), 11156)
((2008, '110'), 10975)
((2009, '106'), 10607)
((2016, '126'), 10162)
((2007, '106'), 10109)
((2008, '106'), 9811)
((2014, '126'), 9700)
((2015, '126'), 9649)
((2009, '110'), 9551)
((2010, '110'), 9368)
((2006, '106'), 9268)
((2013, '126'), 8769)
((2011, '110'), 8463)
((2016, '121'), 8034)
((2012, '126'), 7832)
((2013, '359'), 7511)
((2014, '359'), 7483)
((2012, '110'), 7338)
((2015, '121'), 7282)
((2011, '126'), 7270)
((2012, '359'), 7183)
((2010, '359'), 7111)
((2014, '110'), 7090)
((2011, '359'), 7082)
((2009, '359'), 6976)
((2010, '126'), 6967)
((2009, '126'), 6929)
((2015, '359'), 6918)
((2015, '110'), 6861)
((2013, '110'), 6765)
((2014, '121'), 6723)
((2008, '126'), 6414)
((2016, '359'), 6316)
((2013, '347'), 6314)
((2014, '347'), 6242)
((2008, '359'), 6146)
((2007, '126'), 6040)
((2006, '126'), 6013)
((2013, '121'), 5966)
((2016, '110'), 5880)
((2007, '347'), 5807)
((2008, '347'), 5645)
((2011, '236'), 5571)
((2006, '121'), 5499)
((2007, '359'), 5485)
((2009, '347'), 5458)
((2010, '236'), 5398)
((2007, '121'), 5315)
((2012, '121'), 5296)
((2008, '121'), 5259)
((2009, '352'), 5195)
((2012, '347'), 5062)
((2010, '352'), 5037)
((2010, '347'), 4967)
((2016, '347'), 4957)
((2011, '121'), 4956)
((2009, '236'), 4950)
((2009, '121'), 4879)
((2006, '347'), 4874)
((2008, '352'), 4835)
((2015, '347'), 4782)
((2012, '236'), 4748)
((2010, '121'), 4692)
((2011, '352'), 4639)
((2016, '113'), 4612)
((2016, '348'), 4504)
((2013, '236'), 4479)
((2007, '117'), 4457)
((2011, '347'), 4400)
((2008, '236'), 4297)
((2014, '236'), 4208)
((2007, '352'), 4173)
((2015, '348'), 4118)
((2008, '117'), 4117)
((2010, '348'), 4106)
((2006, '117'), 4033)
((2016, '118'), 4031)
((2007, '236'), 4012)
((2012, '352'), 4007)
((2009, '117'), 3980)
((2014, '352'), 3980)
((2015, '236'), 3962)
((2015, '113'), 3899)
((2013, '348'), 3779)
((2016, '236'), 3744)
((2014, '348'), 3725)
((2009, '348'), 3693)
((2006, '113'), 3690)
((2010, '117'), 3643)
((2011, '348'), 3572)
((2006, '236'), 3563)
((2013, '352'), 3549)
((2007, '113'), 3534)
((2016, '233'), 3529)
((2016, '117'), 3505)
((2012, '348'), 3500)
((2015, '118'), 3488)
((2009, '118'), 3476)
((2012, '112'), 3437)
((2015, '352'), 3429)
((2013, '118'), 3420)
((2012, '117'), 3412)
((2013, '117'), 3365)
((2014, '113'), 3351)
((2011, '117'), 3343)
((2010, '113'), 3333)
((2010, '118'), 3326)
((2006, '352'), 3305)
((2016, '352'), 3253)
((2015, '233'), 3239)
((2008, '112'), 3238)
((2012, '118'), 3196)
((2015, '117'), 3183)
((2008, '113'), 3161)
((2011, '118'), 3140)
((2014, '118'), 3135)
((2011, '112'), 3106)
((2014, '117'), 3056)
((2009, '113'), 3053)
((2007, '112'), 3033)
((2006, '359'), 3018)
((2013, '112'), 2997)
((2013, '113'), 2993)
((2014, '112'), 2976)
((2008, '118'), 2973)
((2008, '348'), 2958)
((2014, '233'), 2955)
((2011, '233'), 2922)
((2006, '112'), 2920)
((2010, '112'), 2896)
((2006, '348'), 2883)
((2012, '233'), 2875)
((2015, '112'), 2863)
((2011, '113'), 2824)
((2007, '348'), 2814)
((2009, '233'), 2769)
((2007, '233'), 2690)
((2013, '233'), 2682)
((2009, '112'), 2672)
((2010, '233'), 2670)
((2012, '113'), 2668)
((2007, '118'), 2650)
((2008, '233'), 2644)
((2006, '233'), 2604)
((2014, '340'), 2571)
((2016, '112'), 2568)
((2015, '340'), 2355)
((2016, '340'), 2160)
((2013, '340'), 2131)
((2006, '118'), 2127)
((2012, '340'), 2093)
((2011, '232'), 1957)
((2012, '232'), 1942)
((2011, '340'), 1823)
((2010, '340'), 1766)
((2013, '232'), 1752)
((2016, '343'), 1671)
((2009, '340'), 1646)
((2010, '232'), 1593)
((2015, '343'), 1560)
((2008, '340'), 1497)
((2006, '340'), 1411)
((2007, '340'), 1399)
((2016, '353'), 1365)
((2009, '232'), 1356)
((2014, '353'), 1339)
((2014, '343'), 1304)
((2015, '353'), 1293)
((2010, '358'), 1226)
((2006, '232'), 1210)
((2013, '343'), 1182)
((2008, '232'), 1182)
((2013, '353'), 1160)
((2010, '360'), 1148)
((2007, '232'), 1143)
((2011, '358'), 1130)
((2014, '232'), 1114)
((2012, '343'), 1095)
((2006, '104'), 1078)
((2011, '104'), 1060)
((2012, '104'), 1054)
((2015, '104'), 1044)
((2013, '104'), 1034)
((2009, '360'), 1031)
((2009, '358'), 1022)
((2012, '360'), 1018)
((2012, '353'), 1008)
((2013, '360'), 1001)
((2015, '355'), 999)
((2010, '104'), 998)
((2014, '360'), 997)
((2013, '355'), 989)
((2012, '358'), 987)
((2014, '104'), 971)
((2011, '360'), 967)
((2013, '358'), 966)
((2016, '355'), 962)
((2014, '358'), 960)
((2016, '104'), 953)
((2011, '353'), 951)
((2007, '104'), 948)
((2008, '360'), 944)
((2014, '355'), 943)
((2010, '353'), 934)
((2007, '360'), 934)
((2006, '360'), 929)
((2016, '358'), 913)
((2008, '104'), 891)
((2015, '232'), 867)
((2008, '358'), 864)
((2009, '104'), 864)
((2007, '358'), 856)
((2007, '353'), 855)
((2006, '358'), 841)
((2012, '355'), 836)
((2012, '116'), 820)
((2008, '353'), 804)
((2015, '358'), 796)
((2011, '355'), 793)
((2014, '365'), 788)
((2006, '353'), 785)
((2009, '353'), 781)
((2014, '111'), 778)
((2016, '116'), 778)
((2010, '355'), 775)
((2007, '355'), 774)
((2010, '343'), 765)
((2013, '365'), 764)
((2015, '116'), 762)
((2011, '343'), 760)
((2013, '116'), 760)
((2010, '116'), 747)
((2015, '365'), 738)
((2015, '360'), 733)
((2014, '116'), 727)
((2016, '232'), 726)
((2014, '114'), 726)
((2006, '116'), 723)
((2012, '365'), 721)
((2016, '365'), 720)
((2009, '365'), 718)
((2015, '114'), 695)
((2011, '116'), 687)
((2009, '355'), 681)
((2008, '355'), 681)
((2011, '365'), 678)
((2006, '355'), 659)
((2006, '111'), 658)
((2015, '111'), 647)
((2008, '114'), 647)
((2013, '678'), 647)
((2010, '365'), 641)
((2015, '678'), 640)
((2008, '111'), 639)
((2007, '111'), 633)
((2008, '365'), 630)
((2009, '343'), 620)
((2013, '114'), 612)
((2016, '678'), 609)
((2007, '116'), 606)
((2008, '116'), 602)
((2012, '678'), 598)
((2010, '678'), 596)
((2006, '365'), 591)
((2009, '116'), 587)
((2014, '678'), 582)
((2011, '678'), 581)
((2016, '111'), 575)
((2011, '111'), 565)
((2007, '365'), 559)
((2010, '111'), 554)
((2016, '114'), 537)
((2009, '111'), 533)
((2013, '111'), 532)
((2009, '678'), 516)
((2012, '111'), 515)
((2009, '114'), 499)
((2008, '343'), 474)
((2007, '678'), 459)
((2008, '678'), 449)
((2012, '114'), 446)
((2007, '343'), 427)
((2010, '114'), 425)
((2011, '114'), 422)
((2007, '364'), 413)
((2011, '364'), 412)
((2006, '364'), 353)
((2006, '678'), 352)
((2007, '114'), 349)
((2010, '364'), 348)
((2015, '364'), 326)
((2014, '364'), 324)
((2014, '125'), 311)
((2016, '125'), 310)
((2015, '125'), 308)
((2012, '364'), 301)
((2008, '364'), 300)
((2009, '364'), 299)
((2014, '231'), 298)
((2016, '364'), 294)
((2009, '125'), 277)
((2006, '343'), 277)
((2006, '114'), 273)
((2013, '364'), 267)
((2015, '350'), 250)
((2010, '125'), 250)
((2008, '125'), 246)
((2010, '238'), 233)
((2009, '238'), 230)
((2013, '125'), 227)
((2015, '231'), 224)
((2007, '125'), 224)
((2012, '125'), 223)
((2016, '231'), 223)
((2011, '238'), 221)
((2012, '231'), 219)
((2013, '231'), 217)
((2012, '238'), 214)
((2016, '350'), 206)
((2011, '125'), 206)
((2014, '238'), 203)
((2011, '231'), 200)
((2007, '124'), 199)
((2006, '124'), 197)
((2008, '124'), 197)
((2008, '238'), 189)
((2006, '125'), 187)
((2010, '124'), 175)
((2009, '124'), 174)
((2010, '231'), 165)
((2006, '238'), 157)
((2009, '231'), 154)
((2009, '675'), 151)
((2012, '124'), 147)
((2006, '342'), 145)
((2012, '345'), 139)
((2015, '238'), 138)
((2007, '238'), 137)
((2011, '124'), 137)
((2016, '238'), 137)
((2013, '124'), 136)
((2012, '350'), 136)
((2013, '238'), 134)
((2007, '231'), 133)
((2009, '350'), 131)
((2013, '345'), 128)
((2014, '350'), 124)
((2009, '572'), 124)
((2007, '350'), 124)
((2014, '124'), 123)
((2007, '345'), 118)
((2010, '350'), 117)
((2008, '350'), 116)
((2016, '124'), 116)
((2008, '231'), 113)
((2010, '675'), 113)
((2006, '231'), 113)
((2014, '345'), 113)
((2010, '572'), 108)
((2015, '345'), 106)
((2011, '345'), 106)
((2007, '342'), 103)
((2015, '124'), 102)
((2011, '675'), 101)
((2011, '350'), 97)
((2006, '350'), 96)
((2013, '350'), 94)
((2008, '675'), 91)
((2007, '675'), 89)
((2008, '342'), 86)
((2016, '346'), 83)
((2012, '675'), 81)
((2011, '572'), 78)
((2014, '356'), 78)
((2006, '675'), 76)
((2012, '363'), 73)
((2016, '345'), 73)
((2013, '342'), 73)
((2015, '356'), 73)
((2010, '345'), 72)
((2013, '363'), 71)
((2012, '572'), 69)
((2015, '675'), 69)
((2009, '342'), 68)
((2014, '342'), 68)
((2013, '675'), 67)
((2014, '363'), 66)
((2015, '342'), 64)
((2013, '572'), 63)
((2015, '346'), 63)
((2012, '346'), 62)
((2016, '356'), 58)
((2011, '342'), 58)
((2010, '363'), 56)
((2009, '345'), 56)
((2014, '675'), 54)
((2008, '572'), 53)
((2010, '342'), 52)
((2011, '346'), 52)
((2012, '342'), 52)
((2010, '346'), 51)
((2016, '675'), 50)
((2011, '363'), 50)
((2007, '356'), 46)
((2015, '363'), 46)
((2016, '572'), 44)
((2014, '346'), 44)
((2013, '346'), 43)
((2015, '572'), 43)
((2016, '230'), 42)
((2007, '346'), 42)
((2012, '230'), 41)
((2007, '120'), 40)
((2009, '363'), 40)
((2016, '363'), 38)
((2015, '120'), 36)
((2012, '356'), 36)
((2010, '356'), 36)
((2013, '356'), 35)
((2008, '346'), 35)
((2006, '120'), 35)
((2008, '356'), 34)
((2015, '230'), 33)
((2016, '342'), 33)
((2008, '363'), 32)
((2013, '120'), 32)
((2006, '346'), 32)
((2007, '363'), 32)
((2014, '572'), 32)
((2006, '363'), 31)
((2009, '346'), 30)
((2008, '120'), 30)
((2007, '571'), 28)
((2016, '677'), 28)
((2007, '677'), 27)
((2014, '230'), 27)
((2016, '120'), 27)
((2014, '120'), 27)
((2011, '120'), 26)
((2010, '120'), 26)
((2011, '356'), 26)
((2011, '230'), 25)
((2010, '677'), 25)
((2013, '230'), 25)
((2009, '356'), 24)
((2008, '345'), 23)
((2006, '345'), 23)
((2012, '120'), 21)
((2007, '237'), 20)
((2007, '122'), 20)
((2008, '230'), 18)
((2006, '230'), 18)
((2006, '571'), 17)
((2009, '571'), 16)
((2012, '677'), 16)
((2009, '230'), 16)
((2006, '122'), 16)
((2009, '237'), 16)
((2010, '230'), 16)
((2006, '677'), 15)
((2015, '677'), 15)
((2009, '234'), 15)
((2008, '237'), 14)
((2008, '677'), 14)
((2013, '677'), 14)
((2011, '677'), 14)
((2008, '115'), 14)
((2009, '677'), 14)
((2015, '237'), 13)
((2010, '571'), 13)
((2014, '677'), 13)
((2010, '234'), 12)
((2009, '120'), 12)
((2008, '571'), 12)
((2008, '234'), 12)
((2015, '115'), 11)
((2015, '571'), 11)
((2011, '571'), 11)
((2012, '234'), 11)
((2011, '234'), 11)
((2016, '115'), 11)
((2009, '460'), 10)
((2014, '119'), 10)
((2006, '356'), 10)
((2006, '237'), 10)
((2006, '354'), 10)
((2006, '115'), 10)
((2007, '115'), 9)
((2010, '354'), 9)
((2015, '366'), 9)
((2012, '237'), 9)
((2012, '571'), 9)
((2010, '115'), 9)
((2011, '115'), 9)
((2011, '354'), 9)
((2016, '571'), 9)
((2014, '115'), 9)
((2013, '102'), 8)
((2009, '115'), 8)
((2009, '102'), 8)
((2010, '122'), 8)
((2007, '230'), 8)
((2011, '237'), 8)
((2013, '571'), 7)
((2007, '234'), 7)
((2013, '122'), 7)
((2013, '366'), 7)
((2007, '354'), 7)
((2013, '237'), 7)
((2014, '237'), 7)
((2010, '119'), 7)
((2008, '122'), 7)
((2015, '349'), 7)
((2012, '354'), 6)
((2012, '122'), 6)
((2008, '354'), 6)
((2016, '237'), 6)
((2013, '354'), 6)
((2014, '234'), 6)
((2010, '237'), 5)
((2012, '103'), 5)
((2013, '115'), 5)
((2006, '455'), 5)
((2014, '349'), 5)
((2008, '672'), 5)
((2009, '349'), 5)
((2013, '119'), 5)
((2012, '102'), 5)
((2015, '119'), 5)
((2013, '455'), 5)
((2014, '366'), 5)
((2009, '354'), 5)
((2006, '676'), 5)
((2008, '102'), 5)
((2008, '455'), 4)
((2011, '119'), 4)
((2007, '676'), 4)
((2010, '102'), 4)
((2009, '455'), 4)
((2014, '103'), 4)
((2011, '122'), 4)
((2010, '455'), 4)
((2012, '115'), 4)
((2009, '676'), 4)
((2011, '102'), 4)
((2013, '349'), 4)
((2007, '349'), 4)
((2014, '571'), 4)
((2008, '685'), 4)
((2008, '366'), 4)
((2015, '122'), 3)
((2014, '455'), 3)
((2009, '119'), 3)
((2006, '349'), 3)
((2012, '119'), 3)
((2014, '676'), 3)
((2011, '349'), 3)
((2012, '685'), 3)
((2011, '455'), 3)
((2011, '676'), 3)
((2012, '349'), 3)
((2016, '103'), 3)
((2013, '103'), 3)
((2007, '102'), 3)
((2008, '881'), 2)
((2006, '366'), 2)
((2016, '676'), 2)
((2006, '234'), 2)
((2006, '102'), 2)
((2012, '672'), 2)
((2016, '122'), 2)
((2006, '357'), 2)
((2013, '234'), 2)
((2011, '672'), 2)
((2016, '366'), 2)
((2014, '122'), 2)
((2007, '455'), 2)
((2012, '357'), 2)
((2016, '354'), 2)
((2010, '349'), 2)
((2014, '354'), 2)
((2009, '122'), 2)
((2015, '123'), 2)
((2010, '357'), 2)
((2006, '119'), 2)
((2015, '354'), 2)
((2007, '366'), 2)
((2013, '881'), 2)
((2016, '455'), 2)
((2009, '672'), 2)
((2007, '685'), 2)
((2015, '685'), 2)
((2016, '349'), 2)
((2007, '357'), 2)
((2006, '685'), 1)
((2014, '102'), 1)
((2008, '676'), 1)
((2009, '103'), 1)
((2006, '460'), 1)
((2015, '881'), 1)
((2010, '103'), 1)
((2015, '676'), 1)
((2013, '685'), 1)
((2015, '455'), 1)
((2012, '362'), 1)
((2016, '102'), 1)
((2010, '672'), 1)
((2010, '676'), 1)
((2007, '103'), 1)
((2016, '119'), 1)
((2008, '119'), 1)
((2006, '672'), 1)
((2012, '366'), 1)
((2015, '672'), 1)
((2006, '103'), 1)
((2011, '366'), 1)
((2013, '672'), 1)
((2011, '685'), 1)
((2015, '577'), 1)
((2008, '103'), 1)
((2012, '455'), 1)
((2010, '366'), 1)
((2012, '881'), 1)
((2007, '123'), 1)
((2016, '672'), 1)
((2010, '685'), 1)
((2014, '577'), 1)
((2008, '460'), 1)
((2015, '234'), 1)
((2013, '676'), 1)
((2015, '102'), 1)
