(('MISDEMEANOR', ''), 2186819)
(('FELONY', ''), 1248319)
(('VIOLATION', ''), 415132)
(('MISDEMEANOR', 'CENTRAL PARK'), 404)
(('MISDEMEANOR', 'FLUSHING MEADOWS CORONA PARK'), 342)
(('FELONY', 'CENTRAL PARK'), 194)
(('FELONY', 'FLUSHING MEADOWS CORONA PARK'), 184)
(('MISDEMEANOR', 'CONEY ISLAND BEACH & BOARDWALK'), 160)
(('MISDEMEANOR', 'RIVERSIDE PARK'), 150)
(('FELONY', 'CONEY ISLAND BEACH & BOARDWALK'), 137)
(('FELONY', 'RIVERSIDE PARK'), 102)
(('MISDEMEANOR', 'MARCUS GARVEY PARK'), 101)
(('VIOLATION', 'CENTRAL PARK'), 90)
(('FELONY', "RANDALL'S ISLAND PARK"), 81)
(('MISDEMEANOR', "ST. MARY'S PARK BRONX"), 78)
(('MISDEMEANOR', 'VAN CORTLANDT PARK'), 75)
(('MISDEMEANOR', 'PROSPECT PARK'), 73)
(('MISDEMEANOR', 'HARLEM RIVER PARK'), 72)
(('MISDEMEANOR', 'JACKIE ROBINSON PARK MANHATTAN'), 69)
(('FELONY', 'PROSPECT PARK'), 68)
(('MISDEMEANOR', 'TOMPKINS SQUARE PARK'), 67)
(('MISDEMEANOR', 'UNION SQUARE PARK'), 64)
(('MISDEMEANOR', 'SARA D. ROOSEVELT PARK'), 63)
(('MISDEMEANOR', 'CLAREMONT PARK'), 60)
(('MISDEMEANOR', 'CROTONA PARK'), 59)
(('FELONY', 'UNION SQUARE PARK'), 56)
(('MISDEMEANOR', 'MACOMBS DAM PARK'), 56)
(('MISDEMEANOR', 'ROCKAWAY BEACH AND BOARDWALK'), 55)
(('FELONY', 'CROTONA PARK'), 55)
(('FELONY', 'ROCKAWAY BEACH AND BOARDWALK'), 55)
(('MISDEMEANOR', 'WASHINGTON SQUARE PARK'), 54)
(('MISDEMEANOR', 'BRONX PARK'), 50)
(('MISDEMEANOR', 'MULLALY PARK'), 49)
(('FELONY', 'BRYANT PARK'), 47)
(('MISDEMEANOR', 'ST. NICHOLAS PARK'), 45)
(('MISDEMEANOR', 'MORNINGSIDE PARK'), 44)
(('MISDEMEANOR', 'BATTERY PARK'), 44)
(('MISDEMEANOR', 'HIGHBRIDGE PARK MANHATTAN SIDE'), 44)
(('MISDEMEANOR', 'TREMONT PARK'), 43)
(('FELONY', "ST. MARY'S PARK BRONX"), 43)
(('FELONY', 'VAN CORTLANDT PARK'), 42)
(('MISDEMEANOR', 'FRANZ SIGEL PARK'), 41)
(('FELONY', 'BROOKLYN BRIDGE PARK'), 41)
(('MISDEMEANOR', 'BROOKLYN BRIDGE PARK'), 41)
(('MISDEMEANOR', 'SUNSET PARK'), 41)
(('MISDEMEANOR', 'BRYANT PARK'), 40)
(('FELONY', 'MCCARREN PARK'), 40)
(('MISDEMEANOR', 'MCCARREN PARK'), 40)
(('FELONY', 'SARA D. ROOSEVELT PARK'), 39)
(('MISDEMEANOR', 'EAST RIVER PARK'), 39)
(('FELONY', 'WASHINGTON SQUARE PARK'), 38)
(('MISDEMEANOR', 'FOREST PARK'), 38)
(('MISDEMEANOR', 'MATTHEWS - PALMER PLAYGROUND'), 37)
(('FELONY', 'ST. NICHOLAS PARK'), 35)
(('FELONY', 'MARCUS GARVEY PARK'), 35)
(('MISDEMEANOR', 'WILLIAMSBRIDGE OVAL'), 35)
(('MISDEMEANOR', 'THOMAS JEFFERSON PARK'), 32)
(('FELONY', 'HIGHBRIDGE PARK MANHATTAN SIDE'), 32)
(('FELONY', 'SUNSET PARK'), 31)
(('MISDEMEANOR', 'MARIA HERNANDEZ PARK'), 31)
(('FELONY', 'EAST RIVER PARK'), 31)
(('FELONY', 'BRONX PARK'), 30)
(('FELONY', 'CLAREMONT PARK'), 29)
(('MISDEMEANOR', 'ASTORIA PARK'), 29)
(('MISDEMEANOR', 'ST. JAMES PARK'), 29)
(('FELONY', 'MORNINGSIDE PARK'), 28)
(('MISDEMEANOR', "RANDALL'S ISLAND PARK"), 28)
(('FELONY', 'MACOMBS DAM PARK'), 28)
(('MISDEMEANOR', 'LEIF ERICSON PARK'), 28)
(('FELONY', 'TOMPKINS SQUARE PARK'), 27)
(('MISDEMEANOR', 'DYKER BEACH PARK'), 27)
(('FELONY', 'HIGHLAND PARK'), 26)
(('MISDEMEANOR', 'FORT GREENE PARK'), 25)
(('FELONY', 'FORT GREENE PARK'), 25)
(('FELONY', 'MARIA HERNANDEZ PARK'), 25)
(('MISDEMEANOR', 'RAINEY PARK BRONX'), 25)
(('MISDEMEANOR', 'AQUEDUCT WALK'), 25)
(('MISDEMEANOR', 'LUNA PARK'), 24)
(('MISDEMEANOR', 'PELHAM BAY PARK'), 24)
(('MISDEMEANOR', 'RUFUS KING PARK'), 23)
(('MISDEMEANOR', 'CHELSEA PARK'), 23)
(('FELONY', 'PARADE GROUND'), 23)
(('MISDEMEANOR', 'JACOB H. SCHIFF PLAYGROUND'), 23)
(('FELONY', 'MULLALY PARK'), 23)
(('FELONY', 'WILLIAMSBRIDGE OVAL'), 23)
(('VIOLATION', 'PROSPECT PARK'), 23)
(('MISDEMEANOR', 'PARADE GROUND'), 22)
(('VIOLATION', 'FLUSHING MEADOWS CORONA PARK'), 22)
(('FELONY', 'LINCOLN TERRACE / ARTHUR S. SOMERS PARK'), 22)
(('MISDEMEANOR', 'NORTHERN PLAYGROUND'), 22)
(('FELONY', 'FOREST PARK'), 22)
(('FELONY', 'JACKIE ROBINSON PARK MANHATTAN'), 21)
(('MISDEMEANOR', 'WINGATE PARK'), 21)
(('FELONY', 'LUNA PARK'), 21)
(('MISDEMEANOR', 'TRAVERS PARK'), 20)
(('FELONY', 'ST. JAMES PARK'), 20)
(('MISDEMEANOR', 'BRONX RIVER PARKWAY'), 20)
(('MISDEMEANOR', 'JOYCE KILMER PARK'), 20)
(('MISDEMEANOR', 'LINCOLN TERRACE / ARTHUR S. SOMERS PARK'), 20)
(('MISDEMEANOR', 'MOORE HOMESTEAD PLAYGROUND'), 20)
(('MISDEMEANOR', 'CALVERT VAUX PARK'), 20)
(('FELONY', 'FORT TRYON PARK'), 20)
(('FELONY', 'FORT WASHINGTON PARK'), 19)
(('MISDEMEANOR', "OWL'S HEAD PARK"), 19)
(('MISDEMEANOR', 'RICHMAN (ECHO) PARK'), 19)
(('MISDEMEANOR', 'MARINE PARK'), 19)
(('MISDEMEANOR', 'KAISER PARK'), 19)
(('MISDEMEANOR', 'FORT TRYON PARK'), 19)
(('MISDEMEANOR', 'COLUMBUS PARK AT MANHATTAN'), 18)
(('MISDEMEANOR', 'BATTERY PARK CITY'), 18)
(('MISDEMEANOR', 'AMERSFORT PARK'), 18)
(('MISDEMEANOR', 'ECHO TRIANGLE'), 18)
(('VIOLATION', 'CONEY ISLAND BEACH & BOARDWALK'), 18)
(('FELONY', 'RAINEY PARK BRONX'), 18)
(('MISDEMEANOR', 'HERBERT VON KING PARK'), 17)
(('FELONY', 'HERBERT VON KING PARK'), 17)
(('MISDEMEANOR', "ST. JOHN'S RECREATION CENTER"), 17)
(('MISDEMEANOR', 'MERRIAM PLAYGROUND'), 17)
(('FELONY', 'JOYCE KILMER PARK'), 16)
(('MISDEMEANOR', 'SHORE PARK AND PARKWAY'), 16)
(('MISDEMEANOR', 'FREDERICK DOUGLASS PLAYGROUND'), 16)
(('FELONY', 'THOMAS JEFFERSON PARK'), 16)
(('MISDEMEANOR', 'EWEN PARK'), 16)
(('MISDEMEANOR', 'COLEMAN PLAYGROUND'), 16)
(('MISDEMEANOR', 'KISSENA CORRIDOR PARK'), 15)
(('MISDEMEANOR', 'PARK OF THE AMERICAS'), 15)
(('MISDEMEANOR', 'HIGHLAND PARK'), 15)
(('FELONY', 'PELHAM BAY PARK'), 15)
(('FELONY', 'ROY WILKINS RECREATION CENTER'), 14)
(('FELONY', 'BATTERY PARK'), 14)
(('MISDEMEANOR', 'PLAYGROUND NINETY'), 14)
(('MISDEMEANOR', 'INWOOD HILL PARK'), 14)
(('FELONY', 'RUFUS KING PARK'), 14)
(('MISDEMEANOR', 'SOUNDVIEW PARK'), 14)
(('MISDEMEANOR', 'ASTORIA HEIGHTS PLAYGROUND'), 14)
(('MISDEMEANOR', "ST. ANDREW'S PLAYGROUND"), 14)
(('FELONY', 'PARK OF THE AMERICAS'), 13)
(('FELONY', 'MADISON SQUARE PARK'), 13)
(('MISDEMEANOR', 'LINDEN PARK'), 13)
(('MISDEMEANOR', 'DEVOE PARK'), 13)
(('MISDEMEANOR', 'BRIDGE PARK BROOKLYN'), 13)
(('MISDEMEANOR', 'KELLY PARK'), 12)
(('FELONY', 'WATSON GLEASON PLAYGROUND'), 12)
(('MISDEMEANOR', 'MCKINLEY PARK'), 12)
(('MISDEMEANOR', 'BETSY HEAD PARK'), 12)
(('FELONY', 'KISSENA PARK'), 12)
(('MISDEMEANOR', 'BROWER PARK'), 12)
(('FELONY', 'HARLEM RIVER PARK'), 12)
(('MISDEMEANOR', 'PARKSIDE PLAYGROUND BROOKLYN'), 12)
(('FELONY', 'MARINE PARK'), 11)
(('MISDEMEANOR', 'HOFFMAN PARK'), 11)
(('FELONY', 'ASTORIA PARK'), 11)
(('MISDEMEANOR', 'ELTON PLAYGROUND'), 11)
(('FELONY', 'BAISLEY POND PARK'), 11)
(('FELONY', 'CHELSEA PARK'), 11)
(('FELONY', 'CLOVE LAKES PARK'), 11)
(('MISDEMEANOR', 'QUARRY BALLFIELDS'), 11)
(('MISDEMEANOR', 'MOTT PLAYGROUND'), 11)
(('FELONY', 'CALVERT VAUX PARK'), 11)
(('FELONY', 'J. HOOD WRIGHT PARK'), 11)
(('MISDEMEANOR', 'HOLCOMBE RUCKER PARK'), 10)
(('MISDEMEANOR', 'BOWNE PARK'), 10)
(('MISDEMEANOR', 'BAISLEY POND PARK'), 10)
(('FELONY', 'RED HOOK RECREATION AREA'), 10)
(('MISDEMEANOR', 'CARL SCHURZ PARK'), 10)
(('MISDEMEANOR', 'JUNIPER VALLEY PARK'), 10)
(('MISDEMEANOR', 'SEWARD PARK'), 10)
(('MISDEMEANOR', 'MAFERA PARK'), 10)
(('MISDEMEANOR', 'HOMECREST PLAYGROUND'), 10)
(('MISDEMEANOR', 'KISSENA PARK'), 10)
(('VIOLATION', 'FORT GREENE PARK'), 10)
(('MISDEMEANOR', 'LONDON PLANETREE PLAYGROUND'), 10)
(('MISDEMEANOR', 'STUYVESANT SQUARE'), 10)
(('MISDEMEANOR', 'FRIENDS FIELD'), 10)
(('MISDEMEANOR', 'FERRY POINT PARK'), 10)
(('FELONY', 'BETSY HEAD PARK'), 10)
(('MISDEMEANOR', 'SLATTERY PLAYGROUND'), 9)
(('MISDEMEANOR', 'JACOB JOFFE FIELDS'), 9)
(('MISDEMEANOR', 'WILLIS PLAYGROUND'), 9)
(('VIOLATION', 'RIVERSIDE PARK'), 9)
(('MISDEMEANOR', 'HAMILTON FISH PARK'), 9)
(('FELONY', 'J.J. BYRNE PLAYGROUND'), 9)
(('VIOLATION', 'UNION SQUARE PARK'), 9)
(('FELONY', 'BLAND PLAYGROUND'), 9)
(('MISDEMEANOR', 'LYONS SQUARE PLAYGROUND'), 9)
(('MISDEMEANOR', 'COL. YOUNG PLAYGROUND'), 9)
(('FELONY', "ST. JOHN'S RECREATION CENTER"), 9)
(('MISDEMEANOR', 'ALLEY POND PARK'), 9)
(('MISDEMEANOR', 'ELMHURST PARK'), 9)
(('MISDEMEANOR', 'CHELSEA RECREATION CENTER'), 9)
(('FELONY', 'MOORE HOMESTEAD PLAYGROUND'), 9)
(('MISDEMEANOR', 'CLOVE LAKES PARK'), 9)
(('MISDEMEANOR', 'CAPTAIN RIVERA PLAYGROUND'), 9)
(('MISDEMEANOR', 'ASSER LEVY PARK'), 9)
(('VIOLATION', 'MCCARREN PARK'), 9)
(('MISDEMEANOR', 'FULTON PARK'), 9)
(('FELONY', 'BRIDGE PARK BROOKLYN'), 9)
(('FELONY', 'FRANZ SIGEL PARK'), 9)
(('MISDEMEANOR', 'GROVER CLEVELAND PLAYGROUND'), 9)
(('MISDEMEANOR', 'FRED SAMUEL PLAYGROUND'), 9)
(('FELONY', 'MOSHOLU PARKWAY'), 9)
(('FELONY', 'ALLEY POND PARK'), 9)
(('MISDEMEANOR', 'EAST RIVER WATERFRONT ESPLANADE'), 9)
(('FELONY', 'NORTHERN PLAYGROUND'), 8)
(('MISDEMEANOR', 'DEAN PLAYGROUND'), 8)
(('FELONY', 'DEAN PLAYGROUND'), 8)
(('MISDEMEANOR', 'BOOKER T. WASHINGTON PLAYGROUND'), 8)
(('MISDEMEANOR', "ST. MICHAEL'S PARK"), 8)
(('FELONY', 'LONDON PLANETREE PLAYGROUND'), 8)
(('MISDEMEANOR', 'PENN SOUTH PLAYGROUND'), 8)
(('VIOLATION', 'BATTERY PARK'), 8)
(('MISDEMEANOR', "WASHINGTON'S WALK"), 8)
(('FELONY', 'SOUNDVIEW PARK'), 8)
(('MISDEMEANOR', 'MANHATTAN BEACH PARK'), 8)
(('MISDEMEANOR', 'TOMPKINSVILLE PARK'), 8)
(('MISDEMEANOR', 'UNNAMED PARK ON RIVERSIDE DRIVE'), 8)
(('FELONY', 'CONCRETE PLANT PARK'), 8)
(('MISDEMEANOR', 'MOSHOLU PARKWAY'), 8)
(('MISDEMEANOR', 'HAMILTON METZ FIELD'), 8)
(('MISDEMEANOR', 'LT. JOSEPH PETROSINO PARK'), 8)
(('VIOLATION', 'ROCKAWAY BEACH AND BOARDWALK'), 8)
(('MISDEMEANOR', 'MCCAFFREY PLAYGROUND'), 8)
(('MISDEMEANOR', 'PLAYGROUND 52 LII'), 8)
(('FELONY', 'INWOOD HILL PARK'), 8)
(('MISDEMEANOR', 'BATH BEACH PARK'), 8)
(('FELONY', 'MCLAUGHLIN PARK'), 8)
(('MISDEMEANOR', 'RIVER AVENUE PARKS'), 8)
(('MISDEMEANOR', 'CPL. THOMPSON PARK'), 8)
(('MISDEMEANOR', 'HOYT PLAYGROUND'), 7)
(('MISDEMEANOR', "ROSEMARY'S PLAYGROUND"), 7)
(('FELONY', 'SIMEONE PARK'), 7)
(('FELONY', 'BROWER PARK'), 7)
(('MISDEMEANOR', 'PELHAM PARKWAY'), 7)
(('MISDEMEANOR', 'MERCER PLAYGROUND'), 7)
(('MISDEMEANOR', 'BARTLETT PLAYGROUND'), 7)
(('MISDEMEANOR', 'POWER PLAYGROUND'), 7)
(('VIOLATION', 'MORNINGSIDE PARK'), 7)
(('MISDEMEANOR', 'J.J. BYRNE PLAYGROUND'), 7)
(('FELONY', 'CAPTAIN TILLY PARK'), 7)
(('MISDEMEANOR', 'ALLEY PARK'), 7)
(('FELONY', 'HOMECREST PLAYGROUND'), 7)
(('FELONY', 'GREELEY SQUARE PARK'), 7)
(('FELONY', 'COOPER PARK'), 7)
(('MISDEMEANOR', 'ARCILLA PLAYGROUND'), 7)
(('FELONY', 'JUNIPER VALLEY PARK'), 7)
(('FELONY', 'COMMODORE BARRY PARK'), 7)
(('MISDEMEANOR', 'SETON FALLS PARK'), 7)
(('MISDEMEANOR', 'BELT PARKWAY/SHORE PARKWAY'), 7)
(('MISDEMEANOR', 'CARROLL PARK'), 7)
(('MISDEMEANOR', 'BROOKLYN MUSEUM'), 7)
(('FELONY', 'FREDERICK DOUGLASS PLAYGROUND'), 7)
(('MISDEMEANOR', 'GRAVESEND PARK'), 7)
(('MISDEMEANOR', 'BELMONT PLAYGROUND BRONX'), 7)
(('MISDEMEANOR', 'HAPPY WARRIOR PLAYGROUND'), 7)
(('FELONY', 'DEVOE PARK'), 7)
(('FELONY', 'BEHAGEN PLAYGROUND'), 7)
(('MISDEMEANOR', 'CANARSIE PARK'), 7)
(('MISDEMEANOR', 'COMMODORE BARRY PARK'), 7)
(('MISDEMEANOR', 'CONCRETE PLANT PARK'), 7)
(('FELONY', 'TOMPKINSVILLE PARK'), 7)
(('MISDEMEANOR', 'CUNNINGHAM PARK'), 7)
(('MISDEMEANOR', 'EAST RIVER PLAYGROUND'), 7)
(('FELONY', 'FERRY POINT PARK'), 6)
(('FELONY', 'DUTCH KILLS PLAYGROUND'), 6)
(('MISDEMEANOR', 'FAIRMOUNT PLAYGROUND'), 6)
(('FELONY', 'HERALD SQUARE'), 6)
(('FELONY', 'WILLIS PLAYGROUND'), 6)
(('MISDEMEANOR', 'STERNBERG PARK'), 6)
(('VIOLATION', 'LINCOLN TERRACE / ARTHUR S. SOMERS PARK'), 6)
(('VIOLATION', 'FREDERICK DOUGLASS PLAYGROUND'), 6)
(('MISDEMEANOR', 'CALLAHAN-KELLY PLAYGROUND'), 6)
(('FELONY', "FRANK D. O'CONNOR PLAYGROUND"), 6)
(('MISDEMEANOR', 'JAMES WELDON JOHNSON PLAYGROUND'), 6)
(('VIOLATION', 'BRYANT PARK'), 6)
(('MISDEMEANOR', 'STARLIGHT PARK'), 6)
(('FELONY', 'COLEMAN PLAYGROUND'), 6)
(('VIOLATION', 'ST. NICHOLAS PARK'), 6)
(('MISDEMEANOR', 'RAYMOND BUSH PLAYGROUND'), 6)
(('FELONY', 'POTOMAC PLAYGROUND'), 6)
(('FELONY', 'AQUEDUCT WALK'), 6)
(('MISDEMEANOR', 'SAKURA PARK'), 6)
(('MISDEMEANOR', 'MAPLE PLAYGROUND'), 6)
(('MISDEMEANOR', 'HAVEN AVENUE'), 6)
(('MISDEMEANOR', 'NOSTRAND PLAYGROUND'), 6)
(('FELONY', 'CUNNINGHAM PARK'), 6)
(('FELONY', "OWL'S HEAD PARK"), 6)
(('MISDEMEANOR', 'SETON PARK'), 6)
(('FELONY', 'SEWARD PARK'), 6)
(('MISDEMEANOR', 'MOORE PLAYGROUND'), 6)
(('FELONY', 'SPRINGFIELD PARK'), 6)
(('MISDEMEANOR', 'HOWARD PLAYGROUND'), 6)
(('MISDEMEANOR', 'HUNTS POINT PLAYGROUND'), 6)
(('MISDEMEANOR', 'P.O. REINALDO SALGADO PLAYGROUND'), 6)
(('FELONY', 'CROCHERON PARK'), 6)
(('FELONY', 'LINDEN PARK'), 6)
(('FELONY', 'DR. RONALD E. MCNAIR PLAYGROUND'), 6)
(('MISDEMEANOR', 'FORT HAMILTON ATHLETIC FIELD'), 6)
(('FELONY', 'CHELSEA RECREATION CENTER'), 6)
(('MISDEMEANOR', "MARC AND JASON'S PLAYGROUND"), 6)
(('FELONY', 'NOSTRAND PLAYGROUND'), 6)
(('FELONY', 'TRAVERS PARK'), 6)
(('FELONY', 'UNNAMED PARK ON RIVERSIDE DRIVE'), 6)
(('MISDEMEANOR', 'THOMAS GREENE PLAYGROUND'), 6)
(('FELONY', 'BELT PARKWAY/SHORE PARKWAY'), 6)
(('MISDEMEANOR', 'COOPER PARK'), 6)
(('MISDEMEANOR', 'ROY WILKINS RECREATION CENTER'), 6)
(('FELONY', 'BOWNE PARK'), 6)
(('FELONY', 'MANHATTAN BEACH PARK'), 6)
(('FELONY', 'FRANKLIN D. ROOSEVELT BOARDWALK AND BEACH'), 5)
(('MISDEMEANOR', 'SETH LOW PLAYGROUND/ BEALIN SQUARE'), 5)
(('MISDEMEANOR', 'MOUNT PROSPECT PARK'), 5)
(('MISDEMEANOR', 'NEHEMIAH PARK'), 5)
(('MISDEMEANOR', 'JUNCTION PLAYGROUND'), 5)
(('MISDEMEANOR', "PRINTER'S PARK"), 5)
(('MISDEMEANOR', 'DITMARS PARK'), 5)
(('MISDEMEANOR', 'MSGR. MCGOLRICK PARK'), 5)
(('FELONY', "ST. MICHAEL'S PARK"), 5)
(('MISDEMEANOR', 'JOHN JAY PARK'), 5)
(('MISDEMEANOR', 'DUTCH KILLS PLAYGROUND'), 5)
(('FELONY', 'POE PARK'), 5)
(('MISDEMEANOR', 'SUMNER PLAYGROUND'), 5)
(('FELONY', 'MSGR. MCGOLRICK PARK'), 5)
(('MISDEMEANOR', 'JACKIE ROBINSON PLAYGROUND'), 5)
(('MISDEMEANOR', 'EASTERN PARKWAY'), 5)
(('FELONY', 'JOHN JAY PARK'), 5)
(('MISDEMEANOR', 'BUFANO PARK'), 5)
(('MISDEMEANOR', 'LINDSAY TRIANGLE'), 5)
(('MISDEMEANOR', "PEOPLE'S PARK"), 5)
(('MISDEMEANOR', 'EQUITY PARK'), 5)
(('VIOLATION', 'ST. JAMES PARK'), 5)
(('MISDEMEANOR', 'CAPTAIN TILLY PARK'), 5)
(('FELONY', 'EWEN PARK'), 5)
(('MISDEMEANOR', 'DE WITT CLINTON PARK'), 5)
(('MISDEMEANOR', 'ROBERT E. VENABLE PARK'), 5)
(('MISDEMEANOR', 'MARIE CURIE PARK'), 5)
(('MISDEMEANOR', 'FRONTERA PARK'), 5)
(('FELONY', 'DYKER BEACH PARK'), 5)
(('MISDEMEANOR', 'BOWNE PLAYGROUND'), 5)
(('MISDEMEANOR', 'MOSHOLU PLAYGROUND'), 5)
(('FELONY', 'LEIF ERICSON PARK'), 5)
(('VIOLATION', 'RUFUS KING PARK'), 5)
(('MISDEMEANOR', 'ASSER LEVY PLAYGROUND'), 5)
(('FELONY', 'QUARRY BALLFIELDS'), 5)
(('MISDEMEANOR', 'MAURICE A FITZGERALD PLAYGROUND'), 5)
(('MISDEMEANOR', 'MIDDLE VILLAGE PLAYGROUND'), 5)
(('FELONY', 'JACOB H. SCHIFF PLAYGROUND'), 5)
(('MISDEMEANOR', 'CROTONA PARKWAY MALLS'), 5)
(('MISDEMEANOR', 'MCLAUGHLIN PARK'), 5)
(('FELONY', 'DETECTIVE KEITH L WILLIAMS PARK'), 5)
(('MISDEMEANOR', 'BENSONHURST PARK'), 5)
(('MISDEMEANOR', 'SHERMAN CREEK'), 5)
(('MISDEMEANOR', 'HART PLAYGROUND ON BROADWAY'), 5)
(('MISDEMEANOR', 'ALLERTON PLAYGROUND'), 5)
(('MISDEMEANOR', 'RAMON APONTE PARK'), 5)
(('FELONY', 'KISSENA CORRIDOR PARK'), 5)
(('MISDEMEANOR', 'DR. RONALD E. MCNAIR PLAYGROUND'), 5)
(('FELONY', 'PAERDEGAT PARK'), 5)
(('MISDEMEANOR', 'EVERGREEN PARK'), 5)
(('MISDEMEANOR', 'SPRINGFIELD PARK'), 5)
(('MISDEMEANOR', 'BUSHWICK INLET PARK'), 5)
(('FELONY', 'EVERGREEN PARK'), 5)
(('MISDEMEANOR', 'PAERDEGAT PARK'), 5)
(('MISDEMEANOR', 'MCGUIRE FIELDS'), 5)
(('FELONY', 'BENSONHURST PARK'), 5)
(('MISDEMEANOR', 'FOX PLAYGROUND BRONX'), 5)
(('FELONY', 'KELLY PARK'), 5)
(('VIOLATION', 'SARA D. ROOSEVELT PARK'), 5)
(('MISDEMEANOR', 'SARATOGA PARK'), 5)
(('FELONY', "ST. MICHAEL'S PLAYGROUND"), 5)
(('FELONY', 'JAMES J WALKER PARK'), 5)
(('MISDEMEANOR', 'ASPHALT GREEN'), 5)
(('MISDEMEANOR', 'HOWARD BENNETT PLAYGROUND'), 5)
(('FELONY', 'HOFFMAN PARK'), 5)
(('FELONY', 'TREMONT PARK'), 5)
(('FELONY', 'COLUMBUS PARK AT MANHATTAN'), 5)
(('MISDEMEANOR', "FRANK D. O'CONNOR PLAYGROUND"), 4)
(('FELONY', 'SOL BLOOM PLAYGROUND'), 4)
(('MISDEMEANOR', 'PULASKI PLAYGROUND'), 4)
(('MISDEMEANOR', 'BUSHWICK PLAYGROUND ON KNICKERBOCKER AVENUE'), 4)
(('FELONY', 'STARLIGHT PARK'), 4)
(('FELONY', 'SAMUEL SEABURY PLAYGROUND'), 4)
(('MISDEMEANOR', 'LAFAYETTE PLAYGROUND ON LAFAYETTE AVENUE'), 4)
(('MISDEMEANOR', 'ENNIS PLAYGROUND'), 4)
(('FELONY', 'BROWNSVILLE PLAYGROUND'), 4)
(('FELONY', 'STERNBERG PARK'), 4)
(('VIOLATION', 'INWOOD HILL PARK'), 4)
(('MISDEMEANOR', 'BROADWAY MALLS'), 4)
(('VIOLATION', 'ASTORIA PARK'), 4)
(('FELONY', 'SETH LOW PLAYGROUND/ BEALIN SQUARE'), 4)
(('FELONY', "ROSEMARY'S PLAYGROUND"), 4)
(('MISDEMEANOR', 'RUSSELL PEDERSEN PLAYGROUND'), 4)
(('FELONY', 'ECHO TRIANGLE'), 4)
(('MISDEMEANOR', 'THE PEARLY GATES'), 4)
(('MISDEMEANOR', 'ANNADALE PLAYGROUND'), 4)
(('FELONY', 'DR. GERTRUDE B. KELLY PLAYGROUND'), 4)
(('MISDEMEANOR', 'DREW PLAYGROUND'), 4)
(('MISDEMEANOR', "HUNTER'S POINT SOUTH PARK"), 4)
(('FELONY', 'JOSEPH AUSTIN PLAYGROUND'), 4)
(('VIOLATION', 'CARL SCHURZ PARK'), 4)
(('VIOLATION', 'MARCUS GARVEY PARK'), 4)
(('MISDEMEANOR', 'J. HOOD WRIGHT PARK'), 4)
(('MISDEMEANOR', 'MILESTONE PARK'), 4)
(('MISDEMEANOR', 'KOLBERT PLAYGROUND'), 4)
(('MISDEMEANOR', 'CITY HALL PARK'), 4)
(('FELONY', 'MAPLE PLAYGROUND'), 4)
(('FELONY', 'ASSER LEVY PLAYGROUND'), 4)
(('FELONY', 'LYONS SQUARE PLAYGROUND'), 4)
(('FELONY', 'EAST RIVER ESPLANADE E 90TH ST TO E 125TH ST'), 4)
(('MISDEMEANOR', 'SURF PLAYGROUND'), 4)
(('FELONY', 'BROOKVILLE PARK'), 4)
(('VIOLATION', 'SUNSET PARK'), 4)
(('FELONY', 'COL. YOUNG PLAYGROUND'), 4)
(('MISDEMEANOR', 'EAST ELMHURST PLAYGROUND'), 4)
(('MISDEMEANOR', 'MELLETT PLAYGROUND'), 4)
(('FELONY', '100% PLAYGROUND'), 4)
(('MISDEMEANOR', "DANIEL M. O'CONNELL PLAYGROUND"), 4)
(('FELONY', 'BOWNE PLAYGROUND'), 4)
(('MISDEMEANOR', 'VIDALIA PARK'), 4)
(('MISDEMEANOR', 'BLAND PLAYGROUND'), 4)
(('MISDEMEANOR', 'MARTIN LUTHER KING PLAYGROUND'), 4)
(('MISDEMEANOR', 'GORMAN PLAYGROUND'), 4)
(('MISDEMEANOR', 'MURRAY PLAYGROUND'), 4)
(('FELONY', 'ROBERT E. VENABLE PARK'), 4)
(('MISDEMEANOR', 'CROWLEY PLAYGROUND'), 4)
(('MISDEMEANOR', 'LUTHER GULICK PLAYGROUND'), 4)
(('MISDEMEANOR', 'THE HIGH LINE'), 4)
(('MISDEMEANOR', 'EAST RIVER ESPLANADE AT E 36TH ST AND FDR'), 4)
(('MISDEMEANOR', "ST. CATHERINE'S PARK"), 4)
(('FELONY', 'PENN SOUTH PLAYGROUND'), 4)
(('MISDEMEANOR', 'CHIEF DENNIS L. DEVLIN PARK'), 4)
(('MISDEMEANOR', 'CONFERENCE HOUSE PARK'), 4)
(('MISDEMEANOR', 'CHERRY TREE PARK'), 4)
(('FELONY', 'GROVER CLEVELAND PLAYGROUND'), 4)
(('FELONY', 'CORPORAL JOHN A. SERAVALLI PLAYGROUND'), 4)
(('FELONY', 'ASPHALT GREEN'), 4)
(('MISDEMEANOR', 'FOX PLAYGROUND BROOKLYN'), 4)
(('MISDEMEANOR', 'PATTERSON PLAYGROUND'), 4)
(('FELONY', 'EAST RIVER PLAYGROUND'), 4)
(('FELONY', 'MCKINLEY PARK'), 4)
(('FELONY', 'CANARSIE PARK'), 4)
(('MISDEMEANOR', 'MARCY PLAYGROUND'), 4)
(('FELONY', 'CITY LINE PARK'), 4)
(('FELONY', 'AMERSFORT PARK'), 4)
(('MISDEMEANOR', 'HAFFEN PARK'), 4)
(('FELONY', 'SOUTH PACIFIC PLAYGROUND'), 4)
(('VIOLATION', 'BETSY HEAD PARK'), 4)
(('FELONY', 'BILL BROWN PLAYGROUND'), 4)
(('MISDEMEANOR', 'WATSON GLEASON PLAYGROUND'), 4)
(('MISDEMEANOR', 'CORONA GOLF PLAYGROUND'), 4)
(('FELONY', 'BATTERY PARK CITY'), 4)
(('MISDEMEANOR', 'WOODS PLAYGROUND'), 4)
(('FELONY', 'NOBLE PLAYGROUND'), 4)
(('MISDEMEANOR', 'ALFRED E. SMITH PLAYGROUND'), 4)
(('FELONY', 'BELMONT PLAYGROUND BRONX'), 4)
(('FELONY', 'TAPPEN PARK'), 4)
(('MISDEMEANOR', 'BEHAGEN PLAYGROUND'), 4)
(('FELONY', 'ASSER LEVY PARK'), 4)
(('FELONY', 'COFFEY PARK'), 4)
(('FELONY', 'FULTON PARK'), 4)
(('MISDEMEANOR', 'L/CPL THOMAS P. NOONAN JR. PLAYGROUND'), 4)
(('FELONY', 'GORMAN PARK'), 4)
(('MISDEMEANOR', 'RED HOOK RECREATION AREA'), 4)
(('MISDEMEANOR', 'DOUGHBOY PLAZA'), 4)
(('FELONY', 'BUSHWICK INLET PARK'), 4)
(('FELONY', 'SHORE PARK AND PARKWAY'), 4)
(('FELONY', 'WINGATE PARK'), 4)
(('FELONY', 'RIENZI PLAYGROUND'), 4)
(('VIOLATION', 'CROTONA PARK'), 4)
(('MISDEMEANOR', 'QUEENSBRIDGE PARK'), 4)
(('MISDEMEANOR', 'LORETO PLAYGROUND'), 4)
(('FELONY', 'MONTBELLIER PARK'), 4)
(('FELONY', 'GRAVESEND PARK'), 4)
(('FELONY', 'ELTON PLAYGROUND'), 4)
(('MISDEMEANOR', 'COFFEY PARK'), 4)
(('MISDEMEANOR', 'GORMAN PARK'), 4)
(('MISDEMEANOR', 'JOHN J CARTY PARK'), 4)
(('VIOLATION', 'TOMPKINS SQUARE PARK'), 4)
(('MISDEMEANOR', 'RAINEY PARK QUEENS'), 4)
(('FELONY', 'WASHINGTON HALL PARK'), 4)
(('MISDEMEANOR', 'CITY LINE PARK'), 4)
(('FELONY', 'CHESTER PLAYGROUND'), 4)
(('MISDEMEANOR', 'MADISON SQUARE PARK'), 4)
(('MISDEMEANOR', 'PULASKI PARK'), 4)
(('FELONY', 'HOLCOMBE RUCKER PARK'), 4)
(('MISDEMEANOR', 'BEACH 9 PLAYGROUND'), 4)
(('FELONY', 'HAFFEN PARK'), 4)
(('MISDEMEANOR', 'INWOOD PARK'), 4)
(('MISDEMEANOR', 'LEIF ERICSON FIELDS'), 4)
(('MISDEMEANOR', 'SCARANGELLA PARK'), 4)
(('MISDEMEANOR', 'DETECTIVE KEITH L WILLIAMS PARK'), 4)
(('FELONY', 'MARION HOPKINSON PLAYGROUND'), 4)
(('VIOLATION', "ST. MARY'S PARK BRONX"), 4)
(('MISDEMEANOR', 'MATTHEWS MULINER PLAYGROUND'), 4)
(('FELONY', 'MAFERA PARK'), 3)
(('MISDEMEANOR', 'POWELL PLAYGROUND'), 3)
(('VIOLATION', 'PELHAM BAY PARK'), 3)
(('FELONY', 'RICHMAN (ECHO) PARK'), 3)
(('MISDEMEANOR', 'STROUD PLAYGROUND'), 3)
(('MISDEMEANOR', 'PUGSLEY CREEK PARK'), 3)
(('MISDEMEANOR', "ST. MICHAEL'S PLAYGROUND"), 3)
(('MISDEMEANOR', 'HINTON PARK'), 3)
(('MISDEMEANOR', 'GRACE PLAYGROUND'), 3)
(('MISDEMEANOR', "POOR RICHARD'S PLAYGROUND"), 3)
(('FELONY', 'EAST RIVER WATERFRONT ESPLANADE'), 3)
(('FELONY', 'CPL. THOMPSON PARK'), 3)
(('MISDEMEANOR', 'NATHAN STRAUS PLAYGROUND'), 3)
(('MISDEMEANOR', 'DOME PLAYGROUND'), 3)
(('MISDEMEANOR', 'SUTTON PLACE PARK'), 3)
(('MISDEMEANOR', 'IDLEWILD PARK'), 3)
(('MISDEMEANOR', 'BRIDGE PARK 3'), 3)
(('FELONY', 'FRED SAMUEL PLAYGROUND'), 3)
(('MISDEMEANOR', 'COLUCCI PLAYGROUND'), 3)
(('MISDEMEANOR', 'PONTIAC PLAYGROUND'), 3)
(('MISDEMEANOR', 'UNNAMED PARK ON SUMMIT AVENUE'), 3)
(('MISDEMEANOR', 'RECREATIONAL AREA'), 3)
(('FELONY', 'THOMAS GREENE PLAYGROUND'), 3)
(('MISDEMEANOR', 'MOUNT HOPE PLAYGROUND'), 3)
(('MISDEMEANOR', 'ATHENS SQUARE'), 3)
(('MISDEMEANOR', 'HINES PARK'), 3)
(('MISDEMEANOR', 'COLONEL DAVID MARCUS PLAYGROUND'), 3)
(('MISDEMEANOR', 'LT. LIA PLAYGROUND'), 3)
(('FELONY', 'CARL SCHURZ PARK'), 3)
(('MISDEMEANOR', 'FORT WASHINGTON PARK'), 3)
(('MISDEMEANOR', 'WARDS ISLAND PARK'), 3)
(('VIOLATION', 'SLATTERY PLAYGROUND'), 3)
(('MISDEMEANOR', 'BRIGHTON PLAYGROUND'), 3)
(('VIOLATION', 'MOUNT PROSPECT PARK'), 3)
(('FELONY', 'REIFF PLAYGROUND'), 3)
(('MISDEMEANOR', 'STAR SPANGLED PLAYGROUND'), 3)
(('VIOLATION', 'VAN CORTLANDT PARK'), 3)
(('VIOLATION', 'EAST RIVER PARK'), 3)
(('FELONY', 'RAINEY PARK QUEENS'), 3)
(('MISDEMEANOR', 'HORACE HARDING PLAYGROUND'), 3)
(('VIOLATION', "RANDALL'S ISLAND PARK"), 3)
(('MISDEMEANOR', 'MARBLE HILL PLAYGROUND'), 3)
(('MISDEMEANOR', 'WNYC TRANSMITTER PARK'), 3)
(('FELONY', 'LT. JOSEPH PETROSINO PARK'), 3)
(('MISDEMEANOR', 'REIFF PLAYGROUND'), 3)
(('MISDEMEANOR', 'LINCOLN RD BLOCK ASSOCIATION'), 3)
(('FELONY', 'COLONEL DAVID MARCUS PLAYGROUND'), 3)
(('FELONY', 'HARVARD PLAYGROUND'), 3)
(('MISDEMEANOR', 'CADMAN PLAZA PARK'), 3)
(('MISDEMEANOR', 'RENAISSANCE PLAYGROUND'), 3)
(('MISDEMEANOR', 'WEST PLAYGROUND'), 3)
(('MISDEMEANOR', 'ZIMMERMAN PLAYGROUND'), 3)
(('MISDEMEANOR', 'TORSNEY PLAYGROUND'), 3)
(('MISDEMEANOR', 'DI GILIO PLAYGROUND'), 3)
(('MISDEMEANOR', 'LAWRENCE VIRGILIO PLAYGROUND'), 3)
(('VIOLATION', 'STERNBERG PARK'), 3)
(('FELONY', 'ALLERTON PLAYGROUND'), 3)
(('FELONY', "POOR RICHARD'S PLAYGROUND"), 3)
(('MISDEMEANOR', "THE PAINTER'S PLAYGROUND"), 3)
(('MISDEMEANOR', 'MADISON COMMUNITY GREENTHUMB'), 3)
(('MISDEMEANOR', 'TEN EYCK PLAYGROUND'), 3)
(('MISDEMEANOR', 'GUN HILL PLAYGROUND'), 3)
(('MISDEMEANOR', 'SPACE TIME PLAYGROUND'), 3)
(('FELONY', 'SETON PARK'), 3)
(('FELONY', 'SHELTERING ARMS PLAYGROUND'), 3)
(('MISDEMEANOR', 'SIXTEEN SYCAMORES PLAYGROUND'), 3)
(('FELONY', 'SETON FALLS PARK'), 3)
(('MISDEMEANOR', 'SOUTH PACIFIC PLAYGROUND'), 3)
(('MISDEMEANOR', 'HARLEM ART PARK'), 3)
(('MISDEMEANOR', 'COLONEL CHARLES YOUNG TRIANGLE'), 3)
(('FELONY', 'SUMNER PLAYGROUND'), 3)
(('VIOLATION', 'MARIA HERNANDEZ PARK'), 3)
(('FELONY', 'JAMES WELDON JOHNSON PLAYGROUND'), 3)
(('FELONY', 'PHIL "SCOOTER" RIZZUTO PARK'), 3)
(('MISDEMEANOR', 'MARTIN LUTHER KING JR. PLAYGROUND'), 3)
(('VIOLATION', 'CHELSEA PARK'), 3)
(('MISDEMEANOR', 'VIETNAM VETERANS PLAZA'), 3)
(('MISDEMEANOR', 'BENNETT PARK'), 3)
(('MISDEMEANOR', 'SHEEPSHEAD PLAYGROUND'), 3)
(('FELONY', 'DAWSON PLAYGROUND'), 3)
(('VIOLATION', 'PARADE GROUND'), 3)
(('FELONY', 'STUYVESANT SQUARE'), 3)
(('VIOLATION', 'WINGATE PARK'), 3)
(('MISDEMEANOR', 'RAILROAD PARK BRONX'), 3)
(('FELONY', 'FRIENDS FIELD'), 3)
(('MISDEMEANOR', 'VLADECK PARK'), 3)
(('FELONY', 'WASHINGTON PARK BROOKLYN'), 3)
(('MISDEMEANOR', 'UNDERHILL PLAYGROUND'), 3)
(('VIOLATION', 'RAINBOW PLAYGROUND'), 3)
(('FELONY', 'JUNCTION PLAYGROUND'), 3)
(('FELONY', 'OCEAN BREEZE PARK'), 3)
(('FELONY', 'LIVONIA PARK'), 3)
(('MISDEMEANOR', 'SIMEONE PARK'), 3)
(('FELONY', 'MARTIN LUTHER KING JR. PLAYGROUND'), 3)
(('MISDEMEANOR', 'FATHER DUFFY SQUARE'), 3)
(('MISDEMEANOR', 'ESTELLA DIGGS PARK'), 3)
(('MISDEMEANOR', 'HARLEM LANE PLAYGROUND'), 3)
(('MISDEMEANOR', 'DAWSON PLAYGROUND'), 3)
(('FELONY', 'KAISER PARK'), 3)
(('FELONY', 'NEHEMIAH PARK'), 3)
(('MISDEMEANOR', 'BELLEVUE SOUTH PARK'), 3)
(('MISDEMEANOR', 'FABER POOL AND PARK'), 3)
(('FELONY', 'MARGARET I. CARMAN GREEN - WEEPING BEECH'), 3)
(('FELONY', 'ALLEN MALL ONE'), 3)
(('MISDEMEANOR', 'HERALD SQUARE'), 3)
(('MISDEMEANOR', 'GRANT PARK'), 3)
(('FELONY', 'DE HOSTOS PLAYGROUND'), 3)
(('FELONY', 'MAGENTA PLAYGROUND'), 3)
(('FELONY', 'PARKSIDE PLAYGROUND BROOKLYN'), 3)
(('MISDEMEANOR', 'GOBLE PLAYGROUND'), 3)
(('MISDEMEANOR', 'ELEANOR ROOSEVELT PLAYGROUND'), 3)
(('FELONY', 'FISH PLAYGROUND'), 3)
(('VIOLATION', 'JACKIE ROBINSON PARK MANHATTAN'), 3)
(('MISDEMEANOR', 'UNNAMED PARK ON BRUCKNER EXPRESSWAY WEST OF MORRISON AVENUE'), 3)
(('FELONY', 'ALMEDA PLAYGROUND'), 3)
(('MISDEMEANOR', 'BLOOMINGDALE PARK'), 3)
(('FELONY', 'ASTORIA HEIGHTS PLAYGROUND'), 3)
(('MISDEMEANOR', 'GREAT KILLS PARK'), 3)
(('FELONY', 'EPIPHANY PLAYGROUND'), 3)
(('FELONY', 'GRAND ARMY PLAZA BROOKLYN'), 3)
(('MISDEMEANOR', 'NEPTUNE PLAYGROUND'), 3)
(('VIOLATION', 'JUNIPER VALLEY PARK'), 3)
(('VIOLATION', "ST. JOHN'S RECREATION CENTER"), 3)
(('FELONY', 'TIFFANY PLAYGROUND'), 3)
(('MISDEMEANOR', 'CONEY ISLAND CREEK PARK'), 3)
(('MISDEMEANOR', 'TONY DAPOLITO RECREATION CENTER'), 3)
(('FELONY', 'THE HIGH LINE'), 3)
(('FELONY', 'KOLBERT PLAYGROUND'), 3)
(('MISDEMEANOR', 'SCHENCK PLAYGROUND'), 3)
(('FELONY', 'HAMILTON FISH PARK'), 3)
(('FELONY', 'RAYMOND BUSH PLAYGROUND'), 3)
(('MISDEMEANOR', 'FLYNN PLAYGROUND'), 3)
(('MISDEMEANOR', 'JEROME PLAYGROUND'), 3)
(('MISDEMEANOR', 'ADMIRAL FARRAGUT PLAYGROUND'), 3)
(('MISDEMEANOR', 'OXPORT PLAYGROUND'), 3)
(('FELONY', 'MELROSE PLAYGROUND'), 3)
(('MISDEMEANOR', 'GOUVERNEUR PLAYGROUND'), 3)
(('MISDEMEANOR', 'BATHGATE PLAYGROUND'), 3)
(('VIOLATION', 'WASHINGTON SQUARE PARK'), 3)
(('MISDEMEANOR', 'GRAND ARMY PLAZA BROOKLYN'), 3)
(('FELONY', 'CITY HALL PARK'), 3)
(('FELONY', 'BROOKLYN BOTANIC GARDEN'), 3)
(('MISDEMEANOR', 'AMERICAN PLAYGROUND'), 3)
(('MISDEMEANOR', 'TILDEN PLAYGROUND'), 3)
(('MISDEMEANOR', 'PLAYGROUND SEVENTY FIVE'), 2)
(('VIOLATION', 'WASHINGTON HALL PARK'), 2)
(('MISDEMEANOR', 'ORACLE PLAYGROUND'), 2)
(('MISDEMEANOR', 'WEST 4TH STREET COURTS'), 2)
(('MISDEMEANOR', 'ROEBLING PLAYGROUND'), 2)
(('MISDEMEANOR', 'DR. GERTRUDE B. KELLY PLAYGROUND'), 2)
(('FELONY', 'FABER POOL AND PARK'), 2)
(('MISDEMEANOR', 'KOSCIUSZKO POOL'), 2)
(('VIOLATION', 'CARROLL PARK'), 2)
(('VIOLATION', 'JESSE OWENS PLAYGROUND'), 2)
(('FELONY', 'CORLEARS HOOK PARK'), 2)
(('MISDEMEANOR', 'GREENE PLAYGROUND'), 2)
(('MISDEMEANOR', 'BAYVIEW PLAYGROUND'), 2)
(('FELONY', 'BROADWAY MALLS'), 2)
(('MISDEMEANOR', 'CEDAR PLAYGROUND'), 2)
(('MISDEMEANOR', 'RIVERDALE PARK'), 2)
(('FELONY', 'BELLAIRE PLAYGROUND'), 2)
(('MISDEMEANOR', 'TRIBECA PARK'), 2)
(('MISDEMEANOR', 'QUEENS VILLAGE VETERANS PLAZA'), 2)
(('MISDEMEANOR', 'WASHINGTON PARK BROOKLYN'), 2)
(('FELONY', 'ESTELLA DIGGS PARK'), 2)
(('FELONY', 'MARTIN LUTHER PLAYGROUND'), 2)
(('VIOLATION', 'LINDEN PARK'), 2)
(('VIOLATION', 'WATSON GLEASON PLAYGROUND'), 2)
(('FELONY', 'AMPERE PLAYGROUND'), 2)
(('FELONY', 'FATHER DUFFY SQUARE'), 2)
(('MISDEMEANOR', 'STARS & STRIPES PLAYGROUND'), 2)
(('FELONY', 'EAGLE SLOPE'), 2)
(('MISDEMEANOR', 'WOODRUFF PLAYGROUND'), 2)
(('MISDEMEANOR', 'POE PARK'), 2)
(('MISDEMEANOR', 'HARRIS PARK'), 2)
(('MISDEMEANOR', 'ALLEN MALL ONE'), 2)
(('MISDEMEANOR', 'GALAPO PLAYGROUND'), 2)
(('MISDEMEANOR', 'UNNAMED PARK ON E 177TH STREET'), 2)
(('FELONY', 'CALLAHAN-KELLY PLAYGROUND'), 2)
(('FELONY', "HUNTER'S POINT SOUTH PARK"), 2)
(('MISDEMEANOR', 'PETROSINO SQUARE'), 2)
(('VIOLATION', 'CADMAN PLAZA PARK'), 2)
(('FELONY', 'PULASKI PLAYGROUND'), 2)
(('FELONY', 'SLATTERY PLAYGROUND'), 2)
(('VIOLATION', 'LUNA PARK'), 2)
(('FELONY', 'STARS & STRIPES PLAYGROUND'), 2)
(('MISDEMEANOR', 'BROWNSVILLE PLAYGROUND'), 2)
(('MISDEMEANOR', 'THE BACKYARD'), 2)
(('FELONY', 'VINMONT VETERAN PARK'), 2)
(('MISDEMEANOR', 'DE MATTI PLAYGROUND'), 2)
(('MISDEMEANOR', 'W 87TH STREET GARDEN'), 2)
(('MISDEMEANOR', 'BILDERSEE PLAYGROUND'), 2)
(('FELONY', 'HAGGERTY PARK'), 2)
(('FELONY', 'BUSHWICK PLAYGROUND ON KNICKERBOCKER AVENUE'), 2)
(('MISDEMEANOR', 'GARDEN BEAUTIFUL'), 2)
(('MISDEMEANOR', 'SAMUEL N. BENNERSON 2ND PLAYGROUND'), 2)
(('FELONY', 'WOOD PARK'), 2)
(('MISDEMEANOR', 'WALTON PARK'), 2)
(('FELONY', 'HARRIS PARK'), 2)
(('MISDEMEANOR', 'RODNEY PLAYGROUND NORTH'), 2)
(('VIOLATION', 'JOYCE KILMER PARK'), 2)
(('MISDEMEANOR', 'MIDLAND PLAYGROUND'), 2)
(('MISDEMEANOR', 'PLAYGROUND 103 CIII'), 2)
(('MISDEMEANOR', 'MORRIS GARDEN'), 2)
(('MISDEMEANOR', 'MCKINLEY SQUARE'), 2)
(('MISDEMEANOR', 'ABIGAIL PLAYGROUND'), 2)
(('MISDEMEANOR', 'SOCRATES SCULPTURE PARK'), 2)
(('MISDEMEANOR', 'SAMUEL SEABURY PLAYGROUND'), 2)
(('FELONY', 'PETROSINO SQUARE'), 2)
(('MISDEMEANOR', 'JOHN HANCOCK PLAYGROUND'), 2)
(('MISDEMEANOR', 'DANTE PARK'), 2)
(('MISDEMEANOR', 'DETECTIVE WILLIAM T. GUNN PARK'), 2)
(('MISDEMEANOR', "HELL'S KITCHEN PARK"), 2)
(('MISDEMEANOR', 'PHIL "SCOOTER" RIZZUTO PARK'), 2)
(('MISDEMEANOR', 'SOL BLOOM PLAYGROUND'), 2)
(('MISDEMEANOR', 'ALBERT CAPSOUTO PARK'), 2)
(('FELONY', 'COLONEL CHARLES YOUNG TRIANGLE'), 2)
(('FELONY', 'MONSIGNOR KETT PLAYGROUND'), 2)
(('FELONY', 'GRADY PLAYGROUND'), 2)
(('MISDEMEANOR', 'PARKSIDE PLAYGROUND BRONX'), 2)
(('VIOLATION', 'PARK OF THE AMERICAS'), 2)
(('FELONY', 'MURRAY PLAYGROUND'), 2)
(('MISDEMEANOR', 'PINK PLAYGROUND'), 2)
(('FELONY', 'DUNBAR PLAYGROUND'), 2)
(('MISDEMEANOR', 'UNNAMED PARK ON 92ND STREET'), 2)
(('MISDEMEANOR', 'CASERTA PLAYGROUND'), 2)
(('VIOLATION', 'MADISON SQUARE PARK'), 2)
(('MISDEMEANOR', 'PERETZ SQUARE'), 2)
(('FELONY', "WASHINGTON'S WALK"), 2)
(('MISDEMEANOR', 'ALBEMARLE PLAYGROUND'), 2)
(('MISDEMEANOR', 'PROSPECT PLAYGROUND'), 2)
(('FELONY', 'WINFIELD PLAZA'), 2)
(('MISDEMEANOR', 'PLAYGROUND THIRTY FIVE XXXV'), 2)
(('MISDEMEANOR', 'POPPENHUSEN PLAYGROUND'), 2)
(('MISDEMEANOR', 'BROOKLYN BOTANIC GARDEN'), 2)
(('FELONY', 'TILDEN PLAYGROUND'), 2)
(('MISDEMEANOR', 'LOUIS ARMSTRONG PLAYGROUND'), 2)
(('FELONY', 'FLYNN PLAYGROUND'), 2)
(('VIOLATION', 'CANARSIE PARK'), 2)
(('FELONY', 'IRVING SQUARE PARK'), 2)
(('MISDEMEANOR', 'MARLBORO PLAYGROUND'), 2)
(('MISDEMEANOR', 'WAGNER PLAYGROUND'), 2)
(('MISDEMEANOR', 'POLICE OFFICER NICHOLAS DEMUTIIS PARK'), 2)
(('FELONY', 'CLARK PLAYGROUND'), 2)
(('FELONY', 'ST. VARTAN PARK'), 2)
(('MISDEMEANOR', "D'AURIA-MURPHY TRIANGLE"), 2)
(('VIOLATION', 'COMMODORE BARRY PARK'), 2)
(('MISDEMEANOR', 'CENTREVILLE PLAYGROUND'), 2)
(('FELONY', "ST. ANDREW'S PLAYGROUND"), 2)
(('FELONY', 'HAVEN AVENUE'), 2)
(('VIOLATION', 'MADISON COMMUNITY GREENTHUMB'), 2)
(('FELONY', 'LUTHER GULICK PLAYGROUND'), 2)
(('MISDEMEANOR', 'HALF-NELSON PLAYGROUND'), 2)
(('FELONY', 'NORTH 5TH STREET PIER AND PARK'), 2)
(('FELONY', "ST. CATHERINE'S PARK"), 2)
(('VIOLATION', 'MARINE PARK'), 2)
(('MISDEMEANOR', 'BROOKVILLE PARK'), 2)
(('MISDEMEANOR', 'BULOVA PARK'), 2)
(('MISDEMEANOR', 'POTOMAC PLAYGROUND'), 2)
(('MISDEMEANOR', 'FISH PLAYGROUND'), 2)
(('FELONY', 'MILESTONE PARK'), 2)
(('MISDEMEANOR', 'SPERANDEO BROTHERS PLAYGROUND'), 2)
(('FELONY', 'FIRST PARK'), 2)
(('MISDEMEANOR', 'LAGUARDIA LANDING LIGHTS'), 2)
(('FELONY', "DANIEL M. O'CONNELL PLAYGROUND"), 2)
(('MISDEMEANOR', 'BAYSWATER PARK'), 2)
(('FELONY', 'EQUITY PARK'), 2)
(('FELONY', 'BUFANO PARK'), 2)
(('FELONY', 'WHITE PLAYGROUND MANHATTAN'), 2)
(('MISDEMEANOR', 'WHALEN PARK'), 2)
(('MISDEMEANOR', 'EDENWALD PLAYGROUND'), 2)
(('MISDEMEANOR', 'BLAKE HOBBS PLAYGROUND'), 2)
(('MISDEMEANOR', 'RAILROAD PLAYGROUND'), 2)
(('MISDEMEANOR', 'OGDEN PLIMPTON PLAYGROUND'), 2)
(('VIOLATION', 'BELT PARKWAY/SHORE PARKWAY'), 2)
(('FELONY', 'CLASSON PLAYGROUND AT CLASSON AVENUE & LAFAYETTE AVENUE'), 2)
(('VIOLATION', 'COLUMBUS PARK AT MANHATTAN'), 2)
(('MISDEMEANOR', 'ALMEDA PLAYGROUND'), 2)
(('FELONY', 'UNNAMED PARK ON E 120TH STREET'), 2)
(('MISDEMEANOR', 'DE COLORES COMMUNITY YARD AND CULTURAL CENTER'), 2)
(('FELONY', 'LINDSAY TRIANGLE'), 2)
(('MISDEMEANOR', 'MOUNT EDEN MALLS'), 2)
(('FELONY', 'STANLEY ISAACS PLAYGROUND'), 2)
(('MISDEMEANOR', '100% PLAYGROUND'), 2)
(('VIOLATION', 'CHERRY TREE PARK'), 2)
(('MISDEMEANOR', 'ABE LEBEWOHL PARK'), 2)
(('FELONY', 'GUN HILL PLAYGROUND'), 2)
(('MISDEMEANOR', 'BILL BOJANGLES ROBINSON PLAYGROUND'), 2)
(('VIOLATION', 'J.J. BYRNE PLAYGROUND'), 2)
(('FELONY', 'BEACH 9 PLAYGROUND'), 2)
(('FELONY', 'SARATOGA PARK'), 2)
(('FELONY', 'NICHOLAS NAQUAN HEYWARD JR. PARK'), 2)
(('FELONY', 'RIVER AVENUE PARKS'), 2)
(('FELONY', 'STAPLETON PLAYGROUND'), 2)
(('MISDEMEANOR', 'MARION HOPKINSON PLAYGROUND'), 2)
(('FELONY', 'MAJOR MARK PARK'), 2)
(('FELONY', 'COLLEGE POINT PARK'), 2)
(('MISDEMEANOR', 'BENJAMIN GLADSTONE SQUARE'), 2)
(('MISDEMEANOR', 'LOPEZ PLAYGROUND'), 2)
(('MISDEMEANOR', 'BRADHURST URBAN RENEWAL PARK'), 2)
(('FELONY', 'BATH BEACH PARK'), 2)
(('FELONY', "MARC AND JASON'S PLAYGROUND"), 2)
(('FELONY', 'CARVER PLAYGROUND'), 2)
(('FELONY', 'ST. ALBANS PARK'), 2)
(('FELONY', 'HARLEM ART PARK'), 2)
(('FELONY', 'HORSESHOE PLAYGROUND'), 2)
(('FELONY', 'CICCARONE PARK'), 2)
(('VIOLATION', 'BOWNE PLAYGROUND'), 2)
(('FELONY', 'EDMONDS PLAYGROUND'), 2)
(('MISDEMEANOR', 'VERDI SQUARE'), 2)
(('FELONY', 'GERTRUDE EDERLE RECREATION CENTER'), 2)
(('MISDEMEANOR', 'CRACK IS WACK PLAYGROUND'), 2)
(('FELONY', 'BREUKELEN BALLFIELDS'), 2)
(('VIOLATION', "ST. ANDREW'S PLAYGROUND"), 2)
(('FELONY', 'BOERUM PARK'), 2)
(('FELONY', 'CARMANSVILLE PLAYGROUND'), 2)
(('MISDEMEANOR', 'OCEAN HILL PLAYGROUND'), 2)
(('FELONY', 'CAPTAIN RIVERA PLAYGROUND'), 2)
(('MISDEMEANOR', 'MACDONALD PARK'), 2)
(('MISDEMEANOR', 'GRAND CENTRAL PARKWAY'), 2)
(('MISDEMEANOR', 'BARUCH PLAYGROUND'), 2)
(('MISDEMEANOR', 'BLUE HERON PARK'), 2)
(('FELONY', 'HOUSTON PLAYGROUND'), 2)
(('FELONY', 'FOX PLAYGROUND BRONX'), 2)
(('FELONY', 'WEBSTER PLAYGROUND'), 2)
(('MISDEMEANOR', 'VETERANS PARK STATEN ISLAND'), 2)
(('MISDEMEANOR', 'VLEIGH PLAYGROUND'), 2)
(('FELONY', 'P.O. SERRANO PLAYGROUND'), 2)
(('FELONY', 'GREEN CENTRAL KNOLL'), 2)
(('MISDEMEANOR', 'FORT TOTTEN PARK'), 2)
(('MISDEMEANOR', 'STRAUS PARK'), 2)
(('FELONY', 'BEDFORD PLAYGROUND'), 2)
(('MISDEMEANOR', 'UNNAMED PARK ON GRAND AVENUE'), 2)
(('MISDEMEANOR', 'MIDDLETON PLAYGROUND'), 2)
(('VIOLATION', 'KISSENA PARK'), 2)
(('MISDEMEANOR', 'TANAHEY PLAYGROUND'), 2)
(('MISDEMEANOR', 'BEACH 17 PLAYGROUND'), 2)
(('FELONY', 'MARCY PARK SOUTH'), 2)
(('FELONY', 'ZIMMERMAN PLAYGROUND'), 2)
(('VIOLATION', 'HIGHBRIDGE PARK MANHATTAN SIDE'), 2)
(('MISDEMEANOR', 'ROCKAWAY COMMUNITY PARK'), 2)
(('MISDEMEANOR', 'BLOOMINGDALE PLAYGROUND'), 2)
(('MISDEMEANOR', 'BIG BUSH PARK'), 2)
(('FELONY', 'LAWRENCE VIRGILIO PLAYGROUND'), 2)
(('MISDEMEANOR', 'UNNAMED PARK ON E 170TH STREET'), 2)
(('VIOLATION', 'CALVERT VAUX PARK'), 2)
(('FELONY', "MURPHY'S BROTHER'S PLAYGROUND"), 2)
(('MISDEMEANOR', 'JACKIE ROBINSON COMMUNITY GARDEN'), 2)
(('MISDEMEANOR', 'PARK SLOPE PLAYGROUND'), 2)
(('VIOLATION', 'MSGR. MCGOLRICK PARK'), 2)
(('MISDEMEANOR', 'ROBERT MOSES PLAYGROUND'), 2)
(('MISDEMEANOR', 'CROCHERON PARK'), 2)
(('FELONY', 'WEST PLAYGROUND'), 2)
(('FELONY', 'TORSNEY PLAYGROUND'), 2)
(('FELONY', 'LORETO PLAYGROUND'), 2)
(('MISDEMEANOR', 'WILLOWBROOK PARK'), 2)
(('VIOLATION', 'FRANKLIN D. ROOSEVELT BOARDWALK AND BEACH'), 2)
(('FELONY', 'CARROLL PARK'), 2)
(('FELONY', 'PARK SLOPE PLAYGROUND'), 2)
(('FELONY', 'VLEIGH PLAYGROUND'), 2)
(('MISDEMEANOR', 'JAMAICA PLAYGROUND'), 2)
(('FELONY', 'ALFRED E. SMITH PLAYGROUND'), 2)
(('FELONY', 'BROOKLYN MUSEUM'), 2)
(('FELONY', 'MARBLE HILL PLAYGROUND'), 2)
(('FELONY', 'L/CPL THOMAS P. NOONAN JR. PLAYGROUND'), 2)
(('MISDEMEANOR', 'HIGHBRIDGE PARK BRONX SIDE'), 2)
(('FELONY', 'ATHENS SQUARE'), 2)
(('MISDEMEANOR', 'HOUSTON PLAYGROUND'), 2)
(('FELONY', 'ELMHURST PARK'), 2)
(('MISDEMEANOR', 'BILL BROWN PLAYGROUND'), 2)
(('MISDEMEANOR', 'TAPPEN PARK'), 2)
(('MISDEMEANOR', 'WEBSTER PLAYGROUND'), 2)
(('FELONY', 'BRONX RIVER PARKWAY'), 2)
(('FELONY', 'BENSON PLAYGROUND'), 2)
(('MISDEMEANOR', 'CRISPUS ATTUCKS PLAYGROUND'), 2)
(('MISDEMEANOR', 'ST. NICHOLAS PLAYGROUND NORTH'), 2)
(('FELONY', 'CHRISTOPHER PARK'), 2)
(('FELONY', 'LT. LIA PLAYGROUND'), 2)
(('FELONY', 'P.O. REINALDO SALGADO PLAYGROUND'), 2)
(('FELONY', 'HUNTS POINT PLAYGROUND'), 2)
(('VIOLATION', 'RIVERSIDE PARK SOUTH'), 2)
(('FELONY', 'MIDDLETON PLAYGROUND'), 2)
(('MISDEMEANOR', 'P.O. SERRANO PLAYGROUND'), 2)
(('FELONY', 'ZION TRIANGLE'), 2)
(('MISDEMEANOR', 'PLIMPTON PLAYGROUND'), 2)
(('FELONY', 'HOPE BALLFIELD'), 2)
(('VIOLATION', 'MULLALY PARK'), 2)
(('MISDEMEANOR', 'MACNEIL PARK'), 2)
(('FELONY', 'PLAYGROUND NINETY'), 2)
(('MISDEMEANOR', 'MCDONALD PLAYGROUND BROOKLYN'), 2)
(('FELONY', 'HARRY MAZE PLAYGROUND'), 2)
(('MISDEMEANOR', 'STARR PLAYGROUND'), 2)
(('MISDEMEANOR', 'GREENPOINT PLAYGROUND'), 2)
(('MISDEMEANOR', 'CORPORAL JOHN A. SERAVALLI PLAYGROUND'), 2)
(('MISDEMEANOR', 'BOERUM PARK'), 2)
(('MISDEMEANOR', 'EHRENREICH-AUSTIN PLAYGROUND'), 2)
(('FELONY', 'POWELL PLAYGROUND'), 2)
(('MISDEMEANOR', 'COLLEGE POINT PARK'), 2)
(('VIOLATION', 'RAINEY PARK BRONX'), 2)
(('FELONY', 'PUGSLEY CREEK PARK'), 2)
(('FELONY', 'PONTIAC PLAYGROUND'), 2)
(('MISDEMEANOR', 'LOZADA PLAYGROUND'), 2)
(('FELONY', 'LITTLE BAY PARK'), 2)
(('FELONY', 'ALICE KORNEGAY TRIANGLE'), 2)
(('MISDEMEANOR', 'LINDOWER PARK'), 2)
(('MISDEMEANOR', 'ST. LAWRENCE TRIANGLE'), 2)
(('VIOLATION', 'WALD PLAYGROUND'), 2)
(('MISDEMEANOR', 'STAPLETON PLAYGROUND'), 2)
(('FELONY', 'HAMILTON METZ FIELD'), 2)
(('FELONY', 'GARDEN PLAYGROUND'), 2)
(('MISDEMEANOR', 'GEORGE WALKER JR. PARK'), 2)
(('MISDEMEANOR', 'AUDUBON PLAYGROUND'), 2)
(('VIOLATION', 'LINDSAY TRIANGLE'), 2)
(('FELONY', 'HINTON PARK'), 2)
(('FELONY', 'DOME PLAYGROUND'), 2)
(('VIOLATION', 'HAMILTON FISH PARK'), 2)
(('MISDEMEANOR', 'CARVER PLAYGROUND'), 2)
(('MISDEMEANOR', 'EMERALD PLAYGROUND'), 2)
(('FELONY', 'CHERRY TREE PARK'), 2)
(('MISDEMEANOR', 'JUDGE MOSES WEINSTEIN PLAYGROUND'), 2)
(('MISDEMEANOR', 'CICCARONE PARK'), 2)
(('MISDEMEANOR', 'RODNEY PARK SOUTH'), 2)
(('FELONY', 'ARCILLA PLAYGROUND'), 2)
(('MISDEMEANOR', 'CARMANSVILLE PLAYGROUND'), 2)
(('VIOLATION', 'KOLBERT PLAYGROUND'), 2)
(('FELONY', 'FOX PLAYGROUND BROOKLYN'), 2)
(('FELONY', 'MARCY PLAYGROUND'), 2)
(('FELONY', 'OCEAN HILL PLAYGROUND'), 2)
(('MISDEMEANOR', 'BROOKLYN HEIGHTS PROMENADE'), 2)
(('VIOLATION', 'RUDD PLAYGROUND'), 1)
(('VIOLATION', 'BENSON PLAYGROUND'), 1)
(('FELONY', 'EASTERN PARKWAY'), 1)
(('MISDEMEANOR', 'SCHIFF MALL'), 1)
(('MISDEMEANOR', 'MAE GRANT PLAYGROUND'), 1)
(('MISDEMEANOR', 'WOOD PARK'), 1)
(('VIOLATION', "WOLFE'S POND PARK"), 1)
(('MISDEMEANOR', 'TOAD HALL PLAYGROUND'), 1)
(('FELONY', 'ABRAHAM LINCOLN PLAYGROUND'), 1)
(('FELONY', 'BILDERSEE PLAYGROUND'), 1)
(('VIOLATION', 'WARDS ISLAND PARK'), 1)
(('MISDEMEANOR', 'GRADY PLAYGROUND'), 1)
(('MISDEMEANOR', "O'SULLIVAN PLAZA"), 1)
(('FELONY', 'ANIBAL AVILES PLAYGROUND'), 1)
(('FELONY', 'ADAM YAUCH PARK'), 1)
(('VIOLATION', 'UNNAMED PARK ON 43RD AVENUE'), 1)
(('VIOLATION', 'UNNAMED PARK ON 4TH AVENUE'), 1)
(('MISDEMEANOR', 'UNNAMED PARK ON VAN WYCK EXPRESSWAY'), 1)
(('FELONY', 'JOHN HANCOCK PLAYGROUND'), 1)
(('MISDEMEANOR', 'WASHINGTON MARKET PARK'), 1)
(('MISDEMEANOR', 'RAPPAPORT PLAYGROUND'), 1)
(('VIOLATION', 'GRAVESEND PARK'), 1)
(('FELONY', 'MOTHER CABRINI PARK'), 1)
(('MISDEMEANOR', 'NEWTOWN BARGE PLAYGROUND'), 1)
(('VIOLATION', 'BRONX RIVER PARKWAY'), 1)
(('MISDEMEANOR', 'LITTLE FLOWER PLAYGROUND'), 1)
(('VIOLATION', 'ALFRED E. SMITH PLAYGROUND'), 1)
(('FELONY', 'UNNAMED PARK ON E 102ND STREET'), 1)
(('FELONY', 'BANNEKER PLAYGROUND'), 1)
(('FELONY', 'JACKIE ROBINSON PLAYGROUND'), 1)
(('MISDEMEANOR', 'KELTCH PARK'), 1)
(('MISDEMEANOR', 'BROAD CHANNEL AMERICAN PARK'), 1)
(('VIOLATION', 'CHRISTOPHER PARK'), 1)
(('VIOLATION', 'BARUCH PLAYGROUND'), 1)
(('MISDEMEANOR', 'RAVENSWOOD PLAYGROUND'), 1)
(('VIOLATION', 'ELTON PLAYGROUND'), 1)
(('FELONY', "HELL'S KITCHEN PARK"), 1)
(('FELONY', 'PRALL PLAYGROUND'), 1)
(('VIOLATION', 'VETERANS PARK QUEENS'), 1)
(('FELONY', 'BARRIER PLAYGROUND'), 1)
(('MISDEMEANOR', 'CORONA MAC PARK'), 1)
(('MISDEMEANOR', 'CYPRESS HILLS PLAYGROUND'), 1)
(('MISDEMEANOR', 'SILVER LAKE PARK'), 1)
(('MISDEMEANOR', 'CATHERINE SLIP MALLS'), 1)
(('VIOLATION', 'HOWARD PLAYGROUND'), 1)
(('FELONY', 'BELLEVUE SOUTH PARK'), 1)
(('FELONY', 'P.S. 155 PLAYGROUND'), 1)
(('MISDEMEANOR', 'DRY DOCK PLAYGROUND'), 1)
(('MISDEMEANOR', 'COBBLE HILL PARK'), 1)
(('MISDEMEANOR', 'EASTCHESTER PLAYGROUND'), 1)
(('FELONY', 'BOOKER T. WASHINGTON PLAYGROUND'), 1)
(('FELONY', 'FRANCIS LEWIS PARK'), 1)
(('FELONY', 'RECREATION CENTER 54'), 1)
(('MISDEMEANOR', 'HENRY HUDSON PARK'), 1)
(('FELONY', 'PECK SLIP'), 1)
(('FELONY', 'MACLAUGHLIN PLAYGROUND'), 1)
(('MISDEMEANOR', 'SOUTH OXFORD PARK'), 1)
(('MISDEMEANOR', 'TWENTY-FOUR SYCAMORES PARK'), 1)
(('MISDEMEANOR', 'PAERDEGAT BASIN PARK'), 1)
(('FELONY', 'CITY ISLAND WETLANDS'), 1)
(('FELONY', 'THE PEARLY GATES'), 1)
(('FELONY', 'HALLETS COVE PLAYGROUND'), 1)
(('FELONY', 'BERGEN TRIANGLE'), 1)
(('FELONY', 'ANNADALE PLAYGROUND'), 1)
(('FELONY', 'UNDERHILL PLAYGROUND'), 1)
(('VIOLATION', 'DOUGHBOY PLAZA'), 1)
(('MISDEMEANOR', 'HACKETT PARK'), 1)
(('FELONY', 'SARATOGA SQUARE URBAN RENEWAL AREA, SITE 164'), 1)
(('MISDEMEANOR', 'MAHONEY PLAYGROUND'), 1)
(('MISDEMEANOR', 'BAILEY PLAYGROUND'), 1)
(('MISDEMEANOR', 'VESUVIO PLAYGROUND'), 1)
(('MISDEMEANOR', 'REMSEN PLAYGROUND'), 1)
(('FELONY', 'YAK PLAYGROUND'), 1)
(('FELONY', 'HARLEM LANE PLAYGROUND'), 1)
(('FELONY', 'UNNAMED PARK ON E 175TH STREET'), 1)
(('MISDEMEANOR', 'DR. GREEN PLAYGROUND'), 1)
(('MISDEMEANOR', 'DUGAN PLAYGROUND'), 1)
(('VIOLATION', 'SLOPE PARK'), 1)
(('MISDEMEANOR', 'BARRETTO POINT PARK'), 1)
(('MISDEMEANOR', 'HAGGERTY PARK'), 1)
(('FELONY', 'JACKIE ROBINSON PARK BROOKLYN'), 1)
(('VIOLATION', 'ST. NICHOLAS PLAYGROUND SOUTH'), 1)
(('FELONY', 'HATTIE CARTHAN PLAYGROUND'), 1)
(('FELONY', 'SUNRISE PLAYGROUND'), 1)
(('MISDEMEANOR', 'BRIZZI PLAYGROUND'), 1)
(('VIOLATION', 'PARK SLOPE PLAYGROUND'), 1)
(('VIOLATION', 'DEVOE PARK'), 1)
(('VIOLATION', 'QUEENSBRIDGE PARK'), 1)
(('MISDEMEANOR', 'WILSON PLAYGROUND'), 1)
(('VIOLATION', 'JOHN J CARTY PARK'), 1)
(('MISDEMEANOR', 'MOTHER CABRINI PARK'), 1)
(('FELONY', 'PLAYGROUND SEVENTY FIVE'), 1)
(('MISDEMEANOR', 'BEACH 30TH STREET PLAYGROUND'), 1)
(('VIOLATION', 'LINWOOD PLAYGROUND'), 1)
(('MISDEMEANOR', 'COLGATE CLOSE'), 1)
(('VIOLATION', 'BATTERY PARK CITY'), 1)
(('FELONY', 'BARRETTO POINT PARK'), 1)
(('MISDEMEANOR', 'ABRAHAM LINCOLN PLAYGROUND'), 1)
(('FELONY', 'MCDONALD PLAYGROUND STATEN ISLAND'), 1)
(('VIOLATION', 'TEPPER TRIANGLE'), 1)
(('MISDEMEANOR', 'HALLETS COVE PLAYGROUND'), 1)
(('FELONY', 'JAIME CAMPIZ PLAYGROUND'), 1)
(('FELONY', 'SHERRY DOG RUN'), 1)
(('MISDEMEANOR', 'EAGLE SLOPE'), 1)
(('MISDEMEANOR', 'CORONA PLAZA'), 1)
(('MISDEMEANOR', 'ANIBAL AVILES PLAYGROUND'), 1)
(('FELONY', 'FERMI PLAYGROUND'), 1)
(('FELONY', 'HENRY HUDSON PARK'), 1)
(('MISDEMEANOR', 'SUMPTER COMMUNITY GARDEN'), 1)
(('FELONY', 'FAIRMOUNT PLAYGROUND'), 1)
(('FELONY', 'ISHAM PARK'), 1)
(('FELONY', 'PAERDEGAT BASIN PARK'), 1)
(('FELONY', 'PLAUT TRIANGLE'), 1)
(('MISDEMEANOR', 'CHERRY CLINTON PLAYGROUND'), 1)
(('MISDEMEANOR', 'DUKE PARK'), 1)
(('MISDEMEANOR', 'HATTIE CARTHAN PLAYGROUND'), 1)
(('MISDEMEANOR', 'JAMAICA BAY PARK'), 1)
(('MISDEMEANOR', 'UNNAMED PARK ON BEACH CHANNEL DRIVE & BEACH 89TH TO OLD BEACH 88TH STREET'), 1)
(('VIOLATION', 'COFFEY PARK'), 1)
(('VIOLATION', 'WNYC TRANSMITTER PARK'), 1)
(('FELONY', 'SOPHIE IRENE LOEB'), 1)
(('MISDEMEANOR', 'UNNAMED PARK ON HICKS STREET'), 1)
(('MISDEMEANOR', 'FATHER DEMO SQUARE'), 1)
(('FELONY', 'BRIZZI PLAYGROUND'), 1)
(('VIOLATION', 'MACNEIL PARK'), 1)
(('FELONY', 'WEST 4TH STREET COURTS'), 1)
(('FELONY', 'ORACLE PLAYGROUND'), 1)
(('VIOLATION', 'BROOKLYN BRIDGE PARK'), 1)
(('MISDEMEANOR', 'WASHINGTON PARK BRONX'), 1)
(('FELONY', 'MACRI TRIANGLE'), 1)
(('MISDEMEANOR', 'REV LENA IRONS UNITY PARK'), 1)
(('MISDEMEANOR', 'HICKMAN PLAYGROUND'), 1)
(('MISDEMEANOR', 'ANDREWS GROVE'), 1)
(('FELONY', 'SILVER LAKE PARK'), 1)
(('MISDEMEANOR', 'CONTINENTAL ARMY PLAZA'), 1)
(('MISDEMEANOR', 'P.S. 149 ARTSY BLOOM COMMUNITY GARDEN'), 1)
(('MISDEMEANOR', 'RALPH DEMARCO PARK'), 1)
(('FELONY', 'RAILROAD PARK BRONX'), 1)
(('MISDEMEANOR', 'CASTLE HILL PLAYGROUND'), 1)
(('MISDEMEANOR', 'UNNAMED PARK ON PROSPECT AVENUE'), 1)
(('VIOLATION', 'MOORE HOMESTEAD PLAYGROUND'), 1)
(('FELONY', 'BENNETT PARK'), 1)
(('FELONY', 'CYPRESS HILLS PLAYGROUND'), 1)
(('FELONY', 'RODNEY PARK CENTER'), 1)
(('MISDEMEANOR', 'PRATT PLAYGROUND'), 1)
(('FELONY', 'VAN DYKE PLAYGROUND'), 1)
(('FELONY', 'MARINERS HARBOR PLAYGROUND'), 1)
(('VIOLATION', 'FOX PLAYGROUND BRONX'), 1)
(('MISDEMEANOR', 'BEANSTALK PLAYGROUND'), 1)
(('MISDEMEANOR', 'JACKSON SQUARE'), 1)
(('FELONY', 'MAHONEY PLAYGROUND'), 1)
(('FELONY', 'GREENE PLAYGROUND'), 1)
(('MISDEMEANOR', 'STEBBINS PLAYGROUND'), 1)
(('VIOLATION', 'HAPPY WARRIOR PLAYGROUND'), 1)
(('MISDEMEANOR', 'SARATOGA SQUARE URBAN RENEWAL AREA, SITE 164'), 1)
(('FELONY', 'JACOB JOFFE FIELDS'), 1)
(('FELONY', 'RAVENSWOOD PLAYGROUND'), 1)
(('MISDEMEANOR', 'HARVEY PARK'), 1)
(('FELONY', 'KELTCH PARK'), 1)
(('FELONY', 'CEDAR PLAYGROUND'), 1)
(('FELONY', 'ROEBLING PLAYGROUND'), 1)
(('FELONY', 'MOTT PLAYGROUND'), 1)
(('MISDEMEANOR', 'HAROLD SCHNEIDERMAN PLAYGROUND'), 1)
(('FELONY', 'CATHERINE SLIP MALLS'), 1)
(('MISDEMEANOR', 'ADAM YAUCH PARK'), 1)
(('MISDEMEANOR', 'THURSBY BASIN PARK'), 1)
(('VIOLATION', 'LINCOLN RD BLOCK ASSOCIATION'), 1)
(('MISDEMEANOR', "EAST FLATBUSH CHILDREN'S PARK"), 1)
(('FELONY', 'CAPTAIN JACOB JOSEPH PLAYGROUND'), 1)
(('FELONY', 'AMERICAN PLAYGROUND'), 1)
(('MISDEMEANOR', 'NORTHERLEIGH PARK'), 1)
(('FELONY', 'MURRAY HILL PLAYGROUND'), 1)
(('MISDEMEANOR', 'AHEARN PARK'), 1)
(('MISDEMEANOR', 'ABINGDON SQUARE'), 1)
(('FELONY', 'WHALEN PARK'), 1)
(('FELONY', 'LAGUARDIA LANDING LIGHTS'), 1)
(('FELONY', 'ABE STARK SKATING RINK'), 1)
(('FELONY', 'TUDOR PARK'), 1)
(('FELONY', 'GORMAN PLAYGROUND'), 1)
(('MISDEMEANOR', 'ALBEN TRIANGLE'), 1)
(('FELONY', 'EAST RIVER ESPLANADE AT E 36TH ST AND FDR'), 1)
(('FELONY', 'HOWARD POOL'), 1)
(('FELONY', 'MARIE CURIE PARK'), 1)
(('VIOLATION', 'BEACH 59TH ST PLAYGROUND'), 1)
(('VIOLATION', 'PETER DETMOLD PARK'), 1)
(('FELONY', 'EAE J MITCHELL PARK'), 1)
(('FELONY', 'GOUVERNEUR PLAYGROUND'), 1)
(('MISDEMEANOR', 'TOTTENVILLE POOL'), 1)
(('FELONY', 'BRYAN PARK'), 1)
(('VIOLATION', 'KOREAN WAR VETERANS PLAZA'), 1)
(('FELONY', 'ROCK GARDEN PARK'), 1)
(('VIOLATION', 'HOMECREST PLAYGROUND'), 1)
(('FELONY', 'UNNAMED PARK ON BAILEY AVENUE'), 1)
(('FELONY', 'BRIARWOOD PLAYGROUND'), 1)
(('FELONY', 'DWYER SQUARE'), 1)
(('MISDEMEANOR', 'NEWPORT PLAYGROUND'), 1)
(('MISDEMEANOR', 'PENA HERRERA PARK'), 1)
(('FELONY', 'MILLBROOK PLAYGROUND'), 1)
(('VIOLATION', 'EDMONDS PLAYGROUND'), 1)
(('FELONY', 'A PHILIP RANDOLPH SQUARE'), 1)
(('VIOLATION', 'FRED SAMUEL PLAYGROUND'), 1)
(('FELONY', 'SPERANDEO BROTHERS PLAYGROUND'), 1)
(('MISDEMEANOR', 'UNNAMED PARK ON E 164TH STREET'), 1)
(('MISDEMEANOR', 'STANLEY ISAACS PLAYGROUND'), 1)
(('MISDEMEANOR', 'COLLEGE POINT FIELDS'), 1)
(('MISDEMEANOR', 'REV J POLITE PLAYGROUND'), 1)
(('FELONY', 'FLUSHING FIELDS'), 1)
(('MISDEMEANOR', 'FLOYD PATTERSON BALLFIELDS'), 1)
(('MISDEMEANOR', 'ARROCHAR PLAYGROUND'), 1)
(('FELONY', 'MOUNT EDEN MALLS'), 1)
(('MISDEMEANOR', 'MCKINLEY PLAYGROUND'), 1)
(('MISDEMEANOR', 'EVERGREEN PLAYGROUND'), 1)
(('MISDEMEANOR', 'BOWLING GREEN'), 1)
(('FELONY', 'THOMAS PAINE PARK'), 1)
(('FELONY', "VAN CORTLANDT'S TAIL"), 1)
(('VIOLATION', 'UNNAMED PARK ON NELSON AVENUE'), 1)
(('FELONY', 'MOSHOLU PLAYGROUND'), 1)
(('FELONY', 'UNIVERSITY WOODS'), 1)
(('FELONY', 'SCHENCK PLAYGROUND'), 1)
(('VIOLATION', 'ROY WILKINS RECREATION CENTER'), 1)
(('MISDEMEANOR', 'MARTINEZ PLAYGROUND'), 1)
(('FELONY', 'EDENWALD PLAYGROUND'), 1)
(('VIOLATION', 'MATTHEWS MULINER PLAYGROUND'), 1)
(('MISDEMEANOR', 'LOTT PARK'), 1)
(('FELONY', 'RAILROAD PLAYGROUND'), 1)
(('MISDEMEANOR', 'SUTTON PARKS'), 1)
(('MISDEMEANOR', 'BARRETTO PARK'), 1)
(('VIOLATION', 'COOPER PARK'), 1)
(('FELONY', 'MARTIN LUTHER KING PLAYGROUND'), 1)
(('MISDEMEANOR', 'SOUTH BEACH WETLANDS'), 1)
(('FELONY', 'AGNES HAYWOOD PLAYGROUND'), 1)
(('FELONY', 'POWER PLAYGROUND'), 1)
(('MISDEMEANOR', 'MARKHAM PLAYGROUND'), 1)
(('MISDEMEANOR', 'UNNAMED PARK ON E 120TH STREET'), 1)
(('MISDEMEANOR', 'BREININGER PARK'), 1)
(('VIOLATION', "MARC AND JASON'S PLAYGROUND"), 1)
(('FELONY', 'LEVY PLAYGROUND'), 1)
(('FELONY', 'MINETTA TRIANGLE'), 1)
(('MISDEMEANOR', 'FIRST PARK'), 1)
(('VIOLATION', 'GROVER CLEVELAND PLAYGROUND'), 1)
(('MISDEMEANOR', 'PAUL RAIMONDA PLAYGROUND'), 1)
(('VIOLATION', 'JACOB H. SCHIFF PLAYGROUND'), 1)
(('VIOLATION', 'EAST RIVER PLAYGROUND'), 1)
(('MISDEMEANOR', 'GROVE HILL PLAYGROUND'), 1)
(('VIOLATION', 'SEWARD PARK'), 1)
(('FELONY', 'BAYSWATER PARK'), 1)
(('VIOLATION', 'ASPHALT GREEN'), 1)
(('MISDEMEANOR', 'RAOUL WALLENBERG FOREST'), 1)
(('FELONY', 'BUSHWICK PLAYGROUND ON FLUSHING AVENUE'), 1)
(('MISDEMEANOR', 'WINFIELD PLAZA'), 1)
(('FELONY', 'WHITESTONE PLAYGROUND'), 1)
(('FELONY', 'GRANT PARK'), 1)
(('MISDEMEANOR', 'MURRAY HILL PLAYGROUND'), 1)
(('MISDEMEANOR', 'DR. CHARLES R. DREW PARK'), 1)
(('FELONY', 'MATTHEWS - PALMER PLAYGROUND'), 1)
(('FELONY', 'CURTIS PLAYGROUND'), 1)
(('VIOLATION', 'THOMAS JEFFERSON PARK'), 1)
(('FELONY', 'FRANK GOLDEN PARK'), 1)
(('FELONY', 'PARKSIDE PLAYGROUND BRONX'), 1)
(('FELONY', 'NORTHERLEIGH PARK'), 1)
(('FELONY', 'FLOYD PATTERSON BALLFIELDS'), 1)
(('FELONY', 'BARTEL-PRITCHARD SQUARE'), 1)
(('MISDEMEANOR', 'EAST NEW YORK FARMS GARDEN'), 1)
(('VIOLATION', 'LOPEZ PLAYGROUND'), 1)
(('MISDEMEANOR', 'LA GUARDIA PLAYGROUND'), 1)
(('MISDEMEANOR', 'NORTH 5TH STREET PIER AND PARK'), 1)
(('MISDEMEANOR', 'BRIARWOOD PLAYGROUND'), 1)
(('MISDEMEANOR', 'EAE J MITCHELL PARK'), 1)
(('VIOLATION', 'CHESTER PLAYGROUND'), 1)
(('MISDEMEANOR', 'HANSBOROUGH RECREATION CENTER'), 1)
(('VIOLATION', 'IDLEWILD PARK'), 1)
(('FELONY', 'EL SHABAZZ PLAYGROUND'), 1)
(('VIOLATION', 'CLINTON COMMUNITY GARDEN'), 1)
(('MISDEMEANOR', 'IRVING SQUARE PARK'), 1)
(('VIOLATION', 'LATOURETTE PARK & GOLF COURSE'), 1)
(('FELONY', 'PENA HERRERA PARK'), 1)
(('MISDEMEANOR', 'UNNAMED PARK ON JAY STREET'), 1)
(('MISDEMEANOR', 'DR. RONALD MCNAIR PARK'), 1)
(('MISDEMEANOR', 'TIFFANY PLAYGROUND'), 1)
(('MISDEMEANOR', 'GRAND FERRY PARK'), 1)
(('VIOLATION', 'PUGSLEY CREEK PARK'), 1)
(('FELONY', 'HALF-NELSON PLAYGROUND'), 1)
(('VIOLATION', 'TOMPKINSVILLE PARK'), 1)
(('VIOLATION', 'GRACE PLAYGROUND'), 1)
(('VIOLATION', 'NATHAN STRAUS PLAYGROUND'), 1)
(('VIOLATION', 'UNNAMED PARK ON RIVERSIDE DRIVE'), 1)
(('FELONY', 'ANNUNCIATION PARK'), 1)
(('MISDEMEANOR', 'A PHILIP RANDOLPH SQUARE'), 1)
(('MISDEMEANOR', 'LINCOLN CENTER PLAZA'), 1)
(('FELONY', 'SOUTH BEACH WETLANDS'), 1)
(('MISDEMEANOR', 'ROCK GARDEN PARK'), 1)
(('MISDEMEANOR', 'SKYLINE PLAYGROUND'), 1)
(('VIOLATION', 'DONGAN PLAYGROUND'), 1)
(('MISDEMEANOR', 'THOMAS PAINE PARK'), 1)
(('MISDEMEANOR', 'ST. VARTAN PARK'), 1)
(('VIOLATION', 'FOX PLAYGROUND BROOKLYN'), 1)
(('MISDEMEANOR', 'UNNAMED PARK ON 3RD AVENUE'), 1)
(('MISDEMEANOR', 'LOUIS PASTEUR PARK'), 1)
(('FELONY', 'GREAT KILLS PARK'), 1)
(('FELONY', 'NEW DORP PARK'), 1)
(('FELONY', 'PELHAM BAY LITTLE LEAGUE'), 1)
(('FELONY', 'MARLBORO PLAYGROUND'), 1)
(('MISDEMEANOR', 'LA PLAZA CULTURAL'), 1)
(('FELONY', 'PLAYGROUND ONE THIRTY FOUR CXXXIV'), 1)
(('FELONY', 'POLICE OFFICER NICHOLAS DEMUTIIS PARK'), 1)
(('VIOLATION', 'JULIO CARBALLO FIELDS'), 1)
(('FELONY', 'EVERGREEN PLAYGROUND'), 1)
(('MISDEMEANOR', "VAN CORTLANDT'S TAIL"), 1)
(('MISDEMEANOR', 'ROCKAWAY FREEWAY'), 1)
(('MISDEMEANOR', 'DE HOSTOS PLAYGROUND'), 1)
(('FELONY', 'BREININGER PARK'), 1)
(('FELONY', 'THOMAS BOYLAND PARK'), 1)
(('MISDEMEANOR', 'BRUST PARK'), 1)
(('FELONY', 'TONY DAPOLITO RECREATION CENTER'), 1)
(('FELONY', 'BLOOMINGDALE PARK'), 1)
(('FELONY', 'GROVE HILL PLAYGROUND'), 1)
(('MISDEMEANOR', 'EACH ONE TEACH ONE'), 1)
(('VIOLATION', 'MAURICE A FITZGERALD PLAYGROUND'), 1)
(('MISDEMEANOR', 'MAGENTA PLAYGROUND'), 1)
(('MISDEMEANOR', 'BERGEN BEACH PLAYGROUND'), 1)
(('VIOLATION', 'UNNAMED PARK ON WILLMOHR STREET'), 1)
(('FELONY', 'EHRENREICH-AUSTIN PLAYGROUND'), 1)
(('VIOLATION', 'THE HIGH LINE'), 1)
(('FELONY', 'ALBERT J. PARHAM PLAYGROUND'), 1)
(('MISDEMEANOR', 'AMERICAN TRIANGLE'), 1)
(('MISDEMEANOR', 'CHESTER PLAYGROUND'), 1)
(('VIOLATION', 'EPIPHANY PLAYGROUND'), 1)
(('FELONY', 'OWEN F. DOLEN PARK'), 1)
(('VIOLATION', 'MERRIAM PLAYGROUND'), 1)
(('MISDEMEANOR', 'SHELTERING ARMS PLAYGROUND'), 1)
(('FELONY', 'DAG HAMMARSKJOLD PLAZA'), 1)
(('MISDEMEANOR', 'LITTLE BAY PARK'), 1)
(('VIOLATION', 'SOBEL COURT PARK'), 1)
(('FELONY', 'ETHAN ALLEN PLAYGROUND'), 1)
(('MISDEMEANOR', 'LEMON CREEK PARK'), 1)
(('FELONY', 'STRIPPOLI SQUARE'), 1)
(('MISDEMEANOR', 'WAKEFIELD PLAYGROUND'), 1)
(('FELONY', 'COURTNEY CALLENDER PLAYGROUND'), 1)
(('MISDEMEANOR', 'MARCONI PARK'), 1)
(('MISDEMEANOR', 'NELSON PLAYGROUND'), 1)
(('VIOLATION', 'DONNELLAN SQUARE'), 1)
(('FELONY', 'THE OLDE TOWNE OF FLUSHING BURIAL GROUND'), 1)
(('VIOLATION', 'FOREST PARK'), 1)
(('FELONY', 'POSEIDON PLAYGROUND'), 1)
(('VIOLATION', 'UNNAMED PARK ON 3RD AVENUE'), 1)
(('MISDEMEANOR', 'MANOR PARK'), 1)
(('MISDEMEANOR', '"UNCLE" VITO E. MARANZANO GLENDALE PLAYGROUND'), 1)
(('VIOLATION', 'MACOMBS DAM PARK'), 1)
(('VIOLATION', 'EAE J MITCHELL PARK'), 1)
(('MISDEMEANOR', 'CLINTONVILLE PLAYGROUND'), 1)
(('VIOLATION', 'MAPLE PLAYGROUND'), 1)
(('VIOLATION', 'BATHGATE PLAYGROUND'), 1)
(('MISDEMEANOR', 'BELMONT PLAYGROUND BROOKLYN'), 1)
(('MISDEMEANOR', 'TEN EYCK PLAZA'), 1)
(('FELONY', 'HOWARD BENNETT PLAYGROUND'), 1)
(('MISDEMEANOR', 'CHIARANTANO PLAYGROUND'), 1)
(('VIOLATION', 'DE HOSTOS PLAYGROUND'), 1)
(('FELONY', "D'EMIC PLAYGROUND"), 1)
(('FELONY', 'MADISON COMMUNITY GREENTHUMB'), 1)
(('VIOLATION', "SEAN'S PLACE"), 1)
(('FELONY', 'UNNAMED PARK ON 51ST ROAD'), 1)
(('VIOLATION', 'TILDEN PLAYGROUND'), 1)
(('MISDEMEANOR', 'HUNTS POINT RIVERSIDE PARK'), 1)
(('MISDEMEANOR', 'UNNAMED PARK ON BELT PARKWAY'), 1)
(('MISDEMEANOR', 'WAGNER HOUSES POOL'), 1)
(('FELONY', 'DETECTIVE JOSEPH MAYROSE PARK'), 1)
(('FELONY', 'WRIGHT BROTHERS PLAYGROUND'), 1)
(('MISDEMEANOR', 'NEWTOWN PLAYGROUND'), 1)
(('MISDEMEANOR', 'OSBORN PLAYGROUND'), 1)
(('FELONY', 'BROOK PARK'), 1)
(('VIOLATION', 'LUTHER GULICK PLAYGROUND'), 1)
(('VIOLATION', 'FORT INDEPENDENCE PLAYGROUND'), 1)
(('VIOLATION', 'RUSSELL SAGE PLAYGROUND'), 1)
(('MISDEMEANOR', 'STOCKTON PLAYGROUND'), 1)
(('FELONY', 'HILLSIDE PARK QUEENS'), 1)
(('MISDEMEANOR', 'COLDEN PLAYGROUND'), 1)
(('MISDEMEANOR', 'STEUBEN PLAYGROUND'), 1)
(('FELONY', 'HART PLAYGROUND ON 147 ST'), 1)
(('FELONY', "MODEL T SENIOR CITIZEN'S GARDEN"), 1)
(('VIOLATION', 'MARTIN LUTHER KING PLAYGROUND'), 1)
(('FELONY', 'EL BATEY BORINCANO GARDEN'), 1)
(('MISDEMEANOR', 'SHERIDAN SQUARE VIEWING GARDEN'), 1)
(('MISDEMEANOR', 'RODNEY PARK NORTH'), 1)
(('MISDEMEANOR', 'POLICE OFFICER EDWARD BYRNE PARK'), 1)
(('FELONY', 'BEACH 59TH ST PLAYGROUND'), 1)
(('FELONY', 'HOWARD VON DOHLEN PLAYGROUND'), 1)
(('MISDEMEANOR', 'HAVEMEYER PLAYGROUND'), 1)
(('FELONY', 'DEVANNEY TRIANGLE'), 1)
(('MISDEMEANOR', 'STEEPLECHASE PARK'), 1)
(('FELONY', 'LADY MOODY TRIANGLE'), 1)
(('MISDEMEANOR', 'PLAYGROUND TWENTY ONE'), 1)
(('MISDEMEANOR', 'MILL POND PARK'), 1)
(('MISDEMEANOR', 'WILLETS POINT PLAYGROUND'), 1)
(('MISDEMEANOR', 'AMERICAN VETERANS MEMORIAL PIER'), 1)
(('VIOLATION', 'BROOKVILLE PARK'), 1)
(('MISDEMEANOR', 'ST. NICHOLAS MIRACLE GARDEN'), 1)
(('MISDEMEANOR', 'TAAFFE PLAYGROUND'), 1)
(('MISDEMEANOR', 'JAMES J WALKER PARK'), 1)
(('VIOLATION', 'PARKSIDE PLAYGROUND BROOKLYN'), 1)
(('MISDEMEANOR', 'SEASIDE WILDLIFE NATURE PARK'), 1)
(('FELONY', 'SEDGWICK PLAYGROUND'), 1)
(('MISDEMEANOR', 'VETERNS CIRCLE'), 1)
(('VIOLATION', 'SETH LOW PLAYGROUND/ BEALIN SQUARE'), 1)
(('MISDEMEANOR', 'WAVE HILL'), 1)
(('VIOLATION', 'BUSHWICK PLAYGROUND ON KNICKERBOCKER AVENUE'), 1)
(('MISDEMEANOR', 'UNNAMED PARK ON GOWANUS EXPRESSWAY 63RD STREET TO 86TH STREET'), 1)
(('VIOLATION', 'GALILEO PLAYGROUND'), 1)
(('FELONY', 'SPUYTEN DUYVIL PLAYGROUND'), 1)
(('VIOLATION', 'RODNEY PLAYGROUND SOUTH'), 1)
(('VIOLATION', "ROSEMARY'S PLAYGROUND"), 1)
(('MISDEMEANOR', 'PLANEVIEW PARK'), 1)
(('VIOLATION', 'BARRETTO POINT PARK'), 1)
(('MISDEMEANOR', 'ANCHORAGE PLAZA'), 1)
(('VIOLATION', 'COLLECT POND PARK'), 1)
(('VIOLATION', 'WASHINGTON PARK BROOKLYN'), 1)
(('MISDEMEANOR', 'JEROME SLOPE'), 1)
(('VIOLATION', 'JUNCTION PLAYGROUND'), 1)
(('MISDEMEANOR', 'SAW MILL PLAYGROUND'), 1)
(('VIOLATION', 'MONSIGNOR KETT PLAYGROUND'), 1)
(('VIOLATION', 'DEAN PLAYGROUND'), 1)
(('MISDEMEANOR', 'NEPONSIT MALL'), 1)
(('FELONY', 'HARDING PARK'), 1)
(('FELONY', 'FORT HAMILTON ATHLETIC FIELD'), 1)
(('FELONY', 'MACNEIL PARK'), 1)
(('MISDEMEANOR', 'LEFFERTS PLAYGROUND'), 1)
(('MISDEMEANOR', 'OAKLAND GARDENS'), 1)
(('FELONY', 'VON BRIESEN PARK'), 1)
(('FELONY', 'FREDERICK JOHNSON PLAYGROUND'), 1)
(('MISDEMEANOR', 'YELLOWSTONE PARK'), 1)
(('VIOLATION', 'SILVER LAKE PARK'), 1)
(('FELONY', 'QUEENSBRIDGE PARK'), 1)
(('MISDEMEANOR', 'BURNS PLAYGROUND'), 1)
(('MISDEMEANOR', 'LEWIS H LATIMER HOUSE'), 1)
(('FELONY', 'EAST RIVER WALK'), 1)
(('MISDEMEANOR', 'CASTLE HILL LITTLE LEAGUE FIELD'), 1)
(('MISDEMEANOR', 'WASHINGTON HALL PARK'), 1)
(('FELONY', 'CRISPUS ATTUCKS PLAYGROUND'), 1)
(('FELONY', 'SITTING AREA AT HOYT AVENUE'), 1)
(('FELONY', 'NEIGHBORS OF VEGA BAJA'), 1)
(('VIOLATION', 'UNNAMED PARK ON VAN WYCK EXPRESSWAY'), 1)
(('MISDEMEANOR', 'GONZALO PLASENCIA PLAYGROUND'), 1)
(('VIOLATION', 'HIGHLAND PARK'), 1)
(('MISDEMEANOR', 'UNNAMED PARK ON 43RD AVENUE'), 1)
(('MISDEMEANOR', 'MORRIS MESA'), 1)
(('VIOLATION', "FRANK D. O'CONNOR PLAYGROUND"), 1)
(('VIOLATION', 'COURTLANDT AVENUE ASSOCIATION GARDEN'), 1)
(('VIOLATION', 'KAISER PARK'), 1)
(('FELONY', 'WNYC TRANSMITTER PARK'), 1)
(('FELONY', 'RENAISSANCE PLAYGROUND'), 1)
(('FELONY', 'JOHN J CARTY PARK'), 1)
(('MISDEMEANOR', 'MONTBELLIER PARK'), 1)
(('FELONY', 'JOHN ALLEN PAYNE PARK'), 1)
(('FELONY', 'CADMAN PLAZA PARK'), 1)
(('FELONY', "UDALL'S PARK PRESERVE"), 1)
(('MISDEMEANOR', 'BLEECKER PLAYGROUND'), 1)
(('MISDEMEANOR', 'DUANE PARK'), 1)
(('MISDEMEANOR', "WOLFE'S POND PARK"), 1)
(('MISDEMEANOR', 'FORDHAM BEDFORD LOT BUSTERS'), 1)
(('FELONY', 'MCDONALD PLAYGROUND BROOKLYN'), 1)
(('VIOLATION', 'ORACLE PLAYGROUND'), 1)
(('VIOLATION', 'WEST 4TH STREET COURTS'), 1)
(('VIOLATION', 'NEHEMIAH PARK'), 1)
(('VIOLATION', 'DUGAN PLAYGROUND'), 1)
(('MISDEMEANOR', 'UNNAMED PARK ON CROSS BRONX EXPRESSWAY & FEATHERBED LANE'), 1)
(('FELONY', 'HOLLIS PLAYGROUND'), 1)
(('MISDEMEANOR', 'FRANK PRINCIPE PARK'), 1)
(('VIOLATION', 'TRIBECA PARK'), 1)
(('MISDEMEANOR', 'COOPER TRIANGLE'), 1)
(('MISDEMEANOR', 'P.S. 125 PLAYGROUND'), 1)
(('MISDEMEANOR', 'ST. NICHOLAS PLAYGROUND SOUTH'), 1)
(('FELONY', 'ST. NICHOLAS PLAYGROUND NORTH'), 1)
(('MISDEMEANOR', 'ROLF HENRY PLAYGROUND'), 1)
(('MISDEMEANOR', 'P.S. 279 PLAYGROUND'), 1)
(('MISDEMEANOR', 'LATIMER PLAYGROUND'), 1)
(('FELONY', 'JAMAICA PLAYGROUND'), 1)
(('FELONY', 'HIGHBRIDGE PARK BRONX SIDE'), 1)
(('MISDEMEANOR', 'HOPE BALLFIELD'), 1)
(('MISDEMEANOR', 'UNNAMED PARK ON 82ND STREET'), 1)
(('FELONY', 'RAINBOW PLAYGROUND'), 1)
(('MISDEMEANOR', 'CHRISTOPHER PARK'), 1)
(('VIOLATION', 'UNNAMED PARK ON HICKS STREET'), 1)
(('FELONY', 'DOUGHBOY PLAZA'), 1)
(('FELONY', 'TANAHEY PLAYGROUND'), 1)
(('MISDEMEANOR', 'FORDHAM LANDING PLAYGROUND'), 1)
(('MISDEMEANOR', 'PFC NORTON PLAYGROUND'), 1)
(('FELONY', 'YELLOWSTONE PARK'), 1)
(('MISDEMEANOR', 'MARCY GREEN SOUTH'), 1)
(('MISDEMEANOR', 'LOST BATTALION HALL RECREATION CENTER'), 1)
(('MISDEMEANOR', 'EAST RIVER WALK'), 1)
(('FELONY', 'VETERANS PARK STATEN ISLAND'), 1)
(('MISDEMEANOR', 'METRO TRIANGLE'), 1)
(('FELONY', 'BRIGHTON PLAYGROUND'), 1)
(('FELONY', 'DOWNING STREET PLAYGROUND'), 1)
(('MISDEMEANOR', 'ALICE AUSTEN PARK'), 1)
(('VIOLATION', 'PHIL "SCOOTER" RIZZUTO PARK'), 1)
(('FELONY', 'BLOOMINGDALE PLAYGROUND'), 1)
(('MISDEMEANOR', 'REAL GOOD PARK'), 1)
(('VIOLATION', 'FATHER DUFFY SQUARE'), 1)
(('MISDEMEANOR', 'CORPORAL WILTSHIRE SQUARE'), 1)
(('FELONY', 'CORONA GOLF PLAYGROUND'), 1)
(('MISDEMEANOR', 'LEWIS PLAYGROUND'), 1)
(('FELONY', 'HOWARD PLAYGROUND'), 1)
(('FELONY', 'JESSE OWENS PLAYGROUND'), 1)
(('VIOLATION', 'UNNAMED PARK ON BEACH CHANNEL DRIVE & BEACH 89TH TO OLD BEACH 88TH STREET'), 1)
(('FELONY', 'BLEECKER PLAYGROUND'), 1)
(('FELONY', 'OCEAN PARKWAY MALLS'), 1)
(('FELONY', 'UNIVERSITY MALLS'), 1)
(('FELONY', 'BURNS PLAYGROUND'), 1)
(('FELONY', 'BATH PLAYGROUND'), 1)
(('FELONY', 'SIREN SLOPE'), 1)
(('FELONY', 'VETERANS TRIANGLE'), 1)
(('FELONY', "WOLFE'S POND PARK"), 1)
(('VIOLATION', 'FRIENDS FIELD'), 1)
(('FELONY', 'MACDONALD PARK'), 1)
(('MISDEMEANOR', 'REDFERN PLAYGROUND'), 1)
(('VIOLATION', 'DUTCH KILLS PLAYGROUND'), 1)
(('MISDEMEANOR', 'RAINBOW PLAYGROUND'), 1)
(('FELONY', 'ROCHDALE PARK'), 1)
(('MISDEMEANOR', 'FREDERICK JOHNSON PLAYGROUND'), 1)
(('MISDEMEANOR', 'BRYANT TRIANGLE'), 1)
(('MISDEMEANOR', 'NOBLE PLAYGROUND'), 1)
(('FELONY', 'CONEY ISLAND BOAT BASIN'), 1)
(('MISDEMEANOR', 'BEDFORD PLAYGROUND'), 1)
(('FELONY', 'HART PLAYGROUND ON BROADWAY'), 1)
(('VIOLATION', 'RUSSELL PEDERSEN PLAYGROUND'), 1)
(('FELONY', 'FRANK PRINCIPE PARK'), 1)
(('MISDEMEANOR', 'GEORGIA AVE GARDEN'), 1)
(('FELONY', 'VAN ALST PLAYGROUND'), 1)
(('VIOLATION', 'ABRAHAM LINCOLN PLAYGROUND'), 1)
(('MISDEMEANOR', 'RANDALL PLAYGROUND'), 1)
(('FELONY', 'AUGUSTUS ST. GAUDENS PLAYGROUND'), 1)
(('FELONY', 'LAURELTON PLAYGROUND'), 1)
(('MISDEMEANOR', 'NORTH ROCHDALE PLAYGROUND'), 1)
(('FELONY', 'GRAND CENTRAL PARKWAY'), 1)
(('FELONY', 'UNNAMED PARK ON CROSS BRONX EXPRESSWAY & ARTHUR AVENUE TO BELMONT AVENUE'), 1)
(('MISDEMEANOR', 'HILTON WHITE PLAYGROUND'), 1)
(('MISDEMEANOR', 'RORY STAUNTON FIELD'), 1)
(('MISDEMEANOR', 'OLD TOWN PLAYGROUND'), 1)
(('VIOLATION', 'SOL BLOOM PLAYGROUND'), 1)
(('FELONY', 'OAKLAND GARDENS'), 1)
(('VIOLATION', 'P.S. 155 PLAYGROUND'), 1)
(('VIOLATION', 'FABER POOL AND PARK'), 1)
(('FELONY', 'CUYLER GORE PARK'), 1)
(('FELONY', 'BARUCH PLAYGROUND'), 1)
(('VIOLATION', 'STUYVESANT SQUARE'), 1)
(('FELONY', 'UNNAMED PARK ON 4TH AVENUE'), 1)
(('VIOLATION', 'CHALLENGE PLAYGROUND'), 1)
(('FELONY', 'WARDS ISLAND PARK'), 1)
(('MISDEMEANOR', 'MARCY PARK SOUTH'), 1)
(('FELONY', 'NAUTILUS PLAYGROUND QUEENS'), 1)
(('FELONY', 'ST. NICHOLAS PLAYGROUND SOUTH'), 1)
(('MISDEMEANOR', 'UNNAMED PARK ON BRUCKNER EXPRESSWAY & ZEREGA AVENUE'), 1)
(('FELONY', 'SOUTH ROCHDALE PLAYGROUND'), 1)
(('FELONY', 'WEEKSVILLE PLAYGROUND'), 1)
(('VIOLATION', 'DAVIDSON PLAYGROUND'), 1)
(('MISDEMEANOR', 'BOSTON GARDEN'), 1)
(('VIOLATION', 'HATTIE CARTHAN PLAYGROUND'), 1)
(('FELONY', 'ANDRIES PLAYGROUND'), 1)
(('FELONY', 'WOODS PLAYGROUND'), 1)
(('FELONY', 'FRESH MEADOWS PLAYGROUND'), 1)
(('FELONY', 'COLDEN PLAYGROUND'), 1)
(('FELONY', 'BENNINGER PLAYGROUND'), 1)
(('VIOLATION', 'THROGS NECK PARK'), 1)
(('MISDEMEANOR', 'THE CYCLONE'), 1)
(('VIOLATION', 'SOUNDVIEW PARK'), 1)
(('VIOLATION', 'RAYMOND BUSH PLAYGROUND'), 1)
(('VIOLATION', 'LEIF ERICSON PARK'), 1)
(('MISDEMEANOR', '5TH ST SLOPE GARDEN'), 1)
(('MISDEMEANOR', 'SUNSHINE PLAYGROUND'), 1)
(('VIOLATION', 'BLAND PLAYGROUND'), 1)
(('VIOLATION', 'LOUIS ARMSTRONG PLAYGROUND'), 1)
(('VIOLATION', 'WHITE PLAYGROUND MANHATTAN'), 1)
(('MISDEMEANOR', 'DEVANNEY TRIANGLE'), 1)
(('FELONY', 'STOCKTON PLAYGROUND'), 1)
(('FELONY', 'SEABURY PARK'), 1)
(('FELONY', 'BRIDGE PARK 3'), 1)
(('MISDEMEANOR', 'HANCOCK T AND T'), 1)
(('MISDEMEANOR', 'GLENWOOD PLAYGROUND'), 1)
(('FELONY', 'IDLEWILD PARK'), 1)
(('MISDEMEANOR', 'CENTURY PLAYGROUND'), 1)
(('FELONY', 'MILL POND PARK'), 1)
(('MISDEMEANOR', 'DODGER PLAYGROUND'), 1)
(('VIOLATION', 'MARTINEZ PLAYGROUND'), 1)
(('VIOLATION', "DANIEL M. O'CONNELL PLAYGROUND"), 1)
(('MISDEMEANOR', 'FEATHERBED TRIANGLE'), 1)
(('FELONY', 'HAVEMEYER PLAYGROUND'), 1)
(('VIOLATION', 'HARLEM RIVER PARK'), 1)
(('MISDEMEANOR', 'MAJOR MARK PARK'), 1)
(('MISDEMEANOR', 'ALLEY ATHLETIC PLAYGROUND'), 1)
(('MISDEMEANOR', 'KENNEDY PLAYGROUND'), 1)
(('FELONY', 'DYCKMAN HOUSE MUSEUM'), 1)
(('MISDEMEANOR', 'DETECTIVE JOSEPH MAYROSE PARK'), 1)
(('VIOLATION', 'EIGHT OAKS TRIANGLE'), 1)
(('VIOLATION', 'HALF-NELSON PLAYGROUND'), 1)
(('FELONY', 'POLICE OFFICER EDWARD BYRNE PARK'), 1)
(('MISDEMEANOR', 'BEACH 59TH ST PLAYGROUND'), 1)
(('FELONY', 'PLEASANT VILLAGE COMMUNITY GARDEN'), 1)
(('MISDEMEANOR', 'GREELEY SQUARE PARK'), 1)
(('FELONY', 'BELMONT PLAYGROUND BROOKLYN'), 1)
(('FELONY', 'NATHAN STRAUS PLAYGROUND'), 1)
(('MISDEMEANOR', 'TAYLOR PLAYGROUND'), 1)
(('FELONY', 'LYONS POOL'), 1)
(('FELONY', 'CONFERENCE HOUSE PARK'), 1)
(('FELONY', 'NEWTOWN PLAYGROUND'), 1)
(('FELONY', 'UNNAMED PARK ON SUMMIT AVENUE'), 1)
(('FELONY', 'TEN EYCK PLAZA'), 1)
(('MISDEMEANOR', 'PETERS FIELD'), 1)
(('FELONY', 'MARCONI PARK'), 1)
(('MISDEMEANOR', 'PLAYGROUND 174'), 1)
(('VIOLATION', 'MELLETT PLAYGROUND'), 1)
(('VIOLATION', 'MATTHEWS - PALMER PLAYGROUND'), 1)
(('VIOLATION', 'POPPENHUSEN PLAYGROUND'), 1)
(('FELONY', 'UNNAMED PARK ON THE SOUTHSIDE OF E 175TH STREET'), 1)
(('FELONY', 'UNNAMED PARK ON BELT PARKWAY'), 1)
(('FELONY', 'DECATUR PLAYGROUND'), 1)
(('FELONY', 'OSBORN PLAYGROUND'), 1)
(('VIOLATION', 'EVERGREEN PLAYGROUND'), 1)
(('MISDEMEANOR', 'ST. ALBANS PARK'), 1)
(('MISDEMEANOR', 'BROOK PARK'), 1)
(('FELONY', 'SPIRIT PLAYGROUND'), 1)
(('MISDEMEANOR', 'WILLIAM SHERIDAN PLAYGROUND'), 1)
(('FELONY', 'CROTONA PARKWAY MALLS'), 1)
(('FELONY', 'MOUNT HOPE PLAYGROUND'), 1)
(('FELONY', 'ABE LEBEWOHL PARK'), 1)
(('VIOLATION', 'VAN NEST PARK'), 1)
(('MISDEMEANOR', 'GRAND PLAYGROUND'), 1)
(('MISDEMEANOR', 'POSEIDON PLAYGROUND'), 1)
(('MISDEMEANOR', 'HERMAN DOLGON PLAYGROUND'), 1)
(('MISDEMEANOR', 'FORT HAMILTON TRIANGLE'), 1)
(('FELONY', 'RODNEY PARK NORTH'), 1)
(('MISDEMEANOR', 'HILLSIDE PARK QUEENS'), 1)
(('MISDEMEANOR', 'ROBERTO CLEMENTE BALLFIELD'), 1)
(('MISDEMEANOR', 'GARDEN AT MOORSE STREET'), 1)
(('MISDEMEANOR', 'HORSESHOE PLAYGROUND'), 1)
(('MISDEMEANOR', 'HOWARD VON DOHLEN PLAYGROUND'), 1)
(('FELONY', 'GRACE PLAYGROUND'), 1)
(('MISDEMEANOR', 'ETHAN ALLEN PLAYGROUND'), 1)
(('MISDEMEANOR', 'EDMONDS PLAYGROUND'), 1)
(('VIOLATION', 'BROOKLYN BOTANIC GARDEN'), 1)
(('VIOLATION', 'DE WITT CLINTON PARK'), 1)
(('VIOLATION', 'ARVERNE PLAYGROUND'), 1)
(('MISDEMEANOR', "ST. GREGORY'S PLAYGROUND"), 1)
(('VIOLATION', 'ALEXANDER HAMILTON PLAYGROUND'), 1)
(('VIOLATION', 'WAGNER PLAYGROUND'), 1)
(('VIOLATION', 'REV J POLITE PLAYGROUND'), 1)
