(('MISDEMEANOR', '75'), 62952)
(('MISDEMEANOR', '120'), 49574)
(('MISDEMEANOR', '43'), 48046)
(('MISDEMEANOR', '40'), 46448)
(('MISDEMEANOR', '114'), 45218)
(('MISDEMEANOR', '14'), 44899)
(('MISDEMEANOR', '52'), 43850)
(('MISDEMEANOR', '46'), 42696)
(('MISDEMEANOR', '73'), 41377)
(('MISDEMEANOR', '44'), 40839)
(('MISDEMEANOR', '115'), 40182)
(('MISDEMEANOR', '70'), 38450)
(('MISDEMEANOR', '67'), 37903)
(('FELONY', '75'), 37094)
(('MISDEMEANOR', '110'), 35276)
(('MISDEMEANOR', '104'), 35137)
(('MISDEMEANOR', '109'), 34794)
(('MISDEMEANOR', '47'), 34257)
(('MISDEMEANOR', '42'), 33819)
(('MISDEMEANOR', '48'), 33468)
(('MISDEMEANOR', '79'), 33184)
(('MISDEMEANOR', '113'), 32886)
(('MISDEMEANOR', '49'), 32334)
(('MISDEMEANOR', '102'), 32325)
(('MISDEMEANOR', '71'), 32131)
(('MISDEMEANOR', '18'), 31836)
(('MISDEMEANOR', '41'), 31527)
(('MISDEMEANOR', '77'), 31422)
(('MISDEMEANOR', '61'), 31408)
(('MISDEMEANOR', '122'), 31341)
(('MISDEMEANOR', '103'), 31331)
(('FELONY', '14'), 30916)
(('MISDEMEANOR', '90'), 30769)
(('MISDEMEANOR', '1'), 30700)
(('MISDEMEANOR', '45'), 30302)
(('MISDEMEANOR', '25'), 30125)
(('MISDEMEANOR', '60'), 29386)
(('MISDEMEANOR', '19'), 29247)
(('FELONY', '67'), 28610)
(('MISDEMEANOR', '9'), 28397)
(('MISDEMEANOR', '23'), 28139)
(('MISDEMEANOR', '13'), 28060)
(('MISDEMEANOR', '32'), 27774)
(('MISDEMEANOR', '83'), 27577)
(('MISDEMEANOR', '62'), 27537)
(('MISDEMEANOR', '105'), 27147)
(('MISDEMEANOR', '66'), 25951)
(('MISDEMEANOR', '108'), 25875)
(('FELONY', '114'), 25869)
(('MISDEMEANOR', '81'), 25839)
(('MISDEMEANOR', '72'), 25381)
(('FELONY', '18'), 25005)
(('MISDEMEANOR', '63'), 24779)
(('FELONY', '70'), 24590)
(('MISDEMEANOR', '84'), 24559)
(('MISDEMEANOR', '24'), 24473)
(('MISDEMEANOR', '6'), 24188)
(('MISDEMEANOR', '34'), 24091)
(('FELONY', '105'), 23960)
(('MISDEMEANOR', '107'), 23736)
(('FELONY', '109'), 23705)
(('MISDEMEANOR', '50'), 23513)
(('FELONY', '115'), 23448)
(('MISDEMEANOR', '68'), 23445)
(('FELONY', '73'), 23249)
(('MISDEMEANOR', '106'), 23132)
(('FELONY', '113'), 23016)
(('FELONY', '19'), 22915)
(('FELONY', '52'), 22633)
(('FELONY', '83'), 21782)
(('MISDEMEANOR', '88'), 21671)
(('FELONY', '13'), 21476)
(('MISDEMEANOR', '5'), 21288)
(('MISDEMEANOR', '30'), 21190)
(('FELONY', '103'), 21128)
(('MISDEMEANOR', '7'), 21042)
(('FELONY', '43'), 20829)
(('MISDEMEANOR', '69'), 20802)
(('MISDEMEANOR', '28'), 20761)
(('FELONY', '79'), 20677)
(('FELONY', '104'), 20511)
(('FELONY', '102'), 20361)
(('FELONY', '90'), 20209)
(('FELONY', '110'), 20181)
(('MISDEMEANOR', '101'), 20083)
(('MISDEMEANOR', '10'), 19727)
(('FELONY', '47'), 19361)
(('MISDEMEANOR', '20'), 18995)
(('FELONY', '61'), 18959)
(('FELONY', '40'), 18910)
(('MISDEMEANOR', '112'), 18875)
(('FELONY', '120'), 18866)
(('FELONY', '71'), 18154)
(('FELONY', '44'), 17960)
(('FELONY', '106'), 17932)
(('FELONY', '41'), 17855)
(('FELONY', '46'), 17753)
(('MISDEMEANOR', '78'), 17688)
(('FELONY', '1'), 17430)
(('FELONY', '77'), 17414)
(('FELONY', '6'), 17340)
(('MISDEMEANOR', '33'), 17065)
(('MISDEMEANOR', '94'), 16919)
(('FELONY', '49'), 16131)
(('FELONY', '60'), 16128)
(('FELONY', '48'), 15944)
(('FELONY', '62'), 15841)
(('MISDEMEANOR', '123'), 15840)
(('FELONY', '107'), 15826)
(('FELONY', '81'), 15782)
(('FELONY', '63'), 15421)
(('FELONY', '66'), 15343)
(('MISDEMEANOR', '26'), 15329)
(('FELONY', '9'), 15263)
(('MISDEMEANOR', '76'), 15226)
(('MISDEMEANOR', '111'), 15055)
(('FELONY', '72'), 14983)
(('FELONY', '108'), 14791)
(('FELONY', '34'), 14728)
(('FELONY', '45'), 13930)
(('FELONY', '42'), 13706)
(('FELONY', '69'), 13665)
(('MISDEMEANOR', '17'), 13463)
(('FELONY', '10'), 12955)
(('VIOLATION', '120'), 12923)
(('MISDEMEANOR', '100'), 12785)
(('FELONY', '25'), 12611)
(('FELONY', '32'), 12577)
(('FELONY', '24'), 12451)
(('FELONY', '50'), 12355)
(('FELONY', '84'), 12196)
(('FELONY', '88'), 12156)
(('FELONY', '111'), 11931)
(('FELONY', '122'), 11903)
(('FELONY', '101'), 11693)
(('FELONY', '68'), 11635)
(('FELONY', '94'), 11602)
(('FELONY', '5'), 11398)
(('MISDEMEANOR', '121'), 11219)
(('FELONY', '20'), 11133)
(('FELONY', '23'), 11031)
(('FELONY', '17'), 10850)
(('VIOLATION', '75'), 10223)
(('FELONY', '112'), 10186)
(('VIOLATION', '114'), 10181)
(('FELONY', '78'), 10166)
(('FELONY', '7'), 9814)
(('FELONY', '28'), 9800)
(('VIOLATION', '67'), 9678)
(('FELONY', '30'), 9372)
(('FELONY', '33'), 9216)
(('VIOLATION', '73'), 8611)
(('VIOLATION', '122'), 8400)
(('VIOLATION', '102'), 8146)
(('VIOLATION', '104'), 7973)
(('FELONY', '100'), 7802)
(('VIOLATION', '46'), 7789)
(('FELONY', '76'), 7756)
(('FELONY', '26'), 7516)
(('VIOLATION', '70'), 7219)
(('VIOLATION', '43'), 7048)
(('VIOLATION', '105'), 7031)
(('VIOLATION', '40'), 6977)
(('VIOLATION', '71'), 6847)
(('VIOLATION', '109'), 6824)
(('VIOLATION', '79'), 6724)
(('VIOLATION', '52'), 6669)
(('VIOLATION', '115'), 6527)
(('VIOLATION', '47'), 6518)
(('VIOLATION', '49'), 6516)
(('VIOLATION', '103'), 6515)
(('VIOLATION', '61'), 6449)
(('VIOLATION', '45'), 6329)
(('FELONY', '123'), 6164)
(('VIOLATION', '101'), 6155)
(('VIOLATION', '62'), 6083)
(('VIOLATION', '41'), 5995)
(('VIOLATION', '83'), 5759)
(('VIOLATION', '42'), 5752)
(('VIOLATION', '81'), 5715)
(('VIOLATION', '69'), 5709)
(('VIOLATION', '18'), 5672)
(('VIOLATION', '66'), 5671)
(('VIOLATION', '77'), 5601)
(('VIOLATION', '60'), 5575)
(('VIOLATION', '110'), 5357)
(('VIOLATION', '48'), 5353)
(('VIOLATION', '106'), 5327)
(('VIOLATION', '32'), 5305)
(('VIOLATION', '108'), 5294)
(('VIOLATION', '24'), 5286)
(('VIOLATION', '63'), 5281)
(('VIOLATION', '90'), 5250)
(('VIOLATION', '107'), 5125)
(('VIOLATION', '23'), 5016)
(('VIOLATION', '44'), 5010)
(('VIOLATION', '113'), 4889)
(('VIOLATION', '50'), 4828)
(('VIOLATION', '68'), 4798)
(('VIOLATION', '72'), 4757)
(('FELONY', '121'), 4659)
(('VIOLATION', '25'), 4566)
(('VIOLATION', '123'), 4463)
(('VIOLATION', '84'), 4415)
(('VIOLATION', '30'), 4293)
(('VIOLATION', '13'), 4265)
(('VIOLATION', '1'), 4240)
(('VIOLATION', '19'), 4198)
(('VIOLATION', '34'), 4162)
(('VIOLATION', '100'), 4128)
(('VIOLATION', '88'), 4027)
(('VIOLATION', '20'), 3929)
(('VIOLATION', '9'), 3830)
(('VIOLATION', '14'), 3786)
(('VIOLATION', '28'), 3770)
(('VIOLATION', '7'), 3650)
(('VIOLATION', '111'), 3462)
(('VIOLATION', '78'), 3099)
(('VIOLATION', '10'), 3070)
(('VIOLATION', '121'), 3029)
(('VIOLATION', '76'), 3005)
(('VIOLATION', '5'), 2971)
(('VIOLATION', '33'), 2914)
(('VIOLATION', '6'), 2869)
(('VIOLATION', '112'), 2859)
(('VIOLATION', '94'), 2837)
(('VIOLATION', '26'), 2486)
(('MISDEMEANOR', '22'), 2404)
(('VIOLATION', '17'), 2324)
(('FELONY', '22'), 1002)
(('VIOLATION', '22'), 349)
(('FELONY', ''), 178)
(('MISDEMEANOR', ''), 46)
