(('MISDEMEANOR', ''), 2078599)
(('FELONY', ''), 1207217)
(('VIOLATION', ''), 389723)
(('MISDEMEANOR', 'CASTLE HILL'), 2448)
(('MISDEMEANOR', 'VAN DYKE I'), 2075)
(('MISDEMEANOR', 'MARCY'), 2040)
(('MISDEMEANOR', 'LINCOLN'), 1945)
(('MISDEMEANOR', 'LINDEN'), 1850)
(('MISDEMEANOR', 'PINK'), 1723)
(('MISDEMEANOR', 'GRANT'), 1677)
(('MISDEMEANOR', 'DOUGLASS'), 1667)
(('MISDEMEANOR', 'BROWNSVILLE'), 1667)
(('MISDEMEANOR', 'BUTLER'), 1598)
(('MISDEMEANOR', 'RED HOOK WEST'), 1535)
(('MISDEMEANOR', 'BRONXDALE'), 1522)
(('MISDEMEANOR', 'FARRAGUT'), 1517)
(('MISDEMEANOR', 'SOUNDVIEW'), 1426)
(('MISDEMEANOR', 'WHITMAN'), 1408)
(('MISDEMEANOR', 'BARUCH'), 1399)
(('MISDEMEANOR', 'TILDEN'), 1366)
(('MISDEMEANOR', 'CYPRESS HILLS'), 1349)
(('MISDEMEANOR', 'INGERSOLL'), 1335)
(('MISDEMEANOR', 'THROGGS NECK'), 1332)
(('MISDEMEANOR', 'BOULEVARD'), 1331)
(('MISDEMEANOR', 'TOMPKINS'), 1314)
(('MISDEMEANOR', 'POMONOK'), 1311)
(('MISDEMEANOR', 'BUSHWICK'), 1299)
(('MISDEMEANOR', 'JOHNSON'), 1281)
(('MISDEMEANOR', 'WILLIAMSBURG'), 1225)
(('MISDEMEANOR', 'SMITH'), 1189)
(('MISDEMEANOR', 'MANHATTANVILLE'), 1174)
(('MISDEMEANOR', 'RED HOOK EAST'), 1157)
(('MISDEMEANOR', 'SHEEPSHEAD BAY'), 1148)
(('MISDEMEANOR', 'STAPLETON'), 1139)
(('MISDEMEANOR', 'MONROE'), 1128)
(('MISDEMEANOR', 'MITCHEL'), 1076)
(('MISDEMEANOR', 'GOWANUS'), 1046)
(('MISDEMEANOR', 'NOSTRAND'), 1044)
(('MISDEMEANOR', 'SUMNER'), 1041)
(('MISDEMEANOR', 'PELHAM PARKWAY'), 960)
(('MISDEMEANOR', 'WEST BRIGHTON I'), 943)
(('MISDEMEANOR', 'ALBANY'), 922)
(('MISDEMEANOR', 'LA GUARDIA'), 908)
(('MISDEMEANOR', 'WALD'), 898)
(('FELONY', 'MARCY'), 895)
(('MISDEMEANOR', 'BAY VIEW'), 884)
(('MISDEMEANOR', 'BRONX RIVER'), 874)
(('FELONY', 'VAN DYKE I'), 869)
(('MISDEMEANOR', 'CLINTON'), 852)
(('MISDEMEANOR', "SAINT MARY'S PARK"), 849)
(('MISDEMEANOR', 'EASTCHESTER GARDENS'), 827)
(('MISDEMEANOR', 'HUGHES APARTMENTS'), 818)
(('MISDEMEANOR', 'HOWARD'), 814)
(('MISDEMEANOR', 'BREVOORT'), 813)
(('MISDEMEANOR', 'TAFT'), 802)
(('MISDEMEANOR', 'RANGEL'), 788)
(('MISDEMEANOR', 'LOW HOUSES'), 784)
(('FELONY', 'LINDEN'), 772)
(('FELONY', 'PINK'), 768)
(('MISDEMEANOR', 'MARBLE HILL'), 761)
(('FELONY', 'FARRAGUT'), 758)
(('MISDEMEANOR', 'RICHMOND TERRACE'), 754)
(('MISDEMEANOR', 'MORRIS I'), 749)
(('MISDEMEANOR', 'ADAMS'), 744)
(('MISDEMEANOR', "MARINER'S HARBOR"), 737)
(('MISDEMEANOR', 'VLADECK'), 723)
(('MISDEMEANOR', 'PARKSIDE'), 720)
(('FELONY', 'CASTLE HILL'), 716)
(('MISDEMEANOR', 'GLENWOOD'), 701)
(('FELONY', 'BROWNSVILLE'), 701)
(('FELONY', 'TOMPKINS'), 692)
(('MISDEMEANOR', 'BORINQUEN PLAZA I'), 692)
(('MISDEMEANOR', 'ASTORIA'), 692)
(('FELONY', 'BUSHWICK'), 688)
(('FELONY', 'INGERSOLL'), 680)
(('MISDEMEANOR', 'COOPER PARK'), 679)
(('MISDEMEANOR', 'ARMSTRONG I'), 675)
(('MISDEMEANOR', 'LAFAYETTE'), 663)
(('MISDEMEANOR', 'PATTERSON'), 659)
(('MISDEMEANOR', 'WAGNER'), 657)
(('FELONY', 'CYPRESS HILLS'), 647)
(('MISDEMEANOR', 'MARLBORO'), 633)
(('MISDEMEANOR', 'HAMMEL'), 631)
(('FELONY', 'TILDEN'), 630)
(('MISDEMEANOR', 'UNITY PLAZA (SITES 4-27)'), 630)
(('MISDEMEANOR', 'ARMSTRONG II'), 626)
(('VIOLATION', 'VAN DYKE I'), 624)
(('MISDEMEANOR', 'MORRIS II'), 616)
(('FELONY', 'RED HOOK WEST'), 616)
(('FELONY', 'POMONOK'), 615)
(('FELONY', 'WHITMAN'), 607)
(('MISDEMEANOR', 'BAYSIDE-OCEAN BAY APTS'), 603)
(('MISDEMEANOR', 'JACKSON'), 599)
(('MISDEMEANOR', 'BORINQUEN PLAZA II'), 591)
(('MISDEMEANOR', 'RIIS'), 583)
(('FELONY', 'BARUCH'), 569)
(('MISDEMEANOR', 'GOMPERS'), 559)
(('FELONY', 'BOULEVARD'), 554)
(('FELONY', 'DOUGLASS'), 553)
(('MISDEMEANOR', 'REDFERN'), 550)
(('MISDEMEANOR', 'WEBSTER'), 530)
(('FELONY', 'BUTLER'), 529)
(('FELONY', 'SUMNER'), 525)
(('FELONY', 'WILLIAMSBURG'), 525)
(('FELONY', 'SMITH'), 518)
(('FELONY', 'GOWANUS'), 514)
(('MISDEMEANOR', 'HIGHBRIDGE GARDENS'), 513)
(('MISDEMEANOR', 'AMSTERDAM'), 506)
(('FELONY', 'LINCOLN'), 502)
(('MISDEMEANOR', 'RUTGERS'), 495)
(('MISDEMEANOR', 'PENNSYLVANIA AVENUE-WORTMAN AVENUE'), 492)
(('MISDEMEANOR', 'ALBANY II'), 487)
(('MISDEMEANOR', 'SEWARD PARK EXTENSION'), 486)
(('FELONY', 'GRANT'), 485)
(('FELONY', 'SHEEPSHEAD BAY'), 480)
(('VIOLATION', 'RED HOOK WEST'), 468)
(('MISDEMEANOR', 'MILL BROOK'), 467)
(('MISDEMEANOR', 'BOSTON SECOR'), 461)
(('VIOLATION', 'BROWNSVILLE'), 454)
(('MISDEMEANOR', 'KING TOWERS'), 454)
(('FELONY', 'RED HOOK EAST'), 453)
(('MISDEMEANOR', 'GARVEY (GROUP A)'), 450)
(('MISDEMEANOR', 'LONG ISLAND BAPTIST HOUSES'), 450)
(('FELONY', 'BREVOORT'), 448)
(('VIOLATION', 'CASTLE HILL'), 442)
(('MISDEMEANOR', 'FOREST'), 437)
(('MISDEMEANOR', 'STUYVESANT GARDENS I'), 429)
(('MISDEMEANOR', 'WEEKSVILLE GARDENS'), 424)
(('FELONY', 'SOUNDVIEW'), 422)
(('FELONY', 'MANHATTANVILLE'), 421)
(('MISDEMEANOR', 'SOUTH BEACH'), 420)
(('VIOLATION', 'FARRAGUT'), 419)
(('VIOLATION', 'DOUGLASS'), 418)
(('MISDEMEANOR', 'CONEY ISLAND I (SITE 1B)'), 417)
(('VIOLATION', 'TILDEN'), 412)
(('VIOLATION', 'POMONOK'), 411)
(('FELONY', 'LA GUARDIA'), 411)
(('FELONY', 'NOSTRAND'), 410)
(('FELONY', 'BRONXDALE'), 404)
(('FELONY', 'ARMSTRONG II'), 399)
(('MISDEMEANOR', 'FORT INDEPENDENCE STREET-HEATH AVENUE'), 395)
(('MISDEMEANOR', 'WYCKOFF GARDENS'), 394)
(('MISDEMEANOR', 'CLASON POINT GARDENS'), 393)
(('MISDEMEANOR', 'FIORENTINO PLAZA'), 391)
(('VIOLATION', 'LINDEN'), 390)
(('MISDEMEANOR', 'MOORE'), 390)
(('FELONY', 'BAY VIEW'), 390)
(('FELONY', 'COOPER PARK'), 386)
(('VIOLATION', 'GRANT'), 383)
(('FELONY', 'ALBANY'), 381)
(('FELONY', 'BORINQUEN PLAZA I'), 376)
(('MISDEMEANOR', 'SACK WERN'), 371)
(('FELONY', 'THROGGS NECK'), 370)
(('MISDEMEANOR', 'DAVIDSON'), 365)
(('VIOLATION', 'PINK'), 363)
(('MISDEMEANOR', 'MURPHY'), 361)
(('FELONY', 'BAYSIDE-OCEAN BAY APTS'), 359)
(('MISDEMEANOR', 'GUN HILL'), 359)
(('MISDEMEANOR', 'RIIS II'), 356)
(('FELONY', 'REDFERN'), 355)
(('FELONY', 'LOW HOUSES'), 355)
(('VIOLATION', 'INGERSOLL'), 354)
(('MISDEMEANOR', 'MELROSE'), 354)
(('VIOLATION', 'CYPRESS HILLS'), 354)
(('MISDEMEANOR', 'INDEPENDENCE'), 354)
(('MISDEMEANOR', 'WOODSIDE'), 350)
(('VIOLATION', 'MARCY'), 350)
(('FELONY', 'HAMMEL'), 348)
(('FELONY', 'PELHAM PARKWAY'), 347)
(('VIOLATION', 'BUSHWICK'), 345)
(('FELONY', 'WALD'), 343)
(('MISDEMEANOR', 'QUEENSBRIDGE SOUTH'), 342)
(('FELONY', 'MONROE'), 342)
(('VIOLATION', 'BARUCH'), 339)
(('MISDEMEANOR', 'LEHMAN'), 338)
(('VIOLATION', 'BOULEVARD'), 336)
(('FELONY', 'LAFAYETTE'), 336)
(('FELONY', 'GLENWOOD'), 334)
(('MISDEMEANOR', 'ROOSEVELT II'), 332)
(('FELONY', 'STAPLETON'), 330)
(('VIOLATION', 'SMITH'), 327)
(('FELONY', 'MARLBORO'), 326)
(('VIOLATION', 'WHITMAN'), 323)
(('FELONY', 'HOWARD'), 322)
(('FELONY', 'JOHNSON'), 320)
(('VIOLATION', 'THROGGS NECK'), 319)
(('FELONY', 'ARMSTRONG I'), 316)
(('FELONY', 'RANGEL'), 316)
(('FELONY', 'ASTORIA'), 314)
(('VIOLATION', 'RED HOOK EAST'), 313)
(('MISDEMEANOR', 'BREUKELEN'), 313)
(('FELONY', 'HUGHES APARTMENTS'), 313)
(('MISDEMEANOR', 'WILLIAMS PLAZA'), 313)
(('MISDEMEANOR', 'QUEENSBRIDGE NORTH'), 312)
(('MISDEMEANOR', 'EDENWALD'), 311)
(('MISDEMEANOR', '303 VERNON AVENUE'), 310)
(('FELONY', 'VLADECK'), 310)
(('FELONY', 'MARBLE HILL'), 308)
(('VIOLATION', 'TOMPKINS'), 299)
(('MISDEMEANOR', 'TODT HILL'), 298)
(('MISDEMEANOR', 'ROOSEVELT I'), 295)
(('MISDEMEANOR', 'CONEY ISLAND'), 292)
(('VIOLATION', 'NOSTRAND'), 291)
(('VIOLATION', 'STAPLETON'), 289)
(('FELONY', 'BORINQUEN PLAZA II'), 287)
(('MISDEMEANOR', 'WSUR (SITE C) 589 AMSTERDAM AVENUE'), 285)
(('VIOLATION', 'GOWANUS'), 282)
(('MISDEMEANOR', 'THROGGS NECK ADDITION'), 282)
(('FELONY', "MARINER'S HARBOR"), 278)
(('MISDEMEANOR', 'UNITY PLAZA (SITES 17,24,25A)'), 275)
(('MISDEMEANOR', 'BETANCES I'), 274)
(('MISDEMEANOR', 'BERRY'), 273)
(('VIOLATION', 'WILLIAMSBURG'), 270)
(('VIOLATION', 'BAY VIEW'), 269)
(('VIOLATION', 'ASTORIA'), 267)
(('VIOLATION', 'MANHATTANVILLE'), 266)
(('MISDEMEANOR', 'DYCKMAN'), 266)
(('VIOLATION', 'RICHMOND TERRACE'), 265)
(('MISDEMEANOR', 'ATLANTIC TERMINAL SITE 4B'), 264)
(('FELONY', 'WEST BRIGHTON I'), 263)
(('VIOLATION', 'BUTLER'), 261)
(('VIOLATION', 'WEST BRIGHTON I'), 260)
(('VIOLATION', 'MARBLE HILL'), 260)
(('VIOLATION', 'COOPER PARK'), 260)
(('VIOLATION', 'PELHAM PARKWAY'), 258)
(('MISDEMEANOR', 'BEACH 41ST STREET-BEACH CHANNEL DRIVE'), 256)
(('VIOLATION', 'BRONXDALE'), 253)
(('MISDEMEANOR', 'EAST 173RD STREET-VYSE AVENUE'), 251)
(('MISDEMEANOR', 'MARKHAM GARDENS'), 251)
(('MISDEMEANOR', 'MOTT HAVEN'), 249)
(('FELONY', 'MITCHEL'), 249)
(('FELONY', "SAINT MARY'S PARK"), 248)
(('MISDEMEANOR', 'BUSHWICK II (GROUPS B & D)'), 247)
(('FELONY', 'UNITY PLAZA (SITES 4-27)'), 245)
(('FELONY', 'CLINTON'), 244)
(('FELONY', 'STUYVESANT GARDENS I'), 242)
(('VIOLATION', 'SHEEPSHEAD BAY'), 239)
(('FELONY', 'ADAMS'), 237)
(('FELONY', 'PARKSIDE'), 237)
(('VIOLATION', 'HAMMEL'), 236)
(('VIOLATION', 'SUMNER'), 236)
(('MISDEMEANOR', 'MILL BROOK EXTENSION'), 234)
(('VIOLATION', 'SOUNDVIEW'), 234)
(('MISDEMEANOR', 'CARVER'), 231)
(('FELONY', 'EASTCHESTER GARDENS'), 231)
(('VIOLATION', 'RANGEL'), 230)
(('VIOLATION', 'LOW HOUSES'), 229)
(('VIOLATION', 'GLENWOOD'), 228)
(('MISDEMEANOR', 'BUSHWICK II (GROUPS A & C)'), 227)
(('VIOLATION', 'BAYSIDE-OCEAN BAY APTS'), 225)
(('FELONY', 'TAFT'), 220)
(('FELONY', 'ALBANY II'), 218)
(('FELONY', 'MORRIS I'), 217)
(('VIOLATION', 'REDFERN'), 217)
(('FELONY', 'WAGNER'), 217)
(('FELONY', 'INDEPENDENCE'), 215)
(('VIOLATION', "MARINER'S HARBOR"), 215)
(('MISDEMEANOR', 'TAYLOR STREET-WYTHE AVENUE'), 214)
(('FELONY', 'RIIS'), 214)
(('VIOLATION', 'EASTCHESTER GARDENS'), 212)
(('FELONY', 'WEEKSVILLE GARDENS'), 210)
(('FELONY', 'CONEY ISLAND I (SITE 1B)'), 210)
(('MISDEMEANOR', 'CARLETON MANOR'), 210)
(('FELONY', 'GOMPERS'), 210)
(('MISDEMEANOR', 'DOUGLASS ADDITION'), 209)
(('FELONY', 'BRONX RIVER'), 208)
(('MISDEMEANOR', 'OCEAN HILL-BROWNSVILLE'), 208)
(('VIOLATION', 'VLADECK'), 205)
(('MISDEMEANOR', '830 AMSTERDAM AVENUE'), 204)
(('VIOLATION', 'HUGHES APARTMENTS'), 204)
(('FELONY', 'WOODSIDE'), 203)
(('VIOLATION', 'BREVOORT'), 202)
(('FELONY', 'RUTGERS'), 200)
(('MISDEMEANOR', 'UNIVERSITY AVENUE REHAB'), 197)
(('VIOLATION', 'LINCOLN'), 197)
(('FELONY', 'LONG ISLAND BAPTIST HOUSES'), 197)
(('MISDEMEANOR', 'MORRISANIA'), 197)
(('MISDEMEANOR', '33-35 SARATOGA AVENUE'), 195)
(('FELONY', 'GARVEY (GROUP A)'), 194)
(('VIOLATION', 'PARKSIDE'), 191)
(('VIOLATION', 'LA GUARDIA'), 189)
(('FELONY', 'RICHMOND TERRACE'), 189)
(('MISDEMEANOR', 'HOWARD AVENUE-PARK PLACE'), 189)
(('VIOLATION', 'HOWARD'), 189)
(('MISDEMEANOR', 'HYLAN'), 187)
(('MISDEMEANOR', 'BAILEY AVENUE-WEST 193RD STREET'), 183)
(('VIOLATION', 'ALBANY'), 183)
(('MISDEMEANOR', 'HOWARD AVENUE'), 182)
(('FELONY', 'PENNSYLVANIA AVENUE-WORTMAN AVENUE'), 181)
(('VIOLATION', 'MONROE'), 179)
(('VIOLATION', 'WALD'), 176)
(('FELONY', 'QUEENSBRIDGE NORTH'), 174)
(('MISDEMEANOR', 'MCKINLEY'), 171)
(('FELONY', 'AMSTERDAM'), 171)
(('MISDEMEANOR', 'STERLING PLACE REHAB (STERLING-BUFFALO)'), 171)
(('FELONY', 'ROOSEVELT II'), 171)
(('MISDEMEANOR', 'HOPE GARDENS'), 170)
(('FELONY', 'QUEENSBRIDGE SOUTH'), 169)
(('MISDEMEANOR', 'BLAND'), 167)
(('FELONY', 'WYCKOFF GARDENS'), 166)
(('MISDEMEANOR', '1162-1176 WASHINGTON AVENUE'), 165)
(('VIOLATION', 'SOUTH BEACH'), 164)
(('FELONY', 'FORT INDEPENDENCE STREET-HEATH AVENUE'), 163)
(('VIOLATION', 'AMSTERDAM'), 162)
(('FELONY', 'PATTERSON'), 161)
(('FELONY', 'MORRIS II'), 161)
(('MISDEMEANOR', 'TAPSCOTT STREET REHAB'), 160)
(('FELONY', 'BOSTON SECOR'), 160)
(('VIOLATION', 'BORINQUEN PLAZA I'), 159)
(('MISDEMEANOR', 'CLAREMONT REHAB (GROUP 2)'), 159)
(('VIOLATION', 'WOODSIDE'), 158)
(('MISDEMEANOR', 'AUDUBON'), 157)
(('MISDEMEANOR', '572 WARREN STREET'), 157)
(('FELONY', 'ROOSEVELT I'), 156)
(('FELONY', 'MARKHAM GARDENS'), 156)
(('MISDEMEANOR', 'STERLING PLACE REHAB (SAINT JOHNS-STERLING)'), 154)
(('VIOLATION', 'BRONX RIVER'), 153)
(('VIOLATION', 'MORRIS I'), 152)
(('MISDEMEANOR', 'MORRISANIA AIR RIGHTS 42'), 151)
(('VIOLATION', 'TODT HILL'), 150)
(('MISDEMEANOR', 'TWIN PARKS WEST (SITE 1 & 2)'), 149)
(('MISDEMEANOR', 'PARK ROCK REHAB'), 148)
(('FELONY', 'SEWARD PARK EXTENSION'), 147)
(('VIOLATION', 'LAFAYETTE'), 147)
(('FELONY', 'BEACH 41ST STREET-BEACH CHANNEL DRIVE'), 146)
(('MISDEMEANOR', 'SOUTH BRONX AREA (SITE 402)'), 145)
(('FELONY', 'BUSHWICK II (GROUPS B & D)'), 144)
(('FELONY', 'ATLANTIC TERMINAL SITE 4B'), 144)
(('FELONY', 'JACKSON'), 144)
(('FELONY', 'BREUKELEN'), 143)
(('MISDEMEANOR', 'BUSHWICK II CDA (GROUP E)'), 143)
(('VIOLATION', 'UNITY PLAZA (SITES 4-27)'), 142)
(('FELONY', 'BUSHWICK II (GROUPS A & C)'), 142)
(('FELONY', 'CONEY ISLAND'), 142)
(('MISDEMEANOR', 'RALPH AVENUE REHAB'), 141)
(('VIOLATION', 'BERRY'), 141)
(('MISDEMEANOR', 'UNION AVENUE-EAST 166TH STREET'), 140)
(('VIOLATION', 'CLINTON'), 140)
(('VIOLATION', 'JOHNSON'), 139)
(('FELONY', 'FIORENTINO PLAZA'), 138)
(('VIOLATION', 'QUEENSBRIDGE SOUTH'), 138)
(('MISDEMEANOR', 'BAISLEY PARK'), 137)
(('VIOLATION', 'BLAND'), 137)
(('VIOLATION', 'TAFT'), 136)
(('FELONY', '303 VERNON AVENUE'), 136)
(('MISDEMEANOR', 'VLADECK II'), 135)
(('FELONY', 'UNITY PLAZA (SITES 17,24,25A)'), 133)
(('MISDEMEANOR', 'TWO BRIDGES URA (SITE 7)'), 132)
(('VIOLATION', "SAINT MARY'S PARK"), 132)
(('MISDEMEANOR', 'CLAREMONT REHAB (GROUP 4)'), 131)
(('MISDEMEANOR', 'CLAREMONT REHAB (GROUP 5)'), 130)
(('MISDEMEANOR', 'CAMPOS PLAZA I'), 129)
(('VIOLATION', 'BOSTON SECOR'), 129)
(('MISDEMEANOR', 'EAST 180TH STREET-MONTEREY AVENUE'), 129)
(('FELONY', 'RIIS II'), 129)
(('FELONY', 'SOUTH BEACH'), 128)
(('FELONY', 'WILLIAMS PLAZA'), 128)
(('VIOLATION', 'MITCHEL'), 128)
(('VIOLATION', 'BORINQUEN PLAZA II'), 126)
(('FELONY', 'BLAND'), 126)
(('VIOLATION', 'RUTGERS'), 125)
(('MISDEMEANOR', 'LAVANBURG HOMES'), 125)
(('FELONY', 'HYLAN'), 124)
(('FELONY', 'DYCKMAN'), 123)
(('MISDEMEANOR', 'OCEAN HILL APARTMENTS'), 123)
(('FELONY', 'FOREST'), 122)
(('VIOLATION', 'WAGNER'), 122)
(('MISDEMEANOR', 'GRAVESEND'), 121)
(('FELONY', 'HOPE GARDENS'), 121)
(('FELONY', 'TAYLOR STREET-WYTHE AVENUE'), 121)
(('MISDEMEANOR', 'HERNANDEZ'), 120)
(('MISDEMEANOR', 'HARLEM RIVER'), 118)
(('MISDEMEANOR', 'LOWER EAST SIDE I INFILL'), 116)
(('FELONY', 'CLASON POINT GARDENS'), 115)
(('VIOLATION', 'MARLBORO'), 115)
(('VIOLATION', 'FORT INDEPENDENCE STREET-HEATH AVENUE'), 113)
(('FELONY', 'HIGHBRIDGE GARDENS'), 113)
(('MISDEMEANOR', 'LEXINGTON'), 112)
(('VIOLATION', 'ARMSTRONG I'), 111)
(('MISDEMEANOR', '131 SAINT NICHOLAS AVENUE'), 110)
(('FELONY', 'MURPHY'), 110)
(('MISDEMEANOR', 'LATIMER GARDENS'), 110)
(('MISDEMEANOR', 'EAGLE AVENUE-EAST 163RD STREET'), 110)
(('MISDEMEANOR', 'BELMONT-SUTTER AREA'), 108)
(('VIOLATION', 'QUEENSBRIDGE NORTH'), 108)
(('FELONY', 'SACK WERN'), 108)
(('VIOLATION', 'MORRIS II'), 108)
(('VIOLATION', 'RIIS'), 107)
(('FELONY', 'WEBSTER'), 107)
(('FELONY', 'MILL BROOK'), 107)
(('VIOLATION', 'GOMPERS'), 107)
(('VIOLATION', 'ARMSTRONG II'), 107)
(('VIOLATION', 'LONG ISLAND BAPTIST HOUSES'), 106)
(('MISDEMEANOR', 'LONGFELLOW AVENUE REHAB'), 105)
(('FELONY', 'LEHMAN'), 105)
(('FELONY', 'BERRY'), 103)
(('FELONY', 'TAPSCOTT STREET REHAB'), 103)
(('MISDEMEANOR', 'BOYNTON AVENUE REHAB'), 103)
(('FELONY', 'KING TOWERS'), 101)
(('FELONY', 'MELROSE'), 101)
(('MISDEMEANOR', 'HIGHBRIDGE REHABS (ANDERSON AVENUE)'), 100)
(('MISDEMEANOR', 'SEDGWICK'), 100)
(('FELONY', 'MOORE'), 99)
(('FELONY', 'TODT HILL'), 99)
(('VIOLATION', 'INDEPENDENCE'), 98)
(('FELONY', 'DAVIDSON'), 98)
(('VIOLATION', 'ADAMS'), 98)
(('MISDEMEANOR', 'SUTTER AVENUE-UNION STREET'), 98)
(('VIOLATION', 'CONEY ISLAND'), 95)
(('FELONY', '572 WARREN STREET'), 94)
(('VIOLATION', 'GARVEY (GROUP A)'), 94)
(('MISDEMEANOR', 'MILBANK-FRAWLEY'), 93)
(('VIOLATION', 'PENNSYLVANIA AVENUE-WORTMAN AVENUE'), 92)
(('MISDEMEANOR', 'HARRISON AVENUE REHAB (GROUP B)'), 91)
(('FELONY', 'EDENWALD'), 90)
(('MISDEMEANOR', 'WEST FARMS ROAD REHAB'), 90)
(('VIOLATION', 'JACKSON'), 90)
(('MISDEMEANOR', 'CLAREMONT PARKWAY-FRANKLIN AVENUE'), 90)
(('MISDEMEANOR', '1471 WATSON AVENUE'), 89)
(('FELONY', 'BAILEY AVENUE-WEST 193RD STREET'), 89)
(('MISDEMEANOR', 'TELLER AVENUE-EAST 166TH STREET'), 89)
(('FELONY', 'CARLETON MANOR'), 88)
(('VIOLATION', 'SEWARD PARK EXTENSION'), 88)
(('VIOLATION', 'WYCKOFF GARDENS'), 88)
(('FELONY', 'THROGGS NECK ADDITION'), 88)
(('MISDEMEANOR', 'WOODSON'), 88)
(('MISDEMEANOR', 'EAST NEW YORK CITY LINE'), 86)
(('FELONY', 'HOWARD AVENUE'), 86)
(('FELONY', 'OCEAN HILL-BROWNSVILLE'), 85)
(('VIOLATION', 'CLASON POINT GARDENS'), 85)
(('MISDEMEANOR', 'CROWN HEIGHTS'), 84)
(('FELONY', 'HOWARD AVENUE-PARK PLACE'), 84)
(('VIOLATION', 'DYCKMAN'), 84)
(('FELONY', 'GUN HILL'), 83)
(('VIOLATION', 'ATLANTIC TERMINAL SITE 4B'), 83)
(('FELONY', 'BUSHWICK II CDA (GROUP E)'), 81)
(('VIOLATION', 'TAYLOR STREET-WYTHE AVENUE'), 80)
(('VIOLATION', 'FOREST'), 80)
(('VIOLATION', 'GUN HILL'), 79)
(('VIOLATION', 'BREUKELEN'), 78)
(('MISDEMEANOR', 'CLAREMONT REHAB (GROUP 3)'), 77)
(('MISDEMEANOR', 'HIGHBRIDGE REHABS (NELSON AVENUE)'), 76)
(('VIOLATION', 'ROOSEVELT II'), 76)
(('VIOLATION', 'WILLIAMS PLAZA'), 75)
(('VIOLATION', 'STUYVESANT GARDENS I'), 75)
(('MISDEMEANOR', 'GRAMPION'), 75)
(('VIOLATION', 'CARLETON MANOR'), 74)
(('MISDEMEANOR', 'SAMUEL (CITY)'), 74)
(('VIOLATION', 'WEBSTER'), 73)
(('FELONY', 'CARVER'), 73)
(('VIOLATION', 'ALBANY II'), 73)
(('FELONY', 'STERLING PLACE REHAB (STERLING-BUFFALO)'), 72)
(('VIOLATION', 'MILL BROOK'), 72)
(('MISDEMEANOR', 'BEDFORD-STUYVESANT REHAB'), 72)
(('VIOLATION', 'RIIS II'), 72)
(('FELONY', 'EAST 173RD STREET-VYSE AVENUE'), 71)
(('FELONY', 'DOUGLASS ADDITION'), 71)
(('FELONY', 'BAISLEY PARK'), 70)
(('VIOLATION', 'BEACH 41ST STREET-BEACH CHANNEL DRIVE'), 69)
(('MISDEMEANOR', 'MORRIS HEIGHTS REHAB'), 68)
(('MISDEMEANOR', 'STEBBINS AVENUE-HEWITT PLACE'), 68)
(('FELONY', 'RALPH AVENUE REHAB'), 67)
(('VIOLATION', 'UNITY PLAZA (SITES 17,24,25A)'), 66)
(('MISDEMEANOR', 'HOE AVENUE-EAST 173RD STREET'), 66)
(('FELONY', 'LATIMER GARDENS'), 66)
(('FELONY', 'CAMPOS PLAZA I'), 65)
(('FELONY', '33-35 SARATOGA AVENUE'), 65)
(('VIOLATION', 'KING TOWERS'), 65)
(('VIOLATION', 'BUSHWICK II (GROUPS B & D)'), 65)
(('VIOLATION', 'BUSHWICK II (GROUPS A & C)'), 64)
(('VIOLATION', 'SACK WERN'), 64)
(('VIOLATION', 'WEEKSVILLE GARDENS'), 64)
(('VIOLATION', 'LATIMER GARDENS'), 63)
(('MISDEMEANOR', 'BOSTON ROAD PLAZA'), 63)
(('FELONY', 'AUDUBON'), 63)
(('VIOLATION', 'FIORENTINO PLAZA'), 62)
(('MISDEMEANOR', 'LENOX ROAD-ROCKAWAY PARKWAY'), 62)
(('VIOLATION', 'THROGGS NECK ADDITION'), 62)
(('VIOLATION', 'HOPE GARDENS'), 61)
(('MISDEMEANOR', 'UNION AVENUE-EAST 163RD STREET'), 61)
(('MISDEMEANOR', 'UPACA (SITE 6)'), 61)
(('FELONY', 'MOTT HAVEN'), 59)
(('MISDEMEANOR', 'BERRY STREET-SOUTH 9TH STREET'), 59)
(('MISDEMEANOR', 'UPACA (SITE 5)'), 58)
(('FELONY', 'TWIN PARKS WEST (SITE 1 & 2)'), 58)
(('VIOLATION', 'PATTERSON'), 58)
(('FELONY', 'WSUR (SITE C) 589 AMSTERDAM AVENUE'), 58)
(('VIOLATION', 'WSUR (SITE C) 589 AMSTERDAM AVENUE'), 56)
(('MISDEMEANOR', '45 ALLEN STREET'), 56)
(('FELONY', 'BETANCES I'), 56)
(('FELONY', '830 AMSTERDAM AVENUE'), 56)
(('MISDEMEANOR', 'CASSIDY-LAFAYETTE'), 55)
(('MISDEMEANOR', 'COLLEGE AVENUE-EAST 165TH STREET'), 55)
(('MISDEMEANOR', 'SARATOGA SQUARE'), 55)
(('FELONY', 'PARK ROCK REHAB'), 55)
(('MISDEMEANOR', 'RUTLAND TOWERS'), 55)
(('VIOLATION', 'HIGHBRIDGE GARDENS'), 55)
(('MISDEMEANOR', 'LOWER EAST SIDE REHAB (GROUP 5)'), 54)
(('FELONY', 'SUTTER AVENUE-UNION STREET'), 54)
(('VIOLATION', '303 VERNON AVENUE'), 54)
(('FELONY', 'LAVANBURG HOMES'), 53)
(('VIOLATION', 'CONEY ISLAND I (SITE 1B)'), 53)
(('FELONY', 'BEDFORD-STUYVESANT REHAB'), 53)
(('FELONY', 'LEXINGTON'), 52)
(('MISDEMEANOR', 'EAST 165TH STREET-BRYANT AVENUE'), 52)
(('FELONY', 'GRAVESEND'), 52)
(('VIOLATION', 'ROOSEVELT I'), 52)
(('VIOLATION', 'EDENWALD'), 51)
(('FELONY', 'EAST 180TH STREET-MONTEREY AVENUE'), 51)
(('VIOLATION', 'LEHMAN'), 51)
(('MISDEMEANOR', 'FORT WASHINGTON AVENUE REHAB'), 50)
(('MISDEMEANOR', 'BARUCH HOUSES ADDITION'), 50)
(('VIOLATION', 'MARKHAM GARDENS'), 50)
(('FELONY', 'WOODSON'), 50)
(('VIOLATION', 'STERLING PLACE REHAB (STERLING-BUFFALO)'), 50)
(('FELONY', 'LONGFELLOW AVENUE REHAB'), 49)
(('FELONY', 'EAST NEW YORK CITY LINE'), 49)
(('MISDEMEANOR', 'MARCY AVENUE-GREENE AVENUE SITE B'), 48)
(('MISDEMEANOR', 'MARCY AVENUE-GREENE AVENUE SITE A'), 48)
(('FELONY', 'MCKINLEY'), 48)
(('FELONY', 'WEST FARMS ROAD REHAB'), 48)
(('FELONY', 'VLADECK II'), 48)
(('FELONY', 'UNIVERSITY AVENUE REHAB'), 47)
(('MISDEMEANOR', 'TWIN PARKS EAST (SITE 9)'), 47)
(('MISDEMEANOR', 'RANDALL AVENUE-BALCOM AVENUE'), 46)
(('MISDEMEANOR', 'WEST BRIGHTON II'), 46)
(('FELONY', 'MILL BROOK EXTENSION'), 46)
(('VIOLATION', 'MURPHY'), 46)
(('FELONY', 'HARLEM RIVER'), 46)
(('FELONY', 'MORRISANIA'), 45)
(('VIOLATION', '572 WARREN STREET'), 45)
(('FELONY', 'MORRISANIA AIR RIGHTS 42'), 45)
(('MISDEMEANOR', 'WEST TREMONT REHAB (GROUP 3)'), 45)
(('FELONY', 'CROWN HEIGHTS'), 44)
(('VIOLATION', 'HOWARD AVENUE'), 44)
(('FELONY', 'LOWER EAST SIDE I INFILL'), 44)
(('VIOLATION', 'TAPSCOTT STREET REHAB'), 43)
(('VIOLATION', 'LAVANBURG HOMES'), 43)
(('VIOLATION', 'HOWARD AVENUE-PARK PLACE'), 42)
(('MISDEMEANOR', 'SOUTHERN BOULEVARD'), 42)
(('FELONY', 'STERLING PLACE REHAB (SAINT JOHNS-STERLING)'), 42)
(('VIOLATION', 'MELROSE'), 42)
(('VIOLATION', 'HYLAN'), 42)
(('FELONY', 'SEDGWICK'), 41)
(('MISDEMEANOR', 'BRYANT AVENUE-EAST 174TH STREET'), 41)
(('VIOLATION', '830 AMSTERDAM AVENUE'), 40)
(('VIOLATION', 'BAISLEY PARK'), 40)
(('FELONY', 'TWO BRIDGES URA (SITE 7)'), 40)
(('VIOLATION', 'AUDUBON'), 40)
(('MISDEMEANOR', 'BRONX RIVER ADDITION'), 39)
(('VIOLATION', 'TWIN PARKS WEST (SITE 1 & 2)'), 39)
(('FELONY', 'LENOX ROAD-ROCKAWAY PARKWAY'), 39)
(('FELONY', '1162-1176 WASHINGTON AVENUE'), 38)
(('VIOLATION', 'WEST FARMS ROAD REHAB'), 38)
(('VIOLATION', 'OCEAN HILL-BROWNSVILLE'), 38)
(('MISDEMEANOR', 'FENIMORE-LEFFERTS'), 38)
(('FELONY', '1471 WATSON AVENUE'), 37)
(('FELONY', 'BELMONT-SUTTER AREA'), 37)
(('VIOLATION', 'VLADECK II'), 37)
(('FELONY', 'EAGLE AVENUE-EAST 163RD STREET'), 36)
(('MISDEMEANOR', 'FRANKLIN AVENUE II CONVENTIONAL'), 36)
(('VIOLATION', 'MOORE'), 36)
(('MISDEMEANOR', 'BETHUNE GARDENS'), 36)
(('VIOLATION', 'LONGFELLOW AVENUE REHAB'), 35)
(('VIOLATION', 'STERLING PLACE REHAB (SAINT JOHNS-STERLING)'), 35)
(('VIOLATION', 'DAVIDSON'), 34)
(('VIOLATION', 'DOUGLASS ADDITION'), 34)
(('FELONY', 'SARATOGA SQUARE'), 34)
(('MISDEMEANOR', 'GLEBE AVENUE-WESTCHESTER AVENUE'), 34)
(('MISDEMEANOR', 'WEST TREMONT REHAB (GROUP 2)'), 34)
(('MISDEMEANOR', 'OCEANSIDE-OCEAN BAY APTS'), 34)
(('VIOLATION', 'RALPH AVENUE REHAB'), 34)
(('VIOLATION', 'SUTTER AVENUE-UNION STREET'), 33)
(('VIOLATION', 'TWO BRIDGES URA (SITE 7)'), 33)
(('FELONY', 'HERNANDEZ'), 33)
(('VIOLATION', 'FENIMORE-LEFFERTS'), 33)
(('MISDEMEANOR', 'VAN DYKE II'), 33)
(('MISDEMEANOR', 'MACOMBS ROAD'), 33)
(('MISDEMEANOR', 'VANDALIA AVENUE'), 32)
(('VIOLATION', 'CARVER'), 32)
(('MISDEMEANOR', 'WEST TREMONT AVENUE-SEDGWICK AVENUE AREA'), 32)
(('MISDEMEANOR', 'FRANKLIN AVENUE I CONVENTIONAL'), 32)
(('FELONY', 'UNION AVENUE-EAST 166TH STREET'), 32)
(('VIOLATION', 'WOODSON'), 31)
(('FELONY', 'CLAREMONT PARKWAY-FRANKLIN AVENUE'), 31)
(('FELONY', 'MARCY AVENUE-GREENE AVENUE SITE A'), 31)
(('VIOLATION', 'CASSIDY-LAFAYETTE'), 31)
(('FELONY', 'CLAREMONT REHAB (GROUP 5)'), 31)
(('VIOLATION', 'BAILEY AVENUE-WEST 193RD STREET'), 31)
(('FELONY', 'FENIMORE-LEFFERTS'), 29)
(('FELONY', 'SOUTH BRONX AREA (SITE 402)'), 29)
(('FELONY', '131 SAINT NICHOLAS AVENUE'), 29)
(('FELONY', 'CLAREMONT REHAB (GROUP 4)'), 29)
(('FELONY', 'HARRISON AVENUE REHAB (GROUP B)'), 29)
(('MISDEMEANOR', 'REID APARTMENTS'), 29)
(('VIOLATION', 'PARK ROCK REHAB'), 28)
(('MISDEMEANOR', 'MARSHALL PLAZA'), 28)
(('MISDEMEANOR', 'JENNINGS STREET'), 28)
(('FELONY', 'TWIN PARKS EAST (SITE 9)'), 27)
(('VIOLATION', 'EAST NEW YORK CITY LINE'), 27)
(('VIOLATION', 'CAMPOS PLAZA I'), 27)
(('VIOLATION', 'BARUCH HOUSES ADDITION'), 27)
(('FELONY', 'OCEAN HILL APARTMENTS'), 27)
(('VIOLATION', 'LOWER EAST SIDE I INFILL'), 27)
(('FELONY', 'BERRY STREET-SOUTH 9TH STREET'), 27)
(('FELONY', 'BARUCH HOUSES ADDITION'), 26)
(('FELONY', 'CLAREMONT REHAB (GROUP 2)'), 26)
(('VIOLATION', 'EAST 173RD STREET-VYSE AVENUE'), 26)
(('FELONY', 'RUTLAND TOWERS'), 26)
(('FELONY', 'STEBBINS AVENUE-HEWITT PLACE'), 25)
(('VIOLATION', 'UNIVERSITY AVENUE REHAB'), 25)
(('VIOLATION', 'BETANCES I'), 25)
(('VIOLATION', 'BUSHWICK II CDA (GROUP E)'), 25)
(('VIOLATION', 'BERRY STREET-SOUTH 9TH STREET'), 25)
(('MISDEMEANOR', 'WEST TREMONT REHAB (GROUP 1)'), 25)
(('FELONY', 'SAMUEL (CITY)'), 25)
(('FELONY', 'MORRIS HEIGHTS REHAB'), 25)
(('FELONY', 'CLAREMONT REHAB (GROUP 3)'), 24)
(('FELONY', 'HOE AVENUE-EAST 173RD STREET'), 24)
(('VIOLATION', 'MCKINLEY'), 24)
(('FELONY', '45 ALLEN STREET'), 24)
(('VIOLATION', 'MOTT HAVEN'), 24)
(('VIOLATION', 'BEDFORD-STUYVESANT REHAB'), 23)
(('VIOLATION', 'GRAVESEND'), 23)
(('FELONY', 'BOYNTON AVENUE REHAB'), 23)
(('MISDEMEANOR', "O'DWYER GARDENS"), 23)
(('FELONY', 'MARCY AVENUE-GREENE AVENUE SITE B'), 23)
(('FELONY', 'RANDALL AVENUE-BALCOM AVENUE'), 23)
(('VIOLATION', 'BELMONT-SUTTER AREA'), 23)
(('FELONY', 'TELLER AVENUE-EAST 166TH STREET'), 22)
(('MISDEMEANOR', 'BETANCES III'), 22)
(('FELONY', 'HIGHBRIDGE REHABS (NELSON AVENUE)'), 22)
(('FELONY', 'UPACA (SITE 5)'), 22)
(('VIOLATION', 'HARLEM RIVER'), 22)
(('FELONY', 'MILBANK-FRAWLEY'), 21)
(('VIOLATION', 'HERNANDEZ'), 21)
(('VIOLATION', '33-35 SARATOGA AVENUE'), 21)
(('FELONY', 'REID APARTMENTS'), 21)
(('VIOLATION', 'LENOX ROAD-ROCKAWAY PARKWAY'), 21)
(('FELONY', 'BRYANT AVENUE-EAST 174TH STREET'), 20)
(('MISDEMEANOR', 'NEW LANE AREA'), 20)
(('FELONY', 'WEST TREMONT REHAB (GROUP 3)'), 19)
(('VIOLATION', 'MORRISANIA'), 19)
(('VIOLATION', 'OCEANSIDE-OCEAN BAY APTS'), 18)
(('FELONY', 'VAN DYKE II'), 18)
(('FELONY', 'UNION AVENUE-EAST 163RD STREET'), 18)
(('VIOLATION', 'CROWN HEIGHTS'), 18)
(('FELONY', 'WEST TREMONT AVENUE-SEDGWICK AVENUE AREA'), 18)
(('VIOLATION', 'CLAREMONT REHAB (GROUP 5)'), 18)
(('VIOLATION', 'MARCY AVENUE-GREENE AVENUE SITE A'), 18)
(('FELONY', 'VANDALIA AVENUE'), 18)
(('MISDEMEANOR', 'FIRST HOUSES'), 18)
(('VIOLATION', 'HARRISON AVENUE REHAB (GROUP B)'), 18)
(('VIOLATION', 'RUTLAND TOWERS'), 17)
(('VIOLATION', 'OCEAN HILL APARTMENTS'), 17)
(('FELONY', 'LOWER EAST SIDE REHAB (GROUP 5)'), 17)
(('FELONY', 'BETHUNE GARDENS'), 17)
(('FELONY', 'SOUTHERN BOULEVARD'), 17)
(('FELONY', 'GRAMPION'), 16)
(('FELONY', 'CASSIDY-LAFAYETTE'), 16)
(('VIOLATION', 'KINGSBOROUGH 77'), 16)
(('FELONY', 'UPACA (SITE 6)'), 16)
(('FELONY', 'OCEANSIDE-OCEAN BAY APTS'), 16)
(('FELONY', 'FORT WASHINGTON AVENUE REHAB'), 16)
(('VIOLATION', 'UPACA (SITE 5)'), 16)
(('VIOLATION', 'NEW LANE AREA'), 15)
(('MISDEMEANOR', 'PALMETTO GARDENS'), 15)
(('VIOLATION', 'WEST BRIGHTON II'), 15)
(('MISDEMEANOR', 'FRANKLIN AVENUE I MHOP'), 15)
(('VIOLATION', 'LEXINGTON'), 15)
(('VIOLATION', 'EAST 180TH STREET-MONTEREY AVENUE'), 15)
(('MISDEMEANOR', 'LA GUARDIA ADDITION'), 14)
(('VIOLATION', 'RANDALL AVENUE-BALCOM AVENUE'), 14)
(('VIOLATION', 'MARCY AVENUE-GREENE AVENUE SITE B'), 14)
(('MISDEMEANOR', 'PROSPECT PLAZA'), 14)
(('VIOLATION', 'SOUTH BRONX AREA (SITE 402)'), 14)
(('FELONY', 'HIGHBRIDGE REHABS (ANDERSON AVENUE)'), 14)
(('FELONY', 'EAST 165TH STREET-BRYANT AVENUE'), 14)
(('FELONY', 'BRONX RIVER ADDITION'), 14)
(('VIOLATION', 'EAGLE AVENUE-EAST 163RD STREET'), 14)
(('VIOLATION', '1162-1176 WASHINGTON AVENUE'), 14)
(('FELONY', 'LA GUARDIA ADDITION'), 14)
(('VIOLATION', 'SOUTHERN BOULEVARD'), 14)
(('VIOLATION', 'MACOMBS ROAD'), 13)
(('VIOLATION', 'VANDALIA AVENUE'), 13)
(('FELONY', 'WEST BRIGHTON II'), 13)
(('VIOLATION', 'GLEBE AVENUE-WESTCHESTER AVENUE'), 13)
(('VIOLATION', 'WEST TREMONT REHAB (GROUP 3)'), 13)
(('VIOLATION', 'CLAREMONT REHAB (GROUP 2)'), 13)
(('FELONY', 'MACOMBS ROAD'), 13)
(('VIOLATION', 'FRANKLIN AVENUE I CONVENTIONAL'), 13)
(('FELONY', 'BOSTON ROAD PLAZA'), 13)
(('VIOLATION', 'UPACA (SITE 6)'), 12)
(('VIOLATION', 'GRAMPION'), 12)
(('VIOLATION', 'UNION AVENUE-EAST 163RD STREET'), 12)
(('FELONY', 'FRANKLIN AVENUE II CONVENTIONAL'), 11)
(('FELONY', 'PALMETTO GARDENS'), 11)
(('FELONY', "O'DWYER GARDENS"), 11)
(('VIOLATION', '131 SAINT NICHOLAS AVENUE'), 11)
(('VIOLATION', 'MILL BROOK EXTENSION'), 11)
(('VIOLATION', 'CLAREMONT REHAB (GROUP 4)'), 11)
(('VIOLATION', 'TELLER AVENUE-EAST 166TH STREET'), 11)
(('MISDEMEANOR', 'FRANKLIN AVENUE III CONVENTIONAL'), 11)
(('MISDEMEANOR', 'KINGSBOROUGH 77'), 11)
(('MISDEMEANOR', 'HARRISON AVENUE REHAB (GROUP A)'), 11)
(('VIOLATION', 'FORT WASHINGTON AVENUE REHAB'), 11)
(('VIOLATION', 'SEDGWICK'), 10)
(('MISDEMEANOR', 'LOWER EAST SIDE II'), 10)
(('VIOLATION', '1471 WATSON AVENUE'), 10)
(('VIOLATION', 'BOYNTON AVENUE REHAB'), 10)
(('FELONY', 'GLEBE AVENUE-WESTCHESTER AVENUE'), 10)
(('VIOLATION', 'SARATOGA SQUARE'), 10)
(('FELONY', 'JENNINGS STREET'), 10)
(('FELONY', 'WEST TREMONT REHAB (GROUP 2)'), 10)
(('VIOLATION', 'REID APARTMENTS'), 9)
(('FELONY', 'COLLEGE AVENUE-EAST 165TH STREET'), 9)
(('FELONY', 'MARSHALL PLAZA'), 9)
(('VIOLATION', 'HIGHBRIDGE REHABS (NELSON AVENUE)'), 9)
(('FELONY', 'BETANCES III'), 9)
(('VIOLATION', 'MORRIS HEIGHTS REHAB'), 9)
(('FELONY', 'WEST TREMONT REHAB (GROUP 1)'), 8)
(('FELONY', 'KINGSBOROUGH 77'), 8)
(('FELONY', 'FIRST HOUSES'), 8)
(('FELONY', 'MIDDLETOWN PLAZA'), 8)
(('VIOLATION', 'LOWER EAST SIDE REHAB (GROUP 5)'), 8)
(('VIOLATION', '45 ALLEN STREET'), 8)
(('VIOLATION', 'TWIN PARKS EAST (SITE 9)'), 8)
(('VIOLATION', 'BRYANT AVENUE-EAST 174TH STREET'), 7)
(('VIOLATION', 'WEST TREMONT AVENUE-SEDGWICK AVENUE AREA'), 7)
(('MISDEMEANOR', 'MANHATTANVILLE REHAB (GROUP 2)'), 7)
(('FELONY', 'PROSPECT PLAZA'), 7)
(('VIOLATION', "O'DWYER GARDENS"), 7)
(('VIOLATION', 'MORRISANIA AIR RIGHTS 42'), 7)
(('MISDEMEANOR', 'BAYCHESTER'), 7)
(('VIOLATION', 'MIDDLETOWN PLAZA'), 7)
(('VIOLATION', 'STEBBINS AVENUE-HEWITT PLACE'), 7)
(('VIOLATION', 'CLAREMONT PARKWAY-FRANKLIN AVENUE'), 7)
(('MISDEMEANOR', 'BETANCES VI'), 7)
(('FELONY', 'BETANCES VI'), 6)
(('VIOLATION', 'BRONX RIVER ADDITION'), 6)
(('MISDEMEANOR', 'DE HOSTOS APARTMENTS'), 6)
(('VIOLATION', 'EAST 165TH STREET-BRYANT AVENUE'), 6)
(('VIOLATION', 'FRANKLIN AVENUE II CONVENTIONAL'), 6)
(('MISDEMEANOR', 'GLENMORE PLAZA'), 6)
(('FELONY', 'HARRISON AVENUE REHAB (GROUP A)'), 6)
(('VIOLATION', 'CLAREMONT REHAB (GROUP 3)'), 6)
(('MISDEMEANOR', 'ROBINSON'), 6)
(('VIOLATION', 'SAMUEL (CITY)'), 6)
(('MISDEMEANOR', 'MIDDLETOWN PLAZA'), 6)
(('FELONY', 'BAYCHESTER'), 6)
(('VIOLATION', 'UNION AVENUE-EAST 166TH STREET'), 6)
(('MISDEMEANOR', 'WASHINGTON HEIGHTS REHAB PHASE III'), 6)
(('FELONY', 'FRANKLIN AVENUE I CONVENTIONAL'), 6)
(('VIOLATION', 'BETHUNE GARDENS'), 5)
(('VIOLATION', 'HIGHBRIDGE REHABS (ANDERSON AVENUE)'), 5)
(('FELONY', 'BROWN'), 5)
(('VIOLATION', 'HOE AVENUE-EAST 173RD STREET'), 5)
(('FELONY', 'WSUR (SITE B) 74 WEST 92ND STREET'), 5)
(('FELONY', 'NEW LANE AREA'), 5)
(('VIOLATION', 'BOSTON ROAD PLAZA'), 5)
(('MISDEMEANOR', 'WSUR (SITE B) 74 WEST 92ND STREET'), 5)
(('MISDEMEANOR', 'BROWN'), 4)
(('FELONY', 'CAREY GARDENS'), 4)
(('VIOLATION', 'BAYCHESTER'), 4)
(('FELONY', 'FRANKLIN AVENUE I MHOP'), 4)
(('VIOLATION', 'HARRISON AVENUE REHAB (GROUP A)'), 3)
(('VIOLATION', 'JENNINGS STREET'), 3)
(('FELONY', 'GLENMORE PLAZA'), 3)
(('VIOLATION', 'MANHATTANVILLE REHAB (GROUP 2)'), 3)
(('VIOLATION', 'PALMETTO GARDENS'), 3)
(('FELONY', 'WASHINGTON HEIGHTS REHAB PHASE III'), 3)
(('VIOLATION', 'VAN DYKE II'), 3)
(('VIOLATION', 'FRANKLIN AVENUE III CONVENTIONAL'), 3)
(('MISDEMEANOR', 'HABER'), 3)
(('MISDEMEANOR', 'CAREY GARDENS'), 2)
(('FELONY', 'MANHATTANVILLE REHAB (GROUP 2)'), 2)
(('VIOLATION', 'LOWER EAST SIDE II'), 2)
(('MISDEMEANOR', 'WASHINGTON HEIGHTS REHAB (GROUPS 1&2)'), 2)
(('VIOLATION', 'BETANCES III'), 2)
(('VIOLATION', 'TAFT REHABS (REHAB PROGRAM)'), 2)
(('FELONY', 'TAFT REHABS (REHAB PROGRAM)'), 2)
(('VIOLATION', 'MILBANK-FRAWLEY'), 2)
(('MISDEMEANOR', 'METRO NORTH REHAB'), 2)
(('VIOLATION', 'COLLEGE AVENUE-EAST 165TH STREET'), 2)
(('VIOLATION', 'MARSHALL PLAZA'), 2)
(('VIOLATION', 'WEST TREMONT REHAB (GROUP 2)'), 2)
(('VIOLATION', 'LA GUARDIA ADDITION'), 2)
(('VIOLATION', 'FULTON'), 1)
(('FELONY', 'HABER'), 1)
(('MISDEMEANOR', 'TAFT REHABS (REHAB PROGRAM)'), 1)
(('FELONY', 'FRANKLIN AVENUE II MHOP'), 1)
(('FELONY', 'FOREST HILLS COOP (108TH STREET-62ND DRIVE)'), 1)
(('MISDEMEANOR', '1010 EAST 178TH STREET'), 1)
(('MISDEMEANOR', 'FRANKLIN AVENUE II MHOP'), 1)
(('VIOLATION', 'GLENMORE PLAZA'), 1)
(('FELONY', 'DE HOSTOS APARTMENTS'), 1)
(('FELONY', 'LOWER EAST SIDE II'), 1)
(('VIOLATION', 'HABER'), 1)
(('VIOLATION', 'WEST TREMONT REHAB (GROUP 1)'), 1)
(('VIOLATION', 'BETANCES VI'), 1)
(('VIOLATION', 'ROBINSON'), 1)
(('FELONY', 'FRANKLIN AVENUE III CONVENTIONAL'), 1)
(('VIOLATION', 'CAREY GARDENS'), 1)
