VIOLATION, 2006, 33824
MISDEMEANOR, 2015, 202362
VIOLATION, 2014, 44180
MISDEMEANOR, 2007, 187533
FELONY, 2013, 119248
FELONY, 2010, 106863
VIOLATION, 2009, 33732
MISDEMEANOR, 2008, 194869
MISDEMEANOR, 2016, 204140
FELONY, 2011, 108645
VIOLATION, 2016, 49629
MISDEMEANOR, 2009, 199337
VIOLATION, 2008, 33505
FELONY, 2016, 118514
VIOLATION, 2011, 32528
FELONY, 2008, 112231
MISDEMEANOR, 2010, 203871
VIOLATION, 2010, 33710
MISDEMEANOR, 2011, 201861
FELONY, 2009, 105666
VIOLATION, 2013, 38821
MISDEMEANOR, 2012, 205806
FELONY, 2006, 113099
FELONY, 2014, 119916
VIOLATION, 2012, 35942
FELONY, 2015, 120083
MISDEMEANOR, 2013, 207329
FELONY, 2007, 111983
VIOLATION, 2015, 45490
VIOLATION, 2007, 34315
MISDEMEANOR, 2014, 210234
MISDEMEANOR, 2006, 175163
FELONY, 2012, 115440
