MISDEMEANOR, 7, 195942
FELONY, 5, 106402
VIOLATION, 6, 37001
VIOLATION, 1, 31687
FELONY, 10, 113077
FELONY, 2, 85600
VIOLATION, 9, 37113
MISDEMEANOR, 8, 197674
FELONY, 11, 104550
MISDEMEANOR, 1, 175826
FELONY, 3, 97595
VIOLATION, 8, 36947
MISDEMEANOR, 9, 186027
FELONY, 8, 114152
VIOLATION, 11, 33147
MISDEMEANOR, 2, 157046
MISDEMEANOR, 10, 189946
VIOLATION, 3, 33626
MISDEMEANOR, 11, 173573
MISDEMEANOR, 3, 183158
FELONY, 9, 109053
VIOLATION, 10, 36657
VIOLATION, 2, 28561
FELONY, 1, 100931
MISDEMEANOR, 4, 181479
MISDEMEANOR, 12, 168678
FELONY, 6, 105883
VIOLATION, 5, 37253
FELONY, 7, 112244
VIOLATION, 4, 33669
MISDEMEANOR, 5, 193595
VIOLATION, 12, 32088
FELONY, 12, 104982
FELONY, 4, 97219
VIOLATION, 7, 37927
MISDEMEANOR, 6, 189561
