(('101', 'INSIDE'), 179470)
(('639', 'INSIDE'), 167733)
(('333', 'INSIDE'), 162304)
(('638', 'INSIDE'), 157001)
(('338', 'INSIDE'), 154059)
(('637', 'INSIDE'), 99821)
(('254', 'FRONT OF'), 88930)
(('438', 'INSIDE'), 86535)
(('321', 'FRONT OF'), 81695)
(('221', 'INSIDE'), 73555)
(('101', 'FRONT OF'), 70302)
(('259', 'INSIDE'), 65878)
(('638', 'FRONT OF'), 65538)
(('101', ''), 63378)
(('109', 'INSIDE'), 59932)
(('441', 'FRONT OF'), 47832)
(('905', ''), 44148)
(('321', ''), 44144)
(('567', ''), 42356)
(('254', ''), 42034)
(('397', ''), 37345)
(('259', 'FRONT OF'), 35871)
(('223', 'INSIDE'), 35090)
(('205', 'INSIDE'), 33307)
(('198', 'INSIDE'), 30578)
(('567', 'FRONT OF'), 30411)
(('113', 'INSIDE'), 30116)
(('637', 'FRONT OF'), 29522)
(('739', 'INSIDE'), 29465)
(('109', 'FRONT OF'), 29021)
(('258', 'FRONT OF'), 28656)
(('511', ''), 27014)
(('638', ''), 27008)
(('782', ''), 25630)
(('405', 'INSIDE'), 25060)
(('421', 'FRONT OF'), 24738)
(('441', ''), 22698)
(('397', 'FRONT OF'), 22312)
(('109', ''), 22030)
(('916', ''), 21915)
(('637', ''), 21459)
(('321', 'OPPOSITE OF'), 21092)
(('254', 'OPPOSITE OF'), 20908)
(('339', ''), 20849)
(('213', 'INSIDE'), 20701)
(('567', 'INSIDE'), 19449)
(('339', 'FRONT OF'), 18562)
(('639', 'FRONT OF'), 18217)
(('258', ''), 17659)
(('267', 'FRONT OF'), 17319)
(('511', 'FRONT OF'), 16866)
(('729', ''), 16833)
(('357', 'FRONT OF'), 15969)
(('419', ''), 15949)
(('339', 'INSIDE'), 14719)
(('749', 'INSIDE'), 14644)
(('269', 'INSIDE'), 14558)
(('343', 'FRONT OF'), 14205)
(('793', ''), 14083)
(('224', 'INSIDE'), 13598)
(('349', 'FRONT OF'), 13493)
(('113', 'FRONT OF'), 12480)
(('511', 'INSIDE'), 12367)
(('421', ''), 12108)
(('905', 'FRONT OF'), 11974)
(('782', 'FRONT OF'), 11662)
(('338', 'FRONT OF'), 11234)
(('433', 'INSIDE'), 11184)
(('403', 'INSIDE'), 10736)
(('386', ''), 10655)
(('388', 'INSIDE'), 10283)
(('175', 'INSIDE'), 10227)
(('441', 'OPPOSITE OF'), 9641)
(('718', 'INSIDE'), 9610)
(('750', ''), 9562)
(('419', 'INSIDE'), 9391)
(('254', 'REAR OF'), 9369)
(('321', 'INSIDE'), 9317)
(('254', 'INSIDE'), 9171)
(('114', 'INSIDE'), 9029)
(('338', ''), 8992)
(('198', 'FRONT OF'), 8991)
(('258', 'INSIDE'), 8964)
(('105', 'INSIDE'), 8898)
(('357', ''), 8681)
(('269', 'FRONT OF'), 8483)
(('782', 'INSIDE'), 8476)
(('639', ''), 8471)
(('211', 'INSIDE'), 8471)
(('729', 'INSIDE'), 8433)
(('439', ''), 8318)
(('490', 'INSIDE'), 7958)
(('567', 'OPPOSITE OF'), 7920)
(('412', 'INSIDE'), 7800)
(('267', ''), 7756)
(('113', ''), 7622)
(('457', 'FRONT OF'), 7443)
(('399', 'INSIDE'), 7420)
(('748', 'INSIDE'), 7355)
(('349', ''), 7350)
(('681', 'INSIDE'), 6993)
(('922', ''), 6973)
(('258', 'REAR OF'), 6887)
(('321', 'REAR OF'), 6748)
(('386', 'FRONT OF'), 6704)
(('793', 'FRONT OF'), 6639)
(('259', 'REAR OF'), 6437)
(('175', ''), 6323)
(('759', ''), 6226)
(('759', 'INSIDE'), 6117)
(('793', 'INSIDE'), 6000)
(('567', 'REAR OF'), 5986)
(('439', 'INSIDE'), 5966)
(('106', 'INSIDE'), 5935)
(('878', 'INSIDE'), 5880)
(('407', 'INSIDE'), 5872)
(('157', 'INSIDE'), 5863)
(('419', 'FRONT OF'), 5825)
(('259', ''), 5762)
(('750', 'FRONT OF'), 5675)
(('439', 'FRONT OF'), 5589)
(('462', 'FRONT OF'), 5511)
(('503', ''), 5425)
(('117', ''), 5375)
(('343', ''), 5285)
(('916', 'FRONT OF'), 5247)
(('421', 'OPPOSITE OF'), 5231)
(('759', 'FRONT OF'), 5216)
(('729', 'FRONT OF'), 5132)
(('451', 'FRONT OF'), 5082)
(('707', ''), 5006)
(('415', ''), 4978)
(('438', ''), 4677)
(('749', 'FRONT OF'), 4656)
(('389', 'INSIDE'), 4639)
(('424', 'INSIDE'), 4481)
(('357', 'OPPOSITE OF'), 4323)
(('333', 'FRONT OF'), 4290)
(('750', 'INSIDE'), 4250)
(('117', 'FRONT OF'), 4099)
(('343', 'INSIDE'), 4079)
(('307', 'INSIDE'), 4034)
(('214', 'INSIDE'), 3927)
(('705', ''), 3897)
(('422', 'INSIDE'), 3871)
(('490', ''), 3865)
(('101', 'OPPOSITE OF'), 3850)
(('511', 'OPPOSITE OF'), 3841)
(('106', ''), 3800)
(('205', 'FRONT OF'), 3701)
(('305', 'INSIDE'), 3685)
(('415', 'INSIDE'), 3676)
(('115', ''), 3638)
(('438', 'FRONT OF'), 3614)
(('441', 'INSIDE'), 3562)
(('101', 'REAR OF'), 3559)
(('425', 'INSIDE'), 3464)
(('411', 'INSIDE'), 3411)
(('503', 'FRONT OF'), 3382)
(('106', 'FRONT OF'), 3346)
(('401', 'INSIDE'), 3310)
(('661', ''), 3281)
(('410', 'INSIDE'), 3272)
(('313', 'INSIDE'), 3269)
(('384', ''), 3254)
(('198', ''), 3218)
(('417', ''), 3199)
(('263', 'INSIDE'), 3197)
(('203', 'INSIDE'), 3175)
(('267', 'OPPOSITE OF'), 3173)
(('638', 'REAR OF'), 3170)
(('441', 'REAR OF'), 3157)
(('922', 'FRONT OF'), 3149)
(('301', 'INSIDE'), 3113)
(('500', ''), 3073)
(('339', 'REAR OF'), 3056)
(('705', 'FRONT OF'), 3038)
(('404', ''), 3013)
(('462', ''), 3002)
(('349', 'INSIDE'), 2986)
(('478', 'FRONT OF'), 2969)
(('503', 'INSIDE'), 2968)
(('760', ''), 2937)
(('705', 'INSIDE'), 2929)
(('303', 'INSIDE'), 2920)
(('405', ''), 2891)
(('421', 'INSIDE'), 2890)
(('457', ''), 2862)
(('117', 'INSIDE'), 2853)
(('402', 'INSIDE'), 2852)
(('416', 'INSIDE'), 2781)
(('397', 'INSIDE'), 2772)
(('231', 'FRONT OF'), 2765)
(('221', 'FRONT OF'), 2653)
(('494', ''), 2631)
(('760', 'FRONT OF'), 2594)
(('569', 'FRONT OF'), 2573)
(('569', ''), 2552)
(('478', ''), 2550)
(('420', 'INSIDE'), 2494)
(('478', 'INSIDE'), 2444)
(('490', 'FRONT OF'), 2424)
(('398', ''), 2421)
(('649', 'INSIDE'), 2408)
(('384', 'FRONT OF'), 2354)
(('175', 'FRONT OF'), 2341)
(('566', ''), 2256)
(('511', 'REAR OF'), 2255)
(('421', 'REAR OF'), 2244)
(('707', 'FRONT OF'), 2232)
(('390', 'INSIDE'), 2226)
(('707', 'INSIDE'), 2203)
(('748', 'FRONT OF'), 2196)
(('168', 'INSIDE'), 2192)
(('461', 'FRONT OF'), 2189)
(('367', 'INSIDE'), 2160)
(('792', ''), 2151)
(('640', 'INSIDE'), 2140)
(('725', ''), 2122)
(('462', 'INSIDE'), 2105)
(('397', 'OPPOSITE OF'), 2077)
(('792', 'INSIDE'), 2059)
(('258', 'OPPOSITE OF'), 2058)
(('361', 'INSIDE'), 2057)
(('406', 'INSIDE'), 2045)
(('500', 'INSIDE'), 2045)
(('269', ''), 2011)
(('779', 'INSIDE'), 2007)
(('343', 'REAR OF'), 1986)
(('205', 'REAR OF'), 1978)
(('267', 'REAR OF'), 1971)
(('405', 'FRONT OF'), 1950)
(('457', 'OPPOSITE OF'), 1918)
(('179', 'INSIDE'), 1908)
(('782', 'OPPOSITE OF'), 1883)
(('267', 'INSIDE'), 1866)
(('398', 'INSIDE'), 1855)
(('475', ''), 1850)
(('256', 'INSIDE'), 1838)
(('221', 'REAR OF'), 1835)
(('109', 'REAR OF'), 1820)
(('418', 'INSIDE'), 1815)
(('500', 'FRONT OF'), 1815)
(('382', ''), 1780)
(('443', 'FRONT OF'), 1762)
(('259', 'OPPOSITE OF'), 1757)
(('170', 'INSIDE'), 1733)
(('115', 'FRONT OF'), 1722)
(('760', 'INSIDE'), 1699)
(('223', 'FRONT OF'), 1696)
(('521', ''), 1667)
(('847', ''), 1666)
(('792', 'FRONT OF'), 1657)
(('406', ''), 1652)
(('377', 'INSIDE'), 1645)
(('413', 'INSIDE'), 1632)
(('638', 'OPPOSITE OF'), 1628)
(('723', ''), 1628)
(('409', 'INSIDE'), 1623)
(('408', ''), 1609)
(('301', ''), 1596)
(('417', 'FRONT OF'), 1590)
(('749', ''), 1580)
(('386', 'INSIDE'), 1568)
(('338', 'REAR OF'), 1563)
(('243', 'INSIDE'), 1553)
(('109', 'OPPOSITE OF'), 1551)
(('223', 'REAR OF'), 1539)
(('397', 'REAR OF'), 1503)
(('268', ''), 1494)
(('430', 'INSIDE'), 1493)
(('404', 'FRONT OF'), 1490)
(('211', 'FRONT OF'), 1484)
(('388', 'FRONT OF'), 1463)
(('382', 'FRONT OF'), 1418)
(('339', 'OPPOSITE OF'), 1417)
(('273', ''), 1394)
(('415', 'FRONT OF'), 1389)
(('401', ''), 1379)
(('204', 'INSIDE'), 1379)
(('637', 'REAR OF'), 1370)
(('681', 'FRONT OF'), 1366)
(('213', 'FRONT OF'), 1361)
(('357', 'INSIDE'), 1342)
(('681', ''), 1337)
(('515', ''), 1313)
(('357', 'REAR OF'), 1308)
(('115', 'INSIDE'), 1290)
(('521', 'FRONT OF'), 1276)
(('637', 'OPPOSITE OF'), 1262)
(('153', 'INSIDE'), 1260)
(('782', 'REAR OF'), 1258)
(('233', 'FRONT OF'), 1247)
(('661', 'INSIDE'), 1238)
(('494', 'INSIDE'), 1197)
(('333', ''), 1196)
(('905', 'OPPOSITE OF'), 1176)
(('878', 'FRONT OF'), 1162)
(('177', 'INSIDE'), 1157)
(('349', 'OPPOSITE OF'), 1123)
(('451', ''), 1115)
(('739', 'FRONT OF'), 1114)
(('501', ''), 1103)
(('269', 'REAR OF'), 1092)
(('114', 'FRONT OF'), 1091)
(('494', 'FRONT OF'), 1090)
(('256', 'FRONT OF'), 1082)
(('313', ''), 1077)
(('155', 'INSIDE'), 1056)
(('515', 'FRONT OF'), 1054)
(('661', 'FRONT OF'), 1043)
(('414', ''), 1023)
(('793', 'OPPOSITE OF'), 998)
(('437', 'INSIDE'), 991)
(('301', 'FRONT OF'), 990)
(('443', ''), 989)
(('105', 'FRONT OF'), 975)
(('313', 'FRONT OF'), 972)
(('510', ''), 966)
(('181', 'INSIDE'), 954)
(('568', ''), 926)
(('231', ''), 925)
(('268', 'FRONT OF'), 920)
(('244', 'INSIDE'), 899)
(('461', ''), 884)
(('159', 'INSIDE'), 870)
(('264', 'FRONT OF'), 864)
(('209', ''), 859)
(('466', ''), 857)
(('439', 'REAR OF'), 856)
(('201', 'INSIDE'), 852)
(('349', 'REAR OF'), 836)
(('335', 'FRONT OF'), 825)
(('493', ''), 803)
(('205', ''), 803)
(('461', 'INSIDE'), 798)
(('203', 'FRONT OF'), 790)
(('457', 'REAR OF'), 787)
(('569', 'INSIDE'), 772)
(('203', ''), 769)
(('401', 'FRONT OF'), 767)
(('748', ''), 763)
(('241', 'INSIDE'), 760)
(('392', ''), 754)
(('451', 'REAR OF'), 732)
(('114', ''), 731)
(('113', 'REAR OF'), 724)
(('375', 'INSIDE'), 722)
(('793', 'REAR OF'), 716)
(('417', 'INSIDE'), 715)
(('213', 'REAR OF'), 713)
(('366', ''), 704)
(('750', 'OPPOSITE OF'), 704)
(('157', ''), 703)
(('343', 'OPPOSITE OF'), 700)
(('809', ''), 698)
(('566', 'FRONT OF'), 695)
(('386', 'OPPOSITE OF'), 694)
(('683', 'INSIDE'), 693)
(('566', 'INSIDE'), 691)
(('809', 'FRONT OF'), 690)
(('199', 'INSIDE'), 686)
(('414', 'FRONT OF'), 681)
(('399', 'FRONT OF'), 678)
(('457', 'INSIDE'), 673)
(('391', ''), 664)
(('432', 'INSIDE'), 657)
(('105', ''), 648)
(('512', ''), 647)
(('729', 'OPPOSITE OF'), 645)
(('649', ''), 636)
(('510', 'FRONT OF'), 633)
(('384', 'INSIDE'), 629)
(('428', 'INSIDE'), 623)
(('466', 'FRONT OF'), 622)
(('451', 'OPPOSITE OF'), 617)
(('725', 'FRONT OF'), 615)
(('404', 'INSIDE'), 615)
(('759', 'OPPOSITE OF'), 609)
(('211', ''), 606)
(('380', ''), 605)
(('708', ''), 602)
(('203', 'REAR OF'), 598)
(('209', 'FRONT OF'), 591)
(('501', 'INSIDE'), 589)
(('708', 'INSIDE'), 586)
(('338', 'OPPOSITE OF'), 581)
(('750', 'REAR OF'), 580)
(('443', 'INSIDE'), 578)
(('439', 'OPPOSITE OF'), 572)
(('380', 'FRONT OF'), 570)
(('922', 'INSIDE'), 568)
(('335', ''), 563)
(('503', 'OPPOSITE OF'), 563)
(('183', 'INSIDE'), 562)
(('760', 'OPPOSITE OF'), 561)
(('723', 'FRONT OF'), 558)
(('442', 'FRONT OF'), 556)
(('268', 'INSIDE'), 554)
(('544', 'FRONT OF'), 554)
(('847', 'FRONT OF'), 552)
(('117', 'REAR OF'), 551)
(('568', 'INSIDE'), 551)
(('233', ''), 548)
(('809', 'INSIDE'), 535)
(('347', 'INSIDE'), 531)
(('508', ''), 527)
(('197', 'INSIDE'), 525)
(('649', 'FRONT OF'), 524)
(('760', 'REAR OF'), 523)
(('396', 'INSIDE'), 520)
(('392', 'FRONT OF'), 516)
(('426', 'INSIDE'), 513)
(('916', 'OPPOSITE OF'), 511)
(('705', 'OPPOSITE OF'), 507)
(('739', ''), 499)
(('505', ''), 497)
(('418', ''), 497)
(('512', 'FRONT OF'), 496)
(('501', 'FRONT OF'), 496)
(('419', 'OPPOSITE OF'), 493)
(('510', 'INSIDE'), 491)
(('191', 'INSIDE'), 489)
(('213', ''), 488)
(('489', 'INSIDE'), 485)
(('386', 'REAR OF'), 478)
(('744', ''), 474)
(('382', 'INSIDE'), 470)
(('198', 'REAR OF'), 469)
(('521', 'INSIDE'), 469)
(('113', 'OPPOSITE OF'), 467)
(('569', 'OPPOSITE OF'), 463)
(('264', ''), 461)
(('802', 'INSIDE'), 458)
(('379', 'INSIDE'), 455)
(('708', 'FRONT OF'), 455)
(('398', 'FRONT OF'), 450)
(('231', 'OPPOSITE OF'), 450)
(('639', 'OPPOSITE OF'), 449)
(('406', 'FRONT OF'), 447)
(('243', 'REAR OF'), 445)
(('391', 'FRONT OF'), 443)
(('489', 'FRONT OF'), 439)
(('451', 'INSIDE'), 425)
(('466', 'INSIDE'), 424)
(('455', 'FRONT OF'), 424)
(('507', ''), 418)
(('918', ''), 413)
(('193', 'INSIDE'), 409)
(('568', 'FRONT OF'), 402)
(('512', 'INSIDE'), 396)
(('718', 'FRONT OF'), 396)
(('399', ''), 394)
(('502', ''), 393)
(('224', 'REAR OF'), 391)
(('759', 'REAR OF'), 390)
(('508', 'INSIDE'), 387)
(('224', 'FRONT OF'), 380)
(('209', 'INSIDE'), 379)
(('907', ''), 379)
(('707', 'OPPOSITE OF'), 378)
(('366', 'FRONT OF'), 376)
(('256', ''), 376)
(('905', 'INSIDE'), 374)
(('211', 'REAR OF'), 369)
(('643', ''), 368)
(('723', 'INSIDE'), 368)
(('515', 'INSIDE'), 366)
(('117', 'OPPOSITE OF'), 363)
(('639', 'REAR OF'), 363)
(('596', 'INSIDE'), 357)
(('724', ''), 355)
(('389', 'FRONT OF'), 354)
(('503', 'REAR OF'), 353)
(('640', 'FRONT OF'), 352)
(('493', 'FRONT OF'), 349)
(('847', 'INSIDE'), 347)
(('727', 'INSIDE'), 345)
(('403', 'FRONT OF'), 345)
(('418', 'FRONT OF'), 342)
(('233', 'INSIDE'), 341)
(('271', ''), 340)
(('462', 'OPPOSITE OF'), 338)
(('455', ''), 338)
(('437', 'FRONT OF'), 336)
(('277', 'FRONT OF'), 335)
(('644', 'INSIDE'), 334)
(('665', 'INSIDE'), 331)
(('256', 'REAR OF'), 320)
(('462', 'REAR OF'), 319)
(('395', ''), 318)
(('157', 'FRONT OF'), 317)
(('744', 'FRONT OF'), 317)
(('435', 'FRONT OF'), 312)
(('438', 'REAR OF'), 311)
(('922', 'OPPOSITE OF'), 308)
(('263', 'FRONT OF'), 305)
(('413', ''), 305)
(('269', 'OPPOSITE OF'), 302)
(('412', 'FRONT OF'), 301)
(('231', 'INSIDE'), 298)
(('490', 'OPPOSITE OF'), 295)
(('730', 'INSIDE'), 294)
(('106', 'OPPOSITE OF'), 291)
(('500', 'OPPOSITE OF'), 291)
(('489', ''), 288)
(('388', ''), 284)
(('878', ''), 284)
(('277', 'INSIDE'), 283)
(('170', ''), 282)
(('414', 'INSIDE'), 281)
(('413', 'FRONT OF'), 278)
(('277', ''), 278)
(('848', 'INSIDE'), 278)
(('233', 'OPPOSITE OF'), 277)
(('221', ''), 277)
(('112', 'INSIDE'), 273)
(('772', 'INSIDE'), 272)
(('570', ''), 271)
(('505', 'FRONT OF'), 270)
(('201', 'FRONT OF'), 267)
(('106', 'REAR OF'), 266)
(('442', ''), 264)
(('502', 'INSIDE'), 263)
(('703', 'INSIDE'), 261)
(('179', ''), 260)
(('243', 'FRONT OF'), 255)
(('347', 'FRONT OF'), 254)
(('502', 'FRONT OF'), 254)
(('264', 'OPPOSITE OF'), 253)
(('450', 'FRONT OF'), 252)
(('233', 'REAR OF'), 249)
(('707', 'REAR OF'), 247)
(('643', 'FRONT OF'), 246)
(('214', 'FRONT OF'), 243)
(('625', ''), 243)
(('363', 'INSIDE'), 243)
(('505', 'INSIDE'), 242)
(('437', ''), 239)
(('234', 'INSIDE'), 239)
(('905', 'REAR OF'), 237)
(('433', 'FRONT OF'), 237)
(('244', 'REAR OF'), 236)
(('652', ''), 234)
(('792', 'REAR OF'), 233)
(('507', 'FRONT OF'), 232)
(('409', ''), 230)
(('744', 'INSIDE'), 229)
(('419', 'REAR OF'), 229)
(('205', 'OPPOSITE OF'), 227)
(('168', ''), 226)
(('731', 'FRONT OF'), 225)
(('508', 'FRONT OF'), 225)
(('198', 'OPPOSITE OF'), 225)
(('110', 'INSIDE'), 225)
(('565', ''), 225)
(('211', 'OPPOSITE OF'), 224)
(('916', 'INSIDE'), 223)
(('175', 'OPPOSITE OF'), 218)
(('718', ''), 218)
(('848', ''), 217)
(('544', 'INSIDE'), 216)
(('569', 'REAR OF'), 216)
(('201', 'REAR OF'), 215)
(('241', 'REAR OF'), 213)
(('115', 'OPPOSITE OF'), 213)
(('268', 'REAR OF'), 212)
(('231', 'REAR OF'), 211)
(('625', 'FRONT OF'), 211)
(('596', ''), 211)
(('514', ''), 211)
(('115', 'REAR OF'), 210)
(('197', 'FRONT OF'), 210)
(('241', 'FRONT OF'), 208)
(('234', 'FRONT OF'), 207)
(('204', 'FRONT OF'), 206)
(('164', 'INSIDE'), 205)
(('792', 'OPPOSITE OF'), 205)
(('761', ''), 204)
(('570', 'FRONT OF'), 203)
(('521', 'OPPOSITE OF'), 203)
(('490', 'REAR OF'), 201)
(('159', ''), 200)
(('360', 'INSIDE'), 199)
(('111', 'FRONT OF'), 198)
(('661', 'OPPOSITE OF'), 198)
(('384', 'OPPOSITE OF'), 196)
(('390', 'FRONT OF'), 196)
(('180', 'INSIDE'), 194)
(('341', 'FRONT OF'), 194)
(('647', 'INSIDE'), 193)
(('110', 'FRONT OF'), 193)
(('273', 'FRONT OF'), 192)
(('438', 'OPPOSITE OF'), 192)
(('731', ''), 191)
(('779', 'FRONT OF'), 189)
(('749', 'REAR OF'), 188)
(('500', 'REAR OF'), 188)
(('509', ''), 187)
(('695', 'INSIDE'), 187)
(('181', ''), 186)
(('409', 'FRONT OF'), 186)
(('111', 'INSIDE'), 185)
(('907', 'FRONT OF'), 185)
(('731', 'INSIDE'), 183)
(('110', ''), 183)
(('303', 'FRONT OF'), 182)
(('177', ''), 181)
(('335', 'INSIDE'), 181)
(('111', ''), 180)
(('730', 'FRONT OF'), 177)
(('761', 'INSIDE'), 177)
(('730', ''), 176)
(('514', 'FRONT OF'), 176)
(('848', 'FRONT OF'), 175)
(('435', ''), 174)
(('652', 'FRONT OF'), 173)
(('256', 'OPPOSITE OF'), 171)
(('544', ''), 171)
(('305', 'FRONT OF'), 171)
(('808', 'INSIDE'), 169)
(('464', ''), 169)
(('199', 'FRONT OF'), 168)
(('333', 'OPPOSITE OF'), 166)
(('389', ''), 165)
(('179', 'FRONT OF'), 163)
(('779', ''), 163)
(('661', 'REAR OF'), 162)
(('729', 'REAR OF'), 161)
(('494', 'OPPOSITE OF'), 160)
(('764', ''), 158)
(('498', 'INSIDE'), 156)
(('371', 'INSIDE'), 156)
(('388', 'REAR OF'), 155)
(('407', 'FRONT OF'), 155)
(('361', ''), 155)
(('159', 'FRONT OF'), 154)
(('570', 'INSIDE'), 154)
(('329', 'INSIDE'), 154)
(('404', 'OPPOSITE OF'), 153)
(('181', 'FRONT OF'), 149)
(('403', ''), 148)
(('266', 'FRONT OF'), 148)
(('365', 'INSIDE'), 147)
(('408', 'INSIDE'), 147)
(('507', 'INSIDE'), 146)
(('566', 'OPPOSITE OF'), 146)
(('263', 'REAR OF'), 145)
(('696', 'INSIDE'), 145)
(('515', 'OPPOSITE OF'), 145)
(('175', 'REAR OF'), 144)
(('223', ''), 144)
(('383', 'FRONT OF'), 143)
(('770', 'INSIDE'), 143)
(('174', 'INSIDE'), 142)
(('166', 'INSIDE'), 142)
(('213', 'OPPOSITE OF'), 141)
(('350', 'FRONT OF'), 140)
(('335', 'OPPOSITE OF'), 140)
(('788', 'FRONT OF'), 140)
(('461', 'OPPOSITE OF'), 139)
(('424', 'FRONT OF'), 139)
(('221', 'OPPOSITE OF'), 137)
(('112', 'FRONT OF'), 135)
(('422', 'FRONT OF'), 134)
(('799', ''), 133)
(('209', 'REAR OF'), 132)
(('361', 'FRONT OF'), 132)
(('442', 'OPPOSITE OF'), 131)
(('197', ''), 131)
(('183', ''), 131)
(('461', 'REAR OF'), 131)
(('379', 'FRONT OF'), 129)
(('625', 'INSIDE'), 129)
(('377', 'FRONT OF'), 129)
(('243', ''), 129)
(('724', 'FRONT OF'), 128)
(('264', 'REAR OF'), 127)
(('303', ''), 126)
(('271', 'FRONT OF'), 126)
(('640', ''), 126)
(('788', ''), 126)
(('199', ''), 126)
(('425', 'FRONT OF'), 126)
(('749', 'OPPOSITE OF'), 125)
(('410', 'FRONT OF'), 125)
(('264', 'INSIDE'), 125)
(('214', ''), 124)
(('407', ''), 124)
(('510', 'OPPOSITE OF'), 123)
(('918', 'FRONT OF'), 123)
(('443', 'REAR OF'), 122)
(('434', 'INSIDE'), 122)
(('367', 'FRONT OF'), 121)
(('266', 'INSIDE'), 121)
(('191', 'FRONT OF'), 121)
(('417', 'OPPOSITE OF'), 120)
(('347', ''), 119)
(('479', 'INSIDE'), 119)
(('411', 'FRONT OF'), 119)
(('519', ''), 117)
(('544', 'REAR OF'), 117)
(('447', 'INSIDE'), 116)
(('514', 'INSIDE'), 116)
(('478', 'OPPOSITE OF'), 115)
(('659', 'INSIDE'), 115)
(('494', 'REAR OF'), 113)
(('681', 'REAR OF'), 113)
(('244', 'FRONT OF'), 112)
(('916', 'REAR OF'), 112)
(('520', ''), 111)
(('519', 'FRONT OF'), 110)
(('351', 'FRONT OF'), 109)
(('104', ''), 109)
(('157', 'REAR OF'), 109)
(('335', 'REAR OF'), 108)
(('548', 'FRONT OF'), 108)
(('234', ''), 107)
(('781', 'INSIDE'), 107)
(('168', 'FRONT OF'), 107)
(('305', ''), 107)
(('390', ''), 106)
(('177', 'FRONT OF'), 106)
(('307', 'FRONT OF'), 106)
(('410', ''), 106)
(('170', 'FRONT OF'), 105)
(('204', 'REAR OF'), 104)
(('214', 'REAR OF'), 104)
(('384', 'REAR OF'), 104)
(('333', 'REAR OF'), 103)
(('509', 'INSIDE'), 103)
(('394', 'FRONT OF'), 102)
(('411', ''), 101)
(('681', 'OPPOSITE OF'), 100)
(('153', ''), 99)
(('183', 'FRONT OF'), 99)
(('455', 'OPPOSITE OF'), 99)
(('455', 'INSIDE'), 99)
(('544', 'OPPOSITE OF'), 99)
(('271', 'INSIDE'), 98)
(('382', 'OPPOSITE OF'), 98)
(('209', 'OPPOSITE OF'), 98)
(('764', 'FRONT OF'), 97)
(('185', ''), 97)
(('307', ''), 97)
(('594', 'INSIDE'), 97)
(('241', ''), 97)
(('652', 'INSIDE'), 95)
(('566', 'REAR OF'), 95)
(('341', ''), 95)
(('477', 'FRONT OF'), 94)
(('402', 'FRONT OF'), 94)
(('764', 'INSIDE'), 93)
(('405', 'OPPOSITE OF'), 93)
(('223', 'OPPOSITE OF'), 92)
(('501', 'OPPOSITE OF'), 92)
(('431', ''), 92)
(('431', 'INSIDE'), 91)
(('416', 'FRONT OF'), 90)
(('879', ''), 90)
(('477', 'INSIDE'), 90)
(('520', 'FRONT OF'), 90)
(('273', 'INSIDE'), 89)
(('510', 'REAR OF'), 89)
(('417', 'REAR OF'), 89)
(('748', 'REAR OF'), 88)
(('415', 'OPPOSITE OF'), 88)
(('420', 'FRONT OF'), 87)
(('509', 'FRONT OF'), 87)
(('644', ''), 87)
(('244', ''), 86)
(('360', 'FRONT OF'), 85)
(('112', ''), 85)
(('479', ''), 84)
(('382', 'REAR OF'), 84)
(('762', 'INSIDE'), 84)
(('466', 'OPPOSITE OF'), 84)
(('858', ''), 84)
(('301', 'OPPOSITE OF'), 83)
(('880', ''), 83)
(('408', 'FRONT OF'), 83)
(('360', ''), 82)
(('443', 'OPPOSITE OF'), 82)
(('812', 'INSIDE'), 81)
(('761', 'FRONT OF'), 80)
(('450', ''), 80)
(('847', 'OPPOSITE OF'), 80)
(('268', 'OPPOSITE OF'), 80)
(('234', 'REAR OF'), 79)
(('394', ''), 79)
(('548', 'INSIDE'), 79)
(('185', 'FRONT OF'), 78)
(('809', 'OPPOSITE OF'), 77)
(('808', ''), 76)
(('725', 'OPPOSITE OF'), 76)
(('711', 'INSIDE'), 75)
(('899', ''), 75)
(('659', ''), 75)
(('433', ''), 75)
(('781', ''), 75)
(('176', 'INSIDE'), 74)
(('563', ''), 74)
(('478', 'REAR OF'), 74)
(('455', 'REAR OF'), 73)
(('521', 'REAR OF'), 73)
(('719', 'INSIDE'), 73)
(('789', ''), 73)
(('435', 'INSIDE'), 71)
(('748', 'OPPOSITE OF'), 69)
(('647', ''), 68)
(('688', 'INSIDE'), 68)
(('512', 'OPPOSITE OF'), 68)
(('491', ''), 68)
(('665', 'FRONT OF'), 67)
(('422', ''), 67)
(('515', 'REAR OF'), 67)
(('204', ''), 67)
(('331', ''), 66)
(('404', 'REAR OF'), 65)
(('477', ''), 65)
(('424', ''), 65)
(('645', 'INSIDE'), 64)
(('826', ''), 64)
(('524', ''), 64)
(('105', 'REAR OF'), 64)
(('744', 'REAR OF'), 64)
(('193', 'FRONT OF'), 64)
(('387', ''), 64)
(('393', 'FRONT OF'), 63)
(('114', 'REAR OF'), 63)
(('789', 'FRONT OF'), 63)
(('847', 'REAR OF'), 62)
(('301', 'REAR OF'), 62)
(('879', 'FRONT OF'), 62)
(('185', 'INSIDE'), 62)
(('385', 'FRONT OF'), 62)
(('665', ''), 61)
(('610', 'FRONT OF'), 61)
(('155', ''), 61)
(('385', ''), 61)
(('502', 'OPPOSITE OF'), 60)
(('114', 'OPPOSITE OF'), 58)
(('464', 'INSIDE'), 58)
(('414', 'OPPOSITE OF'), 58)
(('862', ''), 57)
(('263', ''), 57)
(('922', 'REAR OF'), 57)
(('723', 'OPPOSITE OF'), 57)
(('687', 'INSIDE'), 57)
(('266', ''), 57)
(('862', 'FRONT OF'), 56)
(('430', 'FRONT OF'), 56)
(('739', 'OPPOSITE OF'), 56)
(('695', 'FRONT OF'), 56)
(('505', 'OPPOSITE OF'), 56)
(('858', 'INSIDE'), 55)
(('501', 'REAR OF'), 55)
(('674', 'INSIDE'), 55)
(('742', 'INSIDE'), 55)
(('195', 'INSIDE'), 54)
(('398', 'OPPOSITE OF'), 54)
(('416', ''), 53)
(('224', ''), 53)
(('323', 'INSIDE'), 53)
(('234', 'OPPOSITE OF'), 53)
(('261', 'INSIDE'), 53)
(('401', 'OPPOSITE OF'), 53)
(('744', 'OPPOSITE OF'), 52)
(('442', 'INSIDE'), 52)
(('203', 'OPPOSITE OF'), 52)
(('849', ''), 52)
(('879', 'INSIDE'), 52)
(('766', 'INSIDE'), 51)
(('405', 'REAR OF'), 51)
(('391', 'OPPOSITE OF'), 51)
(('373', 'INSIDE'), 51)
(('878', 'REAR OF'), 51)
(('435', 'OPPOSITE OF'), 51)
(('644', 'FRONT OF'), 51)
(('508', 'OPPOSITE OF'), 51)
(('153', 'FRONT OF'), 50)
(('479', 'FRONT OF'), 50)
(('808', 'FRONT OF'), 50)
(('105', 'OPPOSITE OF'), 50)
(('531', ''), 50)
(('412', ''), 50)
(('508', 'REAR OF'), 50)
(('243', 'OPPOSITE OF'), 50)
(('826', 'FRONT OF'), 49)
(('524', 'FRONT OF'), 49)
(('841', ''), 49)
(('849', 'FRONT OF'), 49)
(('341', 'OPPOSITE OF'), 49)
(('705', 'REAR OF'), 49)
(('425', ''), 49)
(('398', 'REAR OF'), 49)
(('817', 'INSIDE'), 49)
(('727', ''), 48)
(('187', 'INSIDE'), 48)
(('493', 'OPPOSITE OF'), 47)
(('633', 'INSIDE'), 47)
(('277', 'REAR OF'), 47)
(('524', 'INSIDE'), 47)
(('568', 'OPPOSITE OF'), 47)
(('853', 'FRONT OF'), 47)
(('706', 'INSIDE'), 47)
(('393', ''), 46)
(('402', ''), 46)
(('633', ''), 45)
(('799', 'FRONT OF'), 45)
(('387', 'FRONT OF'), 45)
(('380', 'OPPOSITE OF'), 45)
(('375', 'FRONT OF'), 45)
(('395', 'FRONT OF'), 44)
(('380', 'INSIDE'), 44)
(('512', 'REAR OF'), 44)
(('396', 'FRONT OF'), 44)
(('568', 'REAR OF'), 43)
(('415', 'REAR OF'), 43)
(('442', 'REAR OF'), 43)
(('187', ''), 43)
(('392', 'OPPOSITE OF'), 42)
(('507', 'OPPOSITE OF'), 42)
(('241', 'OPPOSITE OF'), 42)
(('701', 'INSIDE'), 42)
(('874', ''), 41)
(('277', 'OPPOSITE OF'), 41)
(('672', 'FRONT OF'), 41)
(('412', 'REAR OF'), 41)
(('187', 'FRONT OF'), 41)
(('157', 'OPPOSITE OF'), 41)
(('430', ''), 40)
(('104', 'FRONT OF'), 40)
(('366', 'OPPOSITE OF'), 40)
(('293', 'INSIDE'), 40)
(('493', 'INSIDE'), 40)
(('168', 'REAR OF'), 39)
(('672', ''), 39)
(('380', 'REAR OF'), 38)
(('812', 'FRONT OF'), 38)
(('531', 'INSIDE'), 38)
(('201', ''), 38)
(('746', 'INSIDE'), 38)
(('643', 'OPPOSITE OF'), 38)
(('366', 'INSIDE'), 38)
(('659', 'FRONT OF'), 38)
(('570', 'OPPOSITE OF'), 38)
(('329', 'FRONT OF'), 37)
(('107', 'INSIDE'), 37)
(('423', 'INSIDE'), 37)
(('858', 'FRONT OF'), 37)
(('214', 'OPPOSITE OF'), 36)
(('464', 'FRONT OF'), 36)
(('447', 'FRONT OF'), 36)
(('557', 'INSIDE'), 36)
(('344', 'FRONT OF'), 35)
(('350', ''), 35)
(('723', 'REAR OF'), 34)
(('890', ''), 34)
(('399', 'OPPOSITE OF'), 34)
(('904', ''), 34)
(('841', 'FRONT OF'), 34)
(('388', 'OPPOSITE OF'), 34)
(('812', ''), 33)
(('627', 'INSIDE'), 33)
(('399', 'REAR OF'), 33)
(('420', ''), 33)
(('519', 'INSIDE'), 33)
(('853', ''), 33)
(('695', ''), 33)
(('565', 'INSIDE'), 33)
(('155', 'FRONT OF'), 33)
(('576', ''), 33)
(('366', 'REAR OF'), 32)
(('331', 'INSIDE'), 32)
(('122', ''), 32)
(('493', 'REAR OF'), 32)
(('505', 'REAR OF'), 32)
(('244', 'OPPOSITE OF'), 31)
(('423', ''), 31)
(('595', 'INSIDE'), 31)
(('708', 'OPPOSITE OF'), 31)
(('423', 'REAR OF'), 31)
(('844', 'INSIDE'), 31)
(('725', 'INSIDE'), 31)
(('818', 'INSIDE'), 31)
(('514', 'OPPOSITE OF'), 31)
(('647', 'FRONT OF'), 31)
(('640', 'REAR OF'), 31)
(('389', 'REAR OF'), 31)
(('649', 'OPPOSITE OF'), 31)
(('363', 'FRONT OF'), 31)
(('610', ''), 30)
(('802', ''), 30)
(('383', 'INSIDE'), 30)
(('802', 'FRONT OF'), 30)
(('193', ''), 30)
(('548', ''), 29)
(('674', ''), 29)
(('605', ''), 29)
(('548', 'REAR OF'), 29)
(('641', 'INSIDE'), 29)
(('432', 'FRONT OF'), 29)
(('191', ''), 29)
(('781', 'FRONT OF'), 29)
(('874', 'FRONT OF'), 28)
(('663', 'INSIDE'), 28)
(('788', 'INSIDE'), 28)
(('742', ''), 28)
(('313', 'REAR OF'), 28)
(('643', 'REAR OF'), 28)
(('344', 'INSIDE'), 28)
(('918', 'OPPOSITE OF'), 28)
(('711', ''), 28)
(('502', 'REAR OF'), 28)
(('450', 'OPPOSITE OF'), 28)
(('435', 'REAR OF'), 28)
(('853', 'INSIDE'), 28)
(('878', 'OPPOSITE OF'), 28)
(('414', 'REAR OF'), 27)
(('520', 'INSIDE'), 27)
(('383', ''), 27)
(('174', ''), 27)
(('849', 'INSIDE'), 27)
(('323', 'REAR OF'), 27)
(('596', 'FRONT OF'), 27)
(('507', 'REAR OF'), 27)
(('576', 'FRONT OF'), 27)
(('742', 'FRONT OF'), 26)
(('341', 'REAR OF'), 26)
(('762', ''), 26)
(('266', 'OPPOSITE OF'), 26)
(('708', 'REAR OF'), 26)
(('159', 'OPPOSITE OF'), 26)
(('313', 'OPPOSITE OF'), 26)
(('327', ''), 26)
(('159', 'REAR OF'), 25)
(('367', ''), 25)
(('351', ''), 25)
(('351', 'REAR OF'), 25)
(('698', 'INSIDE'), 25)
(('179', 'REAR OF'), 25)
(('491', 'FRONT OF'), 25)
(('390', 'REAR OF'), 25)
(('779', 'OPPOSITE OF'), 24)
(('563', 'INSIDE'), 24)
(('586', 'INSIDE'), 24)
(('377', ''), 24)
(('273', 'OPPOSITE OF'), 24)
(('224', 'OPPOSITE OF'), 24)
(('261', 'FRONT OF'), 23)
(('899', 'OPPOSITE OF'), 23)
(('633', 'FRONT OF'), 23)
(('553', 'INSIDE'), 23)
(('809', 'REAR OF'), 23)
(('170', 'REAR OF'), 23)
(('591', 'INSIDE'), 23)
(('711', 'FRONT OF'), 23)
(('341', 'INSIDE'), 23)
(('610', 'INSIDE'), 23)
(('565', 'FRONT OF'), 23)
(('164', ''), 22)
(('537', 'INSIDE'), 22)
(('519', 'OPPOSITE OF'), 22)
(('724', 'INSIDE'), 22)
(('450', 'REAR OF'), 21)
(('652', 'OPPOSITE OF'), 21)
(('110', 'REAR OF'), 21)
(('329', ''), 21)
(('762', 'FRONT OF'), 21)
(('323', ''), 21)
(('826', 'INSIDE'), 21)
(('429', 'INSIDE'), 21)
(('754', 'FRONT OF'), 21)
(('445', 'REAR OF'), 21)
(('829', ''), 21)
(('432', ''), 21)
(('489', 'OPPOSITE OF'), 21)
(('780', 'INSIDE'), 20)
(('266', 'REAR OF'), 20)
(('724', 'OPPOSITE OF'), 20)
(('727', 'FRONT OF'), 20)
(('428', 'FRONT OF'), 20)
(('291', 'INSIDE'), 20)
(('625', 'OPPOSITE OF'), 20)
(('179', 'OPPOSITE OF'), 20)
(('649', 'REAR OF'), 19)
(('406', 'OPPOSITE OF'), 19)
(('111', 'OPPOSITE OF'), 19)
(('799', 'INSIDE'), 19)
(('509', 'OPPOSITE OF'), 19)
(('754', ''), 19)
(('643', 'INSIDE'), 19)
(('625', 'REAR OF'), 19)
(('570', 'REAR OF'), 19)
(('688', 'FRONT OF'), 19)
(('327', 'FRONT OF'), 19)
(('392', 'INSIDE'), 18)
(('520', 'OPPOSITE OF'), 18)
(('429', 'FRONT OF'), 18)
(('718', 'OPPOSITE OF'), 18)
(('391', 'REAR OF'), 18)
(('818', 'FRONT OF'), 18)
(('170', 'OPPOSITE OF'), 18)
(('176', ''), 18)
(('683', 'FRONT OF'), 18)
(('392', 'REAR OF'), 18)
(('177', 'OPPOSITE OF'), 18)
(('125', 'INSIDE'), 18)
(('772', 'FRONT OF'), 18)
(('363', ''), 18)
(('764', 'OPPOSITE OF'), 18)
(('271', 'OPPOSITE OF'), 17)
(('168', 'OPPOSITE OF'), 17)
(('321', ' '), 17)
(('548', 'OPPOSITE OF'), 17)
(('683', ''), 17)
(('531', 'FRONT OF'), 17)
(('640', 'OPPOSITE OF'), 16)
(('730', 'OPPOSITE OF'), 16)
(('844', 'FRONT OF'), 16)
(('403', 'OPPOSITE OF'), 16)
(('672', 'INSIDE'), 16)
(('537', 'FRONT OF'), 16)
(('350', 'REAR OF'), 16)
(('110', 'OPPOSITE OF'), 16)
(('803', 'INSIDE'), 16)
(('263', 'OPPOSITE OF'), 16)
(('731', 'OPPOSITE OF'), 16)
(('447', ''), 16)
(('401', 'REAR OF'), 16)
(('389', 'OPPOSITE OF'), 15)
(('811', 'INSIDE'), 15)
(('669', 'INSIDE'), 15)
(('413', 'OPPOSITE OF'), 15)
(('610', 'REAR OF'), 15)
(('344', ''), 15)
(('818', ''), 15)
(('204', 'OPPOSITE OF'), 15)
(('111', 'REAR OF'), 15)
(('450', 'INSIDE'), 15)
(('721', 'FRONT OF'), 15)
(('703', 'FRONT OF'), 15)
(('764', 'REAR OF'), 15)
(('841', 'OPPOSITE OF'), 15)
(('829', 'INSIDE'), 14)
(('591', ''), 14)
(('254', ' '), 14)
(('907', 'OPPOSITE OF'), 14)
(('437', 'REAR OF'), 14)
(('899', 'REAR OF'), 14)
(('431', 'FRONT OF'), 14)
(('817', 'FRONT OF'), 14)
(('802', 'REAR OF'), 14)
(('271', 'REAR OF'), 14)
(('862', 'OPPOSITE OF'), 14)
(('350', 'INSIDE'), 14)
(('529', ''), 14)
(('701', ''), 14)
(('533', 'INSIDE'), 13)
(('739', 'REAR OF'), 13)
(('888', 'FRONT OF'), 13)
(('918', 'REAR OF'), 13)
(('365', 'FRONT OF'), 13)
(('379', ''), 13)
(('812', 'REAR OF'), 13)
(('848', 'OPPOSITE OF'), 13)
(('652', 'REAR OF'), 13)
(('393', 'OPPOSITE OF'), 13)
(('530', ''), 13)
(('697', 'INSIDE'), 13)
(('489', 'REAR OF'), 13)
(('829', 'FRONT OF'), 13)
(('532', ''), 13)
(('273', 'REAR OF'), 13)
(('412', 'OPPOSITE OF'), 13)
(('166', ''), 12)
(('407', 'REAR OF'), 12)
(('888', ''), 12)
(('788', 'OPPOSITE OF'), 12)
(('297', 'INSIDE'), 12)
(('433', 'REAR OF'), 12)
(('537', ''), 12)
(('879', 'OPPOSITE OF'), 12)
(('674', 'FRONT OF'), 12)
(('351', 'INSIDE'), 12)
(('297', 'FRONT OF'), 12)
(('880', 'INSIDE'), 12)
(('797', 'INSIDE'), 12)
(('445', 'FRONT OF'), 12)
(('385', 'INSIDE'), 12)
(('703', ''), 12)
(('426', 'FRONT OF'), 12)
(('892', 'INSIDE'), 12)
(('761', 'OPPOSITE OF'), 12)
(('409', 'OPPOSITE OF'), 12)
(('701', 'FRONT OF'), 12)
(('721', 'INSIDE'), 12)
(('514', 'REAR OF'), 11)
(('155', 'OPPOSITE OF'), 11)
(('199', 'OPPOSITE OF'), 11)
(('361', 'OPPOSITE OF'), 11)
(('724', 'REAR OF'), 11)
(('428', ''), 11)
(('585', 'INSIDE'), 11)
(('899', 'FRONT OF'), 11)
(('323', 'FRONT OF'), 11)
(('433', 'OPPOSITE OF'), 11)
(('436', 'INSIDE'), 11)
(('719', ''), 11)
(('410', 'REAR OF'), 11)
(('887', 'FRONT OF'), 11)
(('529', 'FRONT OF'), 11)
(('889', ''), 10)
(('563', 'FRONT OF'), 10)
(('604', 'INSIDE'), 10)
(('587', 'INSIDE'), 10)
(('418', 'OPPOSITE OF'), 10)
(('803', ''), 10)
(('775', ''), 10)
(('371', 'FRONT OF'), 10)
(('197', 'REAR OF'), 10)
(('445', 'INSIDE'), 10)
(('197', 'OPPOSITE OF'), 10)
(('361', 'REAR OF'), 10)
(('413', 'REAR OF'), 10)
(('509', 'REAR OF'), 10)
(('520', 'REAR OF'), 10)
(('445', ''), 10)
(('532', 'INSIDE'), 10)
(('817', ''), 10)
(('662', 'INSIDE'), 10)
(('789', 'INSIDE'), 10)
(('576', 'INSIDE'), 10)
(('391', 'INSIDE'), 10)
(('390', 'OPPOSITE OF'), 10)
(('387', 'INSIDE'), 10)
(('181', 'REAR OF'), 10)
(('761', 'REAR OF'), 10)
(('351', 'OPPOSITE OF'), 10)
(('844', 'REAR OF'), 10)
(('293', 'FRONT OF'), 10)
(('396', ''), 10)
(('862', 'REAR OF'), 10)
(('585', ''), 9)
(('591', 'FRONT OF'), 9)
(('164', 'FRONT OF'), 9)
(('431', 'REAR OF'), 9)
(('381', ''), 9)
(('381', 'FRONT OF'), 9)
(('297', ''), 9)
(('691', 'INSIDE'), 9)
(('289', 'INSIDE'), 9)
(('265', 'FRONT OF'), 9)
(('342', 'FRONT OF'), 9)
(('155', 'REAR OF'), 9)
(('730', 'REAR OF'), 9)
(('397', ' '), 9)
(('407', 'OPPOSITE OF'), 9)
(('201', 'OPPOSITE OF'), 9)
(('905', ' '), 9)
(('645', 'FRONT OF'), 9)
(('186', 'FRONT OF'), 9)
(('822', 'INSIDE'), 9)
(('532', 'FRONT OF'), 9)
(('889', 'FRONT OF'), 8)
(('323', 'OPPOSITE OF'), 8)
(('437', 'OPPOSITE OF'), 8)
(('818', 'REAR OF'), 8)
(('285', 'INSIDE'), 8)
(('423', 'FRONT OF'), 8)
(('880', 'FRONT OF'), 8)
(('307', 'OPPOSITE OF'), 8)
(('408', 'OPPOSITE OF'), 8)
(('394', 'OPPOSITE OF'), 8)
(('185', 'OPPOSITE OF'), 8)
(('862', 'INSIDE'), 8)
(('610', 'OPPOSITE OF'), 8)
(('659', 'REAR OF'), 8)
(('565', 'OPPOSITE OF'), 8)
(('719', 'FRONT OF'), 8)
(('367', 'REAR OF'), 8)
(('283', 'INSIDE'), 8)
(('181', 'OPPOSITE OF'), 8)
(('593', 'INSIDE'), 8)
(('422', 'OPPOSITE OF'), 8)
(('303', 'OPPOSITE OF'), 8)
(('275', ''), 8)
(('293', ''), 8)
(('754', 'INSIDE'), 8)
(('594', ''), 8)
(('892', 'FRONT OF'), 7)
(('706', 'FRONT OF'), 7)
(('715', ''), 7)
(('122', 'FRONT OF'), 7)
(('183', 'OPPOSITE OF'), 7)
(('166', 'FRONT OF'), 7)
(('174', 'FRONT OF'), 7)
(('411', 'REAR OF'), 7)
(('596', 'OPPOSITE OF'), 7)
(('281', ''), 7)
(('588', 'INSIDE'), 7)
(('605', 'FRONT OF'), 7)
(('195', 'FRONT OF'), 7)
(('195', ''), 7)
(('265', 'INSIDE'), 7)
(('345', 'FRONT OF'), 7)
(('811', 'FRONT OF'), 7)
(('788', 'REAR OF'), 7)
(('904', 'FRONT OF'), 7)
(('746', ''), 7)
(('602', ''), 7)
(('918', 'INSIDE'), 7)
(('409', 'REAR OF'), 7)
(('872', 'FRONT OF'), 7)
(('843', ''), 7)
(('563', 'REAR OF'), 7)
(('864', ''), 7)
(('248', ''), 7)
(('662', ''), 7)
(('688', ''), 7)
(('887', 'INSIDE'), 6)
(('419', ' '), 6)
(('177', 'REAR OF'), 6)
(('557', 'FRONT OF'), 6)
(('524', 'REAR OF'), 6)
(('706', ''), 6)
(('892', ''), 6)
(('789', 'REAR OF'), 6)
(('425', 'OPPOSITE OF'), 6)
(('424', 'REAR OF'), 6)
(('350', 'OPPOSITE OF'), 6)
(('395', 'INSIDE'), 6)
(('784', ''), 6)
(('659', 'OPPOSITE OF'), 6)
(('408', 'REAR OF'), 6)
(('718', 'REAR OF'), 6)
(('848', 'REAR OF'), 6)
(('587', ''), 6)
(('176', 'FRONT OF'), 6)
(('817', 'REAR OF'), 6)
(('858', 'REAR OF'), 6)
(('789', 'OPPOSITE OF'), 6)
(('411', 'OPPOSITE OF'), 6)
(('393', 'INSIDE'), 6)
(('779', 'REAR OF'), 6)
(('199', 'REAR OF'), 6)
(('818', 'OPPOSITE OF'), 6)
(('339', ' '), 6)
(('291', ''), 6)
(('756', 'INSIDE'), 6)
(('183', 'REAR OF'), 6)
(('872', ''), 6)
(('827', 'INSIDE'), 6)
(('849', 'REAR OF'), 6)
(('780', ''), 6)
(('104', 'REAR OF'), 6)
(('479', 'OPPOSITE OF'), 6)
(('584', 'INSIDE'), 6)
(('808', 'OPPOSITE OF'), 6)
(('466', 'REAR OF'), 6)
(('969', ''), 6)
(('770', 'FRONT OF'), 6)
(('799', 'OPPOSITE OF'), 6)
(('633', 'REAR OF'), 6)
(('383', 'REAR OF'), 6)
(('849', 'OPPOSITE OF'), 6)
(('821', 'INSIDE'), 5)
(('464', 'OPPOSITE OF'), 5)
(('802', 'OPPOSITE OF'), 5)
(('476', 'INSIDE'), 5)
(('591', 'REAR OF'), 5)
(('379', 'REAR OF'), 5)
(('762', 'REAR OF'), 5)
(('907', 'REAR OF'), 5)
(('619', ''), 5)
(('619', 'FRONT OF'), 5)
(('754', 'OPPOSITE OF'), 5)
(('841', 'INSIDE'), 5)
(('853', 'OPPOSITE OF'), 5)
(('742', 'REAR OF'), 5)
(('387', 'REAR OF'), 5)
(('307', 'REAR OF'), 5)
(('812', 'OPPOSITE OF'), 5)
(('879', 'REAR OF'), 5)
(('345', ''), 5)
(('782', ' '), 5)
(('153', 'OPPOSITE OF'), 5)
(('342', ''), 5)
(('424', 'OPPOSITE OF'), 5)
(('588', ''), 5)
(('602', 'FRONT OF'), 5)
(('498', ''), 5)
(('498', 'FRONT OF'), 5)
(('766', 'FRONT OF'), 5)
(('780', 'FRONT OF'), 5)
(('733', 'INSIDE'), 5)
(('331', 'FRONT OF'), 5)
(('663', ''), 5)
(('887', ''), 5)
(('383', 'OPPOSITE OF'), 5)
(('645', ''), 5)
(('683', 'REAR OF'), 5)
(('845', 'INSIDE'), 5)
(('479', 'REAR OF'), 5)
(('725', 'REAR OF'), 5)
(('530', 'INSIDE'), 5)
(('445', 'OPPOSITE OF'), 5)
(('275', 'FRONT OF'), 5)
(('395', 'OPPOSITE OF'), 5)
(('329', 'REAR OF'), 5)
(('360', 'OPPOSITE OF'), 5)
(('731', 'REAR OF'), 4)
(('584', ''), 4)
(('519', 'REAR OF'), 4)
(('557', ''), 4)
(('687', 'FRONT OF'), 4)
(('357', ' '), 4)
(('781', 'REAR OF'), 4)
(('565', 'REAR OF'), 4)
(('410', 'OPPOSITE OF'), 4)
(('371', ''), 4)
(('721', 'OPPOSITE OF'), 4)
(('775', 'FRONT OF'), 4)
(('289', ''), 4)
(('695', 'OPPOSITE OF'), 4)
(('101', ' '), 4)
(('112', 'OPPOSITE OF'), 4)
(('916', ' '), 4)
(('289', 'FRONT OF'), 4)
(('261', 'REAR OF'), 4)
(('153', 'REAR OF'), 4)
(('387', 'OPPOSITE OF'), 4)
(('664', 'INSIDE'), 4)
(('587', 'FRONT OF'), 4)
(('416', 'OPPOSITE OF'), 4)
(('112', 'REAR OF'), 4)
(('843', 'REAR OF'), 4)
(('553', 'FRONT OF'), 4)
(('639', ' '), 4)
(('418', 'REAR OF'), 4)
(('385', 'OPPOSITE OF'), 4)
(('305', 'OPPOSITE OF'), 4)
(('576', 'OPPOSITE OF'), 4)
(('907', 'INSIDE'), 4)
(('840', 'FRONT OF'), 4)
(('491', 'INSIDE'), 4)
(('299', 'FRONT OF'), 4)
(('426', ''), 4)
(('799', 'REAR OF'), 4)
(('476', ''), 4)
(('375', ''), 4)
(('174', 'OPPOSITE OF'), 4)
(('347', 'OPPOSITE OF'), 4)
(('186', ''), 4)
(('826', 'OPPOSITE OF'), 4)
(('637', ' '), 4)
(('563', 'OPPOSITE OF'), 4)
(('719', 'OPPOSITE OF'), 4)
(('756', ''), 4)
(('531', 'OPPOSITE OF'), 4)
(('441', ' '), 4)
(('367', 'OPPOSITE OF'), 3)
(('283', 'FRONT OF'), 3)
(('434', 'FRONT OF'), 3)
(('355', ''), 3)
(('393', 'REAR OF'), 3)
(('434', ''), 3)
(('344', 'REAR OF'), 3)
(('513', ''), 3)
(('638', ' '), 3)
(('447', 'OPPOSITE OF'), 3)
(('844', ''), 3)
(('187', 'REAR OF'), 3)
(('477', 'REAR OF'), 3)
(('858', 'OPPOSITE OF'), 3)
(('691', 'FRONT OF'), 3)
(('191', 'OPPOSITE OF'), 3)
(('641', ''), 3)
(('641', 'FRONT OF'), 3)
(('113', ' '), 3)
(('695', 'REAR OF'), 3)
(('604', 'FRONT OF'), 3)
(('888', 'INSIDE'), 3)
(('665', 'OPPOSITE OF'), 3)
(('868', ''), 3)
(('394', 'REAR OF'), 3)
(('619', 'INSIDE'), 3)
(('811', ''), 3)
(('648', ''), 3)
(('687', 'OPPOSITE OF'), 3)
(('331', 'REAR OF'), 3)
(('887', 'REAR OF'), 3)
(('491', 'OPPOSITE OF'), 3)
(('265', ''), 3)
(('327', 'OPPOSITE OF'), 3)
(('403', 'REAR OF'), 3)
(('281', 'INSIDE'), 3)
(('781', 'OPPOSITE OF'), 3)
(('866', 'FRONT OF'), 3)
(('524', 'OPPOSITE OF'), 3)
(('529', 'INSIDE'), 3)
(('537', 'OPPOSITE OF'), 3)
(('591', 'OPPOSITE OF'), 3)
(('772', ''), 3)
(('721', ''), 3)
(('605', 'OPPOSITE OF'), 3)
(('285', ''), 3)
(('633', 'OPPOSITE OF'), 3)
(('715', 'INSIDE'), 3)
(('439', ' '), 3)
(('377', 'REAR OF'), 3)
(('533', 'FRONT OF'), 3)
(('531', 'REAR OF'), 3)
(('342', 'REAR OF'), 3)
(('627', 'FRONT OF'), 3)
(('663', 'FRONT OF'), 3)
(('711', 'REAR OF'), 3)
(('888', 'OPPOSITE OF'), 3)
(('285', 'FRONT OF'), 3)
(('672', 'REAR OF'), 3)
(('888', 'REAR OF'), 3)
(('269', ' '), 3)
(('299', 'INSIDE'), 3)
(('468', 'FRONT OF'), 3)
(('422', 'REAR OF'), 3)
(('468', ''), 3)
(('647', 'OPPOSITE OF'), 3)
(('430', 'OPPOSITE OF'), 3)
(('377', 'OPPOSITE OF'), 3)
(('283', ''), 2)
(('176', 'OPPOSITE OF'), 2)
(('513', 'FRONT OF'), 2)
(('618', ''), 2)
(('727', 'OPPOSITE OF'), 2)
(('420', 'OPPOSITE OF'), 2)
(('674', 'REAR OF'), 2)
(('698', 'FRONT OF'), 2)
(('355', 'FRONT OF'), 2)
(('593', 'FRONT OF'), 2)
(('561', 'OPPOSITE OF'), 2)
(('786', 'FRONT OF'), 2)
(('186', 'INSIDE'), 2)
(('687', ''), 2)
(('715', 'FRONT OF'), 2)
(('164', 'REAR OF'), 2)
(('698', ''), 2)
(('511', ' '), 2)
(('644', 'REAR OF'), 2)
(('421', ' '), 2)
(('899', 'INSIDE'), 2)
(('331', 'OPPOSITE OF'), 2)
(('622', 'INSIDE'), 2)
(('375', 'OPPOSITE OF'), 2)
(('829', 'OPPOSITE OF'), 2)
(('345', 'INSIDE'), 2)
(('363', 'REAR OF'), 2)
(('662', 'REAR OF'), 2)
(('109', ' '), 2)
(('416', 'REAR OF'), 2)
(('281', 'FRONT OF'), 2)
(('876', ''), 2)
(('665', 'REAR OF'), 2)
(('166', 'REAR OF'), 2)
(('892', 'REAR OF'), 2)
(('694', 'INSIDE'), 2)
(('874', 'REAR OF'), 2)
(('797', 'FRONT OF'), 2)
(('889', 'REAR OF'), 2)
(('803', 'FRONT OF'), 2)
(('586', 'FRONT OF'), 2)
(('737', 'INSIDE'), 2)
(('868', 'FRONT OF'), 2)
(('892', 'OPPOSITE OF'), 2)
(('754', 'REAR OF'), 2)
(('185', 'REAR OF'), 2)
(('561', ''), 2)
(('703', 'REAR OF'), 2)
(('783', 'REAR OF'), 2)
(('596', 'REAR OF'), 2)
(('846', 'FRONT OF'), 2)
(('438', ' '), 2)
(('423', 'OPPOSITE OF'), 2)
(('889', 'OPPOSITE OF'), 2)
(('648', 'FRONT OF'), 2)
(('121', ''), 2)
(('402', 'OPPOSITE OF'), 2)
(('829', 'REAR OF'), 2)
(('669', ''), 2)
(('746', 'FRONT OF'), 2)
(('775', 'INSIDE'), 2)
(('187', 'OPPOSITE OF'), 2)
(('614', ''), 2)
(('477', 'OPPOSITE OF'), 2)
(('674', 'OPPOSITE OF'), 2)
(('291', 'FRONT OF'), 2)
(('574', 'FRONT OF'), 2)
(('345', 'REAR OF'), 2)
(('468', 'INSIDE'), 2)
(('406', 'REAR OF'), 2)
(('793', ' '), 2)
(('604', 'REAR OF'), 2)
(('475', 'FRONT OF'), 2)
(('530', 'FRONT OF'), 2)
(('729', ' '), 2)
(('874', 'INSIDE'), 2)
(('889', 'INSIDE'), 2)
(('476', 'FRONT OF'), 2)
(('843', 'FRONT OF'), 2)
(('360', 'REAR OF'), 2)
(('567', ' '), 2)
(('104', 'OPPOSITE OF'), 2)
(('808', 'REAR OF'), 2)
(('815', ''), 2)
(('265', 'OPPOSITE OF'), 2)
(('646', 'INSIDE'), 2)
(('143', 'FRONT OF'), 2)
(('809', ' '), 2)
(('662', 'FRONT OF'), 2)
(('248', 'FRONT OF'), 2)
(('553', 'OPPOSITE OF'), 2)
(('347', 'REAR OF'), 2)
(('125', ''), 2)
(('175', ' '), 2)
(('815', 'FRONT OF'), 2)
(('770', ''), 2)
(('394', 'INSIDE'), 2)
(('193', 'OPPOSITE OF'), 2)
(('174', 'REAR OF'), 2)
(('672', 'OPPOSITE OF'), 2)
(('178', 'INSIDE'), 2)
(('845', 'FRONT OF'), 1)
(('213', ' '), 1)
(('689', 'INSIDE'), 1)
(('860', 'OPPOSITE OF'), 1)
(('529', ' '), 1)
(('584', 'FRONT OF'), 1)
(('261', ''), 1)
(('872', 'INSIDE'), 1)
(('975', ''), 1)
(('349', ' '), 1)
(('371', 'REAR OF'), 1)
(('843', 'INSIDE'), 1)
(('723', ' '), 1)
(('593', ''), 1)
(('803', 'REAR OF'), 1)
(('289', 'REAR OF'), 1)
(('811', 'OPPOSITE OF'), 1)
(('373', 'FRONT OF'), 1)
(('618', 'FRONT OF'), 1)
(('345', 'OPPOSITE OF'), 1)
(('846', 'OPPOSITE OF'), 1)
(('180', 'FRONT OF'), 1)
(('605', 'REAR OF'), 1)
(('119', 'INSIDE'), 1)
(('396', 'REAR OF'), 1)
(('327', 'REAR OF'), 1)
(('561', 'INSIDE'), 1)
(('627', 'OPPOSITE OF'), 1)
(('843', 'OPPOSITE OF'), 1)
(('887', 'OPPOSITE OF'), 1)
(('305', 'REAR OF'), 1)
(('872', 'OPPOSITE OF'), 1)
(('648', 'INSIDE'), 1)
(('414', ' '), 1)
(('576', 'REAR OF'), 1)
(('649', ' '), 1)
(('529', 'REAR OF'), 1)
(('432', 'OPPOSITE OF'), 1)
(('533', 'OPPOSITE OF'), 1)
(('664', 'FRONT OF'), 1)
(('693', 'INSIDE'), 1)
(('585', 'FRONT OF'), 1)
(('365', ''), 1)
(('385', 'REAR OF'), 1)
(('380', ' '), 1)
(('784', 'FRONT OF'), 1)
(('840', 'OPPOSITE OF'), 1)
(('586', ''), 1)
(('417', ' '), 1)
(('522', 'INSIDE'), 1)
(('530', 'OPPOSITE OF'), 1)
(('184', 'INSIDE'), 1)
(('890', 'FRONT OF'), 1)
(('429', ''), 1)
(('291', 'OPPOSITE OF'), 1)
(('667', 'FRONT OF'), 1)
(('180', 'REAR OF'), 1)
(('707', ' '), 1)
(('796', 'FRONT OF'), 1)
(('121', 'FRONT OF'), 1)
(('787', 'INSIDE'), 1)
(('557', 'OPPOSITE OF'), 1)
(('500', ' '), 1)
(('874', 'OPPOSITE OF'), 1)
(('813', 'INSIDE'), 1)
(('860', 'FRONT OF'), 1)
(('544', ' '), 1)
(('853', 'REAR OF'), 1)
(('561', 'FRONT OF'), 1)
(('166', 'OPPOSITE OF'), 1)
(('574', 'REAR OF'), 1)
(('351', ' '), 1)
(('395', ' '), 1)
(('772', 'REAR OF'), 1)
(('275', 'OPPOSITE OF'), 1)
(('669', 'FRONT OF'), 1)
(('476', 'REAR OF'), 1)
(('885', ''), 1)
(('784', 'INSIDE'), 1)
(('780', 'REAR OF'), 1)
(('588', 'FRONT OF'), 1)
(('685', 'INSIDE'), 1)
(('890', 'INSIDE'), 1)
(('662', 'OPPOSITE OF'), 1)
(('148', 'FRONT OF'), 1)
(('595', 'REAR OF'), 1)
(('688', 'OPPOSITE OF'), 1)
(('375', 'REAR OF'), 1)
(('186', 'REAR OF'), 1)
(('737', ''), 1)
(('146', 'INSIDE'), 1)
(('705', ' '), 1)
(('644', 'OPPOSITE OF'), 1)
(('396', 'OPPOSITE OF'), 1)
(('427', ''), 1)
(('427', 'FRONT OF'), 1)
(('553', ''), 1)
(('864', 'INSIDE'), 1)
(('727', 'REAR OF'), 1)
(('384', ' '), 1)
(('797', 'OPPOSITE OF'), 1)
(('820', 'INSIDE'), 1)
(('299', ''), 1)
(('708', ' '), 1)
(('796', 'REAR OF'), 1)
(('327', 'INSIDE'), 1)
(('111', ' '), 1)
(('176', 'REAR OF'), 1)
(('840', ''), 1)
(('762', 'OPPOSITE OF'), 1)
(('890', 'OPPOSITE OF'), 1)
(('143', 'INSIDE'), 1)
(('779', ' '), 1)
(('798', 'FRONT OF'), 1)
(('379', 'OPPOSITE OF'), 1)
(('775', 'OPPOSITE OF'), 1)
(('811', 'REAR OF'), 1)
(('343', ' '), 1)
(('696', 'FRONT OF'), 1)
(('766', ''), 1)
(('786', 'INSIDE'), 1)
(('841', 'REAR OF'), 1)
(('513', 'INSIDE'), 1)
(('880', 'OPPOSITE OF'), 1)
(('839', 'OPPOSITE OF'), 1)
(('595', 'FRONT OF'), 1)
(('619', 'OPPOSITE OF'), 1)
(('647', 'REAR OF'), 1)
(('821', 'FRONT OF'), 1)
(('595', ''), 1)
(('719', 'REAR OF'), 1)
(('329', 'OPPOSITE OF'), 1)
(('696', ''), 1)
(('618', 'INSIDE'), 1)
(('844', 'OPPOSITE OF'), 1)
(('585', 'OPPOSITE OF'), 1)
(('746', 'REAR OF'), 1)
(('533', ''), 1)
(('627', ''), 1)
(('574', 'INSIDE'), 1)
(('594', 'FRONT OF'), 1)
(('866', 'INSIDE'), 1)
(('826', 'REAR OF'), 1)
(('864', 'FRONT OF'), 1)
(('683', 'OPPOSITE OF'), 1)
(('711', 'OPPOSITE OF'), 1)
(('475', 'INSIDE'), 1)
(('107', 'FRONT OF'), 1)
(('365', 'REAR OF'), 1)
(('303', 'REAR OF'), 1)
(('117', ' '), 1)
