(('101', 'BROOKLYN'), 104700)
(('638', 'BROOKLYN'), 82983)
(('101', 'QUEENS'), 72284)
(('333', 'MANHATTAN'), 67165)
(('101', 'BRONX'), 66378)
(('101', 'MANHATTAN'), 63421)
(('338', 'MANHATTAN'), 62358)
(('638', 'QUEENS'), 60978)
(('639', 'BROOKLYN'), 60968)
(('254', 'BROOKLYN'), 53586)
(('321', 'BROOKLYN'), 53388)
(('338', 'BROOKLYN'), 50901)
(('438', 'MANHATTAN'), 49290)
(('637', 'BROOKLYN'), 47791)
(('638', 'MANHATTAN'), 46057)
(('639', 'QUEENS'), 44358)
(('638', 'BRONX'), 44113)
(('254', 'QUEENS'), 42809)
(('333', 'BROOKLYN'), 40619)
(('109', 'BROOKLYN'), 40224)
(('639', 'MANHATTAN'), 40126)
(('321', 'QUEENS'), 38973)
(('567', 'BRONX'), 38146)
(('567', 'BROOKLYN'), 37656)
(('254', 'BRONX'), 37292)
(('259', 'BROOKLYN'), 37212)
(('639', 'BRONX'), 36787)
(('637', 'MANHATTAN'), 34320)
(('321', 'BRONX'), 34055)
(('333', 'QUEENS'), 33553)
(('637', 'QUEENS'), 33508)
(('338', 'QUEENS'), 29898)
(('637', 'BRONX'), 29449)
(('441', 'QUEENS'), 29208)
(('221', 'BROOKLYN'), 28459)
(('441', 'BROOKLYN'), 28205)
(('321', 'MANHATTAN'), 28086)
(('254', 'MANHATTAN'), 26523)
(('109', 'BRONX'), 26276)
(('338', 'BRONX'), 25214)
(('397', 'BROOKLYN'), 24591)
(('259', 'QUEENS'), 24528)
(('259', 'BRONX'), 24348)
(('109', 'QUEENS'), 24253)
(('221', 'QUEENS'), 23404)
(('567', 'MANHATTAN'), 22254)
(('258', 'BROOKLYN'), 21124)
(('438', 'BROOKLYN'), 21015)
(('333', 'BRONX'), 20713)
(('198', 'BROOKLYN'), 20469)
(('259', 'MANHATTAN'), 20455)
(('638', 'STATEN ISLAND'), 20217)
(('109', 'MANHATTAN'), 20153)
(('113', 'BROOKLYN'), 19153)
(('511', 'BROOKLYN'), 19109)
(('441', 'BRONX'), 18610)
(('511', 'BRONX'), 18465)
(('339', 'MANHATTAN'), 18433)
(('905', 'BROOKLYN'), 18399)
(('511', 'MANHATTAN'), 17998)
(('339', 'BROOKLYN'), 17985)
(('258', 'QUEENS'), 16656)
(('421', 'BROOKLYN'), 16026)
(('397', 'QUEENS'), 16003)
(('782', 'BRONX'), 14749)
(('438', 'QUEENS'), 14570)
(('205', 'MANHATTAN'), 14544)
(('905', 'QUEENS'), 14391)
(('221', 'BRONX'), 14368)
(('223', 'BROOKLYN'), 14100)
(('258', 'MANHATTAN'), 14013)
(('101', 'STATEN ISLAND'), 13771)
(('421', 'QUEENS'), 13228)
(('198', 'QUEENS'), 13218)
(('639', 'STATEN ISLAND'), 12992)
(('419', 'MANHATTAN'), 12540)
(('905', 'MANHATTAN'), 12478)
(('397', 'BRONX'), 12402)
(('782', 'BROOKLYN'), 12229)
(('339', 'QUEENS'), 12228)
(('405', 'MANHATTAN'), 11645)
(('397', 'MANHATTAN'), 11626)
(('113', 'BRONX'), 11335)
(('267', 'BROOKLYN'), 11225)
(('357', 'QUEENS'), 11175)
(('113', 'QUEENS'), 11157)
(('223', 'QUEENS'), 11145)
(('267', 'QUEENS'), 11109)
(('205', 'BRONX'), 10992)
(('343', 'BROOKLYN'), 10457)
(('782', 'QUEENS'), 10368)
(('729', 'MANHATTAN'), 10306)
(('254', 'STATEN ISLAND'), 10215)
(('343', 'MANHATTAN'), 10178)
(('916', 'BROOKLYN'), 9845)
(('782', 'MANHATTAN'), 9667)
(('221', 'MANHATTAN'), 9559)
(('793', 'BROOKLYN'), 9522)
(('357', 'BROOKLYN'), 9403)
(('739', 'MANHATTAN'), 9376)
(('269', 'BROOKLYN'), 9284)
(('259', 'STATEN ISLAND'), 9158)
(('349', 'QUEENS'), 9030)
(('419', 'BROOKLYN'), 8984)
(('739', 'BROOKLYN'), 8857)
(('357', 'BRONX'), 8810)
(('729', 'BROOKLYN'), 8577)
(('321', 'STATEN ISLAND'), 8506)
(('421', 'MANHATTAN'), 8438)
(('905', 'BRONX'), 8409)
(('637', 'STATEN ISLAND'), 8370)
(('349', 'BROOKLYN'), 8241)
(('438', 'BRONX'), 8240)
(('405', 'BROOKLYN'), 8128)
(('338', 'STATEN ISLAND'), 8054)
(('258', 'BRONX'), 7911)
(('439', 'MANHATTAN'), 7883)
(('205', 'BROOKLYN'), 7741)
(('113', 'MANHATTAN'), 7732)
(('750', 'BROOKLYN'), 7566)
(('269', 'QUEENS'), 7554)
(('916', 'QUEENS'), 7522)
(('441', 'MANHATTAN'), 7497)
(('386', 'BROOKLYN'), 7368)
(('421', 'BRONX'), 7344)
(('213', 'MANHATTAN'), 7270)
(('339', 'BRONX'), 7174)
(('433', 'MANHATTAN'), 7170)
(('739', 'QUEENS'), 6893)
(('729', 'QUEENS'), 6815)
(('223', 'BRONX'), 6646)
(('750', 'MANHATTAN'), 6490)
(('793', 'MANHATTAN'), 6462)
(('213', 'BROOKLYN'), 6459)
(('457', 'QUEENS'), 6301)
(('439', 'BROOKLYN'), 6243)
(('175', 'MANHATTAN'), 6216)
(('405', 'QUEENS'), 6141)
(('749', 'BRONX'), 6075)
(('333', 'STATEN ISLAND'), 6008)
(('759', 'BRONX'), 5969)
(('916', 'MANHATTAN'), 5849)
(('205', 'QUEENS'), 5808)
(('705', 'MANHATTAN'), 5798)
(('793', 'QUEENS'), 5766)
(('793', 'BRONX'), 5698)
(('175', 'BROOKLYN'), 5663)
(('759', 'BROOKLYN'), 5546)
(('419', 'QUEENS'), 5520)
(('224', 'BROOKLYN'), 5419)
(('749', 'QUEENS'), 5334)
(('922', 'BRONX'), 5222)
(('117', 'BROOKLYN'), 5182)
(('269', 'MANHATTAN'), 5127)
(('213', 'QUEENS'), 5109)
(('223', 'MANHATTAN'), 5086)
(('457', 'BROOKLYN'), 4991)
(('567', 'QUEENS'), 4922)
(('198', 'MANHATTAN'), 4907)
(('415', 'MANHATTAN'), 4889)
(('729', 'BRONX'), 4825)
(('386', 'BRONX'), 4676)
(('759', 'MANHATTAN'), 4601)
(('386', 'QUEENS'), 4571)
(('258', 'STATEN ISLAND'), 4519)
(('403', 'MANHATTAN'), 4400)
(('419', 'BRONX'), 4388)
(('490', 'BROOKLYN'), 4358)
(('224', 'QUEENS'), 4335)
(('211', 'MANHATTAN'), 4323)
(('490', 'MANHATTAN'), 4275)
(('905', 'STATEN ISLAND'), 4241)
(('739', 'BRONX'), 4237)
(('343', 'QUEENS'), 4203)
(('388', 'BROOKLYN'), 4170)
(('439', 'QUEENS'), 4165)
(('106', 'BROOKLYN'), 4156)
(('175', 'QUEENS'), 4123)
(('114', 'BROOKLYN'), 3978)
(('916', 'BRONX'), 3971)
(('511', 'QUEENS'), 3932)
(('105', 'BROOKLYN'), 3881)
(('267', 'MANHATTAN'), 3877)
(('749', 'MANHATTAN'), 3864)
(('503', 'BROOKLYN'), 3862)
(('462', 'QUEENS'), 3829)
(('750', 'BRONX'), 3801)
(('462', 'BROOKLYN'), 3606)
(('760', 'BROOKLYN'), 3566)
(('349', 'BRONX'), 3555)
(('213', 'BRONX'), 3527)
(('503', 'BRONX'), 3516)
(('106', 'BRONX'), 3484)
(('267', 'BRONX'), 3460)
(('748', 'BRONX'), 3443)
(('109', 'STATEN ISLAND'), 3438)
(('198', 'BRONX'), 3405)
(('707', 'BROOKLYN'), 3356)
(('681', 'BROOKLYN'), 3333)
(('349', 'MANHATTAN'), 3306)
(('718', 'MANHATTAN'), 3285)
(('441', 'STATEN ISLAND'), 3280)
(('106', 'MANHATTAN'), 3277)
(('211', 'BROOKLYN'), 3253)
(('399', 'BROOKLYN'), 3228)
(('749', 'BROOKLYN'), 3203)
(('405', 'BRONX'), 3174)
(('388', 'MANHATTAN'), 3167)
(('407', 'MANHATTAN'), 3157)
(('567', 'STATEN ISLAND'), 3146)
(('388', 'BRONX'), 3098)
(('490', 'QUEENS'), 3008)
(('386', 'MANHATTAN'), 2997)
(('403', 'BROOKLYN'), 2964)
(('922', 'QUEENS'), 2943)
(('878', 'BROOKLYN'), 2915)
(('412', 'MANHATTAN'), 2906)
(('117', 'QUEENS'), 2901)
(('792', 'BROOKLYN'), 2891)
(('503', 'MANHATTAN'), 2881)
(('511', 'STATEN ISLAND'), 2841)
(('406', 'MANHATTAN'), 2826)
(('269', 'BRONX'), 2824)
(('339', 'STATEN ISLAND'), 2789)
(('175', 'BRONX'), 2770)
(('749', 'STATEN ISLAND'), 2715)
(('411', 'MANHATTAN'), 2703)
(('114', 'BRONX'), 2694)
(('105', 'QUEENS'), 2692)
(('451', 'BROOKLYN'), 2662)
(('221', 'STATEN ISLAND'), 2657)
(('681', 'QUEENS'), 2636)
(('718', 'BROOKLYN'), 2632)
(('415', 'BROOKLYN'), 2592)
(('707', 'MANHATTAN'), 2571)
(('117', 'BRONX'), 2563)
(('412', 'BROOKLYN'), 2550)
(('760', 'MANHATTAN'), 2536)
(('748', 'MANHATTAN'), 2496)
(('439', 'BRONX'), 2492)
(('490', 'BRONX'), 2414)
(('267', 'STATEN ISLAND'), 2414)
(('478', 'BROOKLYN'), 2386)
(('384', 'BROOKLYN'), 2381)
(('403', 'QUEENS'), 2350)
(('401', 'MANHATTAN'), 2327)
(('478', 'MANHATTAN'), 2308)
(('661', 'MANHATTAN'), 2308)
(('106', 'QUEENS'), 2299)
(('301', 'MANHATTAN'), 2269)
(('157', 'BROOKLYN'), 2262)
(('748', 'QUEENS'), 2254)
(('313', 'MANHATTAN'), 2250)
(('500', 'MANHATTAN'), 2250)
(('878', 'QUEENS'), 2220)
(('438', 'STATEN ISLAND'), 2208)
(('114', 'QUEENS'), 2201)
(('203', 'QUEENS'), 2200)
(('416', 'MANHATTAN'), 2175)
(('421', 'STATEN ISLAND'), 2175)
(('224', 'MANHATTAN'), 2164)
(('105', 'BRONX'), 2156)
(('443', 'MANHATTAN'), 2144)
(('569', 'BRONX'), 2143)
(('681', 'BRONX'), 2122)
(('451', 'QUEENS'), 2118)
(('750', 'QUEENS'), 2078)
(('922', 'MANHATTAN'), 2049)
(('113', 'STATEN ISLAND'), 2034)
(('399', 'MANHATTAN'), 2020)
(('417', 'BROOKLYN'), 2005)
(('707', 'BRONX'), 1995)
(('357', 'MANHATTAN'), 1995)
(('224', 'BRONX'), 1980)
(('389', 'BROOKLYN'), 1975)
(('718', 'QUEENS'), 1970)
(('494', 'MANHATTAN'), 1970)
(('451', 'MANHATTAN'), 1959)
(('424', 'MANHATTAN'), 1950)
(('500', 'BRONX'), 1939)
(('117', 'MANHATTAN'), 1917)
(('457', 'BRONX'), 1915)
(('782', 'STATEN ISLAND'), 1901)
(('503', 'QUEENS'), 1897)
(('115', 'BROOKLYN'), 1884)
(('705', 'BRONX'), 1877)
(('307', 'MANHATTAN'), 1876)
(('759', 'QUEENS'), 1862)
(('404', 'BROOKLYN'), 1858)
(('569', 'MANHATTAN'), 1843)
(('115', 'BRONX'), 1815)
(('500', 'BROOKLYN'), 1808)
(('433', 'QUEENS'), 1801)
(('478', 'QUEENS'), 1800)
(('739', 'STATEN ISLAND'), 1783)
(('115', 'MANHATTAN'), 1778)
(('231', 'BROOKLYN'), 1746)
(('398', 'BROOKLYN'), 1729)
(('399', 'QUEENS'), 1710)
(('569', 'BROOKLYN'), 1700)
(('214', 'MANHATTAN'), 1693)
(('433', 'BROOKLYN'), 1688)
(('466', 'MANHATTAN'), 1681)
(('384', 'QUEENS'), 1680)
(('707', 'QUEENS'), 1662)
(('269', 'STATEN ISLAND'), 1660)
(('349', 'STATEN ISLAND'), 1654)
(('388', 'QUEENS'), 1645)
(('211', 'BRONX'), 1630)
(('779', 'BRONX'), 1622)
(('157', 'MANHATTAN'), 1616)
(('157', 'QUEENS'), 1608)
(('521', 'BRONX'), 1596)
(('223', 'STATEN ISLAND'), 1579)
(('705', 'BROOKLYN'), 1539)
(('211', 'QUEENS'), 1522)
(('105', 'MANHATTAN'), 1520)
(('748', 'BROOKLYN'), 1514)
(('231', 'MANHATTAN'), 1504)
(('462', 'BRONX'), 1487)
(('417', 'MANHATTAN'), 1485)
(('461', 'BROOKLYN'), 1483)
(('198', 'STATEN ISLAND'), 1480)
(('494', 'BROOKLYN'), 1466)
(('661', 'BROOKLYN'), 1433)
(('301', 'BROOKLYN'), 1431)
(('681', 'MANHATTAN'), 1430)
(('401', 'BROOKLYN'), 1424)
(('415', 'QUEENS'), 1414)
(('114', 'MANHATTAN'), 1407)
(('399', 'BRONX'), 1399)
(('566', 'BROOKLYN'), 1399)
(('268', 'QUEENS'), 1395)
(('397', 'STATEN ISLAND'), 1390)
(('410', 'MANHATTAN'), 1361)
(('792', 'BRONX'), 1360)
(('566', 'MANHATTAN'), 1359)
(('462', 'MANHATTAN'), 1350)
(('157', 'BRONX'), 1330)
(('478', 'BRONX'), 1325)
(('718', 'BRONX'), 1322)
(('412', 'QUEENS'), 1307)
(('475', 'MANHATTAN'), 1305)
(('404', 'MANHATTAN'), 1290)
(('422', 'BROOKLYN'), 1290)
(('384', 'MANHATTAN'), 1283)
(('115', 'QUEENS'), 1280)
(('389', 'BRONX'), 1275)
(('403', 'BRONX'), 1274)
(('661', 'QUEENS'), 1262)
(('382', 'BROOKLYN'), 1259)
(('398', 'MANHATTAN'), 1253)
(('417', 'QUEENS'), 1250)
(('313', 'BROOKLYN'), 1248)
(('263', 'BRONX'), 1244)
(('878', 'BRONX'), 1233)
(('792', 'QUEENS'), 1232)
(('407', 'BROOKLYN'), 1228)
(('424', 'BROOKLYN'), 1227)
(('425', 'BROOKLYN'), 1196)
(('415', 'BRONX'), 1187)
(('649', 'MANHATTAN'), 1178)
(('725', 'BROOKLYN'), 1177)
(('425', 'QUEENS'), 1175)
(('422', 'QUEENS'), 1151)
(('203', 'MANHATTAN'), 1149)
(('343', 'BRONX'), 1144)
(('214', 'BROOKLYN'), 1141)
(('443', 'BROOKLYN'), 1121)
(('760', 'QUEENS'), 1104)
(('422', 'MANHATTAN'), 1072)
(('424', 'QUEENS'), 1071)
(('305', 'QUEENS'), 1068)
(('382', 'BRONX'), 1061)
(('500', 'QUEENS'), 1060)
(('404', 'BRONX'), 1058)
(('305', 'BROOKLYN'), 1055)
(('313', 'QUEENS'), 1049)
(('384', 'BRONX'), 1047)
(('461', 'QUEENS'), 1042)
(('451', 'BRONX'), 1040)
(('718', 'STATEN ISLAND'), 1038)
(('301', 'QUEENS'), 1037)
(('213', 'STATEN ISLAND'), 1036)
(('203', 'BROOKLYN'), 1033)
(('412', 'BRONX'), 1028)
(('305', 'MANHATTAN'), 1027)
(('809', 'BRONX'), 1025)
(('233', 'BROOKLYN'), 1014)
(('398', 'BRONX'), 1012)
(('462', 'STATEN ISLAND'), 1001)
(('705', 'QUEENS'), 1000)
(('263', 'BROOKLYN'), 997)
(('256', 'BRONX'), 992)
(('494', 'QUEENS'), 992)
(('793', 'STATEN ISLAND'), 990)
(('361', 'MANHATTAN'), 985)
(('256', 'BROOKLYN'), 980)
(('760', 'BRONX'), 974)
(('404', 'QUEENS'), 972)
(('407', 'QUEENS'), 972)
(('515', 'BROOKLYN'), 970)
(('847', 'BROOKLYN'), 959)
(('418', 'MANHATTAN'), 958)
(('405', 'STATEN ISLAND'), 953)
(('268', 'BROOKLYN'), 952)
(('410', 'BROOKLYN'), 942)
(('402', 'MANHATTAN'), 941)
(('515', 'BRONX'), 938)
(('723', 'BROOKLYN'), 937)
(('205', 'STATEN ISLAND'), 930)
(('420', 'BROOKLYN'), 928)
(('214', 'QUEENS'), 918)
(('389', 'QUEENS'), 912)
(('401', 'QUEENS'), 880)
(('301', 'BRONX'), 879)
(('417', 'BRONX'), 874)
(('303', 'BROOKLYN'), 874)
(('521', 'BROOKLYN'), 870)
(('389', 'MANHATTAN'), 868)
(('307', 'QUEENS'), 866)
(('649', 'QUEENS'), 864)
(('273', 'MANHATTAN'), 856)
(('303', 'MANHATTAN'), 845)
(('425', 'MANHATTAN'), 839)
(('307', 'BROOKLYN'), 837)
(('750', 'STATEN ISLAND'), 836)
(('916', 'STATEN ISLAND'), 825)
(('521', 'MANHATTAN'), 818)
(('367', 'MANHATTAN'), 817)
(('382', 'QUEENS'), 816)
(('168', 'BROOKLYN'), 814)
(('413', 'MANHATTAN'), 809)
(('649', 'BROOKLYN'), 809)
(('390', 'BROOKLYN'), 803)
(('402', 'QUEENS'), 799)
(('640', 'BROOKLYN'), 793)
(('725', 'QUEENS'), 787)
(('179', 'BROOKLYN'), 784)
(('256', 'QUEENS'), 784)
(('402', 'BROOKLYN'), 783)
(('661', 'BRONX'), 780)
(('203', 'BRONX'), 775)
(('418', 'BROOKLYN'), 772)
(('398', 'QUEENS'), 768)
(('748', 'STATEN ISLAND'), 764)
(('209', 'MANHATTAN'), 764)
(('243', 'QUEENS'), 764)
(('420', 'QUEENS'), 763)
(('922', 'BROOKLYN'), 747)
(('401', 'BRONX'), 743)
(('243', 'BROOKLYN'), 741)
(('303', 'QUEENS'), 741)
(('256', 'MANHATTAN'), 733)
(('233', 'QUEENS'), 733)
(('377', 'BROOKLYN'), 726)
(('414', 'BRONX'), 725)
(('170', 'BROOKLYN'), 721)
(('313', 'BRONX'), 718)
(('501', 'BRONX'), 717)
(('263', 'MANHATTAN'), 717)
(('847', 'BRONX'), 715)
(('231', 'QUEENS'), 703)
(('390', 'BRONX'), 700)
(('367', 'BROOKLYN'), 696)
(('723', 'QUEENS'), 693)
(('114', 'STATEN ISLAND'), 692)
(('878', 'MANHATTAN'), 689)
(('510', 'BROOKLYN'), 689)
(('490', 'STATEN ISLAND'), 688)
(('566', 'BRONX'), 685)
(('729', 'STATEN ISLAND'), 683)
(('792', 'MANHATTAN'), 682)
(('117', 'STATEN ISLAND'), 679)
(('461', 'BRONX'), 679)
(('407', 'BRONX'), 676)
(('640', 'MANHATTAN'), 676)
(('568', 'BROOKLYN'), 665)
(('723', 'MANHATTAN'), 663)
(('305', 'BRONX'), 661)
(('409', 'MANHATTAN'), 657)
(('168', 'MANHATTAN'), 653)
(('510', 'MANHATTAN'), 652)
(('494', 'BRONX'), 643)
(('649', 'BRONX'), 641)
(('569', 'QUEENS'), 641)
(('515', 'MANHATTAN'), 637)
(('409', 'QUEENS'), 636)
(('410', 'QUEENS'), 634)
(('209', 'BROOKLYN'), 633)
(('413', 'QUEENS'), 632)
(('406', 'BROOKLYN'), 626)
(('231', 'BRONX'), 625)
(('408', 'MANHATTAN'), 621)
(('303', 'BRONX'), 621)
(('568', 'BRONX'), 616)
(('264', 'BROOKLYN'), 602)
(('382', 'MANHATTAN'), 602)
(('335', 'BROOKLYN'), 587)
(('414', 'BROOKLYN'), 584)
(('263', 'QUEENS'), 583)
(('759', 'STATEN ISLAND'), 580)
(('501', 'MANHATTAN'), 572)
(('268', 'MANHATTAN'), 567)
(('437', 'MANHATTAN'), 563)
(('420', 'MANHATTAN'), 559)
(('501', 'BROOKLYN'), 548)
(('224', 'STATEN ISLAND'), 546)
(('392', 'BROOKLYN'), 545)
(('214', 'BRONX'), 544)
(('708', 'BROOKLYN'), 540)
(('510', 'BRONX'), 537)
(('503', 'STATEN ISLAND'), 535)
(('361', 'BROOKLYN'), 534)
(('413', 'BROOKLYN'), 531)
(('168', 'BRONX'), 531)
(('640', 'BRONX'), 530)
(('433', 'BRONX'), 529)
(('204', 'MANHATTAN'), 528)
(('409', 'BROOKLYN'), 527)
(('361', 'QUEENS'), 523)
(('408', 'BROOKLYN'), 521)
(('439', 'STATEN ISLAND'), 520)
(('390', 'QUEENS'), 519)
(('264', 'QUEENS'), 515)
(('640', 'QUEENS'), 513)
(('179', 'BRONX'), 510)
(('418', 'QUEENS'), 507)
(('170', 'QUEENS'), 503)
(('512', 'BROOKLYN'), 496)
(('461', 'MANHATTAN'), 493)
(('179', 'QUEENS'), 492)
(('168', 'QUEENS'), 491)
(('430', 'BROOKLYN'), 490)
(('386', 'STATEN ISLAND'), 487)
(('264', 'BRONX'), 486)
(('847', 'MANHATTAN'), 485)
(('307', 'BRONX'), 482)
(('175', 'STATEN ISLAND'), 482)
(('177', 'MANHATTAN'), 482)
(('707', 'STATEN ISLAND'), 482)
(('544', 'MANHATTAN'), 481)
(('416', 'BROOKLYN'), 474)
(('179', 'MANHATTAN'), 473)
(('744', 'MANHATTAN'), 471)
(('335', 'BRONX'), 470)
(('410', 'BRONX'), 470)
(('241', 'BROOKLYN'), 467)
(('430', 'MANHATTAN'), 462)
(('419', 'STATEN ISLAND'), 459)
(('411', 'BROOKLYN'), 457)
(('366', 'BROOKLYN'), 457)
(('153', 'QUEENS'), 448)
(('204', 'BROOKLYN'), 447)
(('406', 'QUEENS'), 446)
(('380', 'BROOKLYN'), 445)
(('512', 'BRONX'), 444)
(('437', 'BROOKLYN'), 443)
(('390', 'MANHATTAN'), 442)
(('209', 'QUEENS'), 441)
(('244', 'BROOKLYN'), 441)
(('461', 'STATEN ISLAND'), 440)
(('377', 'QUEENS'), 439)
(('244', 'QUEENS'), 439)
(('367', 'QUEENS'), 438)
(('243', 'BRONX'), 433)
(('725', 'BRONX'), 432)
(('512', 'MANHATTAN'), 431)
(('380', 'QUEENS'), 427)
(('508', 'BROOKLYN'), 426)
(('744', 'QUEENS'), 426)
(('211', 'STATEN ISLAND'), 425)
(('243', 'MANHATTAN'), 424)
(('809', 'BROOKLYN'), 423)
(('233', 'BRONX'), 422)
(('106', 'STATEN ISLAND'), 421)
(('201', 'QUEENS'), 420)
(('199', 'QUEENS'), 416)
(('170', 'MANHATTAN'), 415)
(('493', 'BROOKLYN'), 415)
(('412', 'STATEN ISLAND'), 414)
(('181', 'BROOKLYN'), 413)
(('708', 'MANHATTAN'), 412)
(('809', 'MANHATTAN'), 411)
(('422', 'BRONX'), 408)
(('159', 'BROOKLYN'), 408)
(('277', 'BROOKLYN'), 404)
(('170', 'BRONX'), 404)
(('708', 'QUEENS'), 400)
(('177', 'BROOKLYN'), 400)
(('201', 'BROOKLYN'), 398)
(('414', 'MANHATTAN'), 396)
(('233', 'MANHATTAN'), 395)
(('442', 'BROOKLYN'), 392)
(('566', 'QUEENS'), 392)
(('489', 'BROOKLYN'), 391)
(('683', 'QUEENS'), 390)
(('681', 'STATEN ISLAND'), 388)
(('501', 'QUEENS'), 388)
(('105', 'STATEN ISLAND'), 386)
(('408', 'QUEENS'), 381)
(('725', 'MANHATTAN'), 380)
(('847', 'QUEENS'), 375)
(('489', 'MANHATTAN'), 372)
(('204', 'BRONX'), 366)
(('502', 'MANHATTAN'), 363)
(('241', 'QUEENS'), 361)
(('375', 'MANHATTAN'), 358)
(('153', 'BROOKLYN'), 358)
(('500', 'STATEN ISLAND'), 356)
(('204', 'QUEENS'), 355)
(('779', 'MANHATTAN'), 355)
(('335', 'MANHATTAN'), 353)
(('335', 'QUEENS'), 348)
(('878', 'STATEN ISLAND'), 348)
(('475', 'BRONX'), 347)
(('430', 'QUEENS'), 347)
(('418', 'BRONX'), 346)
(('273', 'BROOKLYN'), 345)
(('391', 'BROOKLYN'), 345)
(('197', 'BROOKLYN'), 345)
(('493', 'QUEENS'), 343)
(('455', 'QUEENS'), 342)
(('159', 'MANHATTAN'), 342)
(('457', 'MANHATTAN'), 341)
(('515', 'QUEENS'), 341)
(('155', 'BRONX'), 340)
(('153', 'BRONX'), 339)
(('155', 'QUEENS'), 337)
(('442', 'QUEENS'), 336)
(('478', 'STATEN ISLAND'), 333)
(('596', 'MANHATTAN'), 332)
(('433', 'STATEN ISLAND'), 330)
(('201', 'MANHATTAN'), 329)
(('392', 'QUEENS'), 328)
(('455', 'BROOKLYN'), 327)
(('505', 'BRONX'), 326)
(('568', 'MANHATTAN'), 325)
(('544', 'BRONX'), 325)
(('568', 'QUEENS'), 323)
(('408', 'BRONX'), 321)
(('437', 'QUEENS'), 318)
(('115', 'STATEN ISLAND'), 316)
(('273', 'BRONX'), 308)
(('367', 'BRONX'), 305)
(('508', 'MANHATTAN'), 304)
(('424', 'BRONX'), 304)
(('425', 'BRONX'), 303)
(('199', 'BROOKLYN'), 303)
(('159', 'QUEENS'), 302)
(('723', 'BRONX'), 302)
(('177', 'QUEENS'), 299)
(('402', 'BRONX'), 299)
(('414', 'QUEENS'), 299)
(('256', 'STATEN ISLAND'), 298)
(('391', 'MANHATTAN'), 297)
(('377', 'MANHATTAN'), 296)
(('392', 'BRONX'), 296)
(('510', 'QUEENS'), 296)
(('181', 'BRONX'), 294)
(('181', 'MANHATTAN'), 293)
(('544', 'BROOKLYN'), 290)
(('268', 'BRONX'), 290)
(('505', 'MANHATTAN'), 286)
(('347', 'BRONX'), 282)
(('183', 'BROOKLYN'), 281)
(('420', 'BRONX'), 280)
(('234', 'BROOKLYN'), 276)
(('366', 'QUEENS'), 276)
(('411', 'QUEENS'), 275)
(('708', 'BRONX'), 275)
(('493', 'BRONX'), 274)
(('343', 'STATEN ISLAND'), 274)
(('241', 'MANHATTAN'), 271)
(('181', 'QUEENS'), 270)
(('505', 'BROOKLYN'), 269)
(('508', 'BRONX'), 268)
(('271', 'MANHATTAN'), 267)
(('643', 'BROOKLYN'), 266)
(('361', 'BRONX'), 266)
(('848', 'MANHATTAN'), 263)
(('391', 'BRONX'), 263)
(('155', 'BROOKLYN'), 261)
(('377', 'BRONX'), 259)
(('380', 'BRONX'), 258)
(('403', 'STATEN ISLAND'), 258)
(('347', 'BROOKLYN'), 258)
(('848', 'BRONX'), 257)
(('507', 'BROOKLYN'), 257)
(('521', 'QUEENS'), 255)
(('432', 'BROOKLYN'), 255)
(('507', 'MANHATTAN'), 250)
(('569', 'STATEN ISLAND'), 249)
(('391', 'QUEENS'), 249)
(('779', 'BROOKLYN'), 249)
(('379', 'QUEENS'), 248)
(('191', 'BROOKLYN'), 246)
(('625', 'BROOKLYN'), 244)
(('357', 'STATEN ISLAND'), 244)
(('437', 'BRONX'), 242)
(('406', 'BRONX'), 242)
(('731', 'BRONX'), 241)
(('907', 'MANHATTAN'), 240)
(('177', 'BRONX'), 237)
(('502', 'BROOKLYN'), 234)
(('413', 'BRONX'), 232)
(('244', 'MANHATTAN'), 230)
(('643', 'BRONX'), 230)
(('301', 'STATEN ISLAND'), 228)
(('203', 'STATEN ISLAND'), 227)
(('570', 'BROOKLYN'), 227)
(('489', 'QUEENS'), 223)
(('455', 'BRONX'), 223)
(('430', 'BRONX'), 222)
(('110', 'BROOKLYN'), 222)
(('512', 'QUEENS'), 222)
(('366', 'BRONX'), 221)
(('366', 'MANHATTAN'), 221)
(('396', 'MANHATTAN'), 220)
(('416', 'QUEENS'), 219)
(('157', 'STATEN ISLAND'), 216)
(('730', 'BROOKLYN'), 215)
(('493', 'MANHATTAN'), 213)
(('652', 'BRONX'), 213)
(('244', 'BRONX'), 213)
(('802', 'BRONX'), 211)
(('426', 'MANHATTAN'), 210)
(('277', 'BRONX'), 210)
(('197', 'QUEENS'), 210)
(('705', 'STATEN ISLAND'), 207)
(('435', 'BROOKLYN'), 206)
(('153', 'MANHATTAN'), 206)
(('375', 'BROOKLYN'), 205)
(('193', 'BROOKLYN'), 202)
(('399', 'STATEN ISLAND'), 201)
(('112', 'BROOKLYN'), 201)
(('111', 'BROOKLYN'), 201)
(('489', 'BRONX'), 198)
(('443', 'QUEENS'), 198)
(('428', 'BROOKLYN'), 196)
(('273', 'QUEENS'), 195)
(('409', 'BRONX'), 194)
(('502', 'BRONX'), 194)
(('451', 'STATEN ISLAND'), 190)
(('159', 'BRONX'), 189)
(('428', 'QUEENS'), 189)
(('570', 'BRONX'), 189)
(('307', 'STATEN ISLAND'), 189)
(('241', 'BRONX'), 188)
(('731', 'MANHATTAN'), 188)
(('508', 'QUEENS'), 187)
(('347', 'QUEENS'), 187)
(('918', 'BRONX'), 180)
(('263', 'STATEN ISLAND'), 179)
(('277', 'QUEENS'), 178)
(('234', 'QUEENS'), 178)
(('464', 'MANHATTAN'), 176)
(('209', 'BRONX'), 175)
(('183', 'BRONX'), 175)
(('389', 'STATEN ISLAND'), 174)
(('730', 'BRONX'), 174)
(('197', 'BRONX'), 174)
(('847', 'STATEN ISLAND'), 173)
(('402', 'STATEN ISLAND'), 172)
(('155', 'MANHATTAN'), 172)
(('625', 'MANHATTAN'), 172)
(('442', 'BRONX'), 172)
(('432', 'MANHATTAN'), 171)
(('396', 'BROOKLYN'), 168)
(('428', 'MANHATTAN'), 167)
(('450', 'MANHATTAN'), 166)
(('505', 'QUEENS'), 166)
(('644', 'MANHATTAN'), 164)
(('435', 'MANHATTAN'), 164)
(('514', 'MANHATTAN'), 163)
(('431', 'MANHATTAN'), 162)
(('422', 'STATEN ISLAND'), 162)
(('730', 'MANHATTAN'), 162)
(('652', 'BROOKLYN'), 162)
(('183', 'QUEENS'), 161)
(('724', 'BROOKLYN'), 161)
(('683', 'BROOKLYN'), 160)
(('502', 'QUEENS'), 159)
(('404', 'STATEN ISLAND'), 158)
(('360', 'MANHATTAN'), 158)
(('411', 'BRONX'), 158)
(('918', 'BROOKLYN'), 157)
(('565', 'BRONX'), 157)
(('183', 'MANHATTAN'), 157)
(('305', 'STATEN ISLAND'), 156)
(('303', 'STATEN ISLAND'), 155)
(('761', 'MANHATTAN'), 155)
(('110', 'BRONX'), 155)
(('379', 'BROOKLYN'), 154)
(('507', 'QUEENS'), 154)
(('764', 'MANHATTAN'), 154)
(('640', 'STATEN ISLAND'), 153)
(('731', 'BROOKLYN'), 151)
(('392', 'MANHATTAN'), 151)
(('401', 'STATEN ISLAND'), 150)
(('111', 'BRONX'), 149)
(('521', 'STATEN ISLAND'), 149)
(('507', 'BRONX'), 148)
(('384', 'STATEN ISLAND'), 147)
(('772', 'MANHATTAN'), 146)
(('683', 'BRONX'), 146)
(('424', 'STATEN ISLAND'), 144)
(('570', 'MANHATTAN'), 144)
(('761', 'BROOKLYN'), 144)
(('271', 'BROOKLYN'), 143)
(('514', 'BROOKLYN'), 142)
(('266', 'BROOKLYN'), 141)
(('519', 'BRONX'), 140)
(('792', 'STATEN ISLAND'), 140)
(('234', 'BRONX'), 139)
(('395', 'QUEENS'), 139)
(('199', 'MANHATTAN'), 139)
(('661', 'STATEN ISLAND'), 139)
(('388', 'STATEN ISLAND'), 139)
(('744', 'BRONX'), 138)
(('214', 'STATEN ISLAND'), 138)
(('435', 'BRONX'), 138)
(('407', 'STATEN ISLAND'), 138)
(('509', 'MANHATTAN'), 136)
(('264', 'MANHATTAN'), 136)
(('277', 'MANHATTAN'), 136)
(('191', 'BRONX'), 136)
(('426', 'BROOKLYN'), 136)
(('724', 'QUEENS'), 135)
(('514', 'BRONX'), 135)
(('647', 'MANHATTAN'), 135)
(('457', 'STATEN ISLAND'), 135)
(('450', 'BROOKLYN'), 134)
(('625', 'BRONX'), 134)
(('760', 'STATEN ISLAND'), 134)
(('347', 'MANHATTAN'), 132)
(('665', 'BROOKLYN'), 132)
(('111', 'MANHATTAN'), 132)
(('425', 'STATEN ISLAND'), 132)
(('643', 'MANHATTAN'), 132)
(('432', 'BRONX'), 131)
(('802', 'BROOKLYN'), 131)
(('197', 'MANHATTAN'), 130)
(('779', 'QUEENS'), 130)
(('432', 'QUEENS'), 130)
(('201', 'BRONX'), 129)
(('380', 'MANHATTAN'), 129)
(('510', 'STATEN ISLAND'), 128)
(('727', 'MANHATTAN'), 128)
(('649', 'STATEN ISLAND'), 127)
(('375', 'QUEENS'), 126)
(('509', 'BROOKLYN'), 125)
(('918', 'MANHATTAN'), 124)
(('907', 'BROOKLYN'), 124)
(('644', 'BROOKLYN'), 123)
(('379', 'BRONX'), 122)
(('808', 'BROOKLYN'), 122)
(('665', 'QUEENS'), 121)
(('494', 'STATEN ISLAND'), 120)
(('761', 'QUEENS'), 120)
(('727', 'QUEENS'), 119)
(('764', 'QUEENS'), 119)
(('170', 'STATEN ISLAND'), 118)
(('455', 'MANHATTAN'), 117)
(('191', 'MANHATTAN'), 117)
(('442', 'MANHATTAN'), 117)
(('110', 'QUEENS'), 116)
(('179', 'STATEN ISLAND'), 116)
(('475', 'BROOKLYN'), 116)
(('548', 'BROOKLYN'), 115)
(('730', 'QUEENS'), 115)
(('110', 'MANHATTAN'), 114)
(('788', 'BRONX'), 114)
(('426', 'QUEENS'), 113)
(('466', 'QUEENS'), 113)
(('382', 'STATEN ISLAND'), 112)
(('724', 'MANHATTAN'), 112)
(('802', 'MANHATTAN'), 112)
(('907', 'QUEENS'), 111)
(('410', 'STATEN ISLAND'), 111)
(('665', 'MANHATTAN'), 111)
(('435', 'QUEENS'), 111)
(('199', 'BRONX'), 110)
(('501', 'STATEN ISLAND'), 110)
(('644', 'QUEENS'), 109)
(('193', 'BRONX'), 109)
(('341', 'QUEENS'), 107)
(('596', 'BROOKLYN'), 107)
(('313', 'STATEN ISLAND'), 107)
(('191', 'QUEENS'), 107)
(('271', 'BRONX'), 106)
(('193', 'QUEENS'), 105)
(('201', 'STATEN ISLAND'), 105)
(('570', 'QUEENS'), 105)
(('727', 'BROOKLYN'), 103)
(('396', 'BRONX'), 103)
(('383', 'BROOKLYN'), 103)
(('479', 'MANHATTAN'), 102)
(('350', 'BROOKLYN'), 102)
(('918', 'QUEENS'), 101)
(('809', 'QUEENS'), 101)
(('466', 'BROOKLYN'), 101)
(('417', 'STATEN ISLAND'), 100)
(('390', 'STATEN ISLAND'), 99)
(('519', 'MANHATTAN'), 99)
(('652', 'MANHATTAN'), 99)
(('841', 'MANHATTAN'), 98)
(('233', 'STATEN ISLAND'), 98)
(('596', 'QUEENS'), 98)
(('341', 'BROOKLYN'), 97)
(('360', 'BROOKLYN'), 96)
(('111', 'QUEENS'), 95)
(('112', 'MANHATTAN'), 95)
(('395', 'BROOKLYN'), 95)
(('922', 'STATEN ISLAND'), 94)
(('112', 'BRONX'), 94)
(('441', ''), 94)
(('266', 'QUEENS'), 94)
(('848', 'BROOKLYN'), 93)
(('466', 'BRONX'), 93)
(('168', 'STATEN ISLAND'), 92)
(('264', 'STATEN ISLAND'), 91)
(('363', 'QUEENS'), 91)
(('415', 'STATEN ISLAND'), 91)
(('781', 'BROOKLYN'), 89)
(('498', 'BROOKLYN'), 89)
(('724', 'BRONX'), 89)
(('514', 'QUEENS'), 87)
(('180', 'QUEENS'), 86)
(('695', 'BRONX'), 86)
(('341', 'MANHATTAN'), 86)
(('420', 'STATEN ISLAND'), 86)
(('351', 'BROOKLYN'), 86)
(('341', 'BRONX'), 85)
(('418', 'STATEN ISLAND'), 85)
(('475', 'QUEENS'), 85)
(('377', 'STATEN ISLAND'), 84)
(('477', 'BROOKLYN'), 84)
(('703', 'BROOKLYN'), 83)
(('659', 'BRONX'), 83)
(('744', 'BROOKLYN'), 83)
(('509', 'BRONX'), 82)
(('520', 'BROOKLYN'), 82)
(('428', 'BRONX'), 81)
(('695', 'BROOKLYN'), 81)
(('112', 'QUEENS'), 81)
(('193', 'MANHATTAN'), 80)
(('331', 'MANHATTAN'), 80)
(('363', 'BROOKLYN'), 80)
(('826', 'BRONX'), 79)
(('665', 'BRONX'), 79)
(('703', 'QUEENS'), 78)
(('395', 'BRONX'), 77)
(('862', 'MANHATTAN'), 77)
(('520', 'MANHATTAN'), 76)
(('234', 'MANHATTAN'), 76)
(('271', 'QUEENS'), 76)
(('879', 'MANHATTAN'), 76)
(('363', 'MANHATTAN'), 75)
(('204', 'STATEN ISLAND'), 75)
(('708', 'STATEN ISLAND'), 74)
(('394', 'BRONX'), 73)
(('725', 'STATEN ISLAND'), 73)
(('899', 'MANHATTAN'), 72)
(('880', 'MANHATTAN'), 72)
(('185', 'BROOKLYN'), 71)
(('430', 'STATEN ISLAND'), 71)
(('375', 'BRONX'), 71)
(('703', 'MANHATTAN'), 71)
(('647', 'QUEENS'), 70)
(('477', 'MANHATTAN'), 70)
(('610', 'BROOKLYN'), 70)
(('231', 'STATEN ISLAND'), 70)
(('243', 'STATEN ISLAND'), 69)
(('788', 'BROOKLYN'), 69)
(('371', 'BROOKLYN'), 68)
(('414', 'STATEN ISLAND'), 67)
(('360', 'QUEENS'), 67)
(('398', 'STATEN ISLAND'), 67)
(('853', 'MANHATTAN'), 67)
(('396', 'QUEENS'), 67)
(('548', 'MANHATTAN'), 66)
(('153', 'STATEN ISLAND'), 66)
(('659', 'MANHATTAN'), 66)
(('329', 'BRONX'), 65)
(('809', 'STATEN ISLAND'), 65)
(('770', 'MANHATTAN'), 65)
(('644', 'BRONX'), 64)
(('479', 'QUEENS'), 64)
(('907', 'BRONX'), 63)
(('848', 'QUEENS'), 63)
(('266', 'MANHATTAN'), 63)
(('647', 'BROOKLYN'), 63)
(('443', 'BRONX'), 63)
(('450', 'QUEENS'), 62)
(('849', 'MANHATTAN'), 62)
(('808', 'BRONX'), 62)
(('489', 'STATEN ISLAND'), 62)
(('879', 'QUEENS'), 62)
(('520', 'BRONX'), 62)
(('394', 'BROOKLYN'), 61)
(('185', 'BRONX'), 61)
(('565', 'BROOKLYN'), 61)
(('393', 'BROOKLYN'), 61)
(('164', 'QUEENS'), 60)
(('155', 'STATEN ISLAND'), 60)
(('789', 'BROOKLYN'), 60)
(('548', 'BRONX'), 60)
(('802', 'QUEENS'), 60)
(('367', 'STATEN ISLAND'), 60)
(('335', 'STATEN ISLAND'), 59)
(('515', 'STATEN ISLAND'), 59)
(('788', 'MANHATTAN'), 59)
(('524', 'MANHATTAN'), 59)
(('185', 'QUEENS'), 59)
(('180', 'BROOKLYN'), 59)
(('164', 'BRONX'), 59)
(('266', 'BRONX'), 58)
(('164', 'BROOKLYN'), 58)
(('512', 'STATEN ISLAND'), 58)
(('329', 'BROOKLYN'), 57)
(('361', 'STATEN ISLAND'), 57)
(('350', 'QUEENS'), 57)
(('695', 'QUEENS'), 57)
(('479', 'BRONX'), 56)
(('625', 'QUEENS'), 56)
(('277', 'STATEN ISLAND'), 56)
(('808', 'QUEENS'), 56)
(('268', 'STATEN ISLAND'), 56)
(('764', 'BRONX'), 56)
(('507', 'STATEN ISLAND'), 56)
(('879', 'BROOKLYN'), 55)
(('799', 'MANHATTAN'), 55)
(('508', 'STATEN ISLAND'), 55)
(('447', 'BROOKLYN'), 55)
(('659', 'QUEENS'), 55)
(('379', 'STATEN ISLAND'), 54)
(('812', 'MANHATTAN'), 54)
(('544', 'QUEENS'), 54)
(('166', 'BROOKLYN'), 54)
(('858', 'QUEENS'), 53)
(('174', 'BROOKLYN'), 53)
(('858', 'BROOKLYN'), 53)
(('329', 'QUEENS'), 53)
(('695', 'MANHATTAN'), 53)
(('104', 'MANHATTAN'), 52)
(('772', 'BROOKLYN'), 52)
(('761', 'BRONX'), 52)
(('643', 'QUEENS'), 52)
(('365', 'QUEENS'), 52)
(('365', 'BROOKLYN'), 51)
(('347', 'STATEN ISLAND'), 51)
(('411', 'STATEN ISLAND'), 51)
(('723', 'STATEN ISLAND'), 51)
(('477', 'QUEENS'), 51)
(('177', 'STATEN ISLAND'), 50)
(('781', 'BRONX'), 50)
(('674', 'MANHATTAN'), 50)
(('596', 'BRONX'), 50)
(('505', 'STATEN ISLAND'), 50)
(('164', 'MANHATTAN'), 49)
(('416', 'BRONX'), 49)
(('907', 'STATEN ISLAND'), 49)
(('185', 'MANHATTAN'), 49)
(('727', 'BRONX'), 48)
(('502', 'STATEN ISLAND'), 48)
(('566', 'STATEN ISLAND'), 48)
(('426', 'BRONX'), 48)
(('711', 'QUEENS'), 48)
(('812', 'BRONX'), 48)
(('764', 'BROOKLYN'), 48)
(('788', 'QUEENS'), 47)
(('387', 'BROOKLYN'), 47)
(('772', 'QUEENS'), 47)
(('360', 'BRONX'), 47)
(('209', 'STATEN ISLAND'), 46)
(('498', 'BRONX'), 46)
(('610', 'MANHATTAN'), 45)
(('174', 'BRONX'), 45)
(('799', 'BROOKLYN'), 45)
(('323', 'STATEN ISLAND'), 45)
(('409', 'STATEN ISLAND'), 44)
(('799', 'QUEENS'), 44)
(('762', 'BROOKLYN'), 44)
(('447', 'BRONX'), 44)
(('808', 'MANHATTAN'), 44)
(('380', 'STATEN ISLAND'), 43)
(('447', 'QUEENS'), 43)
(('174', 'MANHATTAN'), 43)
(('652', 'QUEENS'), 42)
(('187', 'BROOKLYN'), 42)
(('166', 'BRONX'), 42)
(('565', 'MANHATTAN'), 42)
(('524', 'BRONX'), 42)
(('696', 'QUEENS'), 41)
(('874', 'MANHATTAN'), 41)
(('434', 'MANHATTAN'), 41)
(('479', 'BROOKLYN'), 41)
(('363', 'BRONX'), 41)
(('477', 'BRONX'), 41)
(('383', 'BRONX'), 41)
(('799', 'BRONX'), 41)
(('434', 'BROOKLYN'), 41)
(('244', 'STATEN ISLAND'), 41)
(('350', 'MANHATTAN'), 41)
(('491', 'BROOKLYN'), 40)
(('531', 'BROOKLYN'), 40)
(('862', 'BROOKLYN'), 40)
(('568', 'STATEN ISLAND'), 40)
(('524', 'BROOKLYN'), 40)
(('724', 'STATEN ISLAND'), 39)
(('104', 'QUEENS'), 39)
(('385', 'BRONX'), 39)
(('371', 'BRONX'), 39)
(('711', 'BROOKLYN'), 39)
(('174', 'QUEENS'), 39)
(('688', 'BROOKLYN'), 38)
(('385', 'BROOKLYN'), 38)
(('351', 'MANHATTAN'), 38)
(('187', 'QUEENS'), 38)
(('464', 'BROOKLYN'), 38)
(('351', 'QUEENS'), 37)
(('659', 'BROOKLYN'), 37)
(('858', 'BRONX'), 37)
(('180', 'BRONX'), 37)
(('672', 'BRONX'), 37)
(('181', 'STATEN ISLAND'), 37)
(('731', 'QUEENS'), 36)
(('191', 'STATEN ISLAND'), 36)
(('849', 'BROOKLYN'), 36)
(('385', 'QUEENS'), 36)
(('395', 'STATEN ISLAND'), 36)
(('166', 'QUEENS'), 36)
(('719', 'MANHATTAN'), 35)
(('371', 'QUEENS'), 35)
(('762', 'BRONX'), 35)
(('329', 'MANHATTAN'), 35)
(('563', 'BROOKLYN'), 35)
(('383', 'QUEENS'), 35)
(('413', 'STATEN ISLAND'), 35)
(('394', 'QUEENS'), 35)
(('719', 'QUEENS'), 34)
(('779', 'STATEN ISLAND'), 34)
(('464', 'QUEENS'), 34)
(('159', 'STATEN ISLAND'), 34)
(('742', 'BRONX'), 34)
(('633', 'QUEENS'), 34)
(('563', 'BRONX'), 34)
(('509', 'QUEENS'), 34)
(('241', 'STATEN ISLAND'), 33)
(('104', 'BROOKLYN'), 33)
(('899', 'QUEENS'), 33)
(('826', 'MANHATTAN'), 33)
(('365', 'MANHATTAN'), 33)
(('703', 'STATEN ISLAND'), 33)
(('391', 'STATEN ISLAND'), 32)
(('683', 'MANHATTAN'), 32)
(('187', 'BRONX'), 32)
(('431', 'BROOKLYN'), 32)
(('672', 'BROOKLYN'), 32)
(('770', 'QUEENS'), 32)
(('387', 'MANHATTAN'), 32)
(('633', 'MANHATTAN'), 32)
(('176', 'MANHATTAN'), 32)
(('770', 'BROOKLYN'), 31)
(('789', 'BRONX'), 31)
(('393', 'QUEENS'), 31)
(('110', 'STATEN ISLAND'), 31)
(('742', 'BROOKLYN'), 31)
(('696', 'MANHATTAN'), 31)
(('537', 'MANHATTAN'), 30)
(('195', 'QUEENS'), 30)
(('183', 'STATEN ISLAND'), 30)
(('781', 'QUEENS'), 30)
(('450', 'BRONX'), 30)
(('383', 'MANHATTAN'), 30)
(('520', 'QUEENS'), 30)
(('112', 'STATEN ISLAND'), 30)
(('696', 'BROOKLYN'), 30)
(('594', 'MANHATTAN'), 30)
(('772', 'BRONX'), 29)
(('199', 'STATEN ISLAND'), 29)
(('442', 'STATEN ISLAND'), 29)
(('789', 'QUEENS'), 29)
(('742', 'MANHATTAN'), 29)
(('633', 'BROOKLYN'), 29)
(('509', 'STATEN ISLAND'), 29)
(('423', 'QUEENS'), 29)
(('858', 'MANHATTAN'), 29)
(('812', 'QUEENS'), 29)
(('104', 'BRONX'), 29)
(('789', 'MANHATTAN'), 29)
(('519', 'BROOKLYN'), 29)
(('849', 'QUEENS'), 28)
(('576', 'BROOKLYN'), 28)
(('594', 'BROOKLYN'), 28)
(('565', 'QUEENS'), 28)
(('688', 'QUEENS'), 28)
(('392', 'STATEN ISLAND'), 28)
(('812', 'BROOKLYN'), 28)
(('563', 'MANHATTAN'), 28)
(('261', 'QUEENS'), 28)
(('633', 'BRONX'), 28)
(('781', 'MANHATTAN'), 28)
(('197', 'STATEN ISLAND'), 27)
(('395', 'MANHATTAN'), 27)
(('762', 'QUEENS'), 27)
(('323', 'BROOKLYN'), 27)
(('674', 'BROOKLYN'), 27)
(('371', 'MANHATTAN'), 26)
(('323', 'MANHATTAN'), 26)
(('493', 'STATEN ISLAND'), 26)
(('176', 'BROOKLYN'), 26)
(('344', 'BROOKLYN'), 26)
(('703', 'BRONX'), 25)
(('762', 'MANHATTAN'), 25)
(('379', 'MANHATTAN'), 25)
(('293', 'BRONX'), 25)
(('406', 'STATEN ISLAND'), 25)
(('754', 'MANHATTAN'), 25)
(('696', 'BRONX'), 25)
(('645', 'BROOKLYN'), 25)
(('706', 'QUEENS'), 25)
(('879', 'BRONX'), 24)
(('491', 'BRONX'), 24)
(('788', 'STATEN ISLAND'), 24)
(('394', 'MANHATTAN'), 24)
(('594', 'QUEENS'), 24)
(('423', 'BROOKLYN'), 24)
(('166', 'MANHATTAN'), 24)
(('576', 'MANHATTAN'), 24)
(('187', 'MANHATTAN'), 24)
(('423', 'STATEN ISLAND'), 23)
(('387', 'BRONX'), 23)
(('672', 'MANHATTAN'), 23)
(('531', 'MANHATTAN'), 23)
(('817', 'BROOKLYN'), 23)
(('393', 'BRONX'), 23)
(('802', 'STATEN ISLAND'), 23)
(('818', 'BRONX'), 23)
(('455', 'STATEN ISLAND'), 23)
(('176', 'QUEENS'), 23)
(('498', 'QUEENS'), 23)
(('645', 'MANHATTAN'), 23)
(('434', 'QUEENS'), 23)
(('647', 'BRONX'), 23)
(('387', 'QUEENS'), 23)
(('853', 'BRONX'), 22)
(('524', 'QUEENS'), 22)
(('437', 'STATEN ISLAND'), 22)
(('918', 'STATEN ISLAND'), 22)
(('826', 'QUEENS'), 22)
(('426', 'STATEN ISLAND'), 22)
(('799', 'STATEN ISLAND'), 22)
(('385', 'MANHATTAN'), 22)
(('665', 'STATEN ISLAND'), 21)
(('432', 'STATEN ISLAND'), 21)
(('111', 'STATEN ISLAND'), 21)
(('344', 'QUEENS'), 21)
(('591', 'BRONX'), 21)
(('428', 'STATEN ISLAND'), 21)
(('344', 'BRONX'), 21)
(('605', 'BRONX'), 21)
(('373', 'BROOKLYN'), 21)
(('781', 'STATEN ISLAND'), 21)
(('423', 'MANHATTAN'), 21)
(('331', 'BROOKLYN'), 21)
(('548', 'QUEENS'), 21)
(('829', 'MANHATTAN'), 21)
(('754', 'QUEENS'), 21)
(('904', 'QUEENS'), 20)
(('818', 'MANHATTAN'), 20)
(('652', 'STATEN ISLAND'), 20)
(('696', 'STATEN ISLAND'), 20)
(('711', 'MANHATTAN'), 20)
(('701', 'QUEENS'), 20)
(('888', 'MANHATTAN'), 20)
(('261', 'BROOKLYN'), 20)
(('645', 'QUEENS'), 20)
(('464', 'BRONX'), 20)
(('772', 'STATEN ISLAND'), 20)
(('563', 'QUEENS'), 20)
(('570', 'STATEN ISLAND'), 20)
(('817', 'QUEENS'), 20)
(('327', 'BROOKLYN'), 19)
(('445', 'QUEENS'), 19)
(('531', 'QUEENS'), 19)
(('643', 'STATEN ISLAND'), 19)
(('674', 'QUEENS'), 19)
(('553', 'BROOKLYN'), 19)
(('687', 'BROOKLYN'), 19)
(('434', 'BRONX'), 19)
(('887', 'MANHATTAN'), 19)
(('808', 'STATEN ISLAND'), 19)
(('531', 'BRONX'), 19)
(('701', 'BROOKLYN'), 18)
(('744', 'STATEN ISLAND'), 18)
(('727', 'STATEN ISLAND'), 18)
(('514', 'STATEN ISLAND'), 18)
(('396', 'STATEN ISLAND'), 18)
(('557', 'BRONX'), 18)
(('447', 'MANHATTAN'), 18)
(('817', 'BRONX'), 17)
(('491', 'QUEENS'), 17)
(('844', 'BROOKLYN'), 17)
(('176', 'BRONX'), 17)
(('596', 'STATEN ISLAND'), 17)
(('874', 'BRONX'), 17)
(('627', 'BROOKLYN'), 17)
(('687', 'QUEENS'), 17)
(('663', 'MANHATTAN'), 17)
(('742', 'QUEENS'), 17)
(('365', 'BRONX'), 17)
(('818', 'BROOKLYN'), 17)
(('711', 'BRONX'), 17)
(('435', 'STATEN ISLAND'), 17)
(('591', 'MANHATTAN'), 16)
(('195', 'MANHATTAN'), 16)
(('719', 'BROOKLYN'), 16)
(('817', 'MANHATTAN'), 16)
(('266', 'STATEN ISLAND'), 16)
(('234', 'STATEN ISLAND'), 16)
(('625', 'STATEN ISLAND'), 16)
(('122', 'QUEENS'), 16)
(('844', 'BRONX'), 16)
(('491', 'MANHATTAN'), 16)
(('519', 'QUEENS'), 15)
(('445', 'BROOKLYN'), 15)
(('644', 'STATEN ISLAND'), 15)
(('557', 'BROOKLYN'), 15)
(('366', 'STATEN ISLAND'), 15)
(('687', 'BRONX'), 15)
(('811', 'BROOKLYN'), 15)
(('899', 'BROOKLYN'), 15)
(('688', 'MANHATTAN'), 15)
(('429', 'BROOKLYN'), 15)
(('890', 'MANHATTAN'), 14)
(('375', 'STATEN ISLAND'), 14)
(('594', 'BRONX'), 14)
(('107', 'QUEENS'), 14)
(('890', 'BRONX'), 14)
(('323', 'QUEENS'), 14)
(('706', 'BROOKLYN'), 14)
(('766', 'QUEENS'), 14)
(('297', 'BROOKLYN'), 14)
(('529', 'MANHATTAN'), 14)
(('701', 'MANHATTAN'), 14)
(('445', 'BRONX'), 14)
(('662', 'MANHATTAN'), 14)
(('853', 'QUEENS'), 14)
(('293', 'BROOKLYN'), 13)
(('393', 'MANHATTAN'), 13)
(('429', 'MANHATTAN'), 13)
(('416', 'STATEN ISLAND'), 13)
(('746', 'MANHATTAN'), 13)
(('858', 'STATEN ISLAND'), 13)
(('327', 'BRONX'), 13)
(('770', 'BRONX'), 13)
(('576', 'QUEENS'), 13)
(('766', 'BRONX'), 13)
(('373', 'MANHATTAN'), 13)
(('889', 'MANHATTAN'), 13)
(('880', 'BROOKLYN'), 13)
(('880', 'QUEENS'), 13)
(('261', 'BRONX'), 13)
(('848', 'STATEN ISLAND'), 13)
(('766', 'BROOKLYN'), 13)
(('862', 'QUEENS'), 13)
(('766', 'MANHATTAN'), 13)
(('373', 'QUEENS'), 13)
(('761', 'STATEN ISLAND'), 12)
(('341', 'STATEN ISLAND'), 12)
(('423', 'BRONX'), 12)
(('844', 'QUEENS'), 12)
(('610', 'QUEENS'), 12)
(('109', ''), 12)
(('344', 'MANHATTAN'), 12)
(('721', 'MANHATTAN'), 12)
(('537', 'BRONX'), 12)
(('164', 'STATEN ISLAND'), 12)
(('261', 'MANHATTAN'), 12)
(('687', 'MANHATTAN'), 12)
(('688', 'BRONX'), 12)
(('293', 'MANHATTAN'), 11)
(('195', 'BROOKLYN'), 11)
(('351', 'BRONX'), 11)
(('586', 'BROOKLYN'), 11)
(('746', 'BRONX'), 11)
(('532', 'MANHATTAN'), 11)
(('721', 'QUEENS'), 11)
(('844', 'MANHATTAN'), 11)
(('122', 'BROOKLYN'), 11)
(('706', 'BRONX'), 11)
(('663', 'BROOKLYN'), 11)
(('780', 'MANHATTAN'), 11)
(('862', 'BRONX'), 11)
(('531', 'STATEN ISLAND'), 11)
(('812', 'STATEN ISLAND'), 11)
(('746', 'QUEENS'), 11)
(('746', 'BROOKLYN'), 11)
(('669', 'BROOKLYN'), 11)
(('557', 'MANHATTAN'), 11)
(('180', 'MANHATTAN'), 11)
(('892', 'MANHATTAN'), 11)
(('595', 'QUEENS'), 11)
(('291', 'BROOKLYN'), 11)
(('818', 'QUEENS'), 11)
(('803', 'QUEENS'), 11)
(('447', 'STATEN ISLAND'), 11)
(('602', 'QUEENS'), 10)
(('719', 'BRONX'), 10)
(('591', 'BROOKLYN'), 10)
(('221', ''), 10)
(('641', 'BROOKLYN'), 10)
(('770', 'STATEN ISLAND'), 10)
(('594', 'STATEN ISLAND'), 10)
(('698', 'BROOKLYN'), 10)
(('610', 'BRONX'), 10)
(('351', 'STATEN ISLAND'), 10)
(('641', 'MANHATTAN'), 10)
(('904', 'BROOKLYN'), 10)
(('803', 'BRONX'), 10)
(('327', 'QUEENS'), 10)
(('627', 'QUEENS'), 10)
(('829', 'QUEENS'), 10)
(('701', 'BRONX'), 10)
(('429', 'QUEENS'), 10)
(('576', 'BRONX'), 10)
(('829', 'STATEN ISLAND'), 10)
(('537', 'BROOKLYN'), 9)
(('365', 'STATEN ISLAND'), 9)
(('789', 'STATEN ISLAND'), 9)
(('874', 'BROOKLYN'), 9)
(('595', 'BRONX'), 9)
(('297', 'MANHATTAN'), 9)
(('408', 'STATEN ISLAND'), 9)
(('780', 'BROOKLYN'), 9)
(('698', 'BRONX'), 9)
(('101', ''), 9)
(('193', 'STATEN ISLAND'), 9)
(('107', 'BROOKLYN'), 9)
(('125', 'BROOKLYN'), 9)
(('195', 'BRONX'), 9)
(('293', 'QUEENS'), 9)
(('530', 'MANHATTAN'), 9)
(('775', 'BRONX'), 9)
(('275', 'MANHATTAN'), 8)
(('273', 'STATEN ISLAND'), 8)
(('438', ''), 8)
(('329', 'STATEN ISLAND'), 8)
(('327', 'MANHATTAN'), 8)
(('477', 'STATEN ISLAND'), 8)
(('186', 'BROOKLYN'), 8)
(('533', 'BROOKLYN'), 8)
(('585', 'QUEENS'), 8)
(('544', 'STATEN ISLAND'), 8)
(('627', 'MANHATTAN'), 8)
(('587', 'BROOKLYN'), 8)
(('350', 'BRONX'), 8)
(('166', 'STATEN ISLAND'), 8)
(('265', 'QUEENS'), 8)
(('261', 'STATEN ISLAND'), 8)
(('641', 'BRONX'), 8)
(('291', 'MANHATTAN'), 8)
(('872', 'QUEENS'), 8)
(('604', 'BRONX'), 8)
(('323', 'BRONX'), 8)
(('529', 'BRONX'), 8)
(('291', 'QUEENS'), 7)
(('431', 'QUEENS'), 7)
(('605', 'BROOKLYN'), 7)
(('904', 'BRONX'), 7)
(('849', 'BRONX'), 7)
(('585', 'MANHATTAN'), 7)
(('363', 'STATEN ISLAND'), 7)
(('587', 'QUEENS'), 7)
(('185', 'STATEN ISLAND'), 7)
(('849', 'STATEN ISLAND'), 7)
(('595', 'MANHATTAN'), 7)
(('342', 'QUEENS'), 7)
(('586', 'MANHATTAN'), 7)
(('532', 'BROOKLYN'), 7)
(('803', 'MANHATTAN'), 7)
(('864', 'BROOKLYN'), 7)
(('532', 'QUEENS'), 7)
(('265', 'BROOKLYN'), 7)
(('586', 'BRONX'), 7)
(('443', 'STATEN ISLAND'), 7)
(('818', 'STATEN ISLAND'), 7)
(('107', 'BRONX'), 7)
(('605', 'QUEENS'), 7)
(('553', 'MANHATTAN'), 7)
(('853', 'BROOKLYN'), 7)
(('721', 'BROOKLYN'), 7)
(('532', 'BRONX'), 7)
(('289', 'BROOKLYN'), 6)
(('645', 'BRONX'), 6)
(('843', 'BRONX'), 6)
(('701', 'STATEN ISLAND'), 6)
(('285', 'BRONX'), 6)
(('397', ''), 6)
(('889', 'BROOKLYN'), 6)
(('715', 'BROOKLYN'), 6)
(('829', 'BROOKLYN'), 6)
(('595', 'BROOKLYN'), 6)
(('695', 'STATEN ISLAND'), 6)
(('445', 'STATEN ISLAND'), 6)
(('711', 'STATEN ISLAND'), 6)
(('476', 'MANHATTAN'), 6)
(('345', 'BROOKLYN'), 6)
(('683', 'STATEN ISLAND'), 6)
(('892', 'QUEENS'), 6)
(('381', 'BROOKLYN'), 6)
(('530', 'BRONX'), 6)
(('756', 'BROOKLYN'), 6)
(('754', 'BRONX'), 6)
(('281', 'MANHATTAN'), 6)
(('672', 'QUEENS'), 6)
(('730', 'STATEN ISLAND'), 6)
(('697', 'QUEENS'), 6)
(('297', 'BRONX'), 6)
(('762', 'STATEN ISLAND'), 6)
(('585', 'BROOKLYN'), 6)
(('706', 'MANHATTAN'), 6)
(('524', 'STATEN ISLAND'), 6)
(('283', 'MANHATTAN'), 6)
(('639', ''), 6)
(('381', 'BRONX'), 6)
(('520', 'STATEN ISLAND'), 6)
(('890', 'QUEENS'), 6)
(('466', 'STATEN ISLAND'), 5)
(('468', 'MANHATTAN'), 5)
(('107', 'MANHATTAN'), 5)
(('588', 'BRONX'), 5)
(('822', 'QUEENS'), 5)
(('844', 'STATEN ISLAND'), 5)
(('436', 'BROOKLYN'), 5)
(('345', 'QUEENS'), 5)
(('829', 'BRONX'), 5)
(('385', 'STATEN ISLAND'), 5)
(('381', 'QUEENS'), 5)
(('223', ''), 5)
(('565', 'STATEN ISLAND'), 5)
(('780', 'BRONX'), 5)
(('619', 'MANHATTAN'), 5)
(('888', 'QUEENS'), 5)
(('892', 'BRONX'), 5)
(('619', 'QUEENS'), 5)
(('285', 'MANHATTAN'), 5)
(('321', ''), 5)
(('533', 'MANHATTAN'), 5)
(('498', 'MANHATTAN'), 5)
(('698', 'QUEENS'), 5)
(('874', 'QUEENS'), 5)
(('647', 'STATEN ISLAND'), 5)
(('360', 'STATEN ISLAND'), 5)
(('605', 'MANHATTAN'), 5)
(('775', 'MANHATTAN'), 5)
(('797', 'MANHATTAN'), 5)
(('342', 'BROOKLYN'), 5)
(('275', 'QUEENS'), 5)
(('662', 'QUEENS'), 5)
(('248', 'QUEENS'), 5)
(('840', 'MANHATTAN'), 5)
(('345', 'STATEN ISLAND'), 5)
(('888', 'BROOKLYN'), 5)
(('715', 'MANHATTAN'), 5)
(('186', 'QUEENS'), 5)
(('821', 'QUEENS'), 5)
(('698', 'MANHATTAN'), 5)
(('887', 'QUEENS'), 5)
(('811', 'BRONX'), 5)
(('780', 'QUEENS'), 5)
(('591', 'QUEENS'), 5)
(('289', 'QUEENS'), 5)
(('125', 'BRONX'), 5)
(('281', 'BROOKLYN'), 4)
(('862', 'STATEN ISLAND'), 4)
(('797', 'BROOKLYN'), 4)
(('593', 'BROOKLYN'), 4)
(('664', 'MANHATTAN'), 4)
(('892', 'BROOKLYN'), 4)
(('663', 'BRONX'), 4)
(('533', 'BRONX'), 4)
(('461', ''), 4)
(('584', 'BROOKLYN'), 4)
(('811', 'QUEENS'), 4)
(('283', 'BROOKLYN'), 4)
(('879', 'STATEN ISLAND'), 4)
(('122', 'BRONX'), 4)
(('373', 'BRONX'), 4)
(('604', 'MANHATTAN'), 4)
(('853', 'STATEN ISLAND'), 4)
(('405', ''), 4)
(('104', 'STATEN ISLAND'), 4)
(('764', 'STATEN ISLAND'), 4)
(('888', 'BRONX'), 4)
(('889', 'QUEENS'), 4)
(('880', 'BRONX'), 4)
(('259', ''), 4)
(('289', 'MANHATTAN'), 4)
(('122', 'STATEN ISLAND'), 4)
(('706', 'STATEN ISLAND'), 4)
(('841', 'QUEENS'), 4)
(('721', 'BRONX'), 4)
(('434', 'STATEN ISLAND'), 4)
(('529', 'QUEENS'), 4)
(('588', 'BROOKLYN'), 4)
(('843', 'QUEENS'), 4)
(('587', 'BRONX'), 4)
(('641', 'STATEN ISLAND'), 4)
(('122', 'MANHATTAN'), 4)
(('899', 'BRONX'), 4)
(('450', 'STATEN ISLAND'), 4)
(('513', 'MANHATTAN'), 4)
(('619', 'BROOKLYN'), 4)
(('645', 'STATEN ISLAND'), 4)
(('766', 'STATEN ISLAND'), 4)
(('436', 'QUEENS'), 4)
(('338', ''), 4)
(('445', 'MANHATTAN'), 4)
(('213', ''), 4)
(('265', 'MANHATTAN'), 4)
(('904', 'MANHATTAN'), 4)
(('669', 'BRONX'), 3)
(('691', 'STATEN ISLAND'), 3)
(('890', 'BROOKLYN'), 3)
(('299', 'QUEENS'), 3)
(('691', 'MANHATTAN'), 3)
(('627', 'BRONX'), 3)
(('107', 'STATEN ISLAND'), 3)
(('355', 'BROOKLYN'), 3)
(('491', 'STATEN ISLAND'), 3)
(('297', 'QUEENS'), 3)
(('648', 'MANHATTAN'), 3)
(('872', 'BROOKLYN'), 3)
(('285', 'BROOKLYN'), 3)
(('691', 'QUEENS'), 3)
(('845', 'BRONX'), 3)
(('387', 'STATEN ISLAND'), 3)
(('817', 'STATEN ISLAND'), 3)
(('283', 'BRONX'), 3)
(('350', 'STATEN ISLAND'), 3)
(('431', 'STATEN ISLAND'), 3)
(('593', 'QUEENS'), 3)
(('557', 'QUEENS'), 3)
(('843', 'MANHATTAN'), 3)
(('872', 'MANHATTAN'), 3)
(('672', 'STATEN ISLAND'), 3)
(('892', 'STATEN ISLAND'), 3)
(('687', 'STATEN ISLAND'), 3)
(('291', 'BRONX'), 3)
(('742', 'STATEN ISLAND'), 3)
(('180', 'STATEN ISLAND'), 3)
(('969', 'BROOKLYN'), 3)
(('784', 'MANHATTAN'), 3)
(('529', 'BROOKLYN'), 3)
(('176', 'STATEN ISLAND'), 3)
(('125', 'QUEENS'), 3)
(('289', 'BRONX'), 3)
(('299', 'MANHATTAN'), 3)
(('143', 'QUEENS'), 3)
(('271', 'STATEN ISLAND'), 3)
(('393', 'STATEN ISLAND'), 3)
(('797', 'STATEN ISLAND'), 3)
(('561', 'BRONX'), 3)
(('691', 'BROOKLYN'), 3)
(('663', 'QUEENS'), 3)
(('731', 'STATEN ISLAND'), 3)
(('826', 'BROOKLYN'), 3)
(('733', 'MANHATTAN'), 3)
(('584', 'MANHATTAN'), 3)
(('371', 'STATEN ISLAND'), 3)
(('519', 'STATEN ISLAND'), 3)
(('593', 'MANHATTAN'), 3)
(('530', 'BROOKLYN'), 3)
(('641', 'QUEENS'), 3)
(('822', 'BROOKLYN'), 3)
(('342', 'MANHATTAN'), 3)
(('669', 'MANHATTAN'), 3)
(('697', 'BRONX'), 3)
(('498', 'STATEN ISLAND'), 3)
(('331', 'STATEN ISLAND'), 3)
(('754', 'BROOKLYN'), 3)
(('349', ''), 3)
(('784', 'QUEENS'), 3)
(('662', 'BRONX'), 2)
(('756', 'BRONX'), 2)
(('248', 'BRONX'), 2)
(('419', ''), 2)
(('780', 'STATEN ISLAND'), 2)
(('588', 'MANHATTAN'), 2)
(('299', 'BROOKLYN'), 2)
(('198', ''), 2)
(('537', 'QUEENS'), 2)
(('797', 'QUEENS'), 2)
(('719', 'STATEN ISLAND'), 2)
(('746', 'STATEN ISLAND'), 2)
(('584', 'QUEENS'), 2)
(('604', 'BROOKLYN'), 2)
(('224', ''), 2)
(('121', 'BROOKLYN'), 2)
(('860', 'BROOKLYN'), 2)
(('331', 'BRONX'), 2)
(('186', 'BRONX'), 2)
(('688', 'STATEN ISLAND'), 2)
(('476', 'BRONX'), 2)
(('868', 'QUEENS'), 2)
(('403', ''), 2)
(('969', 'QUEENS'), 2)
(('811', 'STATEN ISLAND'), 2)
(('866', 'MANHATTAN'), 2)
(('864', 'QUEENS'), 2)
(('737', 'BROOKLYN'), 2)
(('784', 'BRONX'), 2)
(('674', 'BRONX'), 2)
(('421', ''), 2)
(('429', 'BRONX'), 2)
(('468', 'QUEENS'), 2)
(('876', 'MANHATTAN'), 2)
(('462', ''), 2)
(('431', 'BRONX'), 2)
(('697', 'BROOKLYN'), 2)
(('553', 'QUEENS'), 2)
(('574', 'BRONX'), 2)
(('427', 'QUEENS'), 2)
(('602', 'BRONX'), 2)
(('783', 'BRONX'), 2)
(('815', 'BROOKLYN'), 2)
(('874', 'STATEN ISLAND'), 2)
(('436', 'MANHATTAN'), 2)
(('588', 'QUEENS'), 2)
(('248', 'BROOKLYN'), 2)
(('648', 'BRONX'), 2)
(('195', 'STATEN ISLAND'), 2)
(('845', 'MANHATTAN'), 2)
(('674', 'STATEN ISLAND'), 2)
(('355', 'MANHATTAN'), 2)
(('591', 'STATEN ISLAND'), 2)
(('451', ''), 2)
(('749', ''), 2)
(('331', 'QUEENS'), 2)
(('827', 'MANHATTAN'), 2)
(('827', 'BRONX'), 2)
(('476', 'BROOKLYN'), 2)
(('618', 'BRONX'), 2)
(('561', 'MANHATTAN'), 2)
(('843', 'BROOKLYN'), 2)
(('826', 'STATEN ISLAND'), 2)
(('174', 'STATEN ISLAND'), 2)
(('880', 'STATEN ISLAND'), 2)
(('563', 'STATEN ISLAND'), 2)
(('530', 'QUEENS'), 2)
(('697', 'MANHATTAN'), 2)
(('125', 'MANHATTAN'), 2)
(('342', 'BRONX'), 2)
(('553', 'BRONX'), 2)
(('383', 'STATEN ISLAND'), 2)
(('775', 'BROOKLYN'), 2)
(('455', ''), 1)
(('433', ''), 1)
(('468', 'BRONX'), 1)
(('820', 'BRONX'), 1)
(('614', 'MANHATTAN'), 1)
(('595', 'STATEN ISLAND'), 1)
(('476', 'STATEN ISLAND'), 1)
(('685', 'QUEENS'), 1)
(('574', 'BROOKLYN'), 1)
(('737', 'MANHATTAN'), 1)
(('775', 'QUEENS'), 1)
(('646', 'BROOKLYN'), 1)
(('184', 'MANHATTAN'), 1)
(('815', 'BRONX'), 1)
(('969', 'BRONX'), 1)
(('178', 'BROOKLYN'), 1)
(('305', ''), 1)
(('663', 'STATEN ISLAND'), 1)
(('231', ''), 1)
(('146', 'QUEENS'), 1)
(('586', 'QUEENS'), 1)
(('513', 'QUEENS'), 1)
(('148', 'STATEN ISLAND'), 1)
(('265', 'STATEN ISLAND'), 1)
(('868', 'BROOKLYN'), 1)
(('618', 'QUEENS'), 1)
(('821', 'MANHATTAN'), 1)
(('733', 'QUEENS'), 1)
(('796', 'BROOKLYN'), 1)
(('186', 'MANHATTAN'), 1)
(('827', 'QUEENS'), 1)
(('303', ''), 1)
(('707', ''), 1)
(('813', 'BRONX'), 1)
(('846', 'BROOKLYN'), 1)
(('585', 'BRONX'), 1)
(('786', 'BROOKLYN'), 1)
(('887', 'BRONX'), 1)
(('975', 'BROOKLYN'), 1)
(('604', 'QUEENS'), 1)
(('618', 'BROOKLYN'), 1)
(('622', 'QUEENS'), 1)
(('846', 'QUEENS'), 1)
(('513', 'BROOKLYN'), 1)
(('561', 'QUEENS'), 1)
(('839', 'MANHATTAN'), 1)
(('125', 'STATEN ISLAND'), 1)
(('872', 'BRONX'), 1)
(('845', 'BROOKLYN'), 1)
(('187', 'STATEN ISLAND'), 1)
(('529', 'STATEN ISLAND'), 1)
(('106', ''), 1)
(('205', ''), 1)
(('689', 'BRONX'), 1)
(('827', 'BROOKLYN'), 1)
(('648', 'QUEENS'), 1)
(('574', 'MANHATTAN'), 1)
(('178', 'MANHATTAN'), 1)
(('380', ''), 1)
(('694', 'BROOKLYN'), 1)
(('797', 'BRONX'), 1)
(('756', 'QUEENS'), 1)
(('841', 'BROOKLYN'), 1)
(('297', 'STATEN ISLAND'), 1)
(('868', 'STATEN ISLAND'), 1)
(('822', 'MANHATTAN'), 1)
(('622', 'STATEN ISLAND'), 1)
(('739', ''), 1)
(('815', 'QUEENS'), 1)
(('281', 'BRONX'), 1)
(('407', ''), 1)
(('121', 'STATEN ISLAND'), 1)
(('614', 'BROOKLYN'), 1)
(('899', 'STATEN ISLAND'), 1)
(('662', 'BROOKLYN'), 1)
(('798', 'BRONX'), 1)
(('866', 'BRONX'), 1)
(('667', 'MANHATTAN'), 1)
(('211', ''), 1)
(('669', 'QUEENS'), 1)
(('718', ''), 1)
(('275', 'BROOKLYN'), 1)
(('889', 'STATEN ISLAND'), 1)
(('522', 'QUEENS'), 1)
(('439', ''), 1)
(('694', 'QUEENS'), 1)
(('715', 'STATEN ISLAND'), 1)
(('413', ''), 1)
(('373', 'STATEN ISLAND'), 1)
(('646', 'BRONX'), 1)
(('584', 'STATEN ISLAND'), 1)
(('533', 'QUEENS'), 1)
(('664', 'BROOKLYN'), 1)
(('586', 'STATEN ISLAND'), 1)
(('344', 'STATEN ISLAND'), 1)
(('119', 'QUEENS'), 1)
(('415', ''), 1)
(('786', 'MANHATTAN'), 1)
(('796', 'BRONX'), 1)
(('183', ''), 1)
(('476', 'QUEENS'), 1)
(('367', ''), 1)
(('281', 'STATEN ISLAND'), 1)
(('587', 'MANHATTAN'), 1)
(('530', 'STATEN ISLAND'), 1)
(('593', 'BRONX'), 1)
(('394', 'STATEN ISLAND'), 1)
(('584', 'BRONX'), 1)
(('258', ''), 1)
(('381', 'MANHATTAN'), 1)
(('846', 'MANHATTAN'), 1)
(('175', ''), 1)
(('693', 'MANHATTAN'), 1)
(('887', 'BROOKLYN'), 1)
(('153', ''), 1)
(('811', 'MANHATTAN'), 1)
(('733', 'BRONX'), 1)
(('868', 'MANHATTAN'), 1)
(('399', ''), 1)
(('345', 'MANHATTAN'), 1)
(('787', 'QUEENS'), 1)
(('659', 'STATEN ISLAND'), 1)
(('786', 'BRONX'), 1)
(('265', 'BRONX'), 1)
(('803', 'BROOKLYN'), 1)
(('840', 'QUEENS'), 1)
(('243', ''), 1)
(('179', ''), 1)
(('113', ''), 1)
(('866', 'QUEENS'), 1)
(('479', 'STATEN ISLAND'), 1)
(('633', 'STATEN ISLAND'), 1)
(('254', ''), 1)
(('401', ''), 1)
(('885', 'BRONX'), 1)
(('333', ''), 1)
(('756', 'MANHATTAN'), 1)
(('841', 'BRONX'), 1)
(('157', ''), 1)
