(('101', 'ASSAULT 3'), 320563)
(('638', 'HARASSMENT,SUBD 3,4,5'), 254348)
(('639', 'AGGRAVATED HARASSMENT 2'), 195237)
(('338', 'LARCENY,PETIT FROM BUILDING,UN'), 176429)
(('254', 'MISCHIEF, CRIMINAL 4, OF MOTOR'), 170426)
(('333', 'LARCENY,PETIT FROM STORE-SHOPL'), 168059)
(('321', 'LARCENY,PETIT FROM AUTO'), 163013)
(('637', 'HARASSMENT,SUBD 1,CIVILIAN'), 153438)
(('259', 'CRIMINAL MISCHIEF,UNCLASSIFIED 4'), 115705)
(('109', 'ASSAULT 2,1,UNCLASSIFIED'), 114356)
(('567', 'MARIJUANA, POSSESSION 4 & 5'), 106124)
(('438', 'LARCENY,GRAND FROM BUILDING (NON-RESIDENCE) UNATTENDED'), 95331)
(('441', 'LARCENY,GRAND OF AUTO'), 86894)
(('221', 'BURGLARY,RESIDENCE,DAY'), 78457)
(('397', 'ROBBERY,OPEN AREA UNCLASSIFIED'), 66018)
(('258', 'CRIMINAL MISCHIEF 4TH, GRAFFIT'), 64224)
(('511', 'CONTROLLED SUBSTANCE, POSSESSI'), 62345)
(('339', 'LARCENY,PETIT FROM OPEN AREAS,'), 58609)
(('905', 'INTOXICATED DRIVING,ALCOHOL'), 57918)
(('113', 'MENACING,UNCLASSIFIED'), 51412)
(('782', 'WEAPONS, POSSESSION, ETC'), 48914)
(('421', 'LARCENY,GRAND FROM VEHICLE/MOTORCYCLE'), 47213)
(('198', 'CRIMINAL CONTEMPT 1'), 43481)
(('205', 'TRESPASS 2, CRIMINAL'), 40016)
(('223', 'BURGLARY,RESIDENCE,NIGHT'), 38561)
(('267', 'MISCHIEF, CRIMINAL 3 & 2, OF M'), 32085)
(('419', 'LARCENY,GRAND FROM PERSON,UNCL'), 31893)
(('357', 'LARCENY,PETIT OF VEHICLE ACCES'), 31627)
(('729', 'FORGERY,ETC.,UNCLASSIFIED-FELO'), 31206)
(('739', 'FRAUD,UNCLASSIFIED-FELONY'), 31147)
(('405', 'LARCENY,GRAND BY THEFT OF CREDIT CARD'), 30045)
(('793', 'WEAPONS POSSESSION 3'), 28438)
(('916', 'LEAVING SCENE-ACCIDENT-PERSONA'), 28012)
(('269', 'MISCHIEF,CRIMINAL,    UNCL 2ND'), 26449)
(('343', 'LARCENY,PETIT OF BICYCLE'), 26256)
(('349', 'LARCENY,PETIT OF LICENSE PLATE'), 25789)
(('213', 'BURGLARY,COMMERCIAL,NIGHT'), 23405)
(('439', 'LARCENY,GRAND FROM OPEN AREAS, UNATTENDED'), 21304)
(('749', 'VIOLATION OF ORDER OF PROTECTI'), 21193)
(('750', 'RESISTING ARREST'), 20771)
(('386', 'ROBBERY,PERSONAL ELECTRONIC DEVICE'), 20099)
(('175', 'SEXUAL ABUSE 3,2'), 19255)
(('759', 'PUBLIC ADMINISTATION,UNCLASS M'), 18558)
(('490', 'STOLEN PROPERTY 3,POSSESSION'), 14743)
(('224', 'BURGLARY,RESIDENCE,UNKNOWN TIM'), 14446)
(('457', 'LARCENY,GRAND OF VEHICULAR/MOTORCYCLE ACCESSORIES'), 13683)
(('106', 'ASSAULT 2,1,PEACE OFFICER'), 13638)
(('117', 'RECKLESS ENDANGERMENT 1'), 13242)
(('503', 'CONTROLLED SUBSTANCE,INTENT TO'), 12691)
(('388', 'ROBBERY,RESIDENTIAL COMMON AREA'), 12219)
(('433', 'LARCENY,GRAND FROM STORE-SHOPL'), 11519)
(('462', 'UNAUTHORIZED USE VEHICLE 3'), 11275)
(('403', 'LARCENY,GRAND BY BANK ACCT COMPROMISE-REPRODUCED CHECK'), 11248)
(('211', 'BURGLARY,COMMERCIAL,DAY'), 11154)
(('922', 'TRAFFIC,UNCLASSIFIED MISDEMEAN'), 11055)
(('114', 'OBSTR BREATH/CIRCUL'), 10972)
(('105', 'STRANGULATION 1ST'), 10635)
(('748', 'CONTEMPT,CRIMINAL'), 10471)
(('705', 'FORGERY,ETC.-MISD.'), 10421)
(('718', 'FRAUD,UNCLASSIFIED-MISDEMEANOR'), 10248)
(('415', 'LARCENY,GRAND FROM PERSON,PICK'), 10174)
(('707', 'IMPERSONATION 2, PUBLIC SERVAN'), 10067)
(('681', 'CHILD, ENDANGERING WELFARE'), 9909)
(('399', 'ROBBERY,COMMERCIAL UNCLASSIFIED'), 8559)
(('760', 'BRIBERY,PUBLIC ADMINISTRATION'), 8314)
(('412', 'LARCENY,GRAND FROM RESIDENCE, UNATTENDED'), 8205)
(('478', 'THEFT OF SERVICES, UNCLASSIFIE'), 8152)
(('451', 'LARCENY,GRAND OF MOTORCYCLE'), 7971)
(('500', 'CONTROLLED SUBSTANCE,POSSESS.'), 7413)
(('878', 'ADM.CODE,UNCLASSIFIED MISDEMEA'), 7405)
(('115', 'RECKLESS ENDANGERMENT 2'), 7073)
(('157', 'RAPE 1'), 7033)
(('569', 'MARIJUANA, SALE 4 & 5'), 6576)
(('384', 'ROBBERY,POCKETBOOK/CARRIED BAG'), 6538)
(('792', 'WEAPONS POSSESSION 1 & 2'), 6305)
(('407', 'LARCENY,GRAND BY DISHONEST EMP'), 6172)
(('661', 'LEWDNESS,PUBLIC'), 5922)
(('301', 'LARCENY,PETIT BY ACQUIRING LOS'), 5844)
(('417', 'LARCENY,GRAND FROM PERSON,PURS'), 5714)
(('401', 'LARCENY,GRAND BY ACQUIRING LOS'), 5525)
(('203', 'TRESPASS 3, CRIMINAL'), 5384)
(('313', 'LARCENY,PETIT BY FALSE PROMISE'), 5372)
(('404', 'LARCENY,GRAND FROM PERSON,PERSONAL ELECTRONIC DEVICE(SNATCH)'), 5336)
(('389', 'ROBBERY,DWELLING'), 5204)
(('494', 'STOLEN PROPERTY 2,1,POSSESSION'), 5191)
(('398', 'ROBBERY,PUBLIC PLACE INSIDE'), 4829)
(('424', 'LARCENY,GRAND BY CREDIT CARD ACCT COMPROMISE-EXISTING ACCT'), 4696)
(('231', 'BURGLARY,TRUCK DAY'), 4649)
(('214', 'BURGLARY,COMMERCIAL,UNKNOWN TI'), 4434)
(('307', 'LARCENY,PETIT BY DISHONEST EMP'), 4250)
(('406', 'LARCENY,GRAND FROM PERSON, BAG OPEN/DIP'), 4165)
(('461', 'UNAUTHORIZED USE VEHICLE 2'), 4141)
(('422', 'LARCENY,GRAND BY OPEN CREDIT CARD (NEW ACCT)'), 4083)
(('305', 'LARCENY,PETIT BY CREDIT CARD U'), 3968)
(('566', 'MARIJUANA, POSSESSION'), 3883)
(('382', 'ROBBERY,NECKCHAIN/JEWELRY'), 3850)
(('256', 'MISCHIEF, CRIMINAL 4, BY FIRE'), 3787)
(('263', 'ARSON 2,3,4'), 3720)
(('521', 'CONTROLLED SUBSTANCE, SALE 5'), 3688)
(('425', 'LARCENY,GRAND BY BANK ACCT COMPROMISE-ATM TRANSACTION'), 3645)
(('411', 'LARCENY,GRAND FROM EATERY, UNATTENDED'), 3644)
(('649', 'FALSE REPORT UNCLASSIFIED'), 3619)
(('443', 'LARCENY,GRAND OF BICYCLE'), 3533)
(('410', 'LARCENY,GRAND FROM RETAIL STORE, UNATTENDED'), 3518)
(('268', 'CRIMINAL MIS 2 & 3'), 3260)
(('303', 'LARCENY,PETIT BY CHECK USE'), 3237)
(('402', 'LARCENY,GRAND BY FALSE PROMISE-NOT IN PERSON CONTACT'), 2994)
(('515', 'CONTROLLED SUBSTANCE,SALE 3'), 2945)
(('416', 'LARCENY,GRAND FROM NIGHT CLUB, UNATTENDED'), 2930)
(('725', 'FORGERY,M.V. REGISTRATION'), 2849)
(('847', 'NY STATE LAWS,UNCLASSIFIED FEL'), 2707)
(('418', 'LARCENY,GRAND BY ACQUIRING LOST CREDIT CARD'), 2668)
(('640', 'AGGRAVATED HARASSMENT 1'), 2665)
(('233', 'BURGLARY,TRUCK NIGHT'), 2662)
(('723', 'FORGERY,DRIVERS LICENSE'), 2646)
(('420', 'LARCENY,GRAND BY OPEN/COMPROMISE CELL PHONE ACCT'), 2616)
(('168', 'SODOMY 1'), 2581)
(('390', 'ROBBERY,HOME INVASION'), 2563)
(('243', 'BURGLARY,UNCLASSIFIED,NIGHT'), 2432)
(('779', 'PUBLIC ADMINISTRATION,UNCLASSI'), 2390)
(('179', 'AGGRAVATED SEXUAL ASBUSE'), 2376)
(('361', 'ROBBERY,BANK'), 2365)
(('501', 'CONTROLLED SUBSTANCE,POSSESS.'), 2335)
(('367', 'ROBBERY, CHAIN STORE'), 2317)
(('510', 'CONTROLLED SUBSTANCE, INTENT T'), 2302)
(('413', 'LARCENY,GRAND BY FALSE PROMISE'), 2240)
(('170', 'SEXUAL MISCONDUCT,INTERCOURSE'), 2161)
(('414', 'LARCENY,GRAND PERSON,NECK CHAI'), 2071)
(('209', 'BURGLARS TOOLS,UNCLASSIFIED'), 2059)
(('409', 'LARCENY,GRAND BY EXTORTION'), 2058)
(('809', 'TAX LAW'), 2025)
(('466', 'ACCOSTING,FRAUDULENT'), 1993)
(('568', 'MARIJUANA, POSSESSION 1, 2 & 3'), 1969)
(('408', 'LARCENY,GRAND FROM PERSON,LUSH WORKER(SLEEPING/UNCON VICTIM)'), 1853)
(('475', 'UNAUTH. SALE OF TRANS. SERVICE'), 1853)
(('264', 'ARSON, MOTOR VEHICLE 1 2 3 & 4'), 1830)
(('335', 'LARCENY,PETIT FROM TRUCK'), 1817)
(('377', 'ROBBERY,BODEGA/CONVENIENCE STORE'), 1804)
(('204', 'TRESPASS 1,CRIMINAL'), 1771)
(('273', 'TAMPERING 1,CRIMINAL'), 1712)
(('708', 'IMPERSONATION 1, POLICE OFFICE'), 1701)
(('512', 'CONTROLLED SUBSTANCE,SALE 1'), 1651)
(('430', 'LARCENY,GRAND BY BANK ACCT COMPROMISE-UNCLASSIFIED'), 1592)
(('437', 'LARCENY,GRAND BY FALSE PROMISE-IN PERSON CONTACT'), 1588)
(('177', 'SEXUAL ABUSE'), 1468)
(('153', 'RAPE 3'), 1418)
(('201', 'TRESPASS 4,CRIMINAL SUB 2'), 1381)
(('244', 'BURGLARY,UNCLASSIFIED,UNKNOWN'), 1364)
(('392', 'ROBBERY,UNLICENSED FOR HIRE VEHICLE'), 1348)
(('241', 'BURGLARY,UNCLASSIFIED,DAY'), 1320)
(('181', 'IMPRISONMENT 2,UNLAWFUL'), 1307)
(('380', 'ROBBERY,CAR JACKING'), 1303)
(('159', 'RAPE 1,ATTEMPT'), 1275)
(('493', 'STOLEN PROPERTY-MOTOR VEH 2ND,'), 1271)
(('489', 'THEFT,RELATED OFFENSES,UNCLASS'), 1246)
(('508', 'DRUG PARAPHERNALIA,   POSSESSE'), 1240)
(('366', 'ROBBERY,BICYCLE'), 1190)
(('391', 'ROBBERY,LICENSED MEDALLION CAB'), 1186)
(('155', 'RAPE 2'), 1170)
(('544', 'GAMBLING 2,PROMOTING,UNCLASSIF'), 1158)
(('744', 'BAIL JUMPING 3'), 1136)
(('505', 'CONTROLLED SUBSTANCE, POSSESSI'), 1097)
(('442', 'LARCENY, GRAND OF AUTO - ATTEM'), 1046)
(('455', 'LARCENY,GRAND OF TRUCK'), 1033)
(('502', 'CONTROLLED SUBSTANCE,POSSESS.'), 998)
(('199', 'AGGRAVATED CRIMINAL CONTEMPT'), 997)
(('277', 'RECKLESS ENDANGERMENT OF PROPE'), 984)
(('347', 'PETIT LARCENY-CHECK FROM MAILB'), 910)
(('197', 'COERCION 1'), 886)
(('507', 'CONTROLLED SUBSTANCE, POSSESSI'), 865)
(('183', 'IMPRISONMENT 1,UNLAWFUL'), 805)
(('375', 'ROBBERY,PHARMACY'), 774)
(('683', 'CHILD,ALCOHOL SALE TO'), 734)
(('432', 'LARCENY,GRAND BY IDENTITY THEFT-UNCLASSIFIED'), 708)
(('643', 'ASSEMBLY,UNLAWFUL'), 699)
(('848', 'NY STATE LAWS,UNCLASSIFIED MIS'), 689)
(('570', 'MARIJUANA, SALE 1, 2 & 3'), 685)
(('234', 'BURGLARY,UNKNOWN TIME'), 685)
(('730', 'MANUFACTURE UNAUTHORIZED RECOR'), 672)
(('428', 'LARCENY,GRAND BY BANK ACCT COMPROMISE-UNAUTHORIZED PURCHASE'), 654)
(('191', 'CUSTODIAL INTERFERENCE 2'), 642)
(('110', 'MENACING 1ST DEGREE (VICT PEAC'), 638)
(('435', 'LARCENY,GRAND FROM TRUCK, UNATTENDED'), 636)
(('625', 'DISORDERLY CONDUCT'), 622)
(('731', 'SALE OF UNAUTHORIZED RECORDING'), 619)
(('596', 'OBSCENE MATERIAL - UNDER 17 YE'), 604)
(('379', 'ROBBERY,GAS STATION'), 603)
(('111', 'MENACING,PEACE OFFICER'), 598)
(('271', 'TAMPERING 3,2, CRIMINAL'), 595)
(('907', 'IMPAIRED DRIVING,DRUG'), 587)
(('918', 'RECKLESS DRIVING'), 584)
(('396', 'ROBBERY,BEGIN AS SHOPLIFTING'), 576)
(('514', 'CONTROLLED SUBSTANCE,SALE 2'), 545)
(('802', 'ALCOHOLIC BEVERAGE CONTROL LAW'), 537)
(('724', 'FORGERY-ILLEGAL POSSESSION,VEH'), 536)
(('652', 'RIOT 2/INCITING'), 536)
(('426', 'LARCENY,GRAND BY BANK ACCT COMPROMISE-TELLER'), 529)
(('193', 'CUSTODIAL INTERFERENCE 1'), 505)
(('112', 'MENACING 1ST DEGREE (VICT NOT'), 501)
(('761', 'BRIBERY, POLICE OFFICER'), 483)
(('644', 'FALSE REPORT 1,FIRE'), 475)
(('665', 'MAKING TERRORISTIC THREAT'), 464)
(('727', 'FORGERY,PRESCRIPTION'), 416)
(('509', 'POSSESSION HYPODERMIC INSTRUME'), 406)
(('450', 'LARCENY, GRAND OF MOPED'), 396)
(('341', 'LARCENY,PETIT OF AUTO'), 387)
(('764', 'BAIL JUMPING 1 & 2'), 381)
(('395', 'ROBBERY,ON BUS/ OR BUS DRIVER'), 374)
(('360', 'ROBBERY,ATM LOCATION'), 373)
(('266', 'MISCHIEF, CRIMINAL 3&2, BY FIR'), 372)
(('788', 'FIREWORKS, SALE'), 313)
(('808', 'TAX LAW'), 303)
(('647', 'FALSE REPORT BOMB'), 296)
(('363', 'ROBBERY,BAR/RESTAURANT'), 294)
(('772', 'COMPUTER TAMPER/TRESSPASS'), 294)
(('565', 'PROSTITUTION, PATRONIZING 4, 3'), 293)
(('703', 'CHECK,BAD'), 290)
(('519', 'SALE SCHOOL GROUNDS 4'), 286)
(('695', 'CHILD ABANDONMENT'), 283)
(('464', 'JOSTLING'), 268)
(('479', 'THEFT,RELATED OFFENSES,UNCLASS'), 264)
(('548', 'GAMBLING, DEVICE, POSSESSION'), 262)
(('520', 'CONTROLLED SUBSTANCE, SALE 4'), 256)
(('477', 'THEFT OF SERVICES- CABLE TV SE'), 254)
(('185', 'KIDNAPPING 2'), 247)
(('659', 'NUISANCE,CRIMINAL,UNCLASSIFIED'), 242)
(('164', 'SODOMY 3'), 238)
(('879', 'ADM.CODE,UNCLASSIFIED VIOLATIO'), 221)
(('781', 'CRIMINAL DISPOSAL FIREARM 1 &'), 218)
(('329', 'LARCENY,PETIT FROM COIN MACHIN'), 218)
(('383', 'ROBBERY,DELIVERY PERSON'), 211)
(('350', 'LARCENY, PETIT OF MOPED'), 211)
(('799', 'PUBLIC SAFETY,UNCLASSIFIED MIS'), 207)
(('431', 'LARCENY,GRAND FROM PIER, UNATTENDED'), 206)
(('180', 'COURSE OF SEXUAL CONDUCT AGAIN'), 196)
(('394', 'ROBBERY,LICENSED FOR HIRE VEHICLE'), 194)
(('858', 'IMITATION PISTOL/AIR RIFLE'), 185)
(('174', 'SEXUAL MISCONDUCT,DEVIATE'), 182)
(('351', 'LARCENY,PETIT OF MOTORCYCLE'), 182)
(('371', 'ROBBERY,CHECK CASHING BUSINESS'), 171)
(('447', 'GRAND LARCENY-CHECK FROM MAILB'), 171)
(('812', 'AGRICULTURE & MARKETS LAW,UNCL'), 170)
(('524', 'CONTROLLED SUBSTANCE,POSSESS.-'), 169)
(('498', 'STOLEN PROPERTY 2,POSSESSION B'), 166)
(('166', 'SODOMY 2'), 164)
(('365', 'ROBBERY,LIQUOR STORE'), 162)
(('789', 'FIREWORKS, POSSESS/USE'), 158)
(('104', 'VEHICULAR ASSAULT (INTOX DRIVE'), 157)
(('770', 'COMPUTER UNAUTH. USE/TAMPER'), 151)
(('696', 'PROMOTING A SEXUAL PERFORMANCE'), 147)
(('862', 'ALCOHOLIC BEVERAGES,PUBLIC CON'), 145)
(('849', 'NY STATE LAWS,UNCLASSIFIED VIO'), 140)
(('385', 'ROBBERY, PAYROLL'), 140)
(('826', 'GENERAL BUSINESS LAW,TICKET SP'), 139)
(('187', 'KIDNAPPING 1'), 137)
(('762', 'ESCAPE 2,1'), 137)
(('610', 'LOITERING,GAMBLING,OTHER'), 137)
(('393', 'ROBBERY,OF TRUCK DRIVER'), 131)
(('711', 'TAMPERING WITH A WITNESS'), 130)
(('434', 'LARCENY,GRAND BY OPEN BANK ACCT'), 128)
(('387', 'ROBBERY,CLOTHING'), 128)
(('899', 'PARKR&R,UNCLASSIFIED VIOLATION'), 125)
(('633', 'EXPOSURE OF A PERSON'), 124)
(('323', 'LARCENY,PETIT FROM BOAT'), 120)
(('563', 'PROSTITUTION'), 119)
(('853', 'CIGARETTE,NO TAX STAMP,POSSESS'), 114)
(('742', 'ESCAPE 3'), 114)
(('531', 'DRUG PARAPHERNALIA,   POSSESSE'), 112)
(('423', 'LARCENY,GRAND FROM BOAT, UNATTENDED'), 109)
(('331', 'LARCENY,PETIT FROM PIER'), 108)
(('594', 'OBSCENITY 1'), 106)
(('880', 'POSSES OR CARRY A KNIFE'), 104)
(('841', 'PUBLIC HEALTH LAW,UNCLASSIFIED'), 104)
(('176', 'SEX CRIMES'), 101)
(('672', 'RIOT 1'), 101)
(('491', 'STOLEN PROP-MOTOR VEHICLE 3RD,'), 100)
(('674', 'EAVESDROPPING'), 100)
(('719', 'FRAUD,UNCLASSIFIED-MISDEMEANOR'), 97)
(('688', 'INCOMPETENT PERSON,RECKLESSY ENDANGERING'), 95)
(('261', 'ARSON 1'), 81)
(('344', 'PETIT LARCENY OF ANIMAL'), 81)
(('817', 'TORTURE/INJURE ANIMAL CRUELTY'), 79)
(('645', 'FALSE ALARM FIRE'), 78)
(('818', 'ABANDON ANIMAL'), 78)
(('576', 'PROSTITUTION 4,PROMOTING&SECUR'), 75)
(('874', 'PEDDLING,UNLAWFUL'), 74)
(('701', 'BRIBERY,COMMERCIAL'), 68)
(('195', 'COERCION 2'), 68)
(('687', 'CHILD,OFFENSES AGAINST,UNCLASS'), 66)
(('844', 'CAUSE SPI/KILL ANIMAL'), 61)
(('706', 'RECORDS,FALSIFY-TAMPER'), 60)
(('445', 'LARCENY,GRAND OF BOAT'), 58)
(('293', 'CONSPIRACY 2, 1'), 58)
(('766', 'PERJURY 2,1,ETC'), 57)
(('754', 'APPEARANCE TICKET FAIL TO RESP'), 55)
(('591', 'OBSCENITY, PERFORMANCE 3'), 54)
(('537', 'GAMBLING 2, PROMOTING, POLICY-'), 53)
(('373', 'ROBBERY,DOCTOR/DENTIST OFFICE'), 52)
(('829', 'LABOR LAW,EMPLOYING CHILDREN'), 52)
(('327', 'LARCENY,PETIT FROM PARKING MET'), 50)
(('746', 'PERJURY 3,ETC.'), 48)
(('557', 'GAMBLING 1,PROMOTING,POLICY'), 47)
(('904', 'INTOXICATED DRIVING,ALCOHOL'), 41)
(('429', 'LARCENY,GRAND FROM COIN MACHIN'), 40)
(('605', 'LOITERING TO PROMOTE PROSTITUT'), 40)
(('122', 'HOMICIDE, NEGLIGENT, VEHICLE,'), 39)
(('627', 'DIS. CON.,AGGRAVATED'), 38)
(('107', 'END WELFARE VULNERABLE ELDERLY PERSON'), 38)
(('890', 'N.Y.C. TRANSIT AUTH. R&R'), 37)
(('663', 'SUPP. ACT TERR 2ND'), 36)
(('641', 'HEALTHCARE/RENT.REG.'), 35)
(('595', 'UNLAWFUL POSS. WEAPON UPON SCH'), 34)
(('888', 'HEALTH CODE,UNCLASSIFIED MISDE'), 34)
(('721', 'BRIBERY,FRAUD'), 34)
(('297', 'FACILITATION 4, CRIMINAL'), 33)
(('780', 'NUISANCE, CRIMINAL'), 32)
(('532', 'CONTROLLED SUBSTANCE,POSSESS.'), 32)
(('529', 'SALES OF PRESCRIPTION'), 30)
(('553', 'GAMBLING 1,PROMOTING,BOOKMAKIN'), 30)
(('698', 'INCOMPETENT PERSON,KNOWINGLY ENDANGERING'), 29)
(('291', 'CONSPIRACY 4, 3'), 29)
(('803', 'A.B.C.,FALSE PROOF OF AGE'), 29)
(('892', 'PARK R&R,GAMBLING'), 29)
(('811', 'DOG STEALING'), 27)
(('586', 'SEX TRAFFICKING'), 27)
(('887', 'GRAFFITI (ADMINISTRATIVE CODE-'), 26)
(('889', 'HEALTH CODE,VIOLATION'), 24)
(('662', 'MATERIAL              OFFENSIV'), 22)
(('585', 'PROSTITUTION 3,PROMOTING BUSIN'), 22)
(('530', 'DRUG, INJECTION OF'), 21)
(('265', 'MISCHIEF 1,CRIMINAL,EXPLOSIVE'), 21)
(('587', 'PROSTITUTION 2, COMPULSORY'), 20)
(('125', 'HOMICIDE,NEGLIGENT,UNCLASSIFIE'), 20)
(('289', 'CONSPIRACY 6, 5'), 18)
(('533', 'GAMBLING 2, PROMOTING, BOOKMAK'), 18)
(('669', 'PRIVACY,OFFENSES AGAINST,UNCLA'), 18)
(('381', 'ROBBERY,HIJACKING'), 18)
(('342', 'LARCENY, PETIT OF AUTO - ATTEM'), 17)
(('775', 'MONEY LAUNDERING 1 & 2'), 17)
(('345', 'LARCENY,PETIT OF BOAT'), 17)
(('186', 'LURING A CHILD'), 16)
(('797', 'WOUNDS,REPORTING OF'), 15)
(('872', 'NOISE,UNECESSARY'), 15)
(('604', 'LOITERING 1ST DEGREE FOR DRUG'), 15)
(('843', 'INAPPROPIATE SHELTER DOG LEFT'), 15)
(('619', 'LOITERING,UNCLASSIFIED'), 14)
(('275', 'POSTING ADVERTISEMENTS'), 14)
(('285', 'SOLICITATION 3,2,1, CRIMINAL'), 14)
(('697', 'USE OF A CHILD IN A SEXUAL PER'), 13)
(('588', 'PROSTITUTION 2, UNDER 16'), 13)
(('283', 'SOLICITATION 4, CRIMINAL'), 13)
(('691', 'BIGAMY'), 12)
(('602', 'LOITERING,DEVIATE SEX'), 12)
(('715', 'POSSESSION ANTI-SECURITY ITEM'), 12)
(('281', 'SOLICITATION 5,CRIMINAL'), 12)
(('476', 'CREDIT CARD,UNLAWFUL USE OF'), 12)
(('584', 'PROSTITUTION 3, PROMOTING UNDE'), 11)
(('436', 'LARCENY,GRAND BY CREDIT CARD COMPROMISE-UNAUTHORIZE PURCHASE'), 11)
(('593', 'OBSCENITY, MATERIAL 3'), 11)
(('756', 'ABSCONDING FROM WORK RELEASE 2'), 10)
(('822', 'EDUCATION LAW'), 9)
(('864', 'BUILDING MATERIAL'), 9)
(('248', 'RADIO DEVICES,UNLAWFUL POSSESS'), 9)
(('468', 'FORTUNE TELLING'), 8)
(('784', 'WEAPONS,MFR,TRANSPORT,ETC.'), 8)
(('299', 'FACILITATION 3,2,1, CRIMINAL'), 8)
(('845', 'BREED/TRAIN/HOST ANIMAL FIGHTING'), 6)
(('561', 'PROSTITUTION, PATRONIZING 2, 1'), 6)
(('840', 'PUBLIC HEALTH LAW,GLUE,UNLAWFU'), 6)
(('821', 'EDUCATION LAW,UNCLASSIFIED'), 6)
(('969', 'TRAFFIC,UNCLASSIFIED INFRACTIO'), 6)
(('513', 'POSS METH MANUFACT MATERIAL'), 6)
(('827', 'GENERAL BUSINESS LAW / UNCLASSIFIED'), 6)
(('648', 'PLACE FALSE BOMB'), 6)
(('664', 'TERRORISM PROVIDE SUPPORT'), 5)
(('355', 'LARCENY,PETIT OF TRUCK'), 5)
(('868', 'GYPSY CAB'), 5)
(('733', 'ENTERPRISE CORRUPTION'), 5)
(('866', 'FIREWORKS'), 4)
(('574', 'PROSTITUTION,PERMITTING'), 4)
(('815', 'NEGLECT/POISON ANIMAL'), 4)
(('618', 'LOITERING FOR PROSTITUTION OR'), 4)
(('786', 'WEAPONS,PROHIBITED USE'), 3)
(('121', 'HOMICIDE,NEGLIGENT,VEHICLE'), 3)
(('143', 'ABORTION 1'), 3)
(('846', 'CONFINING ANIMAL IN VEHICLE/SHELTER'), 3)
(('737', 'USURY,CRIMINAL'), 3)
(('427', 'LARCENY,GRAND FROM PARKING MET'), 2)
(('178', 'FAC. SEXUAL OFFENSE W/CONTROLL'), 2)
(('694', 'INCEST'), 2)
(('646', 'DISSEMINATING A FALSE SEX OFFEND'), 2)
(('622', 'UNDER THE INFLUENCE OF DRUGS'), 2)
(('796', 'WEAPONS,PROHIBITED USE'), 2)
(('876', 'UNLAWFUL SALE SYNTHETIC MARIJUANA'), 2)
(('783', 'FIREWORKS PREV CONV 5 YEARS'), 2)
(('860', 'AIR POLLUTION-MOTOR VEH (ADM C'), 2)
(('614', 'LOITERING,SCHOOL'), 2)
(('839', 'PUBLIC HEALTH LAW,GLUE,INHALAT'), 1)
(('885', 'SMOKING TRANSPORTATION FACILIT'), 1)
(('787', 'WEAPONS,PROHIBITED USE IMITATI'), 1)
(('975', 'ENVIRONMENTAL CONTROL BOARD'), 1)
(('689', 'MARRIAGE,OFFENSES AGAINST,UNCL'), 1)
(('813', 'POSSESS PARAPHERNALIA/ANIMAL FIGHTING'), 1)
(('148', 'ABORTIONAL ARTICLES,ISSUING'), 1)
(('820', 'EDUCATION LAW, TRUANCY'), 1)
(('693', 'INCEST'), 1)
(('685', 'CHILD,LICENSED PREMISES'), 1)
(('522', 'USE CHILD TO COMMIT CONT SUB OFF'), 1)
(('667', 'HIND PROSEC. TERR 2'), 1)
(('146', 'ABORTION 2, 1, SELF'), 1)
(('798', 'FIREARMS LICENSING LAWS'), 1)
(('119', 'PROMOTING SUICIDE ATTEMPT'), 1)
(('184', 'LABOR TRAFFICKING'), 1)
