387, 3, 16
417, 7, 486
112, 3, 41
718, 11, 789
640, 5, 211
476, 10, 2
243, 12, 192
424, 1, 319
818, 6, 5
399, 8, 708
231, 9, 399
195, 6, 4
662, 9, 1
779, 2, 207
457, 3, 1076
397, 10, 6452
899, 5, 10
233, 3, 186
789, 1, 1
350, 3, 12
907, 9, 46
905, 11, 4866
489, 4, 111
502, 10, 99
553, 12, 4
723, 9, 201
510, 5, 205
646, 11, 1
749, 5, 1885
435, 7, 74
105, 11, 906
744, 10, 113
508, 12, 67
423, 8, 10
180, 8, 10
365, 7, 21
198, 1, 3366
788, 10, 1
415, 5, 856
398, 7, 355
799, 4, 17
584, 8, 2
412, 4, 576
696, 2, 8
782, 12, 3253
868, 5, 1
683, 12, 38
271, 5, 62
792, 9, 578
645, 2, 8
512, 7, 145
841, 12, 6
659, 11, 20
595, 10, 4
113, 4, 4137
293, 9, 6
764, 12, 25
848, 3, 55
759, 8, 1666
594, 9, 11
788, 2, 3
214, 8, 383
602, 11, 2
625, 12, 40
211, 11, 920
695, 3, 24
386, 12, 1968
647, 4, 31
803, 6, 6
341, 9, 29
544, 12, 47
360, 4, 21
468, 9, 1
515, 10, 295
746, 4, 2
363, 9, 22
501, 11, 183
410, 2, 207
231, 1, 359
462, 11, 883
350, 11, 16
433, 1, 1015
840, 11, 1
313, 6, 428
426, 11, 53
786, 8, 1
799, 12, 22
179, 12, 174
610, 8, 29
439, 3, 1370
425, 10, 392
858, 2, 12
393, 6, 6
721, 11, 2
731, 6, 41
770, 9, 11
193, 4, 41
396, 9, 61
576, 1, 9
426, 3, 40
904, 4, 6
106, 2, 916
110, 1, 46
375, 10, 59
455, 1, 88
420, 5, 191
491, 1, 11
781, 1, 14
101, 7, 29905
843, 2, 2
711, 4, 8
301, 5, 568
708, 10, 133
168, 10, 202
500, 12, 449
347, 7, 73
652, 10, 41
442, 5, 102
419, 1, 2320
451, 5, 803
772, 11, 31
889, 8, 3
357, 6, 2594
529, 9, 4
266, 9, 38
264, 11, 161
333, 12, 14686
503, 9, 1088
638, 6, 22921
413, 11, 149
574, 11, 1
531, 12, 4
119, 10, 1
644, 1, 46
185, 3, 19
588, 12, 1
277, 3, 74
637, 11, 12598
191, 2, 41
827, 8, 1
703, 11, 22
681, 10, 832
491, 9, 10
566, 12, 271
530, 11, 2
565, 9, 28
701, 1, 9
718, 3, 944
918, 1, 36
781, 9, 17
490, 10, 1213
698, 8, 5
125, 9, 2
663, 10, 3
754, 11, 5
327, 1, 3
641, 6, 6
289, 6, 1
878, 4, 569
363, 1, 28
109, 7, 11369
853, 11, 5
342, 4, 2
443, 6, 354
380, 6, 100
808, 7, 15
241, 10, 118
880, 7, 11
114, 5, 967
466, 7, 171
223, 2, 2510
305, 9, 318
918, 9, 49
203, 8, 531
762, 6, 20
392, 5, 102
662, 1, 3
780, 10, 4
181, 7, 114
395, 4, 30
701, 9, 3
199, 2, 78
707, 7, 896
283, 8, 2
820, 9, 1
719, 4, 6
406, 5, 330
269, 8, 2296
385, 9, 12
605, 6, 1
627, 2, 2
489, 12, 98
817, 3, 6
669, 4, 1
342, 12, 2
205, 10, 3262
432, 2, 49
402, 1, 188
338, 9, 14768
307, 3, 289
267, 10, 2899
744, 2, 103
422, 7, 316
117, 8, 1353
408, 3, 98
727, 5, 30
407, 6, 518
199, 10, 82
665, 8, 36
351, 4, 14
112, 11, 34
285, 10, 3
224, 7, 1449
688, 9, 5
164, 6, 26
464, 5, 30
187, 1, 15
339, 10, 5225
441, 8, 7977
256, 10, 292
907, 1, 57
514, 1, 42
792, 1, 539
382, 8, 548
754, 3, 1
361, 11, 202
761, 7, 45
811, 5, 3
193, 12, 30
418, 2, 167
739, 6, 2413
520, 10, 30
113, 12, 3934
209, 6, 158
213, 9, 1991
204, 9, 129
104, 12, 13
723, 1, 236
349, 1, 1850
105, 3, 875
872, 10, 4
305, 1, 318
403, 10, 945
418, 10, 275
429, 6, 1
387, 11, 15
175, 8, 1849
841, 4, 10
177, 6, 138
438, 12, 8363
335, 6, 175
170, 11, 174
563, 7, 5
892, 8, 8
532, 9, 3
479, 7, 26
424, 9, 407
576, 9, 8
916, 7, 2467
221, 4, 5616
323, 5, 10
475, 11, 141
461, 2, 260
585, 7, 3
845, 8, 1
355, 8, 1
329, 7, 17
530, 3, 3
371, 6, 13
659, 3, 26
789, 9, 6
764, 4, 26
373, 8, 6
633, 7, 13
553, 4, 2
594, 1, 7
853, 3, 6
724, 8, 49
521, 9, 326
268, 7, 203
122, 8, 1
331, 2, 3
379, 6, 58
291, 11, 1
661, 4, 535
695, 11, 21
377, 12, 193
263, 6, 281
476, 2, 1
183, 5, 83
341, 1, 30
111, 10, 48
405, 8, 2524
746, 12, 2
447, 2, 14
515, 2, 243
433, 9, 924
221, 12, 7161
430, 4, 114
401, 4, 465
397, 2, 4231
643, 8, 75
254, 12, 13586
155, 10, 90
439, 11, 1593
595, 2, 1
384, 10, 601
258, 8, 4848
143, 1, 1
524, 6, 15
567, 11, 7849
507, 5, 74
568, 6, 155
155, 2, 83
779, 10, 222
500, 4, 643
905, 3, 5602
493, 11, 101
256, 2, 263
760, 8, 808
703, 3, 19
498, 10, 14
705, 5, 942
708, 2, 126
468, 1, 1
829, 10, 2
411, 1, 317
409, 12, 181
437, 5, 137
533, 2, 3
174, 7, 6
267, 2, 1991
462, 3, 845
674, 6, 18
244, 5, 114
596, 3, 35
388, 6, 901
186, 10, 4
696, 10, 15
848, 11, 55
273, 7, 181
187, 9, 5
277, 11, 60
687, 8, 4
457, 11, 1179
153, 8, 125
191, 10, 51
637, 3, 12476
697, 1, 1
793, 2, 2233
519, 6, 25
566, 4, 353
619, 7, 4
502, 2, 83
729, 3, 3038
750, 7, 1806
730, 5, 61
602, 3, 5
125, 1, 2
168, 2, 180
508, 4, 126
331, 10, 11
652, 2, 28
419, 9, 3028
878, 12, 573
386, 4, 1207
115, 6, 696
969, 1, 1
742, 8, 18
401, 12, 459
110, 9, 63
254, 4, 14072
782, 4, 4278
425, 2, 217
396, 1, 9
591, 6, 3
241, 2, 83
383, 7, 15
664, 7, 1
645, 10, 3
389, 5, 435
450, 6, 30
862, 7, 12
438, 4, 7735
879, 3, 21
234, 6, 60
293, 1, 7
416, 8, 170
478, 8, 701
858, 10, 22
721, 3, 1
847, 6, 210
265, 4, 3
395, 12, 43
531, 4, 5
711, 12, 12
647, 12, 21
434, 8, 10
569, 5, 541
404, 7, 438
384, 2, 406
501, 3, 210
661, 12, 355
333, 4, 13454
121, 5, 1
211, 3, 777
198, 9, 3866
106, 10, 1137
922, 8, 849
157, 12, 511
205, 2, 4262
565, 1, 18
360, 12, 42
849, 12, 4
394, 3, 9
201, 6, 126
343, 3, 1063
649, 6, 282
691, 7, 3
447, 10, 12
248, 1, 1
403, 2, 745
780, 2, 3
529, 1, 4
176, 5, 9
345, 5, 2
321, 7, 14693
179, 4, 193
413, 3, 210
327, 9, 2
409, 4, 196
339, 2, 3125
715, 8, 1
766, 2, 3
243, 4, 184
431, 3, 15
514, 9, 52
291, 3, 1
537, 6, 3
544, 4, 90
890, 6, 2
802, 5, 44
683, 4, 44
588, 4, 1
874, 8, 2
567, 3, 9332
375, 2, 44
719, 12, 5
509, 11, 29
596, 11, 33
385, 1, 8
557, 8, 3
669, 12, 1
475, 3, 159
349, 9, 2310
432, 10, 62
509, 3, 44
410, 10, 385
445, 4, 2
879, 11, 18
772, 3, 33
261, 8, 5
797, 6, 1
351, 12, 6
303, 7, 317
593, 8, 1
343, 11, 1711
264, 3, 156
361, 3, 200
170, 3, 185
688, 1, 8
275, 1, 2
793, 10, 2563
548, 8, 37
849, 4, 9
644, 9, 38
431, 11, 10
367, 5, 161
461, 10, 395
381, 5, 1
166, 8, 14
104, 4, 12
477, 1, 27
266, 1, 31
681, 2, 730
511, 6, 4778
887, 2, 2
391, 8, 103
729, 11, 2568
421, 6, 4183
570, 7, 56
394, 11, 13
844, 7, 4
204, 1, 203
490, 2, 1094
888, 7, 6
520, 2, 28
821, 2, 1
748, 6, 1008
157, 4, 528
428, 5, 46
107, 9, 4
627, 10, 4
430, 12, 156
866, 3, 1
672, 4, 8
159, 6, 136
770, 1, 18
725, 7, 206
402, 9, 274
414, 6, 266
503, 1, 1095
111, 2, 71
887, 10, 4
344, 6, 7
411, 9, 265
412, 12, 790
408, 11, 196
498, 2, 14
532, 1, 1
809, 8, 187
285, 2, 2
233, 11, 240
223, 10, 3598
639, 5, 16770
275, 9, 2
521, 1, 314
213, 1, 2018
338, 1, 14329
197, 8, 77
505, 7, 77
390, 7, 233
477, 9, 17
259, 7, 10717
706, 8, 4
494, 6, 434
766, 10, 5
625, 4, 54
663, 2, 3
185, 11, 17
812, 8, 12
455, 9, 106
493, 3, 99
672, 12, 4
817, 11, 6
377, 4, 137
826, 7, 19
366, 6, 139
586, 6, 5
307, 11, 395
297, 5, 4
178, 11, 1
681, 5, 911
363, 6, 18
683, 11, 66
729, 12, 2372
265, 11, 1
373, 7, 5
627, 5, 2
490, 5, 1319
436, 9, 1
853, 12, 11
104, 11, 8
268, 8, 253
416, 7, 163
109, 8, 11093
491, 6, 12
204, 6, 117
553, 3, 4
414, 1, 36
531, 11, 11
266, 6, 29
818, 1, 9
808, 8, 25
565, 6, 19
781, 6, 22
880, 8, 10
379, 9, 56
401, 11, 423
299, 4, 2
254, 3, 13193
762, 9, 12
505, 8, 106
687, 7, 5
181, 8, 116
602, 4, 1
524, 9, 6
625, 3, 47
744, 5, 117
846, 10, 1
273, 8, 170
521, 6, 296
389, 10, 456
493, 4, 89
721, 12, 2
731, 1, 50
817, 12, 8
532, 6, 3
361, 12, 246
498, 5, 20
307, 12, 436
674, 9, 7
434, 7, 12
727, 10, 33
803, 1, 2
510, 2, 224
176, 10, 16
117, 7, 1462
731, 9, 39
121, 10, 1
420, 2, 171
174, 8, 15
591, 9, 1
843, 5, 1
489, 3, 111
244, 10, 139
640, 2, 194
113, 11, 3980
394, 12, 25
201, 9, 141
511, 1, 5711
761, 8, 41
256, 5, 331
157, 3, 534
195, 1, 6
633, 8, 13
401, 3, 436
457, 4, 1122
164, 9, 17
756, 6, 2
739, 9, 2445
725, 8, 221
233, 4, 214
772, 12, 17
209, 9, 201
399, 7, 687
826, 8, 14
153, 7, 107
442, 10, 100
730, 10, 45
466, 8, 178
105, 12, 895
323, 10, 17
508, 11, 93
904, 3, 3
418, 5, 219
514, 6, 38
115, 9, 570
918, 6, 64
647, 3, 22
409, 11, 172
507, 2, 85
379, 1, 48
404, 8, 448
110, 6, 54
333, 11, 14312
445, 11, 3
327, 6, 3
289, 1, 2
410, 5, 264
782, 11, 3754
271, 2, 45
770, 6, 11
335, 9, 178
797, 9, 1
698, 7, 3
645, 5, 9
297, 10, 5
568, 1, 169
501, 12, 177
862, 8, 12
691, 8, 1
455, 6, 70
644, 6, 46
283, 7, 1
231, 6, 389
443, 9, 463
114, 2, 785
291, 4, 3
719, 3, 5
904, 11, 7
299, 12, 1
277, 4, 91
211, 12, 958
779, 5, 203
695, 4, 24
648, 2, 1
766, 5, 6
367, 2, 143
570, 8, 66
177, 9, 124
221, 11, 7018
588, 11, 1
888, 8, 3
360, 3, 20
890, 9, 4
605, 1, 1
829, 5, 7
433, 6, 889
669, 3, 2
428, 2, 40
432, 5, 49
402, 6, 241
643, 7, 64
703, 4, 17
847, 9, 214
887, 5, 1
344, 9, 11
439, 4, 1558
191, 5, 39
408, 4, 125
351, 3, 12
841, 3, 5
258, 7, 5198
705, 2, 795
193, 3, 38
507, 10, 87
183, 10, 78
187, 6, 13
697, 6, 2
727, 2, 39
267, 5, 2756
811, 2, 2
907, 6, 41
431, 12, 12
703, 12, 24
706, 7, 1
754, 4, 6
557, 7, 3
380, 9, 101
406, 2, 251
509, 12, 30
847, 1, 265
419, 6, 2935
494, 9, 489
114, 10, 985
844, 8, 7
357, 1, 2537
350, 12, 10
892, 7, 6
421, 1, 3455
413, 4, 214
519, 1, 21
674, 1, 5
793, 5, 2527
780, 5, 3
661, 3, 481
393, 1, 8
177, 1, 183
515, 5, 244
749, 10, 1788
159, 9, 112
385, 6, 10
412, 3, 563
386, 11, 1888
818, 9, 6
566, 11, 282
718, 4, 968
323, 2, 8
729, 4, 2735
639, 10, 16125
775, 1, 2
750, 8, 1763
338, 6, 14922
604, 10, 3
445, 3, 4
764, 11, 23
390, 8, 225
157, 11, 542
899, 10, 8
878, 3, 544
672, 3, 11
350, 4, 8
479, 8, 33
802, 2, 48
742, 7, 9
879, 4, 24
361, 4, 177
587, 2, 2
435, 8, 65
389, 2, 376
357, 9, 2785
489, 11, 86
411, 6, 274
510, 10, 217
576, 6, 7
388, 1, 1300
476, 5, 1
450, 9, 45
384, 5, 468
784, 9, 1
848, 4, 64
387, 4, 15
234, 9, 47
197, 7, 78
858, 5, 15
683, 3, 98
659, 12, 20
430, 3, 130
395, 3, 55
584, 7, 1
199, 5, 76
436, 1, 1
905, 4, 5207
605, 9, 1
595, 5, 4
530, 12, 1
812, 7, 16
331, 5, 15
106, 5, 1252
569, 10, 630
817, 4, 5
415, 10, 936
307, 4, 301
563, 8, 11
155, 5, 101
649, 9, 338
243, 3, 157
396, 6, 56
407, 1, 610
112, 12, 36
321, 8, 15014
464, 2, 18
468, 6, 1
754, 12, 1
860, 10, 2
383, 8, 23
438, 11, 7892
214, 7, 411
281, 9, 2
193, 11, 27
797, 1, 1
749, 2, 1428
638, 1, 18760
183, 2, 64
568, 9, 173
125, 6, 1
397, 5, 5436
664, 8, 2
567, 12, 6772
313, 9, 448
209, 1, 154
596, 4, 35
443, 1, 105
723, 6, 205
349, 6, 2329
425, 5, 301
105, 4, 793
305, 6, 338
922, 7, 778
365, 8, 11
343, 4, 1651
799, 3, 21
889, 7, 3
170, 12, 158
221, 3, 5867
168, 5, 196
412, 11, 749
849, 11, 9
457, 12, 1224
386, 3, 1198
271, 10, 49
264, 12, 149
461, 5, 375
567, 4, 9134
512, 8, 144
387, 12, 20
530, 4, 2
164, 1, 26
519, 9, 21
391, 7, 104
760, 7, 745
840, 4, 1
652, 5, 52
394, 4, 16
503, 6, 1012
811, 10, 2
198, 6, 3727
748, 9, 917
366, 1, 31
827, 7, 1
876, 9, 1
537, 1, 3
201, 1, 93
233, 12, 233
303, 8, 279
707, 8, 945
263, 1, 358
596, 12, 31
647, 11, 27
341, 6, 27
265, 3, 1
437, 10, 169
333, 3, 13732
746, 11, 4
641, 9, 7
420, 10, 314
447, 5, 15
494, 1, 390
591, 1, 6
423, 7, 10
667, 9, 1
335, 1, 147
223, 5, 3183
429, 1, 3
537, 9, 4
587, 10, 1
501, 4, 175
254, 11, 13805
610, 7, 18
170, 4, 175
439, 12, 1488
259, 8, 10491
393, 9, 13
180, 7, 14
275, 6, 1
426, 12, 62
371, 1, 17
185, 4, 19
772, 4, 27
500, 3, 684
493, 12, 81
415, 2, 719
101, 8, 28890
366, 9, 137
531, 3, 5
708, 5, 132
588, 3, 1
764, 3, 35
524, 1, 25
874, 7, 13
111, 5, 65
442, 2, 79
377, 11, 150
719, 11, 9
417, 8, 530
730, 2, 80
733, 7, 2
441, 7, 7692
244, 2, 97
762, 1, 14
413, 12, 128
511, 9, 5120
112, 4, 29
422, 8, 374
853, 4, 5
351, 11, 8
195, 9, 3
179, 11, 159
841, 11, 6
665, 7, 33
277, 12, 76
711, 11, 11
392, 2, 109
688, 6, 8
159, 1, 87
637, 4, 12546
594, 6, 10
520, 5, 15
566, 3, 379
502, 5, 84
462, 12, 874
431, 4, 15
718, 12, 816
701, 6, 8
343, 12, 1047
437, 2, 105
263, 9, 282
508, 3, 117
464, 10, 27
878, 11, 605
115, 1, 478
176, 2, 6
799, 11, 22
113, 3, 4147
405, 7, 2549
243, 11, 208
478, 7, 629
788, 5, 10
429, 9, 2
380, 1, 106
625, 11, 53
344, 1, 4
234, 1, 46
408, 12, 206
293, 6, 9
438, 3, 7843
509, 4, 35
462, 4, 873
392, 10, 127
916, 8, 2477
451, 10, 813
822, 12, 1
285, 5, 2
475, 12, 141
639, 2, 15413
395, 11, 36
426, 4, 47
569, 2, 464
724, 7, 49
329, 8, 20
561, 2, 3
377, 3, 117
211, 4, 849
313, 1, 407
899, 2, 3
269, 7, 2410
367, 10, 228
371, 9, 6
347, 8, 99
205, 5, 3282
360, 11, 46
548, 7, 33
430, 11, 155
792, 6, 584
649, 1, 301
890, 1, 2
382, 7, 588
672, 11, 4
407, 9, 516
104, 3, 14
648, 10, 3
696, 5, 16
586, 1, 2
224, 8, 1484
297, 2, 3
872, 5, 1
179, 3, 197
721, 4, 2
339, 5, 5488
809, 7, 176
711, 3, 14
659, 4, 23
544, 3, 64
500, 11, 613
759, 7, 1707
544, 11, 65
107, 6, 5
428, 10, 64
424, 6, 394
739, 1, 3151
406, 10, 462
375, 5, 72
475, 4, 160
663, 5, 5
585, 8, 1
213, 6, 1925
301, 10, 536
241, 5, 112
414, 9, 312
185, 12, 15
695, 12, 22
203, 7, 474
789, 6, 21
879, 12, 15
905, 12, 4432
261, 7, 8
637, 12, 12411
175, 7, 1855
553, 11, 1
421, 9, 4475
264, 4, 141
403, 5, 937
802, 10, 44
638, 9, 23239
166, 7, 15
640, 10, 264
849, 3, 10
782, 3, 4491
409, 3, 156
388, 9, 963
661, 11, 388
705, 10, 907
451, 2, 171
450, 1, 15
398, 8, 378
381, 2, 1
301, 2, 444
848, 12, 52
748, 1, 773
477, 6, 16
186, 5, 2
343, 5, 2385
442, 3, 70
627, 12, 1
780, 12, 1
393, 8, 13
412, 10, 833
425, 4, 376
271, 11, 42
399, 6, 614
451, 11, 569
532, 7, 3
512, 9, 134
323, 11, 7
415, 11, 942
285, 4, 2
519, 8, 20
639, 3, 17220
273, 9, 156
329, 9, 14
652, 4, 45
505, 1, 105
331, 12, 3
198, 7, 3898
748, 8, 919
730, 11, 54
268, 1, 318
224, 9, 1201
868, 3, 1
303, 9, 274
303, 1, 262
417, 1, 553
475, 5, 175
341, 7, 34
377, 2, 137
568, 8, 182
746, 10, 5
797, 8, 1
640, 3, 257
406, 3, 285
423, 6, 8
437, 3, 130
350, 5, 18
809, 6, 176
426, 5, 33
659, 5, 18
254, 10, 15411
381, 3, 2
398, 9, 357
265, 2, 2
259, 9, 9346
107, 7, 3
424, 7, 414
406, 11, 405
180, 6, 16
663, 4, 4
585, 9, 2
507, 3, 77
761, 1, 41
221, 2, 5592
445, 10, 12
548, 6, 31
500, 2, 641
889, 6, 1
155, 12, 73
826, 9, 15
789, 7, 118
101, 9, 27103
443, 8, 473
479, 1, 21
366, 8, 204
183, 11, 59
708, 4, 151
256, 12, 366
553, 10, 2
844, 9, 2
435, 1, 30
596, 5, 71
174, 1, 14
365, 1, 18
122, 6, 3
764, 10, 35
357, 8, 2930
640, 11, 216
782, 2, 4007
409, 2, 164
388, 8, 1012
244, 3, 102
476, 12, 2
403, 4, 950
179, 10, 167
762, 8, 6
511, 8, 5125
420, 3, 202
843, 12, 1
696, 4, 20
515, 12, 196
109, 9, 9969
391, 6, 78
711, 10, 9
291, 5, 3
637, 5, 13529
862, 1, 8
333, 2, 11617
566, 2, 341
595, 12, 6
530, 5, 1
502, 4, 101
436, 8, 3
750, 1, 1576
416, 6, 189
569, 3, 585
749, 11, 1675
205, 12, 3128
125, 7, 3
461, 4, 282
164, 8, 18
563, 1, 4
878, 10, 678
779, 4, 214
826, 1, 9
110, 7, 62
441, 6, 7085
176, 3, 8
191, 12, 63
351, 10, 13
389, 11, 467
799, 10, 19
331, 4, 8
380, 8, 117
916, 9, 2514
557, 6, 4
645, 12, 9
425, 12, 298
231, 7, 350
466, 9, 169
347, 9, 100
664, 9, 1
531, 10, 10
760, 6, 736
811, 3, 1
764, 2, 41
392, 11, 90
438, 10, 7988
730, 3, 66
858, 4, 15
395, 10, 39
478, 6, 686
725, 9, 197
501, 5, 201
687, 6, 7
432, 4, 55
265, 10, 2
727, 11, 24
793, 12, 1968
106, 12, 1133
321, 9, 14406
661, 2, 354
367, 11, 221
498, 12, 8
205, 4, 3489
591, 8, 9
360, 10, 47
267, 4, 2680
674, 8, 14
269, 6, 2216
594, 7, 5
407, 8, 507
508, 2, 135
321, 1, 13438
179, 2, 174
401, 2, 415
339, 4, 4506
746, 2, 3
756, 7, 1
639, 11, 15233
345, 3, 1
383, 1, 1
489, 2, 101
193, 10, 37
761, 9, 32
113, 2, 3687
537, 8, 3
567, 5, 9367
890, 8, 3
503, 7, 998
213, 7, 2144
524, 8, 14
301, 11, 382
707, 1, 819
918, 7, 53
509, 5, 21
647, 2, 28
404, 9, 438
394, 5, 14
899, 3, 5
211, 5, 930
438, 2, 7106
327, 7, 3
175, 6, 1817
421, 8, 4566
335, 8, 180
170, 5, 202
708, 12, 150
638, 8, 23132
587, 3, 3
849, 2, 9
691, 9, 3
818, 8, 14
447, 4, 10
461, 12, 306
507, 11, 76
371, 8, 18
176, 11, 4
114, 3, 869
477, 7, 26
386, 2, 1150
565, 7, 20
248, 7, 2
505, 9, 92
662, 7, 2
490, 4, 1249
766, 4, 9
731, 8, 49
570, 9, 43
104, 10, 12
588, 10, 1
888, 9, 3
201, 8, 130
386, 10, 2158
390, 9, 220
711, 2, 15
442, 11, 77
719, 2, 8
263, 8, 287
904, 2, 6
627, 4, 8
111, 4, 52
342, 10, 1
428, 3, 46
694, 10, 1
402, 7, 266
781, 7, 18
101, 1, 24071
887, 4, 1
111, 12, 38
344, 8, 4
422, 1, 336
681, 4, 827
408, 5, 126
223, 12, 3417
351, 2, 4
241, 4, 93
451, 3, 357
338, 7, 15525
822, 5, 1
285, 12, 1
841, 2, 6
261, 6, 7
749, 3, 1793
203, 6, 525
384, 4, 380
187, 7, 13
808, 9, 26
181, 9, 118
563, 9, 16
199, 12, 86
706, 6, 4
521, 7, 327
754, 5, 4
347, 1, 70
166, 6, 13
437, 11, 169
243, 2, 155
493, 5, 96
529, 7, 4
430, 10, 166
498, 4, 10
663, 12, 4
672, 2, 4
892, 6, 1
259, 1, 9357
117, 6, 1183
586, 8, 3
174, 9, 9
872, 12, 1
420, 11, 257
244, 11, 111
464, 11, 23
115, 8, 697
273, 1, 143
256, 4, 333
576, 7, 7
843, 4, 3
382, 6, 456
323, 3, 2
457, 5, 1091
739, 8, 2382
233, 5, 209
329, 1, 16
445, 2, 1
209, 8, 199
502, 12, 70
153, 6, 132
479, 9, 18
779, 12, 198
293, 7, 3
553, 2, 3
508, 10, 107
224, 1, 1111
390, 1, 211
429, 8, 2
418, 4, 186
802, 3, 41
417, 9, 491
788, 12, 2
415, 3, 814
377, 10, 165
799, 2, 12
412, 2, 531
297, 11, 3
782, 10, 4280
268, 9, 289
784, 8, 2
887, 12, 2
645, 4, 7
625, 2, 55
462, 5, 950
683, 2, 77
267, 12, 2504
221, 10, 7270
701, 7, 4
862, 9, 13
430, 2, 103
455, 7, 89
544, 2, 44
385, 7, 13
652, 12, 33
595, 4, 3
384, 12, 661
848, 5, 55
234, 8, 73
569, 11, 515
725, 1, 229
853, 5, 8
435, 9, 63
829, 4, 4
759, 6, 1582
243, 10, 217
695, 5, 23
258, 6, 5589
418, 12, 302
155, 4, 95
313, 8, 514
396, 7, 52
905, 5, 5184
922, 6, 887
183, 3, 67
177, 8, 122
360, 2, 22
403, 12, 943
744, 12, 82
410, 4, 252
880, 9, 9
468, 7, 1
433, 7, 932
411, 7, 274
409, 10, 177
533, 4, 2
770, 7, 15
214, 6, 322
643, 6, 64
379, 8, 58
450, 8, 56
510, 3, 206
195, 8, 5
439, 5, 1890
520, 4, 25
373, 6, 6
464, 3, 23
696, 12, 12
610, 6, 13
802, 11, 52
367, 3, 180
544, 10, 112
858, 12, 20
434, 6, 8
705, 11, 826
500, 10, 711
375, 12, 72
879, 5, 15
159, 8, 136
301, 3, 526
185, 5, 29
649, 8, 300
281, 8, 1
419, 7, 2982
602, 5, 1
744, 4, 82
191, 4, 38
113, 10, 4476
604, 3, 2
333, 10, 14779
168, 12, 176
793, 4, 2493
401, 10, 493
515, 4, 227
644, 7, 39
345, 11, 2
277, 5, 85
574, 5, 1
381, 11, 2
271, 3, 65
811, 11, 1
681, 12, 734
566, 10, 304
729, 5, 2696
788, 4, 5
750, 9, 1744
241, 12, 108
721, 5, 4
490, 12, 1258
383, 9, 24
707, 9, 884
703, 5, 24
157, 10, 614
727, 3, 41
404, 1, 380
878, 2, 572
698, 6, 3
264, 5, 165
661, 10, 568
109, 1, 8293
641, 8, 3
705, 3, 1003
289, 8, 2
387, 5, 6
414, 8, 409
512, 1, 161
808, 1, 28
157, 2, 482
849, 10, 11
916, 1, 2067
880, 1, 9
447, 12, 13
254, 2, 10858
466, 1, 168
392, 3, 95
275, 7, 1
114, 11, 905
531, 2, 16
197, 6, 78
112, 5, 45
398, 1, 441
413, 5, 198
494, 8, 485
772, 5, 27
181, 1, 91
395, 2, 33
625, 10, 56
766, 12, 1
724, 6, 46
375, 4, 67
812, 6, 13
588, 2, 2
106, 4, 1145
397, 12, 5680
491, 7, 12
874, 6, 7
817, 5, 9
719, 10, 5
733, 6, 2
605, 8, 2
307, 5, 380
669, 10, 4
363, 7, 27
633, 9, 10
223, 4, 2667
428, 11, 66
432, 12, 58
718, 5, 782
410, 12, 454
489, 10, 109
715, 6, 2
422, 9, 323
672, 10, 8
389, 3, 434
168, 4, 202
841, 10, 5
199, 4, 79
792, 7, 588
665, 6, 33
339, 12, 4179
688, 7, 6
647, 10, 16
847, 8, 225
193, 2, 29
514, 7, 38
633, 1, 14
683, 10, 71
431, 5, 28
397, 4, 4822
305, 7, 341
520, 12, 18
104, 2, 17
361, 5, 195
907, 7, 46
427, 2, 1
266, 7, 36
405, 6, 2499
510, 11, 202
742, 6, 13
723, 7, 167
349, 7, 2414
780, 4, 3
570, 1, 68
827, 6, 2
844, 1, 4
105, 5, 941
204, 7, 133
888, 1, 3
899, 11, 7
365, 9, 13
392, 8, 140
585, 2, 1
395, 9, 35
177, 3, 110
725, 10, 245
672, 9, 16
576, 12, 3
783, 6, 2
775, 11, 1
412, 1, 598
211, 6, 935
462, 6, 947
532, 12, 1
269, 5, 2364
424, 12, 472
818, 11, 6
367, 8, 176
357, 3, 2550
205, 7, 2582
775, 3, 1
360, 9, 34
731, 11, 46
329, 2, 15
649, 3, 341
890, 3, 4
390, 10, 236
418, 7, 220
407, 11, 555
386, 9, 1958
421, 3, 3288
224, 10, 1262
553, 1, 1
847, 3, 272
104, 9, 15
429, 11, 4
339, 7, 6377
489, 9, 87
514, 12, 44
764, 1, 26
475, 6, 152
413, 6, 218
614, 9, 1
476, 7, 1
761, 10, 45
113, 9, 4466
107, 12, 6
567, 6, 8932
848, 6, 66
375, 7, 59
787, 10, 1
563, 2, 8
213, 4, 1804
683, 1, 82
301, 8, 560
707, 10, 864
672, 1, 16
430, 1, 121
349, 12, 1885
544, 1, 32
347, 10, 100
109, 10, 9740
305, 12, 310
436, 3, 1
261, 5, 9
265, 9, 3
175, 5, 1715
421, 11, 4058
170, 6, 160
759, 5, 1722
185, 6, 16
638, 11, 19985
770, 4, 17
548, 5, 35
187, 4, 7
396, 4, 36
661, 9, 527
568, 3, 201
428, 8, 43
644, 4, 46
888, 2, 3
477, 4, 18
681, 7, 910
414, 3, 62
402, 12, 240
411, 4, 267
409, 9, 197
565, 4, 19
431, 6, 17
214, 5, 347
231, 12, 398
179, 1, 227
796, 8, 1
490, 7, 1247
515, 7, 245
641, 3, 3
669, 9, 1
748, 3, 844
638, 3, 20473
748, 11, 754
157, 1, 660
373, 5, 5
111, 7, 53
201, 11, 105
273, 2, 96
737, 9, 1
802, 8, 38
591, 3, 5
263, 11, 309
705, 8, 839
443, 11, 247
394, 6, 10
266, 4, 33
808, 10, 35
411, 12, 391
879, 6, 20
781, 4, 18
793, 7, 2384
321, 2, 10617
880, 10, 6
101, 10, 26378
401, 9, 450
455, 12, 89
815, 12, 1
799, 1, 17
159, 11, 104
254, 1, 12997
762, 11, 7
570, 10, 52
110, 12, 38
384, 7, 633
652, 7, 69
693, 8, 1
181, 10, 118
386, 1, 1443
512, 2, 155
563, 10, 18
619, 10, 3
267, 7, 3028
521, 4, 339
792, 4, 485
106, 7, 1220
596, 6, 72
688, 12, 8
425, 7, 336
756, 4, 2
840, 6, 1
862, 10, 15
498, 7, 20
887, 7, 1
566, 9, 307
438, 1, 7840
117, 5, 1244
723, 4, 239
788, 7, 225
417, 2, 344
904, 9, 2
489, 1, 115
455, 4, 77
244, 8, 115
639, 8, 16860
780, 7, 4
265, 1, 1
404, 2, 283
243, 9, 221
647, 1, 30
815, 4, 2
195, 3, 11
420, 8, 195
289, 11, 1
781, 12, 11
633, 10, 14
385, 4, 11
457, 6, 1041
739, 11, 2397
718, 6, 806
587, 8, 2
233, 6, 230
501, 6, 200
570, 2, 74
338, 4, 13887
826, 10, 21
491, 4, 5
529, 4, 2
231, 4, 366
730, 8, 46
602, 6, 2
351, 9, 16
164, 3, 23
531, 1, 10
365, 2, 8
305, 4, 320
115, 11, 457
662, 4, 1
335, 11, 136
441, 5, 7270
537, 3, 5
329, 10, 20
466, 2, 151
445, 9, 12
510, 8, 191
782, 9, 4061
221, 9, 6857
259, 2, 8141
645, 7, 5
297, 8, 3
605, 11, 2
198, 12, 3348
380, 11, 119
223, 7, 3687
519, 3, 32
905, 6, 4290
157, 9, 595
576, 4, 7
283, 5, 1
764, 9, 49
584, 5, 1
422, 10, 432
797, 3, 3
853, 6, 11
841, 9, 9
719, 1, 9
388, 3, 970
569, 8, 691
647, 9, 28
688, 4, 8
303, 2, 215
409, 1, 138
922, 5, 985
341, 12, 21
511, 11, 4833
360, 1, 27
361, 6, 205
746, 1, 9
281, 3, 2
405, 5, 2534
890, 11, 6
594, 4, 12
271, 8, 56
433, 4, 877
625, 1, 49
643, 5, 81
204, 4, 128
179, 9, 215
439, 6, 2202
193, 9, 41
715, 5, 1
180, 5, 11
393, 3, 6
568, 11, 144
701, 4, 7
866, 6, 1
193, 1, 39
342, 1, 3
371, 11, 16
725, 2, 283
416, 5, 236
695, 6, 39
399, 5, 679
500, 9, 619
344, 3, 4
183, 8, 66
412, 9, 671
503, 12, 905
532, 4, 3
509, 6, 23
101, 2, 22303
849, 9, 17
697, 4, 3
323, 8, 12
414, 11, 92
803, 3, 7
829, 7, 5
347, 2, 56
187, 12, 9
419, 4, 2396
744, 7, 81
390, 2, 138
907, 12, 38
674, 11, 8
493, 6, 87
435, 10, 58
388, 11, 1061
177, 11, 94
641, 11, 5
520, 7, 17
661, 1, 412
277, 6, 90
451, 8, 1138
381, 8, 1
377, 1, 185
191, 7, 81
248, 12, 3
159, 3, 105
529, 12, 2
113, 1, 4057
494, 11, 400
503, 4, 1145
729, 6, 2443
387, 6, 4
750, 10, 1805
366, 3, 53
574, 6, 1
659, 6, 20
104, 1, 13
107, 4, 5
878, 1, 604
424, 4, 362
818, 3, 4
406, 8, 345
109, 2, 7208
663, 7, 2
585, 10, 1
742, 5, 10
530, 6, 1
443, 3, 165
845, 5, 2
566, 1, 357
586, 3, 1
889, 5, 1
808, 2, 21
916, 2, 1862
450, 11, 37
880, 2, 6
429, 3, 4
313, 11, 487
610, 5, 12
553, 9, 2
275, 4, 1
969, 4, 1
264, 6, 139
918, 12, 44
403, 7, 1025
826, 2, 12
762, 3, 15
122, 5, 4
858, 7, 17
640, 8, 210
533, 7, 2
181, 2, 99
508, 9, 90
395, 1, 31
619, 2, 1
268, 2, 234
724, 5, 47
969, 12, 1
812, 5, 15
186, 7, 2
696, 7, 6
721, 6, 4
234, 11, 57
683, 9, 51
817, 6, 7
430, 9, 122
174, 10, 20
166, 5, 14
363, 4, 23
779, 7, 182
407, 3, 408
268, 10, 269
197, 5, 94
168, 7, 262
224, 2, 981
112, 6, 49
665, 5, 38
885, 1, 1
847, 11, 210
396, 12, 62
438, 9, 7946
110, 4, 41
514, 4, 46
772, 6, 25
633, 2, 7
625, 9, 58
209, 11, 180
761, 2, 25
719, 9, 7
739, 3, 2963
593, 5, 2
398, 2, 345
557, 5, 2
209, 3, 175
363, 12, 30
213, 12, 2001
614, 1, 1
379, 3, 48
491, 12, 3
349, 4, 2119
792, 12, 432
844, 10, 4
105, 6, 916
464, 8, 16
899, 8, 26
273, 10, 165
174, 2, 16
345, 8, 1
365, 10, 13
343, 6, 2980
435, 2, 34
478, 5, 646
383, 10, 21
335, 3, 132
383, 2, 10
511, 3, 5545
864, 12, 2
687, 5, 5
445, 1, 1
426, 6, 42
434, 5, 9
727, 8, 45
479, 2, 22
321, 10, 14784
258, 5, 5854
221, 1, 6740
849, 1, 8
461, 7, 432
874, 5, 3
512, 10, 145
843, 7, 1
477, 12, 17
256, 7, 324
519, 11, 25
565, 12, 2
391, 5, 87
410, 7, 237
544, 9, 156
591, 11, 3
505, 2, 92
377, 9, 147
114, 8, 999
198, 4, 3708
401, 1, 457
731, 3, 63
313, 3, 370
164, 11, 19
201, 3, 106
507, 8, 71
531, 9, 8
303, 10, 261
770, 12, 8
479, 10, 27
415, 8, 817
341, 4, 44
266, 12, 25
382, 5, 379
746, 9, 6
809, 5, 173
397, 7, 5794
904, 1, 2
524, 11, 12
433, 12, 1260
350, 6, 25
644, 12, 43
537, 11, 3
404, 10, 639
338, 12, 15382
711, 1, 9
398, 10, 419
293, 12, 1
327, 4, 3
259, 10, 9701
289, 3, 2
331, 7, 12
393, 11, 15
263, 3, 369
524, 3, 16
797, 11, 2
844, 2, 3
371, 3, 8
333, 9, 14097
521, 12, 255
648, 8, 1
500, 1, 653
691, 10, 1
756, 12, 1
241, 7, 120
703, 6, 25
281, 11, 1
176, 8, 14
366, 11, 82
155, 7, 92
708, 7, 167
627, 7, 4
419, 12, 2650
417, 10, 554
357, 11, 2691
351, 1, 9
766, 7, 8
307, 6, 369
333, 1, 13087
588, 9, 1
243, 1, 211
888, 10, 3
447, 7, 17
442, 8, 109
195, 11, 2
466, 10, 167
605, 3, 10
701, 12, 3
669, 1, 1
711, 9, 10
649, 11, 224
760, 5, 783
432, 7, 49
402, 4, 176
637, 6, 13427
423, 5, 7
494, 3, 378
344, 11, 5
422, 2, 279
502, 7, 79
408, 6, 136
389, 8, 420
380, 3, 76
841, 1, 4
750, 2, 1650
749, 8, 1884
822, 6, 1
125, 4, 3
203, 5, 474
508, 1, 118
723, 12, 196
878, 9, 651
199, 7, 94
153, 5, 125
595, 7, 1
115, 3, 559
918, 4, 48
907, 4, 41
342, 9, 3
706, 5, 6
799, 9, 16
754, 6, 4
437, 8, 146
782, 1, 4358
594, 12, 5
379, 11, 62
916, 10, 2631
327, 12, 5
293, 4, 4
450, 3, 28
204, 12, 141
291, 6, 7
892, 5, 2
862, 2, 7
505, 10, 75
234, 3, 51
146, 3, 1
586, 11, 1
385, 12, 16
674, 3, 4
254, 9, 14779
707, 2, 801
397, 6, 5390
361, 7, 193
524, 10, 19
707, 3, 888
808, 3, 29
918, 5, 51
478, 12, 712
183, 9, 44
633, 3, 7
880, 3, 10
416, 12, 365
466, 3, 194
327, 5, 9
548, 12, 8
275, 5, 2
587, 1, 6
234, 10, 72
922, 4, 1008
197, 4, 91
429, 2, 2
434, 4, 10
392, 1, 131
721, 7, 4
181, 3, 118
691, 11, 1
887, 6, 2
507, 9, 64
874, 4, 5
377, 8, 154
586, 2, 1
812, 4, 11
269, 12, 2175
520, 6, 18
694, 8, 1
461, 6, 389
742, 12, 2
166, 4, 14
662, 5, 2
363, 5, 22
159, 2, 65
117, 12, 871
407, 2, 396
375, 6, 70
888, 11, 1
489, 8, 94
404, 11, 626
321, 11, 13826
366, 2, 17
640, 9, 230
605, 2, 7
627, 6, 4
698, 12, 1
533, 6, 1
428, 1, 50
432, 6, 60
402, 5, 261
514, 5, 47
121, 9, 1
382, 12, 161
344, 10, 11
422, 3, 294
761, 3, 40
261, 4, 4
408, 7, 186
389, 9, 451
739, 2, 2748
665, 12, 41
494, 2, 366
822, 7, 2
209, 2, 137
749, 1, 1549
596, 7, 69
450, 10, 24
723, 5, 260
349, 5, 2364
519, 10, 25
907, 5, 35
105, 7, 984
174, 11, 15
879, 7, 12
502, 6, 54
365, 11, 15
175, 12, 1341
513, 4, 1
415, 9, 794
412, 8, 750
844, 11, 10
479, 3, 16
271, 9, 56
277, 7, 105
335, 10, 176
586, 10, 2
451, 9, 1054
509, 7, 35
674, 2, 6
512, 11, 125
113, 8, 4752
591, 10, 5
659, 7, 17
725, 11, 239
391, 4, 76
379, 2, 38
652, 6, 40
505, 3, 93
841, 8, 11
198, 5, 3796
818, 10, 5
916, 3, 2042
748, 10, 868
420, 9, 242
414, 2, 32
813, 11, 1
585, 3, 3
639, 9, 16336
268, 3, 350
510, 1, 186
355, 12, 1
303, 11, 239
845, 12, 1
975, 4, 1
561, 9, 1
263, 2, 331
114, 1, 744
390, 11, 236
341, 5, 30
443, 2, 101
437, 9, 143
719, 8, 6
199, 6, 90
730, 1, 57
746, 8, 2
355, 4, 1
439, 7, 2441
224, 3, 954
423, 4, 13
223, 6, 3233
643, 12, 28
122, 12, 4
775, 2, 2
254, 8, 16079
782, 8, 4202
853, 7, 7
203, 4, 492
398, 11, 431
476, 6, 1
674, 10, 6
687, 12, 7
762, 2, 6
878, 8, 736
258, 12, 4024
848, 7, 54
563, 3, 20
421, 10, 4559
507, 1, 81
568, 2, 196
511, 2, 5379
396, 5, 60
706, 4, 3
122, 4, 2
115, 2, 398
703, 7, 26
436, 2, 1
406, 1, 304
366, 10, 111
595, 6, 2
708, 6, 153
399, 12, 912
569, 9, 581
759, 4, 1671
417, 11, 497
176, 1, 6
258, 4, 5961
357, 10, 2945
766, 6, 3
244, 1, 96
905, 7, 4455
183, 1, 66
388, 2, 900
273, 11, 121
313, 2, 374
646, 7, 1
195, 10, 8
329, 3, 16
468, 5, 2
411, 5, 304
711, 8, 16
548, 4, 19
760, 4, 745
462, 7, 1106
637, 7, 13583
382, 4, 226
187, 5, 16
826, 3, 7
373, 4, 4
464, 1, 26
750, 3, 1950
610, 4, 14
779, 6, 173
106, 6, 1176
125, 5, 1
705, 9, 765
164, 10, 16
177, 2, 98
731, 10, 44
345, 9, 2
788, 6, 54
331, 6, 16
687, 4, 4
342, 8, 2
321, 3, 12306
799, 8, 17
817, 7, 7
405, 4, 2261
784, 2, 2
281, 10, 2
409, 8, 191
241, 6, 104
478, 4, 701
168, 6, 236
466, 11, 174
191, 6, 50
862, 3, 10
775, 10, 3
604, 1, 5
234, 2, 46
293, 5, 7
371, 2, 16
698, 4, 3
425, 6, 274
392, 9, 102
515, 6, 228
164, 2, 24
557, 12, 1
395, 8, 12
866, 7, 2
569, 1, 558
307, 7, 374
724, 12, 21
811, 9, 3
211, 7, 1053
447, 6, 15
269, 4, 2177
922, 12, 764
429, 10, 7
827, 4, 1
876, 10, 1
205, 6, 2743
360, 8, 25
904, 8, 2
649, 10, 292
383, 11, 22
267, 6, 2797
707, 11, 779
864, 5, 2
248, 5, 1
647, 8, 22
434, 12, 10
780, 6, 4
404, 3, 358
803, 10, 8
265, 8, 2
380, 2, 92
389, 1, 425
641, 10, 1
289, 10, 3
510, 9, 175
591, 2, 2
339, 6, 5936
335, 2, 108
715, 12, 1
350, 7, 28
383, 3, 18
849, 8, 13
501, 7, 173
201, 2, 83
347, 11, 81
193, 8, 70
203, 12, 356
691, 3, 1
761, 11, 40
289, 2, 1
529, 5, 5
567, 7, 9117
503, 5, 1033
379, 10, 52
213, 5, 1943
413, 7, 230
301, 9, 547
283, 12, 1
415, 1, 845
797, 10, 3
537, 2, 9
899, 1, 3
890, 2, 4
772, 7, 15
175, 4, 1522
491, 5, 12
264, 7, 166
744, 6, 91
170, 7, 150
442, 1, 87
243, 8, 238
638, 10, 22721
672, 8, 5
479, 11, 20
669, 8, 4
661, 8, 579
283, 4, 2
508, 8, 107
428, 9, 59
892, 4, 1
451, 1, 197
641, 2, 1
381, 1, 1
441, 12, 7358
477, 5, 33
261, 12, 6
351, 8, 30
593, 12, 1
681, 6, 880
665, 4, 51
391, 12, 126
565, 5, 65
259, 11, 9113
688, 5, 9
847, 10, 239
505, 11, 95
490, 6, 1315
435, 11, 64
748, 2, 717
104, 8, 12
431, 7, 18
754, 7, 4
268, 11, 316
802, 9, 40
393, 10, 14
437, 1, 93
770, 5, 18
594, 5, 6
524, 2, 14
742, 4, 10
443, 10, 423
214, 4, 308
111, 6, 45
570, 3, 58
808, 11, 26
438, 8, 8263
844, 3, 7
809, 12, 129
892, 12, 2
888, 3, 2
880, 11, 6
180, 4, 5
394, 7, 18
401, 8, 509
846, 1, 1
793, 6, 2259
701, 5, 5
338, 5, 15296
197, 12, 56
109, 11, 8955
725, 3, 305
259, 3, 9580
584, 4, 1
110, 5, 56
344, 2, 3
399, 4, 623
563, 11, 10
532, 5, 1
874, 12, 8
916, 11, 2390
323, 9, 24
414, 10, 179
812, 12, 16
204, 5, 144
639, 1, 16969
749, 9, 1855
155, 6, 100
185, 7, 20
498, 6, 15
390, 3, 155
166, 12, 13
174, 3, 20
706, 12, 5
730, 9, 45
117, 4, 1158
683, 8, 47
417, 3, 428
619, 3, 2
112, 7, 57
727, 9, 27
792, 5, 564
244, 9, 134
640, 1, 231
367, 9, 164
291, 7, 2
273, 3, 144
798, 7, 1
256, 6, 290
266, 5, 29
195, 2, 6
493, 7, 111
872, 6, 2
633, 11, 6
221, 8, 6936
457, 7, 1153
387, 7, 9
809, 4, 173
739, 10, 2508
625, 8, 48
233, 7, 227
209, 10, 194
610, 12, 8
826, 11, 4
305, 5, 363
107, 5, 1
153, 4, 109
101, 11, 25019
424, 5, 360
818, 2, 3
406, 9, 341
696, 6, 7
663, 6, 1
585, 11, 1
159, 10, 105
323, 1, 9
737, 8, 1
557, 4, 4
365, 3, 14
570, 11, 51
115, 10, 561
442, 9, 81
789, 5, 5
512, 3, 143
329, 11, 12
576, 5, 4
445, 8, 10
649, 2, 310
313, 10, 506
553, 8, 3
405, 12, 2689
969, 5, 1
271, 1, 41
435, 3, 47
724, 4, 44
403, 6, 962
645, 6, 8
297, 9, 3
862, 11, 12
423, 12, 8
380, 10, 120
388, 10, 1105
519, 2, 20
566, 8, 348
762, 10, 8
450, 2, 13
889, 12, 3
231, 5, 413
153, 12, 97
186, 6, 3
455, 5, 82
868, 1, 2
214, 12, 456
840, 7, 1
430, 8, 131
407, 10, 569
705, 1, 843
695, 7, 32
588, 8, 2
436, 10, 2
367, 1, 253
177, 10, 102
385, 5, 7
416, 4, 241
422, 11, 372
718, 7, 799
759, 12, 1264
410, 6, 278
418, 6, 211
433, 5, 920
643, 4, 74
764, 8, 37
179, 8, 230
386, 8, 1870
398, 3, 414
224, 11, 1290
715, 4, 1
299, 7, 1
750, 11, 1566
393, 2, 12
899, 9, 15
544, 8, 175
829, 6, 9
371, 10, 18
441, 4, 6661
796, 1, 1
727, 1, 36
847, 2, 227
811, 1, 7
464, 9, 27
101, 3, 26972
384, 6, 510
301, 1, 486
858, 6, 14
347, 3, 55
731, 2, 58
419, 5, 2815
114, 9, 911
426, 7, 31
357, 2, 2183
181, 11, 100
803, 2, 3
421, 2, 2699
333, 8, 14627
605, 10, 6
420, 1, 226
263, 10, 292
781, 5, 16
638, 2, 16958
843, 6, 1
148, 8, 1
644, 5, 39
685, 10, 1
180, 12, 18
201, 10, 116
381, 9, 3
760, 12, 525
511, 10, 5472
343, 7, 3899
494, 10, 492
802, 1, 34
303, 3, 260
729, 7, 2475
756, 5, 1
500, 8, 644
619, 11, 1
574, 7, 1
531, 8, 12
157, 8, 642
568, 10, 170
537, 10, 3
345, 1, 1
475, 7, 135
890, 10, 4
109, 3, 8714
827, 12, 1
176, 9, 8
521, 5, 317
111, 1, 49
442, 6, 79
399, 3, 638
507, 6, 58
521, 10, 347
524, 5, 14
633, 12, 4
500, 7, 549
721, 8, 4
493, 8, 150
327, 10, 1
377, 7, 148
101, 12, 24263
498, 9, 11
520, 9, 20
383, 12, 31
389, 6, 405
708, 1, 133
593, 11, 1
387, 8, 8
665, 3, 34
329, 12, 15
419, 10, 2730
417, 12, 553
193, 7, 52
203, 11, 370
674, 5, 7
244, 6, 103
770, 2, 14
413, 8, 209
848, 8, 65
568, 5, 154
537, 5, 10
843, 9, 1
269, 3, 2274
277, 8, 101
457, 8, 1163
421, 5, 3941
183, 6, 66
191, 9, 58
844, 4, 5
233, 8, 252
888, 4, 2
405, 11, 2742
566, 7, 280
821, 1, 3
502, 1, 79
718, 8, 762
180, 3, 7
379, 5, 25
437, 6, 138
342, 7, 1
725, 4, 254
508, 7, 103
383, 4, 14
155, 9, 96
186, 1, 1
887, 9, 2
344, 5, 8
115, 5, 689
408, 8, 158
742, 11, 12
329, 4, 18
916, 12, 2502
426, 8, 40
808, 12, 27
639, 6, 16305
431, 8, 25
645, 1, 6
422, 12, 426
645, 9, 5
760, 11, 627
450, 5, 39
899, 6, 12
174, 4, 18
380, 5, 107
406, 6, 327
705, 6, 876
234, 5, 63
385, 10, 22
224, 12, 1458
858, 9, 17
432, 1, 70
390, 4, 170
209, 5, 167
696, 9, 6
688, 10, 11
576, 10, 7
724, 11, 37
297, 6, 3
106, 9, 1181
371, 5, 15
113, 7, 4693
922, 11, 826
890, 5, 2
205, 1, 4329
907, 2, 61
723, 2, 247
363, 10, 28
410, 9, 285
519, 5, 26
107, 2, 1
780, 1, 4
739, 5, 2562
761, 12, 42
402, 2, 255
585, 12, 2
847, 5, 218
414, 5, 201
513, 11, 1
339, 1, 3683
548, 3, 13
715, 11, 1
889, 3, 1
293, 10, 3
514, 10, 39
789, 2, 2
922, 3, 1262
587, 6, 4
905, 8, 4777
872, 1, 1
759, 3, 1662
338, 2, 12329
520, 1, 30
429, 5, 2
403, 1, 886
503, 2, 1058
744, 1, 88
591, 5, 8
213, 2, 1579
122, 3, 1
557, 11, 6
782, 7, 3986
672, 7, 8
349, 10, 2325
476, 9, 1
347, 12, 76
197, 11, 62
268, 4, 286
784, 5, 1
879, 8, 18
584, 11, 1
748, 5, 987
114, 6, 982
888, 12, 1
343, 8, 4084
786, 3, 2
179, 7, 234
793, 9, 2362
687, 3, 4
425, 9, 337
462, 8, 1147
644, 10, 41
595, 9, 2
594, 10, 12
461, 9, 354
381, 6, 1
569, 6, 538
754, 8, 3
477, 2, 18
386, 7, 1932
584, 3, 1
649, 5, 326
391, 11, 110
418, 1, 190
563, 4, 9
729, 8, 2464
688, 2, 5
505, 12, 67
441, 3, 6640
490, 1, 1241
345, 6, 3
691, 4, 1
157, 7, 709
335, 5, 169
268, 12, 215
109, 12, 8721
557, 3, 3
424, 2, 303
770, 10, 6
204, 2, 162
231, 2, 323
361, 8, 182
109, 4, 9013
266, 2, 16
411, 10, 380
811, 6, 1
625, 7, 47
809, 11, 139
610, 11, 5
273, 12, 114
880, 12, 10
350, 8, 30
858, 1, 13
275, 10, 1
241, 1, 90
544, 7, 133
254, 7, 15772
864, 10, 1
841, 7, 7
521, 2, 268
259, 4, 9673
434, 3, 6
321, 12, 13815
181, 12, 110
619, 12, 1
818, 5, 6
180, 11, 15
420, 6, 183
199, 9, 84
683, 7, 46
843, 1, 3
185, 8, 19
812, 11, 11
479, 4, 23
155, 1, 149
394, 8, 19
817, 8, 6
515, 9, 240
366, 5, 109
307, 8, 389
706, 11, 2
529, 10, 1
117, 3, 1018
887, 1, 3
417, 4, 386
168, 9, 240
586, 5, 1
665, 11, 38
764, 7, 24
618, 11, 1
411, 2, 250
273, 4, 129
399, 11, 783
428, 6, 46
195, 5, 4
275, 2, 1
382, 3, 180
491, 10, 5
904, 7, 1
760, 3, 718
711, 7, 12
397, 9, 5960
733, 11, 1
241, 9, 142
647, 7, 23
637, 8, 13112
633, 4, 12
570, 4, 59
223, 9, 3431
498, 1, 14
502, 9, 86
641, 5, 5
723, 10, 214
627, 9, 4
696, 1, 15
853, 8, 9
105, 8, 989
283, 11, 1
596, 8, 91
164, 5, 16
501, 8, 198
365, 4, 9
166, 11, 10
691, 12, 1
447, 1, 12
415, 6, 794
187, 2, 10
110, 2, 48
404, 12, 510
663, 1, 4
331, 9, 10
271, 6, 48
610, 3, 2
327, 2, 5
512, 4, 124
662, 2, 1
433, 2, 786
862, 12, 6
766, 1, 4
455, 2, 72
178, 8, 1
385, 2, 4
652, 9, 44
821, 9, 1
874, 11, 5
829, 9, 12
243, 7, 220
719, 7, 16
605, 5, 1
750, 4, 1842
627, 1, 1
214, 11, 424
681, 1, 784
203, 3, 418
211, 8, 1004
303, 4, 224
174, 12, 18
367, 6, 160
422, 4, 309
261, 3, 8
341, 10, 44
509, 8, 41
779, 1, 254
360, 7, 32
746, 7, 7
305, 10, 363
410, 1, 229
423, 11, 14
697, 2, 2
489, 7, 113
153, 3, 122
643, 3, 78
730, 6, 47
510, 6, 163
706, 3, 9
398, 4, 382
491, 2, 8
744, 9, 91
715, 3, 2
393, 5, 10
594, 2, 13
475, 8, 174
780, 9, 1
396, 10, 58
844, 12, 3
532, 10, 5
892, 3, 4
727, 6, 42
175, 3, 1541
503, 10, 1120
872, 9, 1
703, 8, 26
792, 10, 528
301, 6, 484
708, 9, 143
347, 4, 72
419, 2, 1890
435, 4, 41
261, 11, 5
412, 7, 775
107, 10, 4
416, 3, 272
511, 5, 5445
424, 10, 436
264, 8, 149
323, 6, 7
403, 9, 965
663, 9, 2
585, 4, 3
258, 3, 6322
775, 5, 4
638, 5, 23015
701, 2, 8
839, 4, 1
445, 7, 5
874, 3, 7
661, 7, 528
390, 12, 275
515, 1, 275
789, 10, 1
256, 1, 301
197, 3, 67
479, 12, 24
191, 1, 53
384, 1, 602
176, 6, 10
681, 9, 787
553, 7, 2
434, 11, 10
224, 4, 990
969, 10, 1
187, 10, 14
724, 3, 58
565, 10, 41
750, 12, 1405
365, 12, 21
122, 11, 4
695, 8, 27
291, 8, 4
490, 9, 1134
576, 2, 5
388, 5, 943
476, 1, 1
110, 10, 70
104, 7, 11
878, 7, 663
849, 7, 20
802, 6, 57
742, 3, 10
263, 5, 304
443, 5, 335
648, 6, 1
659, 8, 20
430, 7, 133
808, 4, 20
916, 4, 2138
269, 11, 2107
267, 1, 2349
826, 12, 11
880, 4, 13
595, 1, 3
466, 4, 164
331, 1, 4
341, 2, 25
513, 3, 1
416, 11, 332
143, 2, 1
918, 10, 53
405, 3, 2367
762, 5, 15
889, 11, 1
826, 4, 6
669, 7, 2
563, 12, 2
451, 6, 897
181, 4, 117
396, 2, 29
395, 7, 14
111, 9, 50
199, 1, 84
707, 4, 846
375, 9, 64
812, 3, 14
299, 8, 1
159, 5, 99
106, 1, 1132
640, 6, 196
533, 1, 3
205, 9, 2702
214, 3, 326
231, 10, 492
166, 3, 9
363, 2, 28
101, 4, 26423
117, 11, 977
186, 9, 1
373, 3, 4
447, 9, 22
407, 5, 465
432, 9, 57
351, 7, 29
809, 3, 181
464, 6, 27
701, 10, 4
339, 9, 5468
466, 12, 161
256, 9, 286
514, 2, 38
793, 1, 2510
267, 9, 2804
321, 4, 12754
382, 11, 236
619, 4, 1
761, 4, 46
423, 3, 7
397, 1, 5712
799, 7, 12
567, 8, 9964
862, 4, 11
570, 12, 49
593, 3, 1
213, 10, 2129
441, 11, 7199
153, 11, 115
494, 5, 442
349, 2, 1613
223, 1, 2943
305, 2, 279
918, 2, 53
303, 12, 319
418, 9, 222
644, 2, 28
175, 11, 1550
425, 1, 175
565, 2, 15
409, 7, 161
198, 10, 3661
170, 8, 167
779, 9, 175
404, 4, 343
548, 11, 7
293, 2, 3
438, 7, 8075
221, 7, 6546
759, 11, 1404
461, 1, 325
788, 1, 3
168, 1, 251
512, 12, 108
478, 11, 699
477, 10, 29
707, 12, 648
184, 7, 1
864, 2, 1
455, 10, 101
687, 11, 2
781, 2, 14
391, 3, 103
265, 7, 3
772, 8, 21
652, 1, 42
333, 7, 14600
505, 4, 92
402, 10, 334
285, 9, 1
198, 2, 3132
731, 5, 73
398, 12, 454
283, 3, 1
201, 5, 111
357, 5, 2608
313, 5, 450
112, 8, 42
749, 6, 1946
204, 10, 151
792, 2, 391
478, 3, 721
177, 5, 112
392, 6, 98
529, 2, 3
266, 10, 36
125, 2, 1
384, 9, 577
781, 10, 29
435, 12, 54
433, 10, 1050
907, 10, 60
531, 7, 14
248, 10, 1
401, 7, 497
643, 11, 45
662, 10, 4
338, 10, 15379
766, 9, 1
788, 9, 3
439, 8, 2429
375, 1, 66
259, 12, 9214
588, 7, 3
725, 12, 196
258, 11, 4385
367, 7, 184
746, 6, 3
241, 8, 115
201, 4, 96
890, 12, 1
433, 3, 880
643, 2, 48
233, 9, 243
510, 7, 168
462, 9, 994
596, 9, 52
455, 11, 83
715, 2, 1
799, 6, 14
393, 4, 7
166, 10, 12
475, 9, 152
396, 11, 47
187, 3, 9
441, 10, 7861
706, 10, 6
494, 4, 458
450, 12, 23
375, 8, 71
703, 9, 24
519, 12, 21
301, 7, 514
533, 8, 2
708, 8, 137
423, 10, 11
347, 5, 67
419, 3, 2357
664, 5, 1
815, 11, 1
772, 9, 27
357, 4, 2651
421, 4, 3428
388, 12, 1229
750, 5, 1944
638, 4, 20466
853, 1, 10
478, 10, 708
373, 2, 1
203, 2, 412
661, 6, 554
904, 6, 6
529, 11, 2
277, 1, 78
265, 6, 2
764, 6, 27
803, 12, 2
760, 10, 717
426, 9, 47
641, 12, 1
681, 8, 819
263, 4, 321
591, 4, 4
187, 11, 10
762, 4, 9
565, 11, 22
718, 1, 1094
505, 5, 112
394, 1, 19
490, 8, 1271
594, 11, 8
125, 11, 3
447, 8, 14
847, 12, 175
107, 3, 1
754, 9, 7
529, 3, 2
878, 6, 613
176, 7, 9
772, 1, 30
802, 7, 54
756, 11, 1
742, 2, 6
398, 5, 450
594, 3, 8
413, 1, 157
443, 4, 218
439, 1, 1225
808, 5, 23
662, 11, 4
422, 5, 298
537, 4, 4
766, 8, 7
890, 4, 4
466, 5, 165
640, 7, 222
513, 2, 2
491, 3, 10
524, 4, 14
531, 6, 7
273, 5, 125
197, 2, 64
918, 11, 44
392, 7, 144
264, 1, 145
181, 5, 111
395, 6, 17
848, 1, 45
874, 2, 6
707, 5, 806
258, 2, 5096
797, 4, 1
812, 2, 17
389, 7, 426
811, 7, 2
269, 10, 2213
817, 1, 5
191, 8, 78
357, 12, 2369
688, 3, 9
205, 8, 2707
399, 10, 774
307, 1, 310
649, 12, 282
153, 10, 136
193, 6, 61
117, 10, 1084
431, 1, 10
407, 4, 486
323, 7, 12
420, 7, 179
361, 1, 213
402, 11, 276
695, 9, 18
464, 7, 18
339, 8, 6427
110, 11, 40
399, 2, 595
570, 5, 48
514, 3, 51
425, 8, 261
888, 5, 3
633, 5, 13
695, 1, 17
183, 7, 62
204, 11, 141
285, 8, 1
843, 8, 2
567, 9, 9694
701, 3, 4
907, 3, 59
725, 5, 241
596, 1, 30
721, 1, 3
723, 3, 253
887, 8, 3
349, 3, 2114
586, 12, 2
105, 1, 804
532, 3, 5
305, 3, 358
727, 7, 31
418, 8, 218
175, 10, 1664
775, 12, 1
844, 5, 7
521, 3, 320
442, 7, 89
697, 11, 2
170, 9, 169
111, 8, 52
622, 7, 1
404, 5, 441
907, 11, 39
899, 7, 22
548, 10, 29
503, 11, 983
221, 6, 6350
159, 4, 100
428, 7, 57
297, 7, 4
477, 11, 15
637, 9, 13198
659, 1, 27
391, 2, 96
101, 5, 30128
576, 11, 4
231, 11, 379
373, 10, 8
166, 2, 14
674, 12, 3
198, 3, 3609
113, 6, 4522
731, 4, 59
781, 11, 25
387, 1, 1
268, 5, 254
663, 8, 3
313, 4, 436
770, 11, 10
363, 3, 25
341, 3, 31
424, 3, 371
266, 11, 27
739, 4, 2665
423, 2, 3
809, 2, 183
761, 5, 41
862, 5, 16
234, 4, 57
433, 11, 1017
401, 6, 450
429, 12, 5
889, 2, 5
643, 10, 41
789, 3, 1
338, 11, 14643
443, 12, 204
350, 1, 15
905, 9, 4423
593, 10, 1
439, 9, 2024
649, 4, 320
519, 4, 23
384, 8, 654
203, 10, 449
393, 12, 15
429, 4, 6
435, 5, 41
724, 2, 46
180, 2, 9
565, 3, 17
780, 8, 1
507, 7, 58
880, 5, 7
122, 2, 7
185, 1, 16
409, 6, 155
500, 6, 571
214, 10, 424
155, 8, 98
293, 3, 7
703, 1, 28
784, 4, 1
689, 8, 1
584, 10, 1
366, 12, 46
112, 9, 51
419, 11, 2639
723, 11, 218
748, 12, 828
175, 2, 1216
174, 5, 15
637, 1, 12278
775, 4, 1
261, 10, 6
408, 1, 98
665, 10, 42
267, 8, 3066
244, 7, 131
224, 5, 1139
530, 1, 3
333, 6, 14293
879, 9, 13
243, 6, 213
462, 1, 869
416, 2, 211
195, 12, 6
759, 10, 1618
408, 9, 204
277, 9, 86
563, 5, 10
457, 9, 1079
602, 9, 1
731, 12, 53
351, 6, 26
291, 1, 6
110, 3, 58
441, 2, 5938
698, 10, 5
687, 10, 4
797, 12, 1
566, 6, 297
826, 5, 7
264, 9, 163
299, 1, 1
718, 9, 809
379, 4, 50
557, 2, 6
106, 8, 1119
125, 3, 4
508, 6, 71
258, 10, 5382
840, 9, 2
115, 4, 602
520, 8, 13
688, 11, 7
742, 10, 8
610, 10, 8
434, 10, 17
737, 6, 1
256, 8, 326
788, 8, 3
431, 9, 24
335, 12, 119
721, 9, 3
478, 2, 673
383, 5, 15
645, 8, 6
864, 11, 3
377, 6, 133
450, 4, 28
711, 6, 4
426, 1, 45
793, 8, 2517
380, 4, 105
281, 12, 2
918, 3, 44
498, 8, 13
385, 11, 12
263, 12, 305
781, 3, 16
371, 4, 10
344, 4, 6
858, 8, 13
327, 11, 7
168, 8, 233
849, 6, 17
569, 7, 523
382, 10, 340
501, 1, 203
211, 1, 919
568, 4, 157
269, 2, 1947
922, 10, 852
164, 12, 15
644, 3, 43
413, 9, 202
414, 4, 93
363, 11, 27
410, 8, 308
405, 10, 2778
618, 10, 2
407, 12, 620
537, 12, 3
665, 2, 26
511, 4, 5358
321, 5, 13575
275, 3, 3
847, 4, 222
266, 3, 25
405, 2, 2151
493, 9, 110
514, 11, 50
475, 1, 163
223, 8, 3881
759, 2, 1350
641, 4, 1
289, 4, 2
593, 2, 2
567, 1, 8278
503, 3, 1162
283, 10, 1
213, 3, 1744
587, 7, 1
501, 9, 200
557, 10, 4
159, 12, 101
112, 1, 35
349, 11, 2018
509, 1, 31
561, 7, 1
705, 7, 839
305, 11, 296
114, 7, 1013
512, 5, 144
343, 9, 3315
421, 12, 4178
390, 5, 253
170, 1, 248
233, 1, 205
638, 12, 19141
213, 11, 1980
548, 2, 12
432, 8, 59
853, 9, 11
644, 11, 35
451, 7, 1021
381, 7, 2
494, 12, 364
874, 10, 7
477, 3, 20
386, 6, 1673
491, 11, 5
344, 12, 4
391, 10, 121
701, 11, 5
669, 6, 1
729, 9, 2388
455, 3, 79
394, 9, 21
604, 7, 2
729, 1, 2678
748, 4, 855
261, 2, 5
157, 6, 648
841, 6, 17
509, 9, 43
201, 12, 104
822, 1, 4
385, 3, 8
204, 3, 173
749, 7, 1941
361, 9, 178
697, 3, 1
437, 7, 133
411, 11, 392
254, 6, 15224
809, 10, 169
706, 2, 7
754, 1, 4
231, 3, 331
350, 9, 24
511, 12, 4650
846, 7, 1
402, 3, 209
338, 3, 14419
197, 10, 72
762, 12, 11
259, 5, 10088
672, 6, 10
584, 2, 1
674, 4, 10
524, 12, 6
199, 8, 83
872, 8, 1
179, 6, 219
568, 12, 130
812, 10, 9
387, 9, 7
687, 2, 9
493, 1, 129
177, 4, 112
817, 9, 10
719, 6, 11
366, 4, 72
177, 12, 106
307, 9, 388
107, 11, 3
532, 11, 2
104, 6, 20
818, 12, 8
916, 5, 2473
117, 2, 753
792, 3, 478
343, 1, 832
585, 5, 2
647, 6, 28
417, 5, 408
521, 11, 270
489, 6, 112
355, 10, 1
329, 5, 32
605, 12, 8
445, 6, 3
180, 10, 12
818, 4, 4
792, 11, 519
345, 7, 2
789, 11, 1
424, 11, 454
438, 6, 8181
730, 7, 51
335, 4, 144
195, 4, 7
553, 6, 5
969, 11, 1
382, 2, 100
639, 7, 16456
848, 9, 70
724, 10, 46
457, 1, 1276
397, 8, 5871
109, 5, 10540
122, 10, 4
698, 2, 3
782, 6, 4018
576, 3, 5
388, 4, 869
209, 12, 146
625, 6, 45
502, 8, 81
153, 2, 111
784, 12, 1
371, 12, 20
779, 8, 166
105, 9, 897
342, 6, 1
164, 4, 17
683, 6, 62
365, 5, 12
879, 1, 25
430, 6, 139
185, 9, 30
115, 12, 400
544, 6, 136
415, 7, 789
313, 12, 444
434, 2, 7
739, 12, 2552
406, 7, 353
530, 9, 2
412, 6, 719
414, 12, 58
331, 8, 14
829, 8, 12
234, 12, 65
289, 12, 3
416, 10, 310
271, 7, 52
479, 5, 11
327, 3, 8
461, 8, 389
845, 2, 1
515, 8, 236
380, 12, 124
396, 3, 40
905, 1, 4749
659, 9, 17
293, 11, 2
652, 8, 52
209, 4, 159
756, 3, 2
403, 8, 1055
744, 8, 108
198, 11, 3512
586, 4, 6
299, 9, 1
770, 3, 14
411, 3, 252
214, 2, 288
211, 9, 976
379, 12, 63
303, 5, 273
662, 3, 4
922, 2, 1083
341, 11, 36
696, 8, 9
760, 2, 566
610, 2, 5
360, 6, 23
858, 3, 16
727, 12, 28
397, 3, 4876
241, 3, 119
567, 10, 9472
721, 10, 3
383, 6, 17
874, 1, 4
515, 3, 278
209, 7, 189
596, 2, 35
426, 2, 38
434, 1, 17
739, 7, 2361
153, 9, 96
493, 10, 117
105, 2, 743
420, 4, 188
879, 2, 16
418, 11, 270
175, 9, 1667
520, 11, 18
442, 4, 78
394, 10, 16
170, 10, 214
404, 6, 432
479, 6, 23
529, 8, 1
760, 9, 742
221, 5, 6504
451, 12, 307
809, 9, 160
845, 9, 1
413, 10, 165
721, 2, 2
772, 10, 25
477, 8, 18
297, 12, 4
455, 8, 97
530, 2, 2
391, 1, 90
267, 3, 2601
231, 8, 450
387, 2, 17
505, 6, 91
213, 8, 2147
491, 8, 7
731, 7, 44
707, 6, 891
201, 7, 170
647, 5, 20
890, 7, 1
695, 10, 18
698, 9, 3
204, 8, 149
350, 10, 17
177, 7, 167
111, 11, 31
519, 7, 27
781, 8, 18
587, 4, 1
729, 2, 2604
433, 8, 969
350, 2, 8
447, 3, 19
643, 9, 61
338, 8, 15550
176, 12, 4
439, 10, 1958
384, 11, 596
143, 8, 1
258, 9, 4737
524, 7, 14
233, 2, 154
405, 9, 2541
507, 4, 77
521, 8, 309
797, 7, 1
591, 7, 8
500, 5, 636
155, 11, 87
321, 6, 13785
703, 2, 25
874, 9, 7
498, 11, 15
442, 12, 95
841, 5, 18
708, 3, 143
180, 9, 38
605, 7, 1
363, 8, 16
669, 5, 1
416, 9, 191
419, 8, 3151
428, 4, 54
174, 6, 16
432, 3, 65
179, 5, 187
441, 1, 7359
887, 3, 4
244, 4, 93
422, 6, 324
261, 1, 9
687, 1, 8
388, 7, 966
351, 5, 15
593, 1, 1
243, 5, 216
665, 9, 42
594, 8, 9
285, 11, 2
688, 8, 11
847, 7, 230
749, 4, 1832
104, 5, 10
277, 10, 91
586, 7, 3
153, 1, 143
343, 2, 648
191, 11, 54
431, 10, 26
233, 10, 269
706, 1, 6
403, 3, 893
566, 5, 364
361, 10, 193
347, 6, 61
502, 3, 100
437, 12, 124
345, 4, 1
718, 10, 811
464, 12, 18
749, 12, 1617
367, 12, 266
415, 12, 1071
780, 11, 2
508, 5, 106
672, 5, 7
892, 1, 1
848, 10, 54
345, 12, 2
115, 7, 966
802, 4, 44
742, 9, 13
872, 11, 3
329, 6, 23
625, 5, 70
387, 10, 10
405, 1, 2410
478, 1, 616
327, 8, 1
399, 9, 703
544, 5, 104
450, 7, 58
532, 8, 5
380, 7, 136
424, 8, 404
916, 6, 2449
323, 4, 8
234, 7, 48
283, 9, 3
775, 7, 2
303, 6, 314
585, 6, 3
445, 5, 5
759, 1, 1412
899, 12, 5
789, 8, 2
569, 4, 517
443, 7, 445
548, 9, 25
905, 10, 5026
384, 3, 450
211, 2, 809
553, 5, 1
367, 4, 181
269, 1, 2173
297, 4, 1
922, 9, 779
205, 3, 4293
122, 9, 5
265, 5, 1
271, 12, 30
649, 7, 303
476, 3, 1
410, 11, 412
457, 10, 1205
780, 3, 2
520, 3, 24
389, 4, 407
533, 11, 3
510, 12, 161
868, 12, 1
659, 10, 19
339, 3, 3963
430, 5, 122
715, 9, 2
291, 2, 2
514, 8, 60
475, 2, 150
436, 7, 2
406, 4, 241
241, 11, 116
683, 5, 52
331, 3, 6
366, 7, 189
567, 2, 8213
569, 12, 433
375, 3, 59
889, 9, 3
185, 2, 20
637, 2, 11003
596, 10, 50
155, 3, 106
557, 9, 7
779, 11, 186
349, 8, 2448
509, 2, 39
256, 3, 323
166, 9, 18
305, 8, 364
548, 1, 13
114, 4, 877
301, 12, 309
494, 7, 493
175, 1, 1518
159, 7, 125
264, 2, 112
640, 4, 236
429, 7, 2
170, 2, 159
533, 3, 2
793, 11, 2183
659, 2, 15
849, 5, 13
584, 1, 2
644, 8, 31
674, 7, 12
826, 6, 14
451, 4, 644
696, 11, 11
610, 1, 7
273, 6, 168
530, 10, 4
858, 11, 11
681, 3, 938
705, 12, 832
391, 9, 92
645, 11, 4
729, 10, 2745
750, 6, 1720
373, 1, 8
490, 3, 1252
203, 1, 446
853, 10, 13
157, 5, 568
764, 5, 33
107, 8, 5
802, 12, 41
730, 4, 62
414, 7, 331
652, 3, 57
762, 7, 14
111, 3, 44
411, 8, 278
168, 11, 202
447, 11, 8
844, 6, 5
223, 11, 3173
425, 3, 380
744, 11, 93
254, 5, 14650
197, 9, 71
811, 12, 3
259, 6, 10284
186, 11, 2
622, 4, 1
439, 2, 1126
766, 11, 4
788, 3, 3
199, 11, 75
343, 10, 2641
185, 10, 27
812, 9, 19
792, 8, 619
493, 2, 101
426, 10, 51
434, 9, 12
817, 10, 9
698, 1, 3
498, 3, 12
333, 5, 14775
888, 6, 4
307, 10, 358
420, 12, 268
435, 6, 65
335, 7, 153
117, 1, 902
511, 7, 4929
417, 6, 484
112, 2, 41
394, 2, 14
258, 1, 6828
244, 12, 129
641, 7, 2
639, 12, 14748
113, 5, 4561
595, 3, 4
848, 2, 54
176, 4, 7
114, 12, 935
438, 5, 8099
268, 6, 273
195, 7, 6
398, 6, 403
382, 1, 122
772, 2, 16
193, 5, 40
711, 5, 10
248, 8, 1
397, 11, 5794
618, 1, 1
905, 2, 4907
637, 10, 13277
537, 7, 3
907, 8, 64
313, 7, 508
502, 11, 82
723, 8, 210
821, 11, 1
110, 8, 62
701, 8, 8
105, 10, 892
918, 8, 45
425, 11, 298
164, 7, 21
365, 6, 7
223, 3, 2838
263, 7, 281
428, 12, 83
432, 11, 75
415, 4, 797
799, 5, 18
261, 9, 9
412, 5, 650
853, 2, 18
593, 9, 1
269, 9, 2097
331, 11, 6
271, 4, 49
457, 2, 1074
645, 3, 8
512, 6, 123
727, 4, 40
610, 9, 16
431, 2, 6
461, 11, 305
293, 8, 6
652, 11, 33
266, 8, 47
427, 5, 1
437, 4, 101
719, 5, 10
503, 8, 1092
214, 9, 380
214, 1, 365
381, 4, 1
211, 10, 1024
522, 5, 1
892, 9, 4
695, 2, 18
627, 3, 4
803, 7, 1
619, 6, 1
724, 1, 47
341, 8, 36
180, 1, 41
703, 10, 30
360, 5, 34
627, 11, 4
746, 5, 5
342, 5, 2
166, 1, 18
410, 3, 207
725, 6, 233
402, 8, 274
423, 9, 12
887, 11, 1
570, 6, 61
344, 7, 14
408, 10, 229
643, 1, 40
663, 11, 3
510, 4, 204
462, 10, 964
386, 5, 1654
639, 4, 16802
393, 7, 12
697, 8, 2
423, 1, 6
475, 10, 151
561, 4, 1
507, 12, 57
390, 6, 211
899, 4, 9
862, 6, 23
706, 9, 7
117, 9, 1237
375, 11, 71
101, 6, 29108
299, 2, 1
401, 5, 471
301, 4, 488
708, 11, 133
509, 10, 35
203, 9, 437
377, 5, 138
563, 6, 6
408, 2, 91
289, 7, 1
744, 3, 87
441, 9, 7854
872, 3, 1
730, 12, 58
421, 7, 4383
403, 11, 942
809, 1, 179
385, 8, 17
793, 3, 2439
168, 3, 201
661, 5, 641
198, 8, 3858
277, 2, 47
381, 12, 3
818, 7, 8
406, 12, 521
191, 3, 36
663, 3, 2
392, 12, 105
681, 11, 757
761, 6, 45
187, 8, 16
355, 1, 1
389, 12, 502
565, 8, 27
889, 1, 3
718, 2, 868
462, 2, 823
490, 11, 1150
922, 1, 982
183, 12, 61
357, 7, 2784
754, 10, 5
878, 5, 597
464, 4, 15
109, 6, 10741
742, 1, 3
489, 5, 109
122, 1, 4
687, 9, 7
361, 2, 181
640, 12, 198
829, 3, 1
782, 5, 4226
409, 5, 170
476, 11, 1
264, 10, 184
808, 6, 28
478, 9, 660
754, 2, 11
880, 6, 7
748, 7, 1001
466, 6, 131
186, 3, 1
696, 3, 22
788, 11, 1
513, 1, 1
531, 5, 10
904, 5, 6
413, 2, 160
197, 1, 76
724, 9, 46
705, 4, 954
392, 4, 105
256, 11, 352
181, 6, 95
595, 11, 4
395, 5, 29
879, 10, 24
766, 3, 6
199, 3, 86
416, 1, 250
501, 10, 207
501, 2, 208
812, 1, 17
323, 12, 4
461, 3, 329
106, 3, 1153
281, 7, 2
418, 3, 188
817, 2, 1
779, 3, 210
396, 8, 66
205, 11, 3237
371, 7, 14
307, 2, 261
576, 8, 9
267, 11, 2610
604, 12, 3
638, 7, 23537
407, 7, 522
468, 8, 2
633, 6, 11
112, 10, 41
515, 11, 238
557, 1, 4
224, 6, 1127
770, 8, 9
568, 7, 138
665, 1, 50
379, 7, 45
339, 11, 4232
106, 11, 1074
399, 1, 843
760, 1, 602
811, 4, 2
373, 9, 5
759, 9, 1500
382, 9, 514
183, 4, 89
