174, 2007, 22
569, 2013, 556
417, 2015, 519
478, 2016, 1366
431, 2011, 7
584, 2008, 1
234, 2006, 47
841, 2012, 2
503, 2009, 1176
329, 2007, 26
335, 2006, 149
493, 2011, 116
918, 2009, 49
117, 2008, 1128
365, 2015, 27
724, 2016, 37
111, 2010, 45
625, 2012, 69
696, 2010, 7
107, 2009, 4
277, 2011, 88
181, 2007, 116
351, 2012, 15
826, 2007, 14
500, 2012, 543
570, 2015, 35
254, 2012, 14697
414, 2014, 237
739, 2006, 2733
507, 2013, 69
749, 2013, 2060
890, 2006, 8
880, 2007, 2
195, 2014, 5
530, 2011, 2
808, 2007, 20
273, 2015, 252
640, 2013, 272
647, 2012, 16
770, 2009, 7
812, 2016, 33
112, 2011, 40
775, 2006, 3
434, 2008, 1
827, 2016, 3
157, 2012, 702
203, 2016, 569
268, 2015, 731
490, 2010, 1581
366, 2014, 160
638, 2014, 28827
180, 2008, 28
698, 2016, 13
403, 2010, 1129
477, 2009, 23
567, 2011, 13169
381, 2013, 1
524, 2006, 28
586, 2014, 6
384, 2010, 537
155, 2010, 108
762, 2006, 6
742, 2016, 6
782, 2012, 4748
170, 2011, 187
175, 2008, 1649
466, 2015, 138
421, 2014, 4598
258, 2008, 6596
772, 2011, 27
430, 2012, 24
418, 2010, 1
347, 2007, 36
784, 2006, 1
748, 2014, 1215
443, 2006, 39
498, 2010, 17
244, 2013, 134
213, 2009, 1982
672, 2012, 8
175, 2016, 2072
109, 2007, 8940
566, 2012, 399
505, 2007, 123
520, 2010, 26
521, 2009, 431
808, 2015, 31
214, 2016, 316
587, 2013, 1
475, 2011, 118
258, 2016, 6675
289, 2014, 1
610, 2008, 12
687, 2008, 5
339, 2010, 4714
643, 2016, 17
809, 2008, 200
432, 2010, 20
392, 2013, 162
389, 2013, 620
764, 2012, 38
420, 2013, 523
350, 2011, 20
844, 2015, 24
890, 2014, 2
479, 2007, 15
641, 2014, 2
379, 2006, 63
638, 2006, 19289
491, 2009, 10
205, 2010, 4552
766, 2010, 5
565, 2009, 10
435, 2015, 60
691, 2007, 5
725, 2015, 273
211, 2011, 913
899, 2013, 5
343, 2011, 2214
605, 2014, 4
363, 2009, 24
585, 2015, 2
281, 2014, 1
375, 2010, 92
697, 2009, 1
234, 2014, 69
423, 2008, 6
862, 2015, 10
761, 2007, 69
386, 2012, 3074
553, 2012, 4
383, 2015, 1
429, 2006, 8
399, 2016, 369
209, 2006, 113
847, 2014, 311
422, 2007, 2
176, 2013, 71
321, 2015, 10869
508, 2012, 151
788, 2010, 34
746, 2012, 6
407, 2006, 557
174, 2015, 11
164, 2006, 15
649, 2014, 315
110, 2009, 78
338, 2009, 14479
166, 2016, 10
750, 2015, 1830
718, 2011, 875
803, 2006, 5
494, 2014, 677
725, 2007, 247
241, 2010, 115
637, 2011, 12366
501, 2011, 207
759, 2016, 1125
382, 2016, 370
568, 2006, 153
451, 2013, 754
548, 2008, 23
243, 2012, 197
331, 2010, 6
293, 2009, 6
388, 2014, 909
576, 2009, 15
652, 2010, 68
513, 2016, 1
450, 2014, 44
248, 2009, 1
417, 2007, 589
117, 2016, 1398
380, 2006, 126
405, 2008, 3180
437, 2013, 174
708, 2010, 159
596, 2011, 58
329, 2015, 20
301, 2013, 525
916, 2007, 1922
101, 2007, 25216
750, 2007, 1903
421, 2006, 4457
849, 2012, 10
122, 2008, 5
643, 2008, 27
265, 2012, 1
568, 2014, 132
760, 2008, 660
125, 2009, 1
323, 2013, 5
313, 2014, 1021
730, 2013, 35
393, 2006, 8
707, 2015, 1131
502, 2010, 84
398, 2007, 468
703, 2011, 19
904, 2012, 3
731, 2006, 68
291, 2011, 2
593, 2008, 1
223, 2010, 3547
531, 2012, 12
195, 2006, 5
619, 2015, 1
373, 2008, 2
424, 2009, 1
585, 2007, 1
341, 2009, 32
848, 2011, 55
263, 2014, 460
674, 2014, 8
264, 2011, 127
201, 2014, 143
711, 2012, 7
681, 2010, 830
705, 2013, 954
701, 2009, 10
594, 2009, 9
853, 2011, 15
366, 2006, 63
557, 2008, 3
509, 2011, 23
591, 2006, 4
214, 2008, 369
269, 2008, 2265
391, 2008, 140
781, 2009, 16
593, 2016, 2
185, 2011, 19
760, 2016, 697
371, 2014, 11
263, 2006, 199
563, 2015, 14
464, 2013, 25
887, 2010, 2
259, 2007, 11074
404, 2015, 1516
529, 2009, 2
510, 2013, 201
426, 2011, 2
489, 2012, 123
441, 2016, 4760
797, 2006, 2
261, 2016, 14
197, 2008, 88
447, 2010, 13
105, 2011, 1376
779, 2010, 162
662, 2009, 2
723, 2009, 221
201, 2006, 82
922, 2016, 813
888, 2015, 9
303, 2007, 276
644, 2009, 52
665, 2016, 123
706, 2016, 2
789, 2009, 12
748, 2006, 605
633, 2015, 13
754, 2011, 7
505, 2015, 100
266, 2009, 36
399, 2008, 811
283, 2016, 1
519, 2006, 17
415, 2013, 1145
826, 2015, 1
224, 2015, 1227
297, 2013, 4
357, 2006, 3842
659, 2011, 33
428, 2013, 88
466, 2007, 137
874, 2008, 7
663, 2010, 2
479, 2015, 29
183, 2013, 67
544, 2012, 116
307, 2011, 328
462, 2011, 951
434, 2016, 25
335, 2014, 170
864, 2009, 2
321, 2007, 16983
721, 2011, 3
365, 2007, 9
305, 2009, 362
268, 2007, 1
199, 2010, 91
438, 2012, 11751
349, 2009, 2193
478, 2008, 453
181, 2015, 103
512, 2007, 210
858, 2010, 20
674, 2006, 10
269, 2016, 3445
683, 2012, 120
422, 2015, 1254
610, 2016, 9
707, 2007, 550
739, 2014, 2858
706, 2008, 4
159, 2014, 141
115, 2014, 737
761, 2015, 18
880, 2015, 2
461, 2010, 314
514, 2009, 62
793, 2010, 2687
405, 2016, 1535
445, 2012, 4
476, 2010, 1
397, 2010, 7889
639, 2013, 18522
759, 2008, 1607
557, 2016, 2
889, 2016, 2
797, 2014, 3
168, 2010, 257
731, 2014, 22
407, 2014, 807
442, 2013, 72
104, 2012, 22
224, 2007, 1056
524, 2014, 2
380, 2014, 106
649, 2006, 315
922, 2008, 834
872, 2010, 1
425, 2010, 1
494, 2006, 453
811, 2013, 2
361, 2011, 230
905, 2011, 4334
379, 2014, 40
665, 2008, 12
313, 2006, 216
395, 2012, 38
511, 2014, 6280
661, 2012, 563
166, 2008, 12
687, 2016, 2
401, 2012, 458
762, 2014, 7
802, 2013, 43
388, 2006, 1446
327, 2009, 2
275, 2009, 1
413, 2011, 263
627, 2010, 2
450, 2006, 23
231, 2009, 386
744, 2010, 109
406, 2013, 527
916, 2015, 3251
347, 2015, 139
122, 2016, 1
204, 2009, 199
443, 2014, 740
273, 2007, 96
101, 2015, 32623
109, 2015, 12337
563, 2007, 13
878, 2012, 716
907, 2009, 52
345, 2013, 2
874, 2016, 5
333, 2012, 14993
669, 2012, 1
532, 2009, 4
193, 2012, 49
177, 2014, 299
373, 2016, 6
289, 2006, 2
106, 2010, 1274
398, 2015, 367
688, 2009, 11
390, 2015, 507
537, 2006, 8
191, 2010, 51
845, 2016, 2
382, 2008, 288
515, 2010, 253
809, 2016, 62
259, 2015, 10360
548, 2016, 27
641, 2006, 5
179, 2012, 345
177, 2006, 29
114, 2013, 1824
742, 2008, 14
435, 2007, 60
799, 2012, 27
888, 2007, 2
357, 2014, 2530
792, 2009, 559
879, 2011, 30
419, 2009, 3531
605, 2006, 3
719, 2012, 17
153, 2016, 125
715, 2016, 1
591, 2014, 6
391, 2016, 100
441, 2008, 10080
595, 2010, 4
727, 2013, 29
862, 2007, 21
393, 2014, 10
371, 2006, 18
511, 2006, 5144
645, 2010, 8
724, 2008, 42
283, 2008, 2
271, 2013, 56
412, 2012, 24
377, 2012, 150
261, 2008, 9
847, 2006, 190
729, 2011, 2309
197, 2016, 66
537, 2014, 3
889, 2008, 1
866, 2011, 1
115, 2006, 514
455, 2009, 88
433, 2009, 933
164, 2014, 24
416, 2016, 795
360, 2012, 29
439, 2011, 1774
153, 2008, 143
367, 2013, 193
198, 2009, 3023
695, 2011, 26
409, 2012, 109
233, 2011, 211
414, 2006, 128
423, 2016, 4
187, 2009, 13
203, 2008, 588
457, 2011, 1351
113, 2012, 4737
267, 2010, 2431
633, 2007, 11
256, 2010, 326
385, 2009, 5
221, 2012, 7819
570, 2007, 90
519, 2014, 15
209, 2014, 298
303, 2015, 376
159, 2006, 66
512, 2015, 96
557, 2015, 2
301, 2010, 173
231, 2014, 479
503, 2006, 1181
781, 2006, 22
706, 2007, 4
664, 2016, 3
478, 2007, 415
645, 2013, 4
591, 2009, 5
383, 2016, 210
254, 2011, 15295
412, 2011, 5
510, 2010, 209
872, 2013, 1
321, 2016, 10933
241, 2013, 142
423, 2007, 12
553, 2011, 1
397, 2013, 3555
782, 2011, 5571
176, 2010, 1
360, 2011, 23
730, 2010, 96
153, 2015, 122
922, 2015, 796
405, 2015, 1696
385, 2006, 7
303, 2008, 247
233, 2012, 175
491, 2006, 16
457, 2012, 1257
890, 2009, 4
382, 2015, 408
672, 2011, 10
531, 2011, 10
256, 2013, 399
293, 2006, 6
213, 2006, 2793
610, 2007, 28
826, 2008, 9
570, 2008, 88
849, 2011, 12
845, 2015, 4
426, 2012, 5
329, 2008, 15
687, 2015, 6
117, 2015, 1542
647, 2011, 32
405, 2007, 3402
432, 2013, 99
392, 2010, 142
166, 2007, 14
799, 2011, 21
707, 2008, 618
889, 2007, 4
350, 2012, 17
122, 2007, 2
327, 2014, 1
418, 2013, 304
641, 2009, 2
618, 2007, 1
625, 2011, 78
491, 2014, 6
762, 2009, 19
749, 2010, 1930
329, 2016, 12
494, 2009, 411
584, 2015, 2
341, 2014, 10
605, 2009, 5
756, 2006, 1
907, 2006, 33
338, 2014, 18253
273, 2008, 72
739, 2009, 2539
285, 2013, 1
466, 2016, 137
395, 2011, 44
633, 2008, 8
593, 2007, 1
195, 2009, 6
688, 2006, 7
375, 2013, 58
848, 2012, 61
665, 2007, 18
640, 2010, 253
770, 2014, 13
269, 2015, 2877
157, 2011, 684
479, 2008, 17
112, 2012, 37
107, 2006, 4
185, 2012, 24
537, 2009, 3
754, 2012, 3
204, 2014, 123
183, 2010, 99
490, 2013, 1745
231, 2006, 427
756, 2014, 2
498, 2013, 26
694, 2011, 1
391, 2007, 107
792, 2006, 274
772, 2012, 33
820, 2014, 1
110, 2014, 77
477, 2014, 28
489, 2011, 103
111, 2013, 38
180, 2007, 20
398, 2016, 322
644, 2006, 35
386, 2011, 4
866, 2012, 2
643, 2015, 77
271, 2010, 69
197, 2007, 101
170, 2012, 175
888, 2016, 2
691, 2016, 1
595, 2013, 5
261, 2015, 7
430, 2011, 3
258, 2007, 5725
203, 2015, 489
587, 2010, 5
576, 2014, 5
437, 2010, 3
153, 2007, 160
414, 2009, 89
213, 2014, 2172
567, 2012, 12065
433, 2014, 1274
321, 2008, 18903
822, 2012, 3
455, 2006, 126
475, 2012, 331
429, 2009, 6
827, 2015, 1
466, 2008, 189
565, 2014, 61
339, 2013, 5883
532, 2014, 2
529, 2014, 2
323, 2010, 12
402, 2014, 929
224, 2008, 1165
451, 2010, 629
744, 2013, 122
604, 2010, 2
248, 2014, 1
548, 2015, 36
338, 2006, 11986
904, 2011, 4
404, 2016, 1382
205, 2013, 3067
366, 2009, 68
113, 2011, 4425
701, 2014, 11
303, 2016, 438
503, 2014, 1099
259, 2008, 10657
619, 2008, 4
211, 2012, 903
373, 2015, 1
261, 2007, 10
305, 2006, 427
760, 2015, 732
214, 2015, 400
349, 2006, 2533
662, 2014, 3
557, 2007, 13
826, 2016, 2
918, 2014, 63
821, 2013, 2
164, 2009, 16
711, 2011, 16
476, 2013, 1
223, 2013, 3387
916, 2016, 3632
862, 2008, 13
683, 2011, 93
117, 2007, 1100
327, 2006, 4
355, 2007, 1
514, 2006, 54
380, 2009, 123
715, 2007, 4
775, 2009, 2
367, 2010, 182
568, 2009, 217
179, 2011, 303
742, 2007, 20
548, 2007, 30
788, 2013, 43
723, 2006, 273
780, 2013, 2
759, 2015, 1353
809, 2007, 326
508, 2011, 135
267, 2013, 2808
695, 2012, 21
519, 2009, 29
750, 2008, 1928
166, 2015, 21
975, 2015, 1
566, 2011, 390
844, 2016, 37
637, 2012, 13313
263, 2009, 367
588, 2011, 2
576, 2006, 2
698, 2015, 7
853, 2012, 4
435, 2008, 51
586, 2009, 1
696, 2013, 23
888, 2008, 4
181, 2016, 110
644, 2014, 44
899, 2010, 21
802, 2010, 51
789, 2014, 16
283, 2007, 1
803, 2009, 4
333, 2011, 14922
243, 2011, 215
659, 2012, 29
244, 2010, 146
389, 2010, 367
450, 2009, 37
409, 2011, 69
428, 2010, 1
388, 2009, 1108
174, 2008, 18
478, 2015, 1220
345, 2010, 3
335, 2009, 183
181, 2008, 99
808, 2016, 36
415, 2010, 717
708, 2013, 163
761, 2016, 29
110, 2006, 7
703, 2012, 27
721, 2012, 6
109, 2016, 13000
268, 2016, 600
733, 2007, 1
521, 2006, 178
627, 2013, 4
125, 2014, 4
770, 2006, 11
779, 2013, 275
505, 2016, 123
384, 2013, 731
585, 2016, 1
462, 2012, 1008
125, 2006, 1
331, 2013, 9
390, 2016, 444
438, 2011, 10717
291, 2012, 4
674, 2009, 25
401, 2011, 380
155, 2013, 82
443, 2009, 117
879, 2012, 18
435, 2016, 62
479, 2016, 20
563, 2016, 10
424, 2014, 1368
177, 2009, 17
399, 2007, 990
204, 2006, 208
441, 2015, 5565
199, 2013, 122
797, 2009, 1
793, 2013, 2794
809, 2015, 77
107, 2014, 6
445, 2011, 6
419, 2006, 3216
115, 2009, 494
371, 2009, 11
347, 2016, 234
594, 2014, 14
385, 2014, 22
505, 2008, 107
501, 2012, 205
750, 2016, 1634
652, 2013, 77
281, 2009, 1
442, 2010, 99
391, 2015, 201
524, 2009, 27
706, 2015, 4
565, 2006, 4
477, 2006, 15
507, 2010, 82
455, 2014, 98
766, 2013, 5
221, 2011, 7596
175, 2015, 1995
811, 2010, 2
687, 2007, 10
289, 2009, 1
892, 2007, 18
398, 2008, 536
880, 2016, 1
379, 2009, 60
643, 2007, 32
198, 2014, 5738
697, 2014, 1
343, 2012, 2709
433, 2006, 665
468, 2006, 2
447, 2013, 13
105, 2012, 1441
363, 2006, 33
410, 2013, 332
266, 2006, 23
417, 2008, 626
723, 2014, 230
512, 2008, 161
596, 2012, 84
234, 2009, 60
313, 2009, 234
781, 2014, 26
649, 2009, 348
593, 2015, 2
191, 2013, 61
725, 2016, 410
201, 2009, 102
382, 2007, 228
764, 2011, 51
373, 2007, 6
399, 2015, 819
509, 2012, 30
701, 2006, 5
610, 2015, 11
402, 2006, 1
297, 2010, 4
614, 2011, 1
461, 2013, 276
422, 2016, 1122
266, 2014, 33
425, 2013, 325
307, 2012, 397
922, 2007, 852
847, 2009, 277
639, 2010, 18908
889, 2015, 1
500, 2011, 587
106, 2013, 1383
761, 2008, 52
305, 2014, 383
874, 2015, 5
187, 2014, 8
114, 2010, 55
349, 2014, 2251
159, 2009, 72
916, 2008, 2078
584, 2007, 1
858, 2013, 16
907, 2014, 58
918, 2006, 32
862, 2016, 7
737, 2011, 2
759, 2007, 1287
502, 2013, 69
748, 2009, 890
880, 2008, 4
434, 2015, 29
725, 2008, 220
514, 2014, 39
342, 2011, 2
411, 2014, 1228
273, 2016, 212
792, 2014, 588
724, 2007, 35
731, 2009, 87
742, 2015, 13
724, 2015, 43
168, 2013, 223
180, 2015, 10
727, 2010, 49
417, 2016, 496
104, 2011, 8
520, 2013, 18
377, 2011, 147
269, 2007, 2193
363, 2014, 18
718, 2012, 1014
101, 2016, 33578
493, 2012, 92
187, 2006, 26
812, 2015, 31
719, 2011, 8
905, 2012, 4987
174, 2016, 7
633, 2016, 16
661, 2011, 517
365, 2008, 21
259, 2016, 10642
197, 2015, 67
665, 2015, 120
413, 2012, 395
275, 2014, 1
416, 2015, 816
663, 2013, 1
789, 2006, 35
707, 2016, 1085
422, 2008, 10
203, 2007, 308
544, 2011, 81
209, 2009, 154
808, 2008, 18
361, 2012, 223
570, 2016, 49
101, 2008, 25991
569, 2010, 748
393, 2009, 18
109, 2008, 8636
874, 2007, 3
878, 2011, 658
585, 2008, 5
813, 2016, 1
420, 2010, 20
841, 2011, 4
619, 2016, 1
193, 2011, 47
293, 2014, 2
258, 2015, 7595
563, 2008, 12
729, 2012, 2152
224, 2016, 1097
439, 2012, 2102
264, 2012, 151
431, 2012, 11
529, 2006, 2
407, 2009, 411
760, 2007, 530
512, 2016, 133
403, 2013, 1088
351, 2011, 19
214, 2007, 435
277, 2012, 106
521, 2014, 323
248, 2006, 1
175, 2007, 1597
122, 2015, 1
746, 2011, 2
638, 2009, 19223
341, 2006, 115
421, 2009, 4181
594, 2006, 5
357, 2009, 3350
705, 2010, 1207
441, 2007, 10486
347, 2008, 41
365, 2016, 10
423, 2015, 8
464, 2010, 16
419, 2014, 573
688, 2014, 11
681, 2013, 835
511, 2009, 5363
515, 2013, 165
198, 2006, 2212
420, 2011, 23
243, 2010, 232
584, 2006, 1
177, 2008, 22
373, 2006, 5
576, 2007, 7
421, 2016, 4510
261, 2014, 3
146, 2008, 1
408, 2013, 171
899, 2011, 14
268, 2009, 6
175, 2006, 1469
419, 2007, 3455
198, 2015, 5679
404, 2009, 1
433, 2007, 821
391, 2006, 93
764, 2010, 48
754, 2013, 9
421, 2008, 4276
425, 2012, 13
391, 2014, 107
110, 2015, 63
706, 2014, 7
643, 2006, 27
159, 2016, 184
770, 2007, 8
414, 2016, 150
781, 2007, 15
187, 2015, 8
180, 2014, 17
221, 2010, 7476
687, 2006, 7
445, 2010, 6
529, 2007, 5
429, 2008, 1
426, 2013, 72
733, 2006, 1
674, 2016, 2
209, 2008, 113
687, 2014, 4
809, 2014, 103
698, 2014, 8
799, 2010, 22
105, 2013, 1813
500, 2010, 675
594, 2007, 6
266, 2007, 39
847, 2016, 271
723, 2015, 224
585, 2009, 2
596, 2013, 64
313, 2008, 158
524, 2016, 4
853, 2013, 4
264, 2013, 191
438, 2010, 10776
641, 2016, 1
701, 2007, 5
393, 2008, 14
505, 2009, 73
107, 2015, 3
399, 2014, 770
214, 2006, 467
610, 2014, 4
351, 2010, 13
297, 2011, 3
662, 2015, 3
761, 2009, 42
507, 2011, 67
493, 2013, 70
357, 2008, 3001
479, 2009, 22
591, 2016, 2
347, 2009, 36
343, 2013, 3154
409, 2010, 69
511, 2008, 5646
269, 2006, 2083
730, 2011, 87
357, 2016, 2507
729, 2013, 2470
305, 2015, 336
475, 2013, 331
762, 2016, 6
892, 2006, 3
815, 2015, 1
594, 2015, 12
568, 2016, 188
392, 2011, 105
907, 2015, 37
478, 2006, 276
531, 2010, 4
402, 2015, 755
397, 2012, 5468
789, 2007, 14
403, 2012, 1200
183, 2011, 61
707, 2009, 869
880, 2009, 9
514, 2015, 40
115, 2016, 776
424, 2015, 1503
569, 2011, 730
411, 2015, 1108
511, 2016, 5031
293, 2007, 5
665, 2014, 49
715, 2006, 2
335, 2016, 137
289, 2016, 1
727, 2011, 50
112, 2013, 52
407, 2008, 542
759, 2006, 342
104, 2010, 18
385, 2007, 4
363, 2015, 9
379, 2016, 42
329, 2009, 22
224, 2009, 1283
872, 2012, 3
864, 2007, 1
209, 2016, 223
812, 2014, 76
724, 2014, 71
890, 2008, 8
515, 2012, 212
395, 2010, 40
808, 2009, 13
840, 2013, 2
431, 2013, 21
570, 2009, 67
674, 2008, 17
197, 2014, 81
413, 2013, 339
647, 2010, 30
513, 2014, 1
748, 2016, 1126
663, 2012, 1
744, 2012, 162
422, 2009, 15
450, 2016, 51
213, 2015, 2092
557, 2006, 11
641, 2008, 4
361, 2013, 139
455, 2007, 121
101, 2009, 27383
491, 2015, 5
204, 2007, 215
802, 2011, 52
494, 2008, 509
878, 2010, 627
341, 2015, 15
605, 2008, 8
125, 2007, 1
193, 2010, 38
907, 2007, 34
762, 2008, 15
258, 2014, 6944
766, 2012, 6
862, 2009, 22
532, 2007, 8
633, 2009, 10
646, 2013, 1
593, 2006, 2
567, 2013, 9901
281, 2008, 1
503, 2007, 1285
191, 2012, 42
442, 2011, 78
371, 2008, 28
277, 2013, 76
537, 2008, 1
887, 2012, 1
313, 2016, 931
553, 2010, 2
793, 2012, 2593
305, 2007, 349
443, 2016, 801
263, 2016, 320
416, 2014, 1007
969, 2015, 1
231, 2007, 436
365, 2009, 7
423, 2014, 10
746, 2010, 3
419, 2015, 660
380, 2016, 89
691, 2009, 1
792, 2007, 430
719, 2010, 3
787, 2009, 1
301, 2011, 192
231, 2015, 578
111, 2012, 54
521, 2015, 314
519, 2016, 19
461, 2012, 295
904, 2010, 7
742, 2014, 7
441, 2006, 12820
180, 2006, 25
271, 2011, 57
223, 2012, 3822
661, 2010, 551
327, 2015, 2
281, 2016, 3
715, 2014, 1
618, 2006, 1
892, 2014, 1
595, 2012, 1
638, 2016, 33904
548, 2014, 31
510, 2011, 205
812, 2006, 2
643, 2014, 86
143, 2007, 1
576, 2015, 1
652, 2012, 47
797, 2016, 1
153, 2006, 181
433, 2015, 1604
749, 2011, 1919
405, 2006, 3425
649, 2016, 299
434, 2014, 36
331, 2012, 10
117, 2006, 1008
153, 2014, 121
266, 2015, 37
321, 2009, 17488
399, 2006, 997
721, 2013, 3
922, 2014, 707
742, 2006, 9
688, 2007, 5
303, 2009, 219
233, 2013, 272
457, 2013, 1251
879, 2013, 13
382, 2014, 398
414, 2008, 128
187, 2007, 23
198, 2007, 2320
437, 2011, 4
256, 2012, 329
385, 2015, 24
234, 2016, 77
529, 2015, 1
681, 2012, 808
512, 2009, 177
889, 2014, 3
739, 2008, 3090
407, 2016, 591
724, 2006, 65
117, 2014, 1416
259, 2009, 10257
355, 2014, 1
166, 2006, 21
619, 2009, 2
335, 2008, 196
269, 2014, 2658
672, 2010, 7
261, 2006, 3
415, 2011, 689
275, 2007, 1
155, 2012, 95
548, 2006, 24
418, 2012, 7
689, 2012, 1
586, 2016, 5
625, 2010, 108
918, 2007, 40
164, 2008, 22
711, 2010, 22
718, 2013, 991
584, 2014, 1
627, 2012, 3
705, 2011, 1119
393, 2016, 5
478, 2014, 1016
494, 2016, 468
509, 2013, 28
462, 2013, 1160
254, 2010, 16657
285, 2012, 3
781, 2015, 19
775, 2008, 2
662, 2007, 4
203, 2006, 251
450, 2008, 33
405, 2014, 1502
750, 2009, 2032
667, 2016, 1
464, 2011, 25
477, 2007, 17
273, 2009, 84
447, 2012, 31
640, 2011, 227
770, 2015, 20
164, 2016, 34
432, 2012, 22
605, 2016, 1
519, 2008, 38
784, 2016, 1
157, 2010, 678
803, 2016, 2
490, 2012, 1934
263, 2008, 412
498, 2012, 30
521, 2007, 278
110, 2007, 5
876, 2016, 2
695, 2013, 31
644, 2015, 50
477, 2015, 42
381, 2011, 1
645, 2012, 7
803, 2008, 1
905, 2013, 6232
723, 2007, 246
398, 2009, 480
107, 2007, 3
195, 2016, 18
412, 2010, 3
389, 2011, 440
384, 2012, 673
388, 2008, 1296
197, 2006, 85
468, 2007, 2
170, 2013, 168
122, 2006, 1
179, 2010, 349
889, 2006, 4
181, 2009, 120
168, 2012, 272
205, 2012, 3407
175, 2014, 1698
772, 2013, 21
860, 2011, 1
890, 2016, 1
203, 2014, 587
874, 2014, 4
648, 2011, 1
177, 2016, 328
858, 2012, 12
544, 2010, 85
366, 2016, 146
786, 2014, 2
338, 2015, 16679
533, 2012, 2
466, 2009, 230
864, 2015, 5
520, 2012, 20
349, 2015, 2334
388, 2016, 830
587, 2011, 1
199, 2012, 76
373, 2014, 4
638, 2008, 18850
565, 2015, 58
916, 2009, 2213
339, 2012, 5592
644, 2007, 38
386, 2010, 3
610, 2006, 17
537, 2016, 4
451, 2011, 600
115, 2008, 527
248, 2015, 2
849, 2010, 22
323, 2011, 7
522, 2010, 1
113, 2010, 4414
455, 2015, 62
344, 2016, 55
390, 2009, 1
501, 2013, 226
731, 2016, 9
211, 2013, 900
258, 2006, 3273
701, 2015, 7
341, 2007, 70
106, 2012, 1337
214, 2014, 404
349, 2007, 2290
697, 2007, 2
524, 2008, 18
299, 2013, 1
503, 2015, 1192
918, 2015, 71
739, 2016, 2439
874, 2006, 11
289, 2008, 2
759, 2014, 1663
848, 2013, 50
327, 2007, 9
379, 2008, 66
514, 2007, 56
565, 2007, 29
697, 2015, 1
826, 2009, 35
696, 2012, 15
847, 2008, 246
809, 2006, 257
401, 2010, 319
659, 2013, 28
788, 2012, 45
688, 2015, 10
417, 2009, 493
780, 2012, 1
382, 2006, 230
508, 2010, 105
435, 2009, 52
423, 2006, 5
267, 2012, 2543
234, 2008, 51
406, 2011, 1
213, 2007, 2370
649, 2008, 312
591, 2008, 4
143, 2015, 2
491, 2007, 11
204, 2015, 98
922, 2006, 1084
201, 2008, 100
566, 2010, 417
109, 2009, 9352
637, 2013, 13807
377, 2010, 161
586, 2008, 1
818, 2016, 46
366, 2008, 73
363, 2007, 31
333, 2010, 13880
375, 2012, 71
293, 2015, 2
568, 2008, 192
291, 2013, 3
371, 2016, 11
244, 2011, 147
428, 2011, 2
439, 2013, 1941
174, 2009, 19
639, 2011, 17835
241, 2012, 117
176, 2011, 1
782, 2010, 5394
706, 2006, 9
708, 2012, 167
195, 2008, 4
166, 2014, 22
265, 2010, 1
430, 2010, 3
703, 2013, 13
122, 2014, 1
114, 2011, 1189
159, 2008, 53
201, 2016, 200
380, 2008, 124
185, 2013, 20
792, 2015, 748
367, 2011, 218
789, 2015, 8
443, 2008, 88
779, 2012, 220
396, 2015, 2
760, 2006, 326
502, 2012, 75
748, 2008, 846
683, 2010, 53
563, 2009, 8
725, 2009, 195
338, 2007, 14844
441, 2014, 6055
760, 2014, 826
350, 2013, 33
307, 2013, 369
731, 2008, 77
489, 2010, 101
360, 2010, 12
705, 2016, 908
812, 2013, 9
619, 2010, 1
410, 2007, 1
905, 2014, 6184
395, 2009, 44
644, 2012, 32
367, 2016, 132
243, 2009, 213
197, 2013, 78
849, 2009, 10
711, 2009, 13
639, 2016, 15268
275, 2012, 3
265, 2009, 2
701, 2012, 6
663, 2015, 8
772, 2006, 21
557, 2013, 4
843, 2015, 4
422, 2010, 9
214, 2013, 435
509, 2006, 50
744, 2007, 72
707, 2010, 918
708, 2007, 154
361, 2014, 135
645, 2015, 12
101, 2010, 29166
802, 2008, 35
520, 2007, 23
114, 2008, 1
345, 2008, 3
193, 2009, 51
887, 2007, 4
574, 2014, 1
258, 2013, 4782
729, 2014, 2853
511, 2011, 5975
462, 2006, 785
681, 2007, 844
113, 2009, 4082
191, 2015, 75
588, 2009, 2
853, 2014, 1
277, 2014, 106
410, 2015, 1049
307, 2014, 453
731, 2011, 81
899, 2008, 12
406, 2016, 1198
793, 2015, 2721
106, 2007, 1152
803, 2011, 2
398, 2010, 507
659, 2014, 35
264, 2006, 71
185, 2014, 26
357, 2011, 2986
211, 2006, 1355
388, 2011, 1186
204, 2012, 124
233, 2014, 324
419, 2012, 4651
299, 2006, 2
669, 2009, 5
719, 2009, 1
301, 2008, 208
231, 2012, 331
375, 2007, 77
874, 2013, 3
168, 2007, 223
727, 2008, 55
762, 2011, 12
515, 2007, 508
533, 2015, 1
327, 2012, 5
379, 2011, 77
271, 2008, 50
244, 2016, 92
399, 2013, 829
412, 2009, 1
510, 2008, 217
335, 2011, 176
331, 2015, 14
403, 2007, 1046
537, 2011, 1
428, 2016, 154
788, 2007, 24
858, 2015, 20
433, 2012, 943
793, 2007, 2205
164, 2011, 20
754, 2014, 5
683, 2009, 36
360, 2009, 13
513, 2013, 1
491, 2012, 8
115, 2011, 597
367, 2008, 222
502, 2015, 50
695, 2014, 19
744, 2015, 101
637, 2006, 14065
840, 2006, 1
445, 2009, 3
457, 2014, 1400
429, 2011, 5
112, 2006, 35
382, 2013, 434
390, 2010, 2
501, 2014, 227
439, 2006, 2281
256, 2015, 386
500, 2009, 791
385, 2012, 18
604, 2008, 9
779, 2015, 147
455, 2012, 61
524, 2011, 11
846, 2016, 2
858, 2007, 17
512, 2010, 161
417, 2010, 423
117, 2013, 1226
331, 2007, 9
366, 2011, 95
289, 2011, 2
307, 2006, 377
110, 2012, 75
916, 2010, 2394
176, 2016, 1
155, 2015, 84
191, 2007, 56
418, 2015, 735
696, 2015, 19
521, 2012, 394
432, 2007, 3
595, 2007, 2
779, 2007, 198
234, 2011, 69
584, 2013, 1
502, 2007, 133
223, 2015, 2929
427, 2009, 1
570, 2010, 67
338, 2012, 18430
285, 2015, 1
350, 2006, 19
766, 2007, 4
437, 2016, 466
389, 2016, 787
201, 2011, 114
195, 2011, 4
922, 2013, 879
848, 2014, 70
907, 2012, 75
640, 2008, 273
770, 2012, 10
333, 2009, 13638
443, 2011, 141
532, 2012, 3
432, 2015, 187
345, 2016, 1
303, 2010, 227
157, 2009, 533
567, 2006, 5992
688, 2012, 8
477, 2012, 21
749, 2016, 2353
273, 2010, 74
498, 2015, 5
451, 2016, 978
639, 2008, 19020
153, 2013, 105
627, 2015, 7
530, 2006, 5
507, 2016, 63
381, 2008, 3
587, 2016, 1
109, 2010, 9789
799, 2009, 19
259, 2010, 10494
848, 2006, 52
519, 2011, 36
841, 2009, 1
170, 2014, 203
889, 2013, 1
343, 2006, 1084
878, 2009, 704
748, 2011, 897
261, 2013, 10
430, 2009, 1
447, 2007, 23
725, 2010, 254
177, 2011, 40
342, 2009, 1
203, 2013, 482
266, 2012, 28
361, 2006, 312
489, 2009, 109
596, 2006, 7
724, 2013, 69
792, 2012, 583
727, 2016, 14
377, 2009, 156
569, 2016, 326
384, 2015, 682
587, 2008, 5
703, 2006, 47
373, 2013, 5
847, 2011, 206
729, 2006, 3090
339, 2015, 5723
408, 2014, 489
868, 2008, 2
389, 2008, 282
879, 2014, 10
750, 2010, 1990
461, 2007, 473
176, 2008, 2
890, 2011, 3
548, 2013, 15
409, 2009, 73
438, 2009, 10681
648, 2008, 1
323, 2008, 13
205, 2015, 2940
199, 2015, 149
401, 2009, 297
264, 2014, 263
269, 2013, 2499
393, 2011, 14
211, 2014, 780
879, 2006, 16
569, 2008, 646
221, 2009, 8054
468, 2012, 2
698, 2013, 1
503, 2012, 1057
918, 2012, 56
659, 2006, 10
380, 2011, 120
585, 2010, 2
759, 2013, 2390
175, 2013, 1648
645, 2007, 4
271, 2016, 38
439, 2014, 1844
563, 2010, 11
594, 2012, 4
681, 2015, 1020
179, 2009, 285
435, 2010, 67
415, 2016, 1103
789, 2012, 9
107, 2012, 1
780, 2015, 1
649, 2011, 307
899, 2016, 11
267, 2015, 3382
122, 2013, 8
872, 2007, 2
705, 2008, 858
761, 2010, 44
493, 2014, 91
494, 2011, 411
291, 2006, 3
627, 2007, 4
347, 2010, 52
905, 2006, 4838
652, 2015, 30
457, 2006, 1840
509, 2014, 42
730, 2008, 75
533, 2007, 3
365, 2010, 17
718, 2006, 771
475, 2014, 272
293, 2012, 10
413, 2006, 269
853, 2006, 33
244, 2008, 131
450, 2011, 27
397, 2015, 3513
174, 2010, 18
241, 2007, 139
695, 2006, 35
478, 2013, 841
420, 2016, 454
515, 2015, 181
301, 2016, 654
402, 2012, 10
431, 2006, 5
170, 2006, 194
708, 2015, 146
403, 2015, 841
431, 2014, 30
329, 2010, 22
829, 2007, 49
703, 2014, 13
414, 2011, 284
155, 2007, 128
187, 2012, 13
568, 2011, 198
125, 2012, 5
782, 2009, 4948
696, 2007, 3
781, 2012, 20
112, 2014, 42
213, 2012, 1876
501, 2006, 184
466, 2010, 233
462, 2014, 1339
233, 2006, 232
159, 2011, 134
507, 2008, 101
350, 2014, 36
277, 2006, 67
672, 2009, 15
566, 2009, 350
638, 2011, 19384
424, 2012, 29
341, 2012, 20
415, 2008, 799
826, 2010, 16
263, 2011, 288
441, 2013, 5819
520, 2015, 20
565, 2012, 20
674, 2011, 3
268, 2010, 200
687, 2013, 1
586, 2011, 3
647, 2009, 33
198, 2012, 4021
640, 2016, 173
756, 2012, 1
498, 2007, 8
764, 2009, 31
544, 2009, 107
186, 2015, 4
391, 2013, 82
706, 2013, 7
421, 2011, 3881
291, 2014, 3
561, 2016, 2
464, 2016, 42
381, 2016, 2
866, 2006, 1
180, 2013, 14
766, 2015, 6
490, 2015, 862
464, 2008, 18
872, 2015, 2
384, 2007, 525
605, 2011, 1
323, 2016, 10
416, 2013, 308
510, 2016, 221
625, 2009, 124
426, 2014, 146
185, 2006, 29
343, 2014, 3491
862, 2010, 20
637, 2014, 14673
423, 2013, 15
442, 2016, 41
809, 2013, 134
476, 2015, 1
281, 2011, 1
105, 2014, 1800
111, 2007, 95
371, 2011, 13
375, 2015, 98
723, 2012, 217
493, 2006, 194
199, 2007, 33
596, 2014, 87
351, 2009, 20
313, 2011, 270
479, 2010, 29
168, 2015, 233
553, 2009, 1
593, 2013, 1
802, 2016, 83
822, 2006, 1
633, 2010, 6
749, 2008, 1707
505, 2010, 96
114, 2016, 2181
508, 2009, 78
256, 2007, 292
407, 2011, 454
339, 2007, 4963
840, 2014, 1
610, 2013, 7
772, 2014, 36
224, 2010, 1251
297, 2008, 2
111, 2015, 43
461, 2015, 432
104, 2009, 21
425, 2015, 1006
254, 2009, 17224
166, 2013, 9
205, 2007, 3865
661, 2009, 518
442, 2008, 104
392, 2016, 43
106, 2015, 1251
887, 2015, 2
591, 2011, 8
363, 2012, 20
567, 2014, 10001
305, 2012, 345
576, 2012, 11
888, 2010, 1
595, 2015, 1
663, 2007, 1
349, 2012, 2391
181, 2010, 142
406, 2008, 2
392, 2008, 85
209, 2011, 200
730, 2016, 11
531, 2009, 16
434, 2013, 35
788, 2015, 21
646, 2014, 1
285, 2007, 3
652, 2007, 39
437, 2008, 1
321, 2010, 16644
183, 2008, 117
880, 2010, 23
602, 2006, 1
514, 2012, 47
808, 2010, 25
718, 2014, 1237
643, 2013, 89
665, 2013, 65
241, 2015, 113
760, 2013, 869
183, 2016, 40
742, 2013, 7
420, 2008, 18
397, 2007, 7567
780, 2007, 11
721, 2006, 9
754, 2006, 2
451, 2008, 652
529, 2012, 2
267, 2007, 2980
490, 2007, 1132
904, 2009, 3
405, 2013, 3072
739, 2011, 2976
969, 2012, 1
223, 2007, 4016
179, 2008, 294
476, 2014, 1
259, 2011, 10047
788, 2014, 35
847, 2010, 250
537, 2010, 4
508, 2008, 71
267, 2014, 3065
441, 2012, 6493
553, 2008, 4
718, 2007, 777
305, 2013, 371
566, 2008, 283
193, 2008, 53
413, 2007, 168
233, 2007, 197
423, 2012, 13
377, 2008, 175
268, 2011, 294
457, 2007, 1062
199, 2014, 147
115, 2010, 578
293, 2013, 9
387, 2015, 2
333, 2008, 12215
283, 2012, 2
244, 2009, 133
254, 2008, 19084
435, 2011, 66
401, 2016, 397
271, 2009, 44
223, 2014, 3301
478, 2012, 737
431, 2007, 8
708, 2014, 145
840, 2015, 1
591, 2010, 3
265, 2008, 1
548, 2012, 16
703, 2015, 16
343, 2007, 1123
155, 2006, 150
576, 2013, 2
439, 2015, 1884
672, 2016, 6
185, 2015, 22
125, 2013, 3
594, 2013, 13
779, 2014, 188
434, 2012, 1
858, 2014, 16
266, 2013, 43
502, 2014, 64
106, 2006, 1061
439, 2007, 2008
649, 2010, 427
159, 2010, 93
643, 2012, 68
401, 2008, 332
515, 2006, 488
781, 2013, 24
414, 2010, 203
760, 2012, 956
661, 2016, 652
323, 2009, 16
291, 2007, 4
424, 2013, 423
721, 2007, 7
177, 2010, 30
652, 2014, 48
263, 2010, 287
905, 2015, 4745
408, 2015, 624
531, 2008, 12
739, 2010, 2756
107, 2013, 4
157, 2016, 590
872, 2006, 1
198, 2013, 4858
619, 2011, 1
498, 2006, 10
269, 2012, 2189
186, 2014, 6
437, 2009, 3
391, 2012, 94
706, 2012, 7
515, 2014, 189
371, 2010, 12
500, 2008, 874
180, 2012, 11
420, 2009, 13
221, 2008, 8285
761, 2011, 49
705, 2009, 1008
701, 2013, 5
384, 2006, 376
445, 2008, 6
187, 2013, 9
557, 2012, 2
509, 2015, 35
462, 2015, 1293
170, 2007, 221
351, 2016, 10
307, 2007, 324
343, 2015, 3620
775, 2010, 1
784, 2010, 4
520, 2006, 22
213, 2013, 1808
809, 2012, 180
105, 2015, 1896
627, 2006, 3
464, 2009, 16
111, 2006, 106
256, 2014, 388
443, 2010, 134
723, 2013, 264
799, 2008, 6
596, 2015, 103
695, 2007, 40
221, 2016, 3877
567, 2007, 7637
519, 2010, 26
905, 2007, 5773
822, 2007, 1
395, 2016, 10
193, 2016, 46
892, 2012, 1
394, 2015, 9
256, 2006, 266
567, 2015, 7537
339, 2006, 5439
659, 2015, 9
683, 2016, 59
691, 2011, 1
351, 2008, 18
899, 2009, 23
297, 2009, 4
155, 2014, 84
789, 2013, 17
428, 2009, 2
398, 2011, 510
425, 2014, 1067
389, 2009, 286
307, 2015, 545
421, 2010, 3913
388, 2010, 1123
205, 2006, 3052
409, 2008, 58
365, 2011, 16
181, 2011, 120
106, 2014, 1385
792, 2013, 602
879, 2015, 12
595, 2014, 3
888, 2011, 1
874, 2012, 6
349, 2013, 2446
614, 2008, 1
185, 2007, 25
183, 2009, 90
669, 2008, 2
907, 2013, 82
475, 2015, 327
476, 2006, 3
285, 2006, 2
711, 2016, 7
880, 2011, 16
199, 2006, 25
335, 2010, 157
331, 2014, 14
514, 2013, 53
438, 2008, 11288
411, 2013, 341
638, 2010, 19334
112, 2007, 50
241, 2014, 102
289, 2010, 2
639, 2009, 19389
104, 2016, 11
174, 2011, 20
409, 2016, 431
373, 2012, 7
168, 2014, 234
779, 2006, 175
407, 2010, 449
104, 2008, 8
729, 2007, 3000
267, 2006, 3299
490, 2006, 1195
793, 2014, 2520
688, 2013, 14
715, 2012, 1
969, 2013, 2
817, 2015, 28
397, 2014, 3267
812, 2012, 6
501, 2015, 216
754, 2007, 6
501, 2007, 188
442, 2009, 96
395, 2008, 47
524, 2010, 27
661, 2008, 490
669, 2016, 1
254, 2016, 12993
633, 2011, 15
762, 2010, 9
529, 2013, 1
637, 2007, 14636
403, 2006, 1072
178, 2007, 1
450, 2010, 28
663, 2014, 7
772, 2007, 20
840, 2007, 1
570, 2011, 58
379, 2010, 73
665, 2012, 28
422, 2011, 29
509, 2007, 48
321, 2011, 15761
697, 2013, 1
708, 2006, 156
361, 2015, 127
231, 2013, 434
101, 2011, 27818
588, 2016, 2
109, 2011, 9825
386, 2016, 3648
878, 2008, 604
426, 2015, 148
718, 2015, 1176
587, 2009, 1
234, 2010, 46
475, 2007, 10
821, 2006, 3
258, 2012, 4963
729, 2015, 3365
397, 2006, 7701
462, 2007, 855
201, 2010, 108
681, 2006, 924
451, 2009, 640
191, 2014, 76
782, 2008, 4297
277, 2015, 101
410, 2014, 1149
350, 2007, 11
532, 2013, 2
746, 2008, 6
412, 2016, 2441
248, 2013, 1
568, 2010, 204
264, 2007, 84
416, 2012, 3
211, 2007, 1332
121, 2009, 1
419, 2013, 3746
299, 2007, 2
746, 2016, 3
719, 2008, 7
301, 2009, 175
329, 2011, 15
166, 2012, 19
652, 2006, 55
375, 2006, 60
313, 2010, 248
904, 2008, 1
916, 2011, 2412
707, 2011, 906
796, 2009, 1
645, 2014, 7
327, 2013, 7
887, 2006, 2
438, 2016, 2952
500, 2016, 576
748, 2010, 927
412, 2008, 1
510, 2009, 206
265, 2016, 3
725, 2011, 235
342, 2008, 1
788, 2006, 24
493, 2007, 157
433, 2013, 1066
164, 2010, 27
848, 2015, 92
105, 2007, 1
724, 2012, 45
360, 2008, 28
113, 2008, 4051
727, 2009, 33
350, 2015, 24
153, 2012, 106
803, 2010, 3
647, 2016, 22
261, 2012, 9
303, 2011, 182
703, 2007, 59
233, 2015, 341
731, 2010, 102
457, 2015, 1165
644, 2013, 33
780, 2006, 9
382, 2012, 555
399, 2012, 798
377, 2016, 218
782, 2016, 3742
533, 2006, 3
385, 2013, 26
204, 2013, 125
455, 2013, 76
405, 2012, 3629
648, 2009, 1
512, 2011, 133
417, 2011, 465
625, 2016, 44
117, 2012, 1215
331, 2006, 7
168, 2006, 260
360, 2016, 69
110, 2013, 64
879, 2007, 18
415, 2009, 655
749, 2009, 1779
922, 2012, 901
742, 2012, 9
493, 2015, 106
696, 2006, 4
209, 2010, 165
418, 2014, 787
521, 2013, 332
533, 2014, 2
595, 2006, 5
569, 2009, 700
696, 2014, 25
214, 2012, 430
585, 2011, 1
502, 2006, 170
489, 2016, 98
566, 2016, 361
338, 2013, 19637
157, 2008, 576
285, 2014, 2
563, 2011, 12
223, 2006, 3796
275, 2013, 3
685, 2010, 1
431, 2015, 51
393, 2010, 11
195, 2010, 4
826, 2011, 17
659, 2007, 16
273, 2011, 144
531, 2016, 6
333, 2016, 20768
770, 2013, 15
429, 2010, 9
122, 2012, 5
489, 2008, 123
878, 2016, 715
841, 2016, 7
754, 2015, 4
507, 2009, 95
503, 2013, 1147
224, 2011, 1441
447, 2006, 46
490, 2014, 1108
347, 2011, 43
498, 2014, 10
744, 2014, 107
511, 2010, 5655
730, 2009, 112
477, 2013, 18
366, 2010, 77
750, 2011, 1813
381, 2009, 5
640, 2009, 294
544, 2016, 173
849, 2016, 12
241, 2006, 164
384, 2014, 676
191, 2006, 40
841, 2008, 3
170, 2015, 204
461, 2014, 337
175, 2012, 1871
588, 2008, 2
403, 2014, 665
772, 2015, 21
430, 2008, 4
491, 2013, 7
203, 2012, 600
111, 2014, 28
744, 2006, 47
361, 2007, 291
793, 2006, 1832
596, 2007, 7
862, 2011, 11
520, 2014, 14
112, 2015, 43
277, 2007, 86
466, 2011, 221
853, 2007, 12
479, 2011, 28
544, 2008, 91
737, 2016, 1
827, 2012, 2
683, 2008, 11
565, 2013, 20
339, 2014, 5678
695, 2015, 29
681, 2014, 1027
672, 2008, 9
402, 2013, 233
530, 2007, 6
764, 2016, 28
461, 2006, 470
586, 2010, 1
505, 2011, 77
808, 2011, 49
430, 2016, 448
848, 2007, 46
849, 2008, 13
627, 2014, 5
561, 2009, 1
445, 2016, 6
674, 2010, 4
205, 2014, 3393
610, 2012, 9
799, 2016, 25
687, 2012, 8
264, 2015, 253
647, 2008, 31
197, 2012, 74
113, 2016, 5780
432, 2014, 200
802, 2009, 30
392, 2009, 164
211, 2015, 935
764, 2008, 25
508, 2016, 154
243, 2008, 240
179, 2016, 26
299, 2015, 1
719, 2016, 7
766, 2006, 8
291, 2015, 1
733, 2012, 1
641, 2010, 3
858, 2006, 10
345, 2009, 1
904, 2016, 1
375, 2014, 75
766, 2014, 6
918, 2013, 54
494, 2010, 429
711, 2008, 11
380, 2010, 106
341, 2013, 18
605, 2010, 7
759, 2012, 2208
721, 2015, 1
357, 2010, 2964
645, 2006, 8
513, 2012, 1
625, 2008, 53
367, 2009, 215
363, 2013, 10
243, 2016, 173
637, 2015, 14354
271, 2014, 50
731, 2013, 38
633, 2012, 18
511, 2013, 5825
505, 2012, 85
273, 2012, 172
438, 2007, 11542
639, 2014, 13927
809, 2011, 284
264, 2008, 226
176, 2014, 11
659, 2008, 17
878, 2007, 543
672, 2007, 12
265, 2015, 3
430, 2015, 472
297, 2014, 1
639, 2006, 19792
451, 2006, 508
114, 2014, 2131
269, 2011, 2032
799, 2015, 23
849, 2007, 21
351, 2015, 23
307, 2008, 352
568, 2013, 151
415, 2006, 1053
770, 2010, 13
106, 2009, 1255
211, 2016, 793
305, 2010, 341
725, 2012, 255
595, 2009, 4
342, 2015, 2
510, 2014, 155
349, 2010, 2296
181, 2012, 129
112, 2008, 54
858, 2009, 30
489, 2015, 120
209, 2013, 217
724, 2011, 46
841, 2007, 1
588, 2007, 2
727, 2014, 39
739, 2013, 2886
701, 2010, 10
457, 2016, 989
377, 2015, 161
261, 2011, 7
880, 2012, 20
533, 2009, 1
514, 2010, 58
808, 2012, 39
605, 2013, 6
848, 2016, 50
792, 2010, 628
500, 2015, 539
742, 2011, 8
399, 2011, 760
489, 2007, 139
104, 2007, 23
407, 2013, 617
754, 2008, 3
157, 2007, 599
105, 2016, 2215
409, 2015, 359
604, 2006, 1
502, 2009, 103
718, 2008, 820
113, 2015, 5233
610, 2011, 11
566, 2007, 297
812, 2011, 3
648, 2014, 1
299, 2008, 1
663, 2009, 5
905, 2008, 5622
381, 2006, 3
879, 2016, 15
164, 2013, 10
221, 2015, 5094
395, 2015, 14
644, 2010, 41
224, 2012, 1694
531, 2007, 11
197, 2011, 79
468, 2010, 2
413, 2008, 286
513, 2011, 2
466, 2012, 214
193, 2015, 26
841, 2015, 24
744, 2009, 109
498, 2009, 9
916, 2012, 2543
347, 2012, 76
422, 2012, 59
563, 2012, 15
170, 2016, 201
361, 2008, 358
681, 2009, 808
159, 2013, 159
101, 2012, 30776
109, 2012, 10760
107, 2010, 6
461, 2009, 352
345, 2014, 1
389, 2006, 298
918, 2010, 55
544, 2007, 72
350, 2008, 13
258, 2011, 5492
761, 2012, 35
493, 2008, 121
749, 2014, 2190
398, 2012, 461
390, 2012, 553
569, 2014, 561
380, 2013, 131
191, 2009, 61
553, 2015, 1
596, 2016, 132
817, 2016, 51
515, 2009, 250
730, 2014, 34
479, 2012, 39
746, 2015, 9
323, 2006, 13
759, 2011, 2266
361, 2016, 174
113, 2007, 4099
303, 2012, 255
888, 2012, 1
166, 2011, 14
419, 2010, 3480
688, 2010, 7
402, 2010, 1
439, 2016, 1909
719, 2015, 12
403, 2009, 1081
301, 2014, 657
707, 2012, 1025
627, 2009, 5
412, 2007, 1
591, 2013, 6
811, 2014, 13
420, 2014, 823
428, 2006, 2
567, 2016, 8108
387, 2016, 126
408, 2008, 1
802, 2014, 44
507, 2006, 103
782, 2015, 3962
445, 2007, 1
645, 2009, 12
243, 2015, 231
221, 2007, 8490
889, 2011, 3
412, 2015, 2453
179, 2007, 300
878, 2015, 736
537, 2013, 6
779, 2009, 254
112, 2016, 59
341, 2010, 25
433, 2010, 810
508, 2007, 85
672, 2015, 3
721, 2008, 1
602, 2008, 1
566, 2015, 389
879, 2008, 27
360, 2015, 67
153, 2011, 127
922, 2011, 1101
798, 2016, 1
695, 2008, 30
233, 2008, 169
674, 2013, 6
687, 2011, 7
457, 2008, 1025
507, 2014, 51
647, 2015, 18
510, 2006, 255
382, 2011, 384
432, 2009, 5
183, 2014, 53
441, 2011, 7633
438, 2015, 3384
385, 2010, 1
899, 2006, 5
455, 2010, 120
244, 2006, 98
291, 2008, 2
587, 2006, 1
643, 2011, 122
512, 2012, 145
417, 2012, 465
491, 2010, 12
201, 2013, 136
117, 2011, 1097
431, 2008, 12
199, 2009, 61
110, 2010, 77
393, 2013, 9
442, 2006, 181
155, 2009, 150
367, 2014, 250
283, 2011, 4
365, 2012, 10
905, 2016, 4910
625, 2015, 43
696, 2009, 16
729, 2008, 2673
375, 2009, 81
584, 2011, 2
519, 2013, 20
570, 2012, 68
868, 2006, 2
659, 2016, 9
338, 2010, 15224
176, 2006, 3
401, 2007, 403
439, 2008, 2055
195, 2013, 2
178, 2016, 1
756, 2010, 1
431, 2016, 50
508, 2015, 123
243, 2007, 231
392, 2014, 183
464, 2006, 18
264, 2016, 203
267, 2009, 2501
420, 2006, 7
297, 2006, 8
157, 2015, 677
509, 2016, 40
386, 2015, 4208
907, 2010, 80
490, 2009, 1346
366, 2013, 150
561, 2006, 1
669, 2007, 1
703, 2016, 10
764, 2015, 29
233, 2016, 356
437, 2014, 484
477, 2010, 27
509, 2008, 43
475, 2016, 283
587, 2014, 1
377, 2007, 174
661, 2007, 481
259, 2012, 10587
462, 2016, 1365
170, 2008, 218
397, 2009, 6913
434, 2011, 1
788, 2009, 20
718, 2016, 1030
175, 2011, 1892
277, 2008, 84
772, 2008, 24
781, 2010, 11
782, 2007, 4009
429, 2013, 3
203, 2011, 487
796, 2014, 1
501, 2016, 225
111, 2009, 50
683, 2007, 53
409, 2007, 54
414, 2013, 180
640, 2014, 196
213, 2010, 2096
494, 2013, 436
493, 2016, 103
567, 2008, 8362
530, 2008, 2
604, 2014, 1
748, 2013, 1106
277, 2016, 89
475, 2008, 20
904, 2015, 5
373, 2011, 8
289, 2013, 2
531, 2015, 13
339, 2009, 4559
265, 2007, 6
529, 2010, 8
619, 2012, 2
321, 2012, 13560
802, 2006, 32
121, 2006, 1
638, 2013, 24231
890, 2013, 4
548, 2011, 12
693, 2006, 1
766, 2009, 4
323, 2014, 12
426, 2016, 154
205, 2009, 4657
711, 2015, 8
719, 2007, 5
520, 2009, 39
435, 2012, 45
705, 2014, 941
695, 2016, 14
586, 2013, 1
211, 2008, 1187
266, 2010, 28
557, 2011, 3
899, 2014, 7
887, 2009, 4
214, 2011, 408
749, 2006, 1181
775, 2013, 2
301, 2006, 2127
762, 2013, 16
350, 2016, 11
585, 2012, 1
421, 2013, 4588
503, 2010, 1060
384, 2009, 471
234, 2013, 69
464, 2014, 27
256, 2009, 324
443, 2013, 371
862, 2012, 9
183, 2006, 85
640, 2006, 246
281, 2013, 1
574, 2008, 3
357, 2013, 2281
569, 2006, 611
594, 2010, 8
521, 2010, 380
847, 2013, 227
342, 2007, 3
849, 2015, 10
193, 2007, 63
148, 2007, 1
115, 2013, 782
853, 2008, 20
662, 2010, 1
780, 2009, 3
553, 2007, 7
436, 2013, 11
360, 2007, 28
789, 2010, 11
750, 2012, 1852
168, 2009, 216
367, 2006, 194
187, 2010, 11
389, 2014, 659
637, 2008, 14036
428, 2014, 238
185, 2016, 16
730, 2006, 46
711, 2007, 14
395, 2007, 43
565, 2010, 17
415, 2014, 1044
853, 2016, 3
293, 2010, 4
874, 2011, 8
388, 2013, 927
408, 2016, 568
622, 2014, 1
244, 2014, 112
450, 2013, 44
544, 2015, 211
706, 2011, 6
104, 2015, 7
174, 2012, 16
478, 2011, 628
860, 2014, 1
405, 2011, 2891
708, 2009, 155
423, 2011, 14
329, 2012, 9
335, 2013, 142
331, 2009, 8
703, 2008, 42
363, 2010, 30
122, 2011, 4
345, 2006, 2
697, 2010, 2
185, 2008, 19
125, 2010, 1
705, 2006, 826
683, 2015, 90
379, 2013, 39
394, 2016, 185
351, 2007, 18
826, 2012, 11
462, 2008, 804
764, 2007, 31
254, 2007, 18104
797, 2013, 2
793, 2009, 2900
760, 2011, 941
254, 2015, 12652
445, 2015, 4
223, 2009, 3559
661, 2015, 543
501, 2008, 228
746, 2007, 5
241, 2009, 109
424, 2010, 2
442, 2014, 73
177, 2013, 294
437, 2006, 1
263, 2013, 411
343, 2016, 3590
451, 2014, 820
268, 2012, 363
500, 2007, 932
198, 2010, 3275
530, 2016, 2
848, 2008, 70
652, 2009, 58
665, 2011, 17
248, 2010, 2
391, 2011, 69
727, 2006, 25
291, 2016, 2
647, 2007, 45
371, 2013, 19
401, 2015, 501
392, 2006, 105
524, 2013, 8
271, 2006, 55
637, 2016, 14980
307, 2016, 536
179, 2015, 22
231, 2010, 347
404, 2012, 3
799, 2007, 5
406, 2014, 1247
649, 2013, 334
426, 2008, 1
333, 2007, 10831
343, 2008, 1450
204, 2010, 181
772, 2016, 31
576, 2010, 12
447, 2009, 15
783, 2016, 2
327, 2010, 2
648, 2006, 1
729, 2016, 3903
625, 2007, 4
723, 2010, 243
355, 2011, 1
180, 2011, 20
596, 2008, 11
333, 2015, 20515
669, 2015, 3
313, 2013, 777
532, 2010, 4
184, 2015, 1
672, 2006, 12
223, 2016, 2893
175, 2010, 1647
772, 2009, 22
191, 2016, 58
430, 2014, 418
519, 2012, 41
509, 2009, 41
437, 2015, 440
414, 2012, 376
681, 2016, 1245
121, 2007, 1
398, 2013, 320
802, 2007, 42
187, 2011, 10
520, 2008, 27
594, 2011, 15
706, 2010, 8
764, 2006, 27
748, 2012, 905
261, 2010, 4
475, 2009, 27
797, 2012, 1
373, 2010, 7
267, 2008, 2873
565, 2011, 13
339, 2008, 5065
405, 2010, 2778
397, 2008, 8702
297, 2007, 4
681, 2008, 754
759, 2010, 2151
501, 2009, 214
321, 2013, 13301
907, 2011, 66
502, 2016, 59
442, 2015, 51
451, 2015, 1123
515, 2016, 165
191, 2008, 50
110, 2011, 74
890, 2012, 4
849, 2014, 12
652, 2008, 41
498, 2016, 4
377, 2006, 149
323, 2015, 14
205, 2008, 4247
119, 2008, 1
113, 2014, 5297
269, 2010, 1958
211, 2009, 1042
595, 2016, 2
899, 2015, 13
379, 2012, 46
665, 2010, 19
117, 2010, 1052
214, 2010, 419
697, 2011, 1
111, 2008, 73
733, 2010, 2
553, 2006, 5
647, 2006, 28
392, 2007, 105
277, 2009, 101
375, 2008, 63
476, 2008, 1
327, 2011, 5
727, 2007, 41
862, 2013, 10
183, 2007, 88
183, 2015, 44
406, 2015, 1189
645, 2016, 9
281, 2012, 1
566, 2014, 362
466, 2013, 134
533, 2016, 2
416, 2010, 1
510, 2007, 257
265, 2006, 1
176, 2015, 1
213, 2011, 2050
788, 2008, 26
780, 2008, 2
508, 2014, 110
661, 2006, 457
649, 2012, 332
669, 2014, 1
371, 2012, 16
360, 2006, 16
750, 2013, 1829
618, 2010, 1
155, 2016, 54
811, 2007, 3
367, 2007, 186
625, 2006, 4
494, 2012, 393
793, 2008, 2555
198, 2011, 3533
637, 2009, 13680
377, 2014, 148
409, 2006, 93
586, 2012, 2
395, 2006, 61
567, 2009, 10998
904, 2014, 10
788, 2016, 12
339, 2016, 6020
333, 2014, 19955
114, 2015, 2038
508, 2006, 78
221, 2014, 6208
244, 2015, 89
450, 2012, 33
792, 2011, 604
174, 2013, 19
524, 2012, 14
241, 2008, 112
421, 2012, 4096
331, 2008, 3
708, 2008, 154
329, 2013, 18
386, 2006, 1
725, 2013, 230
703, 2009, 31
639, 2015, 14745
122, 2010, 4
878, 2006, 555
888, 2013, 7
568, 2012, 210
489, 2014, 82
445, 2014, 4
779, 2008, 385
742, 2010, 5
502, 2008, 124
462, 2009, 781
351, 2006, 8
254, 2006, 17782
889, 2010, 1
760, 2010, 884
350, 2009, 15
186, 2016, 6
489, 2006, 162
711, 2006, 12
425, 2016, 1230
293, 2011, 6
424, 2011, 5
265, 2014, 1
104, 2006, 15
177, 2012, 53
749, 2015, 2405
263, 2012, 286
409, 2014, 486
674, 2012, 3
648, 2015, 1
289, 2012, 3
201, 2012, 132
410, 2016, 987
323, 2007, 10
203, 2010, 485
688, 2011, 6
719, 2006, 6
584, 2010, 1
885, 2006, 1
464, 2007, 7
764, 2014, 39
205, 2016, 2684
104, 2014, 10
904, 2006, 2
391, 2010, 125
500, 2014, 500
530, 2009, 1
531, 2006, 10
507, 2015, 50
180, 2010, 26
887, 2008, 6
386, 2014, 4055
849, 2006, 7
404, 2013, 762
588, 2006, 2
557, 2010, 6
243, 2006, 278
447, 2008, 15
343, 2009, 1655
918, 2011, 59
423, 2010, 6
672, 2014, 11
435, 2013, 55
431, 2009, 4
355, 2010, 2
393, 2012, 11
563, 2013, 9
591, 2012, 5
107, 2011, 3
708, 2016, 160
766, 2016, 2
389, 2007, 347
723, 2011, 230
254, 2014, 12971
596, 2009, 8
313, 2012, 567
744, 2016, 73
872, 2008, 4
593, 2010, 1
478, 2010, 616
731, 2012, 65
633, 2013, 10
505, 2013, 118
438, 2006, 9447
511, 2012, 5937
610, 2010, 13
730, 2015, 19
782, 2014, 4206
224, 2013, 1560
155, 2008, 119
297, 2015, 2
663, 2016, 8
451, 2007, 603
248, 2011, 1
268, 2013, 456
479, 2013, 34
307, 2009, 283
652, 2016, 20
415, 2007, 941
402, 2011, 3
106, 2008, 1175
520, 2016, 20
403, 2008, 1141
683, 2006, 8
548, 2010, 28
707, 2013, 1096
899, 2007, 5
199, 2008, 31
420, 2015, 672
429, 2012, 7
349, 2011, 2192
181, 2013, 144
106, 2016, 1143
392, 2015, 105
168, 2016, 237
209, 2012, 219
445, 2006, 5
724, 2010, 39
531, 2014, 9
739, 2012, 3277
461, 2016, 509
761, 2013, 42
880, 2013, 16
514, 2011, 47
544, 2006, 61
808, 2013, 28
640, 2007, 323
271, 2015, 47
342, 2014, 4
168, 2008, 209
273, 2013, 158
407, 2012, 450
157, 2006, 681
664, 2013, 1
264, 2009, 127
241, 2016, 86
363, 2011, 26
570, 2013, 63
604, 2007, 2
715, 2010, 1
718, 2009, 738
853, 2009, 10
566, 2006, 207
809, 2010, 228
812, 2010, 7
644, 2011, 54
905, 2009, 5406
780, 2016, 2
381, 2007, 2
412, 2014, 2438
395, 2014, 18
669, 2006, 1
661, 2014, 590
291, 2009, 1
770, 2011, 15
641, 2012, 3
839, 2013, 1
397, 2016, 3083
197, 2010, 83
491, 2011, 16
384, 2016, 729
413, 2009, 230
510, 2015, 181
341, 2011, 16
605, 2012, 1
663, 2008, 2
744, 2008, 51
432, 2008, 11
916, 2013, 2846
347, 2013, 87
762, 2012, 18
333, 2006, 9581
111, 2016, 29
361, 2009, 183
537, 2012, 2
101, 2013, 31557
779, 2016, 127
802, 2015, 63
399, 2010, 733
878, 2014, 787
569, 2015, 355
199, 2016, 186
639, 2007, 19824
587, 2007, 3
176, 2007, 2
258, 2010, 5883
729, 2009, 2604
754, 2009, 4
439, 2009, 1703
500, 2006, 824
390, 2013, 541
561, 2007, 1
799, 2006, 5
826, 2013, 9
515, 2008, 316
403, 2016, 989
659, 2009, 35
746, 2014, 5
271, 2007, 48
638, 2012, 21861
301, 2007, 240
461, 2008, 419
113, 2006, 4263
868, 2007, 1
532, 2011, 4
357, 2012, 2796
418, 2016, 833
223, 2008, 3721
351, 2014, 17
419, 2011, 3979
569, 2007, 663
585, 2013, 1
719, 2014, 14
301, 2015, 603
267, 2016, 3742
231, 2011, 336
811, 2015, 7
587, 2015, 1
366, 2012, 101
576, 2011, 11
727, 2015, 37
829, 2016, 2
803, 2012, 6
285, 2016, 1
422, 2013, 505
507, 2007, 100
645, 2008, 4
159, 2012, 151
221, 2006, 8973
256, 2016, 416
793, 2016, 3106
266, 2011, 25
428, 2015, 159
892, 2010, 3
179, 2006, 361
234, 2012, 76
643, 2010, 102
432, 2016, 145
401, 2014, 487
433, 2011, 862
553, 2014, 2
375, 2016, 27
602, 2009, 10
360, 2014, 45
380, 2012, 102
153, 2010, 119
342, 2006, 3
922, 2010, 1657
529, 2011, 2
303, 2013, 330
233, 2009, 206
331, 2016, 17
627, 2016, 2
457, 2009, 1168
683, 2014, 98
382, 2010, 300
619, 2013, 1
695, 2009, 12
438, 2014, 3448
696, 2016, 13
283, 2010, 3
193, 2006, 57
166, 2010, 10
455, 2011, 125
244, 2007, 126
476, 2016, 2
512, 2013, 141
417, 2013, 459
164, 2012, 25
746, 2006, 3
756, 2011, 2
782, 2006, 3558
705, 2015, 785
701, 2011, 5
799, 2014, 28
109, 2013, 11618
442, 2007, 164
493, 2009, 113
781, 2011, 11
243, 2014, 205
775, 2012, 4
365, 2013, 12
521, 2011, 371
335, 2012, 154
625, 2014, 32
696, 2008, 6
749, 2007, 1620
464, 2015, 33
345, 2015, 3
256, 2008, 349
622, 2015, 1
443, 2012, 224
858, 2016, 10
711, 2014, 11
705, 2007, 842
490, 2016, 722
338, 2011, 15971
721, 2009, 2
401, 2006, 1324
195, 2012, 2
841, 2006, 1
848, 2009, 73
687, 2010, 7
640, 2015, 182
204, 2011, 140
847, 2012, 223
112, 2009, 42
766, 2008, 6
384, 2008, 620
829, 2008, 1
789, 2011, 14
441, 2010, 8493
157, 2014, 625
503, 2011, 1016
879, 2009, 41
389, 2015, 646
490, 2008, 1177
420, 2007, 10
388, 2012, 1074
498, 2008, 9
193, 2014, 35
694, 2014, 1
179, 2014, 21
821, 2016, 1
185, 2009, 20
647, 2014, 21
415, 2015, 1084
305, 2011, 312
477, 2011, 24
595, 2008, 4
874, 2010, 5
115, 2012, 663
843, 2016, 11
259, 2013, 9990
858, 2008, 17
544, 2014, 88
385, 2011, 2
841, 2014, 28
730, 2007, 99
533, 2008, 1
170, 2009, 219
367, 2015, 335
846, 2015, 1
797, 2015, 2
701, 2008, 2
879, 2010, 21
393, 2007, 18
197, 2009, 84
826, 2014, 6
357, 2015, 2437
822, 2010, 4
918, 2016, 59
532, 2008, 3
779, 2011, 259
305, 2016, 389
291, 2010, 4
201, 2007, 100
223, 2011, 3590
687, 2009, 9
388, 2007, 1431
195, 2007, 4
243, 2013, 217
417, 2006, 715
293, 2016, 3
341, 2008, 54
754, 2010, 12
263, 2015, 435
674, 2015, 7
775, 2015, 1
505, 2006, 104
494, 2015, 536
502, 2011, 67
872, 2011, 1
198, 2008, 2590
610, 2009, 16
366, 2007, 86
764, 2013, 34
466, 2014, 203
391, 2009, 68
500, 2013, 572
462, 2010, 934
530, 2010, 3
371, 2015, 13
476, 2011, 2
351, 2013, 21
524, 2015, 11
221, 2013, 6585
435, 2014, 61
433, 2016, 1657
259, 2006, 11131
537, 2015, 2
273, 2006, 91
404, 2014, 1672
501, 2010, 215
553, 2013, 3
426, 2010, 1
366, 2015, 171
343, 2010, 2166
423, 2009, 16
605, 2007, 3
375, 2011, 72
809, 2009, 174
639, 2012, 18007
105, 2010, 93
561, 2012, 1
402, 2016, 1062
723, 2008, 213
662, 2008, 4
596, 2010, 43
313, 2015, 811
588, 2013, 1
593, 2009, 1
748, 2007, 734
350, 2010, 12
731, 2015, 15
386, 2013, 5106
633, 2014, 14
725, 2006, 301
505, 2014, 91
399, 2009, 683
380, 2015, 146
385, 2016, 25
662, 2016, 5
519, 2007, 32
887, 2011, 5
922, 2009, 1431
224, 2014, 1534
595, 2011, 3
297, 2012, 1
479, 2014, 27
461, 2011, 264
266, 2008, 48
663, 2011, 1
414, 2007, 84
425, 2011, 3
307, 2010, 286
313, 2007, 139
110, 2016, 72
409, 2013, 257
166, 2009, 12
106, 2011, 1222
437, 2012, 12
321, 2014, 12640
365, 2006, 10
305, 2008, 353
916, 2006, 1766
750, 2006, 1659
199, 2011, 76
627, 2011, 3
349, 2008, 2211
643, 2009, 52
181, 2014, 125
396, 2016, 574
392, 2012, 149
414, 2015, 212
760, 2009, 893
705, 2012, 973
109, 2014, 11906
531, 2013, 9
397, 2011, 8360
770, 2016, 28
511, 2007, 5633
761, 2014, 38
905, 2010, 4887
442, 2012, 87
514, 2008, 50
724, 2009, 44
808, 2014, 27
209, 2007, 133
786, 2009, 1
345, 2012, 1
341, 2016, 12
427, 2013, 1
177, 2015, 334
342, 2013, 1
697, 2016, 4
797, 2007, 3
174, 2006, 11
721, 2010, 2
407, 2015, 775
585, 2006, 5
104, 2013, 14
477, 2016, 19
649, 2007, 344
701, 2016, 2
382, 2009, 255
718, 2010, 819
349, 2016, 2652
384, 2011, 518
494, 2007, 468
812, 2009, 3
455, 2016, 50
847, 2015, 280
576, 2008, 9
557, 2009, 1
509, 2010, 26
214, 2009, 351
357, 2007, 2933
395, 2013, 15
781, 2008, 25
644, 2008, 58
780, 2011, 1
841, 2013, 33
907, 2016, 47
762, 2015, 15
413, 2010, 290
464, 2012, 41
275, 2008, 5
447, 2011, 15
256, 2011, 312
450, 2007, 16
491, 2016, 4
347, 2006, 77
744, 2011, 183
874, 2009, 17
422, 2014, 1072
347, 2014, 89
788, 2011, 29
266, 2016, 32
443, 2015, 823
101, 2014, 32881
802, 2012, 62
198, 2016, 6232
878, 2013, 760
729, 2010, 2787
563, 2006, 2
695, 2010, 26
193, 2013, 40
455, 2008, 106
393, 2015, 13
789, 2008, 12
289, 2007, 2
792, 2016, 896
659, 2010, 21
439, 2010, 1803
389, 2012, 472
390, 2014, 515
398, 2014, 308
159, 2007, 61
594, 2008, 6
515, 2011, 218
185, 2010, 27
890, 2007, 2
415, 2012, 944
761, 2006, 65
669, 2013, 3
746, 2013, 6
638, 2015, 30368
267, 2011, 2461
177, 2007, 22
421, 2015, 4267
674, 2007, 15
858, 2011, 17
641, 2015, 2
533, 2011, 3
907, 2008, 23
419, 2008, 3974
688, 2008, 6
191, 2011, 72
719, 2013, 17
301, 2012, 290
652, 2011, 53
591, 2015, 7
335, 2015, 172
331, 2011, 11
438, 2013, 9345
234, 2007, 49
904, 2013, 5
478, 2009, 584
380, 2007, 130
155, 2011, 116
388, 2015, 889
371, 2007, 19
645, 2011, 3
271, 2012, 81
457, 2010, 1175
715, 2009, 2
739, 2015, 2721
412, 2013, 838
510, 2012, 195
793, 2011, 2525
664, 2014, 1
115, 2007, 598
213, 2016, 1847
706, 2009, 2
433, 2008, 884
164, 2015, 29
759, 2009, 2166
183, 2012, 61
466, 2006, 157
360, 2013, 43
514, 2016, 39
187, 2008, 8
491, 2008, 5
367, 2012, 190
303, 2014, 337
233, 2010, 179
264, 2010, 134
880, 2014, 7
633, 2006, 3
711, 2013, 9
864, 2008, 1
586, 2007, 1
507, 2012, 84
647, 2013, 20
570, 2006, 56
379, 2015, 46
665, 2009, 13
385, 2008, 6
756, 2016, 2
519, 2015, 13
725, 2014, 229
641, 2007, 13
512, 2014, 97
204, 2016, 134
401, 2013, 627
417, 2014, 464
766, 2011, 5
117, 2009, 1060
327, 2008, 11
815, 2016, 3
431, 2010, 7
520, 2011, 27
644, 2016, 38
110, 2008, 46
335, 2007, 181
756, 2008, 1
493, 2010, 108
365, 2014, 23
201, 2015, 164
568, 2007, 193
625, 2013, 63
696, 2011, 16
435, 2006, 57
181, 2006, 99
826, 2006, 19
180, 2009, 25
418, 2011, 1
570, 2014, 44
338, 2008, 15047
565, 2016, 47
691, 2014, 3
739, 2007, 2872
618, 2009, 1
327, 2016, 2
888, 2014, 5
880, 2006, 4
195, 2015, 14
537, 2007, 19
273, 2014, 357
277, 2010, 80
445, 2013, 13
808, 2006, 17
153, 2009, 109
479, 2006, 4
511, 2015, 5856
742, 2009, 16
640, 2012, 226
204, 2008, 224
432, 2011, 16
775, 2007, 2
321, 2006, 15931
157, 2013, 688
114, 2012, 1553
159, 2015, 161
799, 2013, 26
916, 2014, 2955
168, 2011, 217
490, 2011, 1941
792, 2008, 393
498, 2011, 38
503, 2016, 1325
379, 2007, 51
748, 2015, 1220
477, 2008, 20
381, 2012, 1
441, 2009, 8690
524, 2007, 19
363, 2016, 56
333, 2013, 16761
259, 2014, 10466
361, 2010, 193
489, 2013, 86
584, 2009, 1
762, 2007, 14
428, 2012, 8
170, 2010, 171
419, 2016, 628
727, 2012, 44
344, 2015, 26
175, 2009, 1717
619, 2006, 1
377, 2013, 165
772, 2010, 38
594, 2016, 14
261, 2009, 5
430, 2013, 219
789, 2016, 10
203, 2009, 538
889, 2009, 4
111, 2011, 37
363, 2008, 37
443, 2007, 55
213, 2008, 2319
164, 2007, 16
450, 2015, 60
109, 2006, 8193
567, 2010, 12354
406, 2012, 1
731, 2007, 55
672, 2013, 8
544, 2013, 73
373, 2009, 1
231, 2008, 384
565, 2008, 14
339, 2011, 4973
254, 2013, 12967
529, 2008, 4
224, 2006, 1138
969, 2008, 2
451, 2012, 664
422, 2006, 6
890, 2015, 1
209, 2015, 224
849, 2013, 11
285, 2011, 1
638, 2007, 19077
338, 2016, 15879
205, 2011, 4152
569, 2012, 680
113, 2013, 5031
818, 2015, 32
269, 2009, 2250
782, 2013, 4479
211, 2010, 1014
532, 2016, 2
521, 2016, 285
899, 2012, 9
605, 2015, 1
563, 2014, 13
688, 2016, 10
781, 2016, 29
723, 2016, 285
681, 2011, 814
585, 2014, 1
299, 2010, 1
862, 2006, 16
503, 2008, 1153
691, 2006, 1
107, 2008, 2
234, 2015, 72
862, 2014, 6
683, 2013, 113
521, 2008, 402
548, 2009, 20
784, 2007, 2
281, 2015, 3
231, 2016, 511
329, 2014, 16
424, 2016, 1363
749, 2012, 2049
529, 2016, 1
303, 2006, 350
179, 2013, 70
176, 2012, 8
125, 2016, 3
323, 2012, 8
115, 2015, 807
407, 2007, 519
101, 2006, 23574
508, 2013, 150
730, 2012, 58
649, 2015, 286
918, 2008, 46
475, 2010, 134
750, 2014, 2301
263, 2007, 255
803, 2007, 6
268, 2014, 609
566, 2013, 428
637, 2010, 13528
888, 2006, 2
707, 2006, 575
848, 2010, 70
586, 2015, 6
421, 2007, 4446
398, 2006, 550
707, 2014, 1294
512, 2006, 197
293, 2008, 5
420, 2012, 53
424, 2008, 2
403, 2011, 996
591, 2007, 4
853, 2010, 12
244, 2012, 156
429, 2007, 1
329, 2006, 43
661, 2013, 560
174, 2014, 21
411, 2016, 967
241, 2011, 121
112, 2010, 47
892, 2009, 3
405, 2009, 2935
708, 2011, 142
258, 2009, 6296
770, 2008, 11
265, 2013, 2
703, 2010, 13
187, 2016, 8
122, 2009, 7
107, 2016, 2
847, 2007, 226
568, 2015, 131
125, 2008, 1
