COMPLETED, 2008, 334708
COMPLETED, 2016, 365670
ATTEMPTED, 2013, 7090
ATTEMPTED, 2010, 5887
COMPLETED, 2007, 327923
COMPLETED, 2015, 361373
COMPLETED, 2014, 367338
ATTEMPTED, 2011, 5999
COMPLETED, 2006, 316830
COMPLETED, 2013, 358308
ATTEMPTED, 2008, 5897
ATTEMPTED, 2016, 6613
ATTEMPTED, 2009, 5880
COMPLETED, 2012, 350472
ATTEMPTED, 2014, 6992
ATTEMPTED, 2006, 5256
COMPLETED, 2011, 337035
ATTEMPTED, 2015, 6562
ATTEMPTED, 2007, 5908
COMPLETED, 2010, 338557
ATTEMPTED, 2012, 6716
COMPLETED, 2009, 332855
