('KIDNAPPING AND RELATED OFFENSES', 'STRING', 'Crimes Description', 'VALID', 2)
('OFFENSES AGAINST MARRIAGE UNCL', 'STRING', 'Crimes Description', 'VALID', 3)
('UNDER THE INFLUENCE OF DRUGS', 'STRING', 'Crimes Description', 'VALID', 3)
('ABORTION', 'STRING', 'Crimes Description', 'VALID', 4)
('OTHER STATE LAWS (NON PENAL LAW)', 'STRING', 'Crimes Description', 'VALID', 8)
('KIDNAPPING', 'STRING', 'Crimes Description', 'VALID', 9)
('FORTUNE TELLING', 'STRING', 'Crimes Description', 'VALID', 11)
('OTHER TRAFFIC INFRACTION', 'STRING', 'Crimes Description', 'VALID', 13)
('LOITERING/DEVIATE SEX', 'STRING', 'Crimes Description', 'VALID', 16)
('ADMINISTRATIVE CODES', 'STRING', 'Crimes Description', 'VALID', 19)
('NYS LAWS-UNCLASSIFIED VIOLATION', 'STRING', 'Crimes Description', 'VALID', 20)
('LOITERING', 'STRING', 'Crimes Description', 'VALID', 21)
('LOITERING FOR DRUG PURPOSES', 'STRING', 'Crimes Description', 'VALID', 23)
('HOMICIDE-NEGLIGENT,UNCLASSIFIE', 'STRING', 'Crimes Description', 'VALID', 36)
('INTOXICATED/IMPAIRED DRIVING', 'STRING', 'Crimes Description', 'VALID', 49)
('DISRUPTION OF A RELIGIOUS SERV', 'STRING', 'Crimes Description', 'VALID', 50)
('UNLAWFUL POSS. WEAP. ON SCHOOL', 'STRING', 'Crimes Description', 'VALID', 62)
('NEW YORK CITY HEALTH CODE', 'STRING', 'Crimes Description', 'VALID', 79)
('HOMICIDE-NEGLIGENT-VEHICLE', 'STRING', 'Crimes Description', 'VALID', 94)
('ANTICIPATORY OFFENSES', 'STRING', 'Crimes Description', 'VALID', 97)
('ESCAPE 3', 'STRING', 'Crimes Description', 'VALID', 175)
('ENDAN WELFARE INCOMP', 'STRING', 'Crimes Description', 'VALID', 176)
('LOITERING/GAMBLING (CARDS, DIC', 'STRING', 'Crimes Description', 'VALID', 217)
('AGRICULTURE & MRKTS LAW-UNCLASSIFIED', 'STRING', 'Crimes Description', 'VALID', 222)
('OTHER STATE LAWS', 'STRING', 'Crimes Description', 'VALID', 252)
('JOSTLING', 'STRING', 'Crimes Description', 'VALID', 348)
('CHILD ABANDONMENT/NON SUPPORT', 'STRING', 'Crimes Description', 'VALID', 388)
('ALCOHOLIC BEVERAGE CONTROL LAW', 'STRING', 'Crimes Description', 'VALID', 846)
('OFFENSES AGAINST PUBLIC SAFETY', 'STRING', 'Crimes Description', 'VALID', 866)
('DISORDERLY CONDUCT', 'STRING', 'Crimes Description', 'VALID', 902)
('PETIT LARCENY OF MOTOR VEHICLE', 'STRING', 'Crimes Description', 'VALID', 948)
('PROSTITUTION & RELATED OFFENSES', 'STRING', 'Crimes Description', 'VALID', 971)
('OFFENSES RELATED TO CHILDREN', 'STRING', 'Crimes Description', 'VALID', 1453)
('GAMBLING', 'STRING', 'Crimes Description', 'VALID', 2291)
('KIDNAPPING & RELATED OFFENSES', 'STRING', 'Crimes Description', 'VALID', 2437)
("BURGLAR'S TOOLS", 'STRING', 'Crimes Description', 'VALID', 2740)
('FRAUDULENT ACCOSTING', 'STRING', 'Crimes Description', 'VALID', 2857)
('THEFT OF SERVICES', 'STRING', 'Crimes Description', 'VALID', 3264)
('NYS LAWS-UNCLASSIFIED FELONY', 'STRING', 'Crimes Description', 'VALID', 4443)
('MURDER & NON-NEGL. MANSLAUGHTER', 'STRING', 'Crimes Description', 'VALID', 4909)
('OTHER STATE LAWS (NON PENAL LA', 'STRING', 'Crimes Description', 'VALID', 5747)
('OTHER OFFENSES RELATED TO THEF', 'STRING', 'Crimes Description', 'VALID', 11459)
('ADMINISTRATIVE CODE', 'STRING', 'Crimes Description', 'VALID', 12385)
('OFFENSES AGAINST THE PERSON', 'STRING', 'Crimes Description', 'VALID', 13566)
('ARSON', 'STRING', 'Crimes Description', 'VALID', 14760)
('RAPE', 'STRING', 'Crimes Description', 'VALID', 15228)
('UNAUTHORIZED USE OF A VEHICLE', 'STRING', 'Crimes Description', 'VALID', 15636)
('', 'STRING', 'Other', 'NULL', 18892)
('OFFENSES INVOLVING FRAUD', 'STRING', 'Crimes Description', 'VALID', 18982)
('POSSESSION OF STOLEN PROPERTY', 'STRING', 'Crimes Description', 'VALID', 31187)
('FRAUDS', 'STRING', 'Crimes Description', 'VALID', 35450)
('FORGERY', 'STRING', 'Crimes Description', 'VALID', 55585)
('SEX CRIMES', 'STRING', 'Crimes Description', 'VALID', 61240)
('THEFT-FRAUD', 'STRING', 'Crimes Description', 'VALID', 61557)
('VEHICLE AND TRAFFIC LAWS', 'STRING', 'Crimes Description', 'VALID', 65717)
('CRIMINAL TRESPASS', 'STRING', 'Crimes Description', 'VALID', 70472)
('INTOXICATED & IMPAIRED DRIVING', 'STRING', 'Crimes Description', 'VALID', 79695)
('GRAND LARCENY OF MOTOR VEHICLE', 'STRING', 'Crimes Description', 'VALID', 108387)
('OFFENSES AGAINST PUBLIC ADMINI', 'STRING', 'Crimes Description', 'VALID', 109053)
('MISCELLANEOUS PENAL LAW', 'STRING', 'Crimes Description', 'VALID', 132606)
('DANGEROUS WEAPONS', 'STRING', 'Crimes Description', 'VALID', 134706)
('BURGLARY', 'STRING', 'Crimes Description', 'VALID', 204396)
('FELONY ASSAULT', 'STRING', 'Crimes Description', 'VALID', 204904)
('ROBBERY', 'STRING', 'Crimes Description', 'VALID', 214271)
('OFF. AGNST PUB ORD SENSBLTY &', 'STRING', 'Crimes Description', 'VALID', 305829)
('DANGEROUS DRUGS', 'STRING', 'Crimes Description', 'VALID', 371118)
('GRAND LARCENY', 'STRING', 'Crimes Description', 'VALID', 473457)
('CRIMINAL MISCHIEF & RELATED OF', 'STRING', 'Crimes Description', 'VALID', 554633)
('ASSAULT 3 & RELATED OFFENSES', 'STRING', 'Crimes Description', 'VALID', 574040)
('HARRASSMENT 2', 'STRING', 'Crimes Description', 'VALID', 670000)
('PETIT LARCENY', 'STRING', 'Crimes Description', 'VALID', 903753)
