('HIND PROSEC. TERR 2', 'STRING', 'Offense Description', 'VALID', 1)
('ANARCHY,CRIMINAL', 'STRING', 'Offense Description', 'VALID', 1)
('ENVIRONMENTAL CONTROL BOARD', 'STRING', 'Offense Description', 'VALID', 1)
('FIREARMS LICENSING LAWS', 'STRING', 'Offense Description', 'VALID', 1)
('ATTEND/SPECTATOR ANIMAL FIGHTING', 'STRING', 'Offense Description', 'VALID', 1)
('SMOKING TRANSPORTATION FACILIT', 'STRING', 'Offense Description', 'VALID', 1)
('POSSESS PARAPHERNALIA/ANIMAL FIGHTING', 'STRING', 'Offense Description', 'VALID', 1)
('EDUCATION LAW,STREET TRADE', 'STRING', 'Offense Description', 'VALID', 1)
('ABORTION 2, 1, SELF', 'STRING', 'Offense Description', 'VALID', 1)
('PUBLIC HEALTH LAW,GLUE,INHALAT', 'STRING', 'Offense Description', 'VALID', 1)
('USE CHILD TO COMMIT CONT SUB OFF', 'STRING', 'Offense Description', 'VALID', 1)
('ABORTIONAL ARTICLES,ISSUING', 'STRING', 'Offense Description', 'VALID', 1)
('SALE SCHOOL GROUNDS', 'STRING', 'Offense Description', 'VALID', 2)
('LOITERING,SCHOOL', 'STRING', 'Offense Description', 'VALID', 2)
('AIRPOLLUTION', 'STRING', 'Offense Description', 'VALID', 2)
('NAVIGATION LAW', 'STRING', 'Offense Description', 'VALID', 2)
('EDUCATION LAW, TRUANCY', 'STRING', 'Offense Description', 'VALID', 2)
('WEAPONS,PROHIBITED USE IMITATI', 'STRING', 'Offense Description', 'VALID', 2)
('LABOR TRAFFICKING', 'STRING', 'Offense Description', 'VALID', 2)
('AIR POLLUTION-MOTOR VEH (ADM C', 'STRING', 'Offense Description', 'VALID', 2)
('MARRIAGE,OFFENSES AGAINST,UNCL', 'STRING', 'Offense Description', 'VALID', 3)
('CHILD,LICENSED PREMISES', 'STRING', 'Offense Description', 'VALID', 3)
('PROSTITUTION 1, UNDER 11', 'STRING', 'Offense Description', 'VALID', 3)
('DISSEMINATING A FALSE SEX OFFEND', 'STRING', 'Offense Description', 'VALID', 3)
('FIREWORKS PREV CONV 5 YEARS', 'STRING', 'Offense Description', 'VALID', 3)
('FAC. SEXUAL OFFENSE W/CONTROLL', 'STRING', 'Offense Description', 'VALID', 3)
('PROMOTING SUICIDE ATTEMPT', 'STRING', 'Offense Description', 'VALID', 3)
('UNDER THE INFLUENCE OF DRUGS', 'STRING', 'Offense Description', 'VALID', 3)
('SODOMY,CONSENSUAL', 'STRING', 'Offense Description', 'VALID', 3)
('UNLAWFUL SALE SYNTHETIC MARIJUANA', 'STRING', 'Offense Description', 'VALID', 4)
('ABORTION 1', 'STRING', 'Offense Description', 'VALID', 4)
('LARCENY,GRAND FROM PARKING MET', 'STRING', 'Offense Description', 'VALID', 4)
('USURY,CRIMINAL', 'STRING', 'Offense Description', 'VALID', 5)
('LARCENY,PETIT OF TRUCK', 'STRING', 'Offense Description', 'VALID', 5)
('PROSTITUTION,PERMITTING', 'STRING', 'Offense Description', 'VALID', 5)
('CONFINING ANIMAL IN VEHICLE/SHELTER', 'STRING', 'Offense Description', 'VALID', 5)
('BREED/TRAIN/HOST ANIMAL FIGHTING', 'STRING', 'Offense Description', 'VALID', 6)
('POSS METH MANUFACT MATERIAL', 'STRING', 'Offense Description', 'VALID', 6)
('WEAPONS,PROHIBITED USE', 'STRING', 'Offense Description', 'VALID', 7)
('GYPSY CAB', 'STRING', 'Offense Description', 'VALID', 8)
('PROSTITUTION, PATRONIZING 2, 1', 'STRING', 'Offense Description', 'VALID', 8)
('GENERAL BUSINESS LAW / UNCLASSIFIED', 'STRING', 'Offense Description', 'VALID', 8)
('LOITERING FOR PROSTITUTION OR', 'STRING', 'Offense Description', 'VALID', 9)
('NEGLECT/POISON ANIMAL', 'STRING', 'Offense Description', 'VALID', 9)
('INCEST', 'STRING', 'Offense Description', 'VALID', 10)
('FIREWORKS', 'STRING', 'Offense Description', 'VALID', 10)
('EDUCATION LAW', 'STRING', 'Offense Description', 'VALID', 10)
('PUBLIC HEALTH LAW,GLUE,UNLAWFU', 'STRING', 'Offense Description', 'VALID', 10)
('PLACE FALSE BOMB', 'STRING', 'Offense Description', 'VALID', 11)
('FORTUNE TELLING', 'STRING', 'Offense Description', 'VALID', 11)
('EDUCATION LAW,UNCLASSIFIED', 'STRING', 'Offense Description', 'VALID', 11)
('TERRORISM PROVIDE SUPPORT', 'STRING', 'Offense Description', 'VALID', 11)
('TRAFFIC,UNCLASSIFIED INFRACTIO', 'STRING', 'Offense Description', 'VALID', 13)
('POSSESSION ANTI-SECURITY ITEM', 'STRING', 'Offense Description', 'VALID', 14)
('WEAPONS,MFR,TRANSPORT,ETC.', 'STRING', 'Offense Description', 'VALID', 14)
('LARCENY,GRAND BY CREDIT CARD COMPROMISE-UNAUTHORIZE PURCHASE', 'STRING', 'Offense Description', 'VALID', 15)
('RADIO DEVICES,UNLAWFUL POSSESS', 'STRING', 'Offense Description', 'VALID', 15)
('HOMICIDE,NEGLIGENT,VEHICLE', 'STRING', 'Offense Description', 'VALID', 15)
('BUILDING MATERIAL', 'STRING', 'Offense Description', 'VALID', 15)
('SOLICITATION 5,CRIMINAL', 'STRING', 'Offense Description', 'VALID', 15)
('INAPPROPIATE SHELTER DOG LEFT', 'STRING', 'Offense Description', 'VALID', 15)
('FACILITATION 3,2,1, CRIMINAL', 'STRING', 'Offense Description', 'VALID', 15)
('ENTERPRISE CORRUPTION', 'STRING', 'Offense Description', 'VALID', 15)
('LOITERING,DEVIATE SEX', 'STRING', 'Offense Description', 'VALID', 16)
('PROSTITUTION 3, PROMOTING UNDE', 'STRING', 'Offense Description', 'VALID', 16)
('LARCENY, PETIT OF AUTO - ATTEM', 'STRING', 'Offense Description', 'VALID', 17)
('PROSTITUTION 2, UNDER 16', 'STRING', 'Offense Description', 'VALID', 17)
('OBSCENITY, MATERIAL 3', 'STRING', 'Offense Description', 'VALID', 18)
('WOUNDS,REPORTING OF', 'STRING', 'Offense Description', 'VALID', 18)
('LOITERING,UNCLASSIFIED', 'STRING', 'Offense Description', 'VALID', 19)
('CREDIT CARD,UNLAWFUL USE OF', 'STRING', 'Offense Description', 'VALID', 19)
('LURING A CHILD', 'STRING', 'Offense Description', 'VALID', 19)
('NOISE,UNECESSARY', 'STRING', 'Offense Description', 'VALID', 19)
('ABSCONDING FROM WORK RELEASE 2', 'STRING', 'Offense Description', 'VALID', 20)
('SOLICITATION 4, CRIMINAL', 'STRING', 'Offense Description', 'VALID', 20)
('POSTING ADVERTISEMENTS', 'STRING', 'Offense Description', 'VALID', 20)
('USE OF A CHILD IN A SEXUAL PER', 'STRING', 'Offense Description', 'VALID', 20)
('BIGAMY', 'STRING', 'Offense Description', 'VALID', 21)
('LOITERING 1ST DEGREE FOR DRUG', 'STRING', 'Offense Description', 'VALID', 23)
('SOLICITATION 3,2,1, CRIMINAL', 'STRING', 'Offense Description', 'VALID', 24)
('LARCENY,PETIT OF BOAT', 'STRING', 'Offense Description', 'VALID', 25)
('DRUG, INJECTION OF', 'STRING', 'Offense Description', 'VALID', 26)
('CONSPIRACY 6, 5', 'STRING', 'Offense Description', 'VALID', 28)
('PRIVACY,OFFENSES AGAINST,UNCLA', 'STRING', 'Offense Description', 'VALID', 29)
('ROBBERY,HIJACKING', 'STRING', 'Offense Description', 'VALID', 30)
('PROSTITUTION 3,PROMOTING BUSIN', 'STRING', 'Offense Description', 'VALID', 30)
('PROSTITUTION 2, COMPULSORY', 'STRING', 'Offense Description', 'VALID', 31)
('MONEY LAUNDERING 1 & 2', 'STRING', 'Offense Description', 'VALID', 31)
('SEX TRAFFICKING', 'STRING', 'Offense Description', 'VALID', 32)
('HEALTH CODE,VIOLATION', 'STRING', 'Offense Description', 'VALID', 32)
('A.B.C.,FALSE PROOF OF AGE', 'STRING', 'Offense Description', 'VALID', 35)
('GAMBLING 2, PROMOTING, BOOKMAK', 'STRING', 'Offense Description', 'VALID', 35)
('MISCHIEF 1,CRIMINAL,EXPLOSIVE', 'STRING', 'Offense Description', 'VALID', 36)
('HOMICIDE,NEGLIGENT,UNCLASSIFIE', 'STRING', 'Offense Description', 'VALID', 36)
('MATERIAL              OFFENSIV', 'STRING', 'Offense Description', 'VALID', 37)
('PARK R&R,GAMBLING', 'STRING', 'Offense Description', 'VALID', 38)
('GRAFFITI (ADMINISTRATIVE CODE-', 'STRING', 'Offense Description', 'VALID', 39)
('INCOMPETENT PERSON,KNOWINGLY ENDANGERING', 'STRING', 'Offense Description', 'VALID', 40)
('DOG STEALING', 'STRING', 'Offense Description', 'VALID', 42)
('GAMBLING 1,PROMOTING,BOOKMAKIN', 'STRING', 'Offense Description', 'VALID', 42)
('CONSPIRACY 4, 3', 'STRING', 'Offense Description', 'VALID', 43)
('NUISANCE, CRIMINAL', 'STRING', 'Offense Description', 'VALID', 45)
('HEALTH CODE,UNCLASSIFIED MISDE', 'STRING', 'Offense Description', 'VALID', 46)
('SALES OF PRESCRIPTION', 'STRING', 'Offense Description', 'VALID', 46)
('FACILITATION 4, CRIMINAL', 'STRING', 'Offense Description', 'VALID', 49)
('DIS. CON.,AGGRAVATED', 'STRING', 'Offense Description', 'VALID', 50)
('HEALTHCARE/RENT.REG.', 'STRING', 'Offense Description', 'VALID', 51)
('LARCENY,GRAND FROM COIN MACHIN', 'STRING', 'Offense Description', 'VALID', 51)
('N.Y.C. TRANSIT AUTH. R&R', 'STRING', 'Offense Description', 'VALID', 53)
('END WELFARE VULNERABLE ELDERLY PERSON', 'STRING', 'Offense Description', 'VALID', 54)
('SUPP. ACT TERR 2ND', 'STRING', 'Offense Description', 'VALID', 56)
('ROBBERY,DOCTOR/DENTIST OFFICE', 'STRING', 'Offense Description', 'VALID', 61)
('UNLAWFUL POSS. WEAPON UPON SCH', 'STRING', 'Offense Description', 'VALID', 62)
('BRIBERY,FRAUD', 'STRING', 'Offense Description', 'VALID', 64)
('LOITERING TO PROMOTE PROSTITUT', 'STRING', 'Offense Description', 'VALID', 65)
('LARCENY,GRAND OF BOAT', 'STRING', 'Offense Description', 'VALID', 65)
('LARCENY,PETIT FROM PARKING MET', 'STRING', 'Offense Description', 'VALID', 68)
('CAUSE SPI/KILL ANIMAL', 'STRING', 'Offense Description', 'VALID', 73)
('OBSCENITY, PERFORMANCE 3', 'STRING', 'Offense Description', 'VALID', 74)
('HOMICIDE, NEGLIGENT, VEHICLE,', 'STRING', 'Offense Description', 'VALID', 79)
('APPEARANCE TICKET FAIL TO RESP', 'STRING', 'Offense Description', 'VALID', 80)
('GAMBLING 1,PROMOTING,POLICY', 'STRING', 'Offense Description', 'VALID', 83)
('GAMBLING 2, PROMOTING, POLICY-', 'STRING', 'Offense Description', 'VALID', 88)
('PERJURY 3,ETC.', 'STRING', 'Offense Description', 'VALID', 90)
('RECORDS,FALSIFY-TAMPER', 'STRING', 'Offense Description', 'VALID', 93)
('COERCION 2', 'STRING', 'Offense Description', 'VALID', 95)
('CHILD,OFFENSES AGAINST,UNCLASS', 'STRING', 'Offense Description', 'VALID', 97)
('PERJURY 2,1,ETC', 'STRING', 'Offense Description', 'VALID', 101)
('ABANDON ANIMAL', 'STRING', 'Offense Description', 'VALID', 101)
('PETIT LARCENY OF ANIMAL', 'STRING', 'Offense Description', 'VALID', 103)
('PROSTITUTION 4,PROMOTING&SECUR', 'STRING', 'Offense Description', 'VALID', 107)
('CONSPIRACY 2, 1', 'STRING', 'Offense Description', 'VALID', 109)
('TORTURE/INJURE ANIMAL CRUELTY', 'STRING', 'Offense Description', 'VALID', 110)
('BRIBERY,COMMERCIAL', 'STRING', 'Offense Description', 'VALID', 114)
('LABOR LAW,EMPLOYING CHILDREN', 'STRING', 'Offense Description', 'VALID', 117)
('LARCENY,GRAND FROM BOAT, UNATTENDED', 'STRING', 'Offense Description', 'VALID', 123)
('PUBLIC HEALTH LAW,UNCLASSIFIED', 'STRING', 'Offense Description', 'VALID', 132)
('EAVESDROPPING', 'STRING', 'Offense Description', 'VALID', 134)
('INCOMPETENT PERSON,RECKLESSY ENDANGERING', 'STRING', 'Offense Description', 'VALID', 136)
('SEX CRIMES', 'STRING', 'Offense Description', 'VALID', 137)
('FALSE ALARM FIRE', 'STRING', 'Offense Description', 'VALID', 140)
('STOLEN PROP-MOTOR VEHICLE 3RD,', 'STRING', 'Offense Description', 'VALID', 141)
('RIOT 1', 'STRING', 'Offense Description', 'VALID', 147)
('PEDDLING,UNLAWFUL', 'STRING', 'Offense Description', 'VALID', 147)
('LARCENY,PETIT FROM PIER', 'STRING', 'Offense Description', 'VALID', 149)
('POSSES OR CARRY A KNIFE', 'STRING', 'Offense Description', 'VALID', 151)
('LARCENY,PETIT FROM BOAT', 'STRING', 'Offense Description', 'VALID', 152)
('ROBBERY,CLOTHING', 'STRING', 'Offense Description', 'VALID', 153)
('PROSTITUTION', 'STRING', 'Offense Description', 'VALID', 165)
('OBSCENITY 1', 'STRING', 'Offense Description', 'VALID', 170)
('PARKR&R,UNCLASSIFIED VIOLATION', 'STRING', 'Offense Description', 'VALID', 175)
('ESCAPE 3', 'STRING', 'Offense Description', 'VALID', 175)
('ARSON 1', 'STRING', 'Offense Description', 'VALID', 176)
('LARCENY,GRAND BY OPEN BANK ACCT', 'STRING', 'Offense Description', 'VALID', 179)
('KIDNAPPING 1', 'STRING', 'Offense Description', 'VALID', 186)
('ROBBERY,OF TRUCK DRIVER', 'STRING', 'Offense Description', 'VALID', 193)
('EXPOSURE OF A PERSON', 'STRING', 'Offense Description', 'VALID', 194)
('ROBBERY, PAYROLL', 'STRING', 'Offense Description', 'VALID', 194)
('LARCENY,PETIT OF MOTORCYCLE', 'STRING', 'Offense Description', 'VALID', 202)
('NY STATE LAWS,UNCLASSIFIED VIO', 'STRING', 'Offense Description', 'VALID', 202)
('TAMPERING WITH A WITNESS', 'STRING', 'Offense Description', 'VALID', 204)
('ROBBERY,LIQUOR STORE', 'STRING', 'Offense Description', 'VALID', 206)
('ALCOHOLIC BEVERAGES,PUBLIC CON', 'STRING', 'Offense Description', 'VALID', 211)
('CIGARETTE,NO TAX STAMP,POSSESS', 'STRING', 'Offense Description', 'VALID', 212)
('LOITERING,GAMBLING,OTHER', 'STRING', 'Offense Description', 'VALID', 217)
('COMPUTER UNAUTH. USE/TAMPER', 'STRING', 'Offense Description', 'VALID', 218)
('LARCENY,GRAND FROM PIER, UNATTENDED', 'STRING', 'Offense Description', 'VALID', 225)
('PROMOTING A SEXUAL PERFORMANCE', 'STRING', 'Offense Description', 'VALID', 230)
('VEHICULAR ASSAULT (INTOX DRIVE', 'STRING', 'Offense Description', 'VALID', 234)
('ROBBERY,LICENSED FOR HIRE VEHICLE', 'STRING', 'Offense Description', 'VALID', 238)
('SODOMY 2', 'STRING', 'Offense Description', 'VALID', 239)
('LARCENY, PETIT OF MOPED', 'STRING', 'Offense Description', 'VALID', 240)
('AGRICULTURE & MARKETS LAW,UNCL', 'STRING', 'Offense Description', 'VALID', 241)
('ROBBERY,CHECK CASHING BUSINESS', 'STRING', 'Offense Description', 'VALID', 244)
('FIREWORKS, POSSESS/USE', 'STRING', 'Offense Description', 'VALID', 244)
('CONTROLLED SUBSTANCE,POSSESS.-', 'STRING', 'Offense Description', 'VALID', 252)
('STOLEN PROPERTY 2,POSSESSION B', 'STRING', 'Offense Description', 'VALID', 252)
('ROBBERY,DELIVERY PERSON', 'STRING', 'Offense Description', 'VALID', 253)
('ESCAPE 2,1', 'STRING', 'Offense Description', 'VALID', 254)
('GRAND LARCENY-CHECK FROM MAILB', 'STRING', 'Offense Description', 'VALID', 260)
('SEXUAL MISCONDUCT,DEVIATE', 'STRING', 'Offense Description', 'VALID', 283)
('GENERAL BUSINESS LAW,TICKET SP', 'STRING', 'Offense Description', 'VALID', 288)
('PUBLIC SAFETY,UNCLASSIFIED MIS', 'STRING', 'Offense Description', 'VALID', 288)
('LARCENY,PETIT FROM COIN MACHIN', 'STRING', 'Offense Description', 'VALID', 294)
('COURSE OF SEXUAL CONDUCT AGAIN', 'STRING', 'Offense Description', 'VALID', 305)
('KIDNAPPING 2', 'STRING', 'Offense Description', 'VALID', 334)
('NUISANCE,CRIMINAL,UNCLASSIFIED', 'STRING', 'Offense Description', 'VALID', 336)
('IMITATION PISTOL/AIR RIFLE', 'STRING', 'Offense Description', 'VALID', 345)
('JOSTLING', 'STRING', 'Offense Description', 'VALID', 348)
('ADM.CODE,UNCLASSIFIED VIOLATIO', 'STRING', 'Offense Description', 'VALID', 350)
('SODOMY 3', 'STRING', 'Offense Description', 'VALID', 354)
('THEFT OF SERVICES- CABLE TV SE', 'STRING', 'Offense Description', 'VALID', 365)
('GAMBLING, DEVICE, POSSESSION', 'STRING', 'Offense Description', 'VALID', 372)
('CHILD ABANDONMENT', 'STRING', 'Offense Description', 'VALID', 388)
('ROBBERY,BAR/RESTAURANT', 'STRING', 'Offense Description', 'VALID', 395)
('LARCENY, GRAND OF MOPED', 'STRING', 'Offense Description', 'VALID', 432)
('COMPUTER TAMPER/TRESSPASS', 'STRING', 'Offense Description', 'VALID', 433)
('CONTROLLED SUBSTANCE, SALE 4', 'STRING', 'Offense Description', 'VALID', 433)
('SALE SCHOOL GROUNDS 4', 'STRING', 'Offense Description', 'VALID', 461)
('MISCHIEF, CRIMINAL 3&2, BY FIR', 'STRING', 'Offense Description', 'VALID', 470)
('ROBBERY,ATM LOCATION', 'STRING', 'Offense Description', 'VALID', 474)
('CHECK,BAD', 'STRING', 'Offense Description', 'VALID', 482)
('LARCENY,PETIT OF AUTO', 'STRING', 'Offense Description', 'VALID', 484)
('FALSE REPORT BOMB', 'STRING', 'Offense Description', 'VALID', 490)
('PROSTITUTION, PATRONIZING 4, 3', 'STRING', 'Offense Description', 'VALID', 492)
('CRIMINAL DISPOSAL FIREARM 1 &', 'STRING', 'Offense Description', 'VALID', 540)
('FIREWORKS, SALE', 'STRING', 'Offense Description', 'VALID', 560)
('FORGERY,PRESCRIPTION', 'STRING', 'Offense Description', 'VALID', 595)
('BAIL JUMPING 1 & 2', 'STRING', 'Offense Description', 'VALID', 606)
('ROBBERY,ON BUS/ OR BUS DRIVER', 'STRING', 'Offense Description', 'VALID', 613)
('POSSESSION HYPODERMIC INSTRUME', 'STRING', 'Offense Description', 'VALID', 633)
('MAKING TERRORISTIC THREAT', 'STRING', 'Offense Description', 'VALID', 651)
('ROBBERY,BEGIN AS SHOPLIFTING', 'STRING', 'Offense Description', 'VALID', 678)
('LARCENY,GRAND BY BANK ACCT COMPROMISE-TELLER', 'STRING', 'Offense Description', 'VALID', 682)
('BRIBERY, POLICE OFFICER', 'STRING', 'Offense Description', 'VALID', 685)
('BURGLARY,UNKNOWN TIME', 'STRING', 'Offense Description', 'VALID', 722)
('LARCENY,GRAND FROM TRUCK, UNATTENDED', 'STRING', 'Offense Description', 'VALID', 760)
('MENACING 1ST DEGREE (VICT NOT', 'STRING', 'Offense Description', 'VALID', 779)
('IMPAIRED DRIVING,DRUG', 'STRING', 'Offense Description', 'VALID', 782)
('RIOT 2/INCITING', 'STRING', 'Offense Description', 'VALID', 788)
('FORGERY-ILLEGAL POSSESSION,VEH', 'STRING', 'Offense Description', 'VALID', 790)
('FALSE REPORT 1,FIRE', 'STRING', 'Offense Description', 'VALID', 791)
('RECKLESS DRIVING', 'STRING', 'Offense Description', 'VALID', 808)
('ALCOHOLIC BEVERAGE CONTROL LAW', 'STRING', 'Offense Description', 'VALID', 846)
('CONTROLLED SUBSTANCE,SALE 2', 'STRING', 'Offense Description', 'VALID', 851)
('ROBBERY,GAS STATION', 'STRING', 'Offense Description', 'VALID', 857)
('CUSTODIAL INTERFERENCE 1', 'STRING', 'Offense Description', 'VALID', 862)
('OBSCENE MATERIAL - UNDER 17 YE', 'STRING', 'Offense Description', 'VALID', 867)
('MENACING 1ST DEGREE (VICT PEAC', 'STRING', 'Offense Description', 'VALID', 869)
('MENACING,PEACE OFFICER', 'STRING', 'Offense Description', 'VALID', 899)
('TAMPERING 3,2, CRIMINAL', 'STRING', 'Offense Description', 'VALID', 908)
('DISORDERLY CONDUCT', 'STRING', 'Offense Description', 'VALID', 915)
('LARCENY,GRAND BY BANK ACCT COMPROMISE-UNAUTHORIZED PURCHASE', 'STRING', 'Offense Description', 'VALID', 917)
('ASSEMBLY,UNLAWFUL', 'STRING', 'Offense Description', 'VALID', 1003)
('MARIJUANA, SALE 1, 2 & 3', 'STRING', 'Offense Description', 'VALID', 1008)
('ROBBERY,PHARMACY', 'STRING', 'Offense Description', 'VALID', 1026)
('MANUFACTURE UNAUTHORIZED RECOR', 'STRING', 'Offense Description', 'VALID', 1033)
('IMPRISONMENT 1,UNLAWFUL', 'STRING', 'Offense Description', 'VALID', 1055)
('CUSTODIAL INTERFERENCE 2', 'STRING', 'Offense Description', 'VALID', 1062)
('LARCENY,GRAND BY IDENTITY THEFT-UNCLASSIFIED', 'STRING', 'Offense Description', 'VALID', 1087)
('LARCENY,GRAND OF TRUCK', 'STRING', 'Offense Description', 'VALID', 1147)
('CHILD,ALCOHOL SALE TO', 'STRING', 'Offense Description', 'VALID', 1226)
('LARCENY, GRAND OF AUTO - ATTEM', 'STRING', 'Offense Description', 'VALID', 1230)
('SALE OF UNAUTHORIZED RECORDING', 'STRING', 'Offense Description', 'VALID', 1245)
('COERCION 1', 'STRING', 'Offense Description', 'VALID', 1403)
('NY STATE LAWS,UNCLASSIFIED MIS', 'STRING', 'Offense Description', 'VALID', 1406)
('AGGRAVATED CRIMINAL CONTEMPT', 'STRING', 'Offense Description', 'VALID', 1418)
('PETIT LARCENY-CHECK FROM MAILB', 'STRING', 'Offense Description', 'VALID', 1428)
('BURGLARY,UNCLASSIFIED,UNKNOWN', 'STRING', 'Offense Description', 'VALID', 1471)
('RECKLESS ENDANGERMENT OF PROPE', 'STRING', 'Offense Description', 'VALID', 1547)
('BURGLARY,UNCLASSIFIED,DAY', 'STRING', 'Offense Description', 'VALID', 1549)
('ROBBERY,BICYCLE', 'STRING', 'Offense Description', 'VALID', 1630)
('RAPE 1,ATTEMPT', 'STRING', 'Offense Description', 'VALID', 1646)
('ROBBERY,LICENSED MEDALLION CAB', 'STRING', 'Offense Description', 'VALID', 1670)
('GAMBLING 2,PROMOTING,UNCLASSIF', 'STRING', 'Offense Description', 'VALID', 1671)
('RAPE 2', 'STRING', 'Offense Description', 'VALID', 1703)
('BAIL JUMPING 3', 'STRING', 'Offense Description', 'VALID', 1755)
('IMPRISONMENT 2,UNLAWFUL', 'STRING', 'Offense Description', 'VALID', 1761)
('TRESPASS 4,CRIMINAL SUB 2', 'STRING', 'Offense Description', 'VALID', 1887)
('ROBBERY,CAR JACKING', 'STRING', 'Offense Description', 'VALID', 1910)
('ROBBERY,UNLICENSED FOR HIRE VEHICLE', 'STRING', 'Offense Description', 'VALID', 1935)
('STOLEN PROPERTY-MOTOR VEH 2ND,', 'STRING', 'Offense Description', 'VALID', 1961)
('LARCENY,GRAND BY FALSE PROMISE-IN PERSON CONTACT', 'STRING', 'Offense Description', 'VALID', 1980)
('SEXUAL ABUSE', 'STRING', 'Offense Description', 'VALID', 2011)
('RAPE 3', 'STRING', 'Offense Description', 'VALID', 2030)
('LARCENY,GRAND BY BANK ACCT COMPROMISE-UNCLASSIFIED', 'STRING', 'Offense Description', 'VALID', 2107)
('DRUG PARAPHERNALIA,   POSSESSE', 'STRING', 'Offense Description', 'VALID', 2153)
('LARCENY,GRAND FROM PERSON,LUSH WORKER(SLEEPING/UNCON VICTIM)', 'STRING', 'Offense Description', 'VALID', 2159)
('THEFT,RELATED OFFENSES,UNCLASS', 'STRING', 'Offense Description', 'VALID', 2292)
('LARCENY,PETIT FROM TRUCK', 'STRING', 'Offense Description', 'VALID', 2365)
('IMPERSONATION 1, POLICE OFFICE', 'STRING', 'Offense Description', 'VALID', 2449)
('ROBBERY,BODEGA/CONVENIENCE STORE', 'STRING', 'Offense Description', 'VALID', 2459)
('CONTROLLED SUBSTANCE,SALE 1', 'STRING', 'Offense Description', 'VALID', 2539)
('TRESPASS 1,CRIMINAL', 'STRING', 'Offense Description', 'VALID', 2597)
('LARCENY,GRAND BY EXTORTION', 'STRING', 'Offense Description', 'VALID', 2629)
('BURGLARY,UNCLASSIFIED,NIGHT', 'STRING', 'Offense Description', 'VALID', 2712)
('BURGLARS TOOLS,UNCLASSIFIED', 'STRING', 'Offense Description', 'VALID', 2740)
('ACCOSTING,FRAUDULENT', 'STRING', 'Offense Description', 'VALID', 2857)
('BURGLARY,TRUCK NIGHT', 'STRING', 'Offense Description', 'VALID', 2911)
('ROBBERY, CHAIN STORE', 'STRING', 'Offense Description', 'VALID', 3076)
('ROBBERY,HOME INVASION', 'STRING', 'Offense Description', 'VALID', 3215)
('MARIJUANA, POSSESSION 1, 2 & 3', 'STRING', 'Offense Description', 'VALID', 3227)
('SEXUAL MISCONDUCT,INTERCOURSE', 'STRING', 'Offense Description', 'VALID', 3262)
('LARCENY,GRAND PERSON,NECK CHAI', 'STRING', 'Offense Description', 'VALID', 3262)
('UNAUTH. SALE OF TRANS. SERVICE', 'STRING', 'Offense Description', 'VALID', 3264)
('ROBBERY,BANK', 'STRING', 'Offense Description', 'VALID', 3293)
('LARCENY,GRAND BY FALSE PROMISE', 'STRING', 'Offense Description', 'VALID', 3363)
('LARCENY,GRAND FROM NIGHT CLUB, UNATTENDED', 'STRING', 'Offense Description', 'VALID', 3373)
('LARCENY,GRAND BY ACQUIRING LOST CREDIT CARD', 'STRING', 'Offense Description', 'VALID', 3427)
('PUBLIC ADMINISTRATION,UNCLASSI', 'STRING', 'Offense Description', 'VALID', 3656)
('LARCENY,GRAND BY FALSE PROMISE-NOT IN PERSON CONTACT', 'STRING', 'Offense Description', 'VALID', 3741)
('SODOMY 1', 'STRING', 'Offense Description', 'VALID', 3852)
('FORGERY,DRIVERS LICENSE', 'STRING', 'Offense Description', 'VALID', 3894)
('CONTROLLED SUBSTANCE, INTENT T', 'STRING', 'Offense Description', 'VALID', 3899)
('TAMPERING 1,CRIMINAL', 'STRING', 'Offense Description', 'VALID', 3955)
('LARCENY,GRAND OF BICYCLE', 'STRING', 'Offense Description', 'VALID', 4023)
('TAX LAW', 'STRING', 'Offense Description', 'VALID', 4065)
('LARCENY,GRAND BY OPEN/COMPROMISE CELL PHONE ACCT', 'STRING', 'Offense Description', 'VALID', 4070)
('AGGRAVATED HARASSMENT 1', 'STRING', 'Offense Description', 'VALID', 4103)
('LARCENY,GRAND FROM RETAIL STORE, UNATTENDED', 'STRING', 'Offense Description', 'VALID', 4189)
('LARCENY,GRAND FROM EATERY, UNATTENDED', 'STRING', 'Offense Description', 'VALID', 4240)
('CRIMINAL MIS 2 & 3', 'STRING', 'Offense Description', 'VALID', 4250)
('AGGRAVATED SEXUAL ASBUSE', 'STRING', 'Offense Description', 'VALID', 4283)
('FORGERY,M.V. REGISTRATION', 'STRING', 'Offense Description', 'VALID', 4292)
('NY STATE LAWS,UNCLASSIFIED FEL', 'STRING', 'Offense Description', 'VALID', 4372)
('BURGLARY,COMMERCIAL,UNKNOWN TI', 'STRING', 'Offense Description', 'VALID', 4721)
('LARCENY,GRAND BY BANK ACCT COMPROMISE-ATM TRANSACTION', 'STRING', 'Offense Description', 'VALID', 4812)
('ARSON, MOTOR VEHICLE 1 2 3 & 4', 'STRING', 'Offense Description', 'VALID', 4851)
('', 'STRING', 'Other', 'NULL', 4909)
('CONTROLLED SUBSTANCE,SALE 3', 'STRING', 'Offense Description', 'VALID', 5009)
('LARCENY,GRAND FROM PERSON, BAG OPEN/DIP', 'STRING', 'Offense Description', 'VALID', 5212)
('BURGLARY,TRUCK DAY', 'STRING', 'Offense Description', 'VALID', 5453)
('ROBBERY,NECKCHAIN/JEWELRY', 'STRING', 'Offense Description', 'VALID', 5569)
('LARCENY,PETIT BY DISHONEST EMP', 'STRING', 'Offense Description', 'VALID', 5572)
('LARCENY,GRAND BY OPEN CREDIT CARD (NEW ACCT)', 'STRING', 'Offense Description', 'VALID', 5683)
('LARCENY,PETIT BY CHECK USE', 'STRING', 'Offense Description', 'VALID', 5690)
('CONTROLLED SUBSTANCE, SALE 5', 'STRING', 'Offense Description', 'VALID', 5945)
('UNAUTHORIZED USE VEHICLE 2', 'STRING', 'Offense Description', 'VALID', 6011)
('LARCENY,GRAND BY CREDIT CARD ACCT COMPROMISE-EXISTING ACCT', 'STRING', 'Offense Description', 'VALID', 6117)
('MARIJUANA, POSSESSION', 'STRING', 'Offense Description', 'VALID', 6225)
('FALSE REPORT UNCLASSIFIED', 'STRING', 'Offense Description', 'VALID', 6442)
('MISCHIEF, CRIMINAL 4, BY FIRE', 'STRING', 'Offense Description', 'VALID', 6906)
('LARCENY,PETIT BY CREDIT CARD U', 'STRING', 'Offense Description', 'VALID', 7065)
('ROBBERY,PUBLIC PLACE INSIDE', 'STRING', 'Offense Description', 'VALID', 7127)
('LARCENY,GRAND FROM PERSON,PERSONAL ELECTRONIC DEVICE(SNATCH)', 'STRING', 'Offense Description', 'VALID', 7132)
('TRESPASS 3, CRIMINAL', 'STRING', 'Offense Description', 'VALID', 7231)
('ROBBERY,DWELLING', 'STRING', 'Offense Description', 'VALID', 7306)
('LARCENY,GRAND BY DISHONEST EMP', 'STRING', 'Offense Description', 'VALID', 7542)
('STOLEN PROPERTY 2,1,POSSESSION', 'STRING', 'Offense Description', 'VALID', 7668)
('LARCENY,PETIT BY FALSE PROMISE', 'STRING', 'Offense Description', 'VALID', 7974)
('LARCENY,GRAND BY ACQUIRING LOS', 'STRING', 'Offense Description', 'VALID', 8242)
('LARCENY,GRAND OF MOTORCYCLE', 'STRING', 'Offense Description', 'VALID', 8547)
('LEWDNESS,PUBLIC', 'STRING', 'Offense Description', 'VALID', 8886)
('LARCENY,PETIT BY ACQUIRING LOS', 'STRING', 'Offense Description', 'VALID', 8905)
('LARCENY,GRAND FROM PERSON,PURS', 'STRING', 'Offense Description', 'VALID', 9181)
('LARCENY,GRAND FROM RESIDENCE, UNATTENDED', 'STRING', 'Offense Description', 'VALID', 9219)
('ROBBERY,POCKETBOOK/CARRIED BAG', 'STRING', 'Offense Description', 'VALID', 9267)
('ARSON 2,3,4', 'STRING', 'Offense Description', 'VALID', 9734)
('RAPE 1', 'STRING', 'Offense Description', 'VALID', 9850)
('WEAPONS POSSESSION 1 & 2', 'STRING', 'Offense Description', 'VALID', 10291)
('ADM.CODE,UNCLASSIFIED MISDEMEA', 'STRING', 'Offense Description', 'VALID', 10622)
('RECKLESS ENDANGERMENT 2', 'STRING', 'Offense Description', 'VALID', 10647)
('MARIJUANA, SALE 4 & 5', 'STRING', 'Offense Description', 'VALID', 10861)
('THEFT OF SERVICES, UNCLASSIFIE', 'STRING', 'Offense Description', 'VALID', 11278)
('ROBBERY,COMMERCIAL UNCLASSIFIED', 'STRING', 'Offense Description', 'VALID', 12178)
('BRIBERY,PUBLIC ADMINISTRATION', 'STRING', 'Offense Description', 'VALID', 12359)
('BURGLARY,COMMERCIAL,DAY', 'STRING', 'Offense Description', 'VALID', 13268)
('LARCENY,GRAND FROM STORE-SHOPL', 'STRING', 'Offense Description', 'VALID', 14425)
('STRANGULATION 1ST', 'STRING', 'Offense Description', 'VALID', 14480)
('LARCENY,GRAND OF VEHICULAR/MOTORCYCLE ACCESSORIES', 'STRING', 'Offense Description', 'VALID', 14534)
('IMPERSONATION 2, PUBLIC SERVAN', 'STRING', 'Offense Description', 'VALID', 14717)
('LARCENY,GRAND FROM PERSON,PICK', 'STRING', 'Offense Description', 'VALID', 14949)
('OBSTR BREATH/CIRCUL', 'STRING', 'Offense Description', 'VALID', 15125)
('BURGLARY,RESIDENCE,UNKNOWN TIM', 'STRING', 'Offense Description', 'VALID', 15307)
('UNAUTHORIZED USE VEHICLE 3', 'STRING', 'Offense Description', 'VALID', 15636)
('CHILD, ENDANGERING WELFARE', 'STRING', 'Offense Description', 'VALID', 15685)
('LARCENY,GRAND BY BANK ACCT COMPROMISE-REPRODUCED CHECK', 'STRING', 'Offense Description', 'VALID', 16563)
('CONTEMPT,CRIMINAL', 'STRING', 'Offense Description', 'VALID', 17504)
('CONTROLLED SUBSTANCE,POSSESS.', 'STRING', 'Offense Description', 'VALID', 17751)
('ROBBERY,RESIDENTIAL COMMON AREA', 'STRING', 'Offense Description', 'VALID', 18430)
('TRAFFIC,UNCLASSIFIED MISDEMEAN', 'STRING', 'Offense Description', 'VALID', 18432)
('FORGERY,ETC.-MISD.', 'STRING', 'Offense Description', 'VALID', 18762)
('RECKLESS ENDANGERMENT 1', 'STRING', 'Offense Description', 'VALID', 19619)
('FRAUD,UNCLASSIFIED-MISDEMEANOR', 'STRING', 'Offense Description', 'VALID', 20036)
('ASSAULT 2,1,PEACE OFFICER', 'STRING', 'Offense Description', 'VALID', 20121)
('STOLEN PROPERTY 3,POSSESSION', 'STRING', 'Offense Description', 'VALID', 21166)
('CONTROLLED SUBSTANCE,INTENT TO', 'STRING', 'Offense Description', 'VALID', 22432)
('BURGLARY,COMMERCIAL,NIGHT', 'STRING', 'Offense Description', 'VALID', 25688)
('ROBBERY,PERSONAL ELECTRONIC DEVICE', 'STRING', 'Offense Description', 'VALID', 26162)
('PUBLIC ADMINISTATION,UNCLASS M', 'STRING', 'Offense Description', 'VALID', 27174)
('LARCENY,GRAND FROM OPEN AREAS, UNATTENDED', 'STRING', 'Offense Description', 'VALID', 29000)
('SEXUAL ABUSE 3,2', 'STRING', 'Offense Description', 'VALID', 29753)
('RESISTING ARREST', 'STRING', 'Offense Description', 'VALID', 30221)
('LARCENY,PETIT OF BICYCLE', 'STRING', 'Offense Description', 'VALID', 30579)
('VIOLATION OF ORDER OF PROTECTI', 'STRING', 'Offense Description', 'VALID', 34255)
('MISCHIEF,CRIMINAL,    UNCL 2ND', 'STRING', 'Offense Description', 'VALID', 35036)
('LARCENY,PETIT OF VEHICLE ACCES', 'STRING', 'Offense Description', 'VALID', 35511)
('MISCHIEF, CRIMINAL 3 & 2, OF M', 'STRING', 'Offense Description', 'VALID', 38631)
('LARCENY,PETIT OF LICENSE PLATE', 'STRING', 'Offense Description', 'VALID', 40079)
('BURGLARY,RESIDENCE,NIGHT', 'STRING', 'Offense Description', 'VALID', 43948)
('LARCENY,GRAND BY THEFT OF CREDIT CARD', 'STRING', 'Offense Description', 'VALID', 44877)
('WEAPONS POSSESSION 3', 'STRING', 'Offense Description', 'VALID', 45194)
('LEAVING SCENE-ACCIDENT-PERSONA', 'STRING', 'Offense Description', 'VALID', 46477)
('FORGERY,ETC.,UNCLASSIFIED-FELO', 'STRING', 'Offense Description', 'VALID', 46804)
('LARCENY,GRAND FROM PERSON,UNCL', 'STRING', 'Offense Description', 'VALID', 50410)
('LARCENY,GRAND FROM VEHICLE/MOTORCYCLE', 'STRING', 'Offense Description', 'VALID', 53417)
('FRAUD,UNCLASSIFIED-FELONY', 'STRING', 'Offense Description', 'VALID', 59186)
('CRIMINAL CONTEMPT 1', 'STRING', 'Offense Description', 'VALID', 61957)
('TRESPASS 2, CRIMINAL', 'STRING', 'Offense Description', 'VALID', 63241)
('MENACING,UNCLASSIFIED', 'STRING', 'Offense Description', 'VALID', 77478)
('WEAPONS, POSSESSION, ETC', 'STRING', 'Offense Description', 'VALID', 78658)
('INTOXICATED DRIVING,ALCOHOL', 'STRING', 'Offense Description', 'VALID', 78962)
('LARCENY,PETIT FROM OPEN AREAS,', 'STRING', 'Offense Description', 'VALID', 84305)
('BURGLARY,RESIDENCE,DAY', 'STRING', 'Offense Description', 'VALID', 86646)
('LARCENY,GRAND OF AUTO', 'STRING', 'Offense Description', 'VALID', 97033)
('CRIMINAL MISCHIEF 4TH, GRAFFIT', 'STRING', 'Offense Description', 'VALID', 99999)
('ROBBERY,OPEN AREA UNCLASSIFIED', 'STRING', 'Offense Description', 'VALID', 103430)
('CONTROLLED SUBSTANCE, POSSESSI', 'STRING', 'Offense Description', 'VALID', 109970)
('LARCENY,GRAND FROM BUILDING (NON-RESIDENCE) UNATTENDED', 'STRING', 'Offense Description', 'VALID', 125215)
('CRIMINAL MISCHIEF,UNCLASSIFIED 4', 'STRING', 'Offense Description', 'VALID', 159419)
('ASSAULT 2,1,UNCLASSIFIED', 'STRING', 'Offense Description', 'VALID', 170304)
('MARIJUANA, POSSESSION 4 & 5', 'STRING', 'Offense Description', 'VALID', 183617)
('LARCENY,PETIT FROM AUTO', 'STRING', 'Offense Description', 'VALID', 190208)
('MISCHIEF, CRIMINAL 4, OF MOTOR', 'STRING', 'Offense Description', 'VALID', 203343)
('LARCENY,PETIT FROM BUILDING,UN', 'STRING', 'Offense Description', 'VALID', 241404)
('LARCENY,PETIT FROM STORE-SHOPL', 'STRING', 'Offense Description', 'VALID', 241884)
('HARASSMENT,SUBD 1,CIVILIAN', 'STRING', 'Offense Description', 'VALID', 255838)
('AGGRAVATED HARASSMENT 2', 'STRING', 'Offense Description', 'VALID', 302602)
('HARASSMENT,SUBD 3,4,5', 'STRING', 'Offense Description', 'VALID', 414170)
('ASSAULT 3', 'STRING', 'Offense Description', 'VALID', 480547)
